/home/zguo27/auvc_ws/src/AUVC_stuff/install/bluerov2_node/lib/python3.12/site-packages/bluerov2_node/TranslateImage.py
/home/zguo27/auvc_ws/src/AUVC_stuff/install/bluerov2_node/lib/python3.12/site-packages/bluerov2_node/LaneScan.py
/home/zguo27/auvc_ws/src/AUVC_stuff/install/bluerov2_node/lib/python3.12/site-packages/bluerov2_node/ArmDisarm.py
/home/zguo27/auvc_ws/src/AUVC_stuff/install/bluerov2_node/lib/python3.12/site-packages/bluerov2_node/__init__.py
/home/zguo27/auvc_ws/src/AUVC_stuff/install/bluerov2_node/lib/python3.12/site-packages/bluerov2_node/PressureToDepth.py
/home/zguo27/auvc_ws/src/AUVC_stuff/install/bluerov2_node/lib/python3.12/site-packages/bluerov2_node/__pycache__/TranslateImage.cpython-312.pyc
/home/zguo27/auvc_ws/src/AUVC_stuff/install/bluerov2_node/lib/python3.12/site-packages/bluerov2_node/__pycache__/LaneScan.cpython-312.pyc
/home/zguo27/auvc_ws/src/AUVC_stuff/install/bluerov2_node/lib/python3.12/site-packages/bluerov2_node/__pycache__/ArmDisarm.cpython-312.pyc
/home/zguo27/auvc_ws/src/AUVC_stuff/install/bluerov2_node/lib/python3.12/site-packages/bluerov2_node/__pycache__/__init__.cpython-312.pyc
/home/zguo27/auvc_ws/src/AUVC_stuff/install/bluerov2_node/lib/python3.12/site-packages/bluerov2_node/__pycache__/PressureToDepth.cpython-312.pyc
/home/zguo27/auvc_ws/src/AUVC_stuff/install/bluerov2_node/share/ament_index/resource_index/packages/bluerov2_node
/home/zguo27/auvc_ws/src/AUVC_stuff/install/bluerov2_node/share/bluerov2_node/package.xml
/home/zguo27/auvc_ws/src/AUVC_stuff/install/bluerov2_node/lib/python3.12/site-packages/bluerov2_node-0.0.0-py3.12.egg-info/SOURCES.txt
/home/zguo27/auvc_ws/src/AUVC_stuff/install/bluerov2_node/lib/python3.12/site-packages/bluerov2_node-0.0.0-py3.12.egg-info/top_level.txt
/home/zguo27/auvc_ws/src/AUVC_stuff/install/bluerov2_node/lib/python3.12/site-packages/bluerov2_node-0.0.0-py3.12.egg-info/entry_points.txt
/home/zguo27/auvc_ws/src/AUVC_stuff/install/bluerov2_node/lib/python3.12/site-packages/bluerov2_node-0.0.0-py3.12.egg-info/zip-safe
/home/zguo27/auvc_ws/src/AUVC_stuff/install/bluerov2_node/lib/python3.12/site-packages/bluerov2_node-0.0.0-py3.12.egg-info/requires.txt
/home/zguo27/auvc_ws/src/AUVC_stuff/install/bluerov2_node/lib/python3.12/site-packages/bluerov2_node-0.0.0-py3.12.egg-info/dependency_links.txt
/home/zguo27/auvc_ws/src/AUVC_stuff/install/bluerov2_node/lib/python3.12/site-packages/bluerov2_node-0.0.0-py3.12.egg-info/PKG-INFO
/home/zguo27/auvc_ws/src/AUVC_stuff/install/bluerov2_node/lib/bluerov2_node/arm_disarm
/home/zguo27/auvc_ws/src/AUVC_stuff/install/bluerov2_node/lib/bluerov2_node/convert_to_depth
/home/zguo27/auvc_ws/src/AUVC_stuff/install/bluerov2_node/lib/bluerov2_node/lane_scan
