running egg_info
writing ../build/bluerov2_node/bluerov2_node.egg-info/PKG-INFO
writing dependency_links to ../build/bluerov2_node/bluerov2_node.egg-info/dependency_links.txt
writing entry points to ../build/bluerov2_node/bluerov2_node.egg-info/entry_points.txt
writing requirements to ../build/bluerov2_node/bluerov2_node.egg-info/requires.txt
writing top-level names to ../build/bluerov2_node/bluerov2_node.egg-info/top_level.txt
reading manifest file '../build/bluerov2_node/bluerov2_node.egg-info/SOURCES.txt'
writing manifest file '../build/bluerov2_node/bluerov2_node.egg-info/SOURCES.txt'
running build
running build_py
copying bluerov2_node/LaneDetection.py -> /home/zguo27/auvc_ws/src/AUVC_stuff/build/bluerov2_node/build/lib/bluerov2_node
copying bluerov2_node/CameraInterface.py -> /home/zguo27/auvc_ws/src/AUVC_stuff/build/bluerov2_node/build/lib/bluerov2_node
copying bluerov2_node/PressureToDepth.py -> /home/zguo27/auvc_ws/src/AUVC_stuff/build/bluerov2_node/build/lib/bluerov2_node
running install
running install_lib
copying /home/zguo27/auvc_ws/src/AUVC_stuff/build/bluerov2_node/build/lib/bluerov2_node/LaneDetection.py -> /home/zguo27/auvc_ws/src/AUVC_stuff/install/bluerov2_node/lib/python3.12/site-packages/bluerov2_node
copying /home/zguo27/auvc_ws/src/AUVC_stuff/build/bluerov2_node/build/lib/bluerov2_node/CameraInterface.py -> /home/zguo27/auvc_ws/src/AUVC_stuff/install/bluerov2_node/lib/python3.12/site-packages/bluerov2_node
copying /home/zguo27/auvc_ws/src/AUVC_stuff/build/bluerov2_node/build/lib/bluerov2_node/PressureToDepth.py -> /home/zguo27/auvc_ws/src/AUVC_stuff/install/bluerov2_node/lib/python3.12/site-packages/bluerov2_node
byte-compiling /home/zguo27/auvc_ws/src/AUVC_stuff/install/bluerov2_node/lib/python3.12/site-packages/bluerov2_node/LaneDetection.py to LaneDetection.cpython-312.pyc
byte-compiling /home/zguo27/auvc_ws/src/AUVC_stuff/install/bluerov2_node/lib/python3.12/site-packages/bluerov2_node/CameraInterface.py to CameraInterface.cpython-312.pyc
byte-compiling /home/zguo27/auvc_ws/src/AUVC_stuff/install/bluerov2_node/lib/python3.12/site-packages/bluerov2_node/PressureToDepth.py to PressureToDepth.cpython-312.pyc
running install_data
running install_egg_info
removing '/home/zguo27/auvc_ws/src/AUVC_stuff/install/bluerov2_node/lib/python3.12/site-packages/bluerov2_node-0.0.0-py3.12.egg-info' (and everything under it)
Copying ../build/bluerov2_node/bluerov2_node.egg-info to /home/zguo27/auvc_ws/src/AUVC_stuff/install/bluerov2_node/lib/python3.12/site-packages/bluerov2_node-0.0.0-py3.12.egg-info
running install_scripts
Installing arm_disarm script to /home/zguo27/auvc_ws/src/AUVC_stuff/install/bluerov2_node/lib/bluerov2_node
Installing camera_interface script to /home/zguo27/auvc_ws/src/AUVC_stuff/install/bluerov2_node/lib/bluerov2_node
Installing convert_to_depth script to /home/zguo27/auvc_ws/src/AUVC_stuff/install/bluerov2_node/lib/bluerov2_node
Installing lane_detection script to /home/zguo27/auvc_ws/src/AUVC_stuff/install/bluerov2_node/lib/bluerov2_node
writing list of installed files to '/home/zguo27/auvc_ws/src/AUVC_stuff/build/bluerov2_node/install.log'
