[9.877s] Invoking command in '/home/zguo27/auvc_ws/src/AUVC_stuff/bluerov2_node': PYTHONPATH=/home/zguo27/auvc_ws/src/AUVC_stuff/build/bluerov2_node/prefix_override:/usr/lib/python3/dist-packages/colcon_core/task/python/colcon_distutils_commands:/home/zguo27/auvc_ws/src/AUVC_stuff/install/bluerov2_node/lib/python3.12/site-packages:${PYTHONPATH} /usr/bin/python3 -W ignore:setup.py install is deprecated -W ignore:easy_install command is deprecated setup.py egg_info --egg-base ../build/bluerov2_node build --build-base /home/zguo27/auvc_ws/src/AUVC_stuff/build/bluerov2_node/build install --record /home/zguo27/auvc_ws/src/AUVC_stuff/build/bluerov2_node/install.log --single-version-externally-managed install_data
[12.145s] running egg_info
[12.307s] writing ../build/bluerov2_node/bluerov2_node.egg-info/PKG-INFO
[12.311s] writing dependency_links to ../build/bluerov2_node/bluerov2_node.egg-info/dependency_links.txt
[12.316s] writing entry points to ../build/bluerov2_node/bluerov2_node.egg-info/entry_points.txt
[12.317s] writing requirements to ../build/bluerov2_node/bluerov2_node.egg-info/requires.txt
[12.323s] writing top-level names to ../build/bluerov2_node/bluerov2_node.egg-info/top_level.txt
[12.791s] reading manifest file '../build/bluerov2_node/bluerov2_node.egg-info/SOURCES.txt'
[12.798s] writing manifest file '../build/bluerov2_node/bluerov2_node.egg-info/SOURCES.txt'
[12.799s] running build
[12.799s] running build_py
[12.806s] copying bluerov2_node/LaneDetection.py -> /home/zguo27/auvc_ws/src/AUVC_stuff/build/bluerov2_node/build/lib/bluerov2_node
[12.807s] copying bluerov2_node/CameraInterface.py -> /home/zguo27/auvc_ws/src/AUVC_stuff/build/bluerov2_node/build/lib/bluerov2_node
[12.814s] copying bluerov2_node/PressureToDepth.py -> /home/zguo27/auvc_ws/src/AUVC_stuff/build/bluerov2_node/build/lib/bluerov2_node
[12.820s] running install
[12.853s] running install_lib
[13.091s] copying /home/zguo27/auvc_ws/src/AUVC_stuff/build/bluerov2_node/build/lib/bluerov2_node/LaneDetection.py -> /home/zguo27/auvc_ws/src/AUVC_stuff/install/bluerov2_node/lib/python3.12/site-packages/bluerov2_node
[13.097s] copying /home/zguo27/auvc_ws/src/AUVC_stuff/build/bluerov2_node/build/lib/bluerov2_node/CameraInterface.py -> /home/zguo27/auvc_ws/src/AUVC_stuff/install/bluerov2_node/lib/python3.12/site-packages/bluerov2_node
[13.101s] copying /home/zguo27/auvc_ws/src/AUVC_stuff/build/bluerov2_node/build/lib/bluerov2_node/PressureToDepth.py -> /home/zguo27/auvc_ws/src/AUVC_stuff/install/bluerov2_node/lib/python3.12/site-packages/bluerov2_node
[13.110s] byte-compiling /home/zguo27/auvc_ws/src/AUVC_stuff/install/bluerov2_node/lib/python3.12/site-packages/bluerov2_node/LaneDetection.py to LaneDetection.cpython-312.pyc
[13.120s] byte-compiling /home/zguo27/auvc_ws/src/AUVC_stuff/install/bluerov2_node/lib/python3.12/site-packages/bluerov2_node/CameraInterface.py to CameraInterface.cpython-312.pyc
[13.131s] byte-compiling /home/zguo27/auvc_ws/src/AUVC_stuff/install/bluerov2_node/lib/python3.12/site-packages/bluerov2_node/PressureToDepth.py to PressureToDepth.cpython-312.pyc
[13.137s] running install_data
[13.141s] running install_egg_info
[13.461s] removing '/home/zguo27/auvc_ws/src/AUVC_stuff/install/bluerov2_node/lib/python3.12/site-packages/bluerov2_node-0.0.0-py3.12.egg-info' (and everything under it)
[13.473s] Copying ../build/bluerov2_node/bluerov2_node.egg-info to /home/zguo27/auvc_ws/src/AUVC_stuff/install/bluerov2_node/lib/python3.12/site-packages/bluerov2_node-0.0.0-py3.12.egg-info
[13.526s] running install_scripts
[16.228s] Installing arm_disarm script to /home/zguo27/auvc_ws/src/AUVC_stuff/install/bluerov2_node/lib/bluerov2_node
[16.233s] Installing camera_interface script to /home/zguo27/auvc_ws/src/AUVC_stuff/install/bluerov2_node/lib/bluerov2_node
[16.234s] Installing convert_to_depth script to /home/zguo27/auvc_ws/src/AUVC_stuff/install/bluerov2_node/lib/bluerov2_node
[16.238s] Installing lane_detection script to /home/zguo27/auvc_ws/src/AUVC_stuff/install/bluerov2_node/lib/bluerov2_node
[16.242s] writing list of installed files to '/home/zguo27/auvc_ws/src/AUVC_stuff/build/bluerov2_node/install.log'
[16.547s] Invoked command in '/home/zguo27/auvc_ws/src/AUVC_stuff/bluerov2_node' returned '0': PYTHONPATH=/home/zguo27/auvc_ws/src/AUVC_stuff/build/bluerov2_node/prefix_override:/usr/lib/python3/dist-packages/colcon_core/task/python/colcon_distutils_commands:/home/zguo27/auvc_ws/src/AUVC_stuff/install/bluerov2_node/lib/python3.12/site-packages:${PYTHONPATH} /usr/bin/python3 -W ignore:setup.py install is deprecated -W ignore:easy_install command is deprecated setup.py egg_info --egg-base ../build/bluerov2_node build --build-base /home/zguo27/auvc_ws/src/AUVC_stuff/build/bluerov2_node/build install --record /home/zguo27/auvc_ws/src/AUVC_stuff/build/bluerov2_node/install.log --single-version-externally-managed install_data
