/home/zguo27/auvc_ws/src/AUVC_stuff/install/bluerov2_arm_disarm/lib/python3.12/site-packages/bluerov2_arm_disarm/arm_disarm.py
/home/zguo27/auvc_ws/src/AUVC_stuff/install/bluerov2_arm_disarm/lib/python3.12/site-packages/bluerov2_arm_disarm/auv_movement.py
/home/zguo27/auvc_ws/src/AUVC_stuff/install/bluerov2_arm_disarm/lib/python3.12/site-packages/bluerov2_arm_disarm/test_diagonal_move.py
/home/zguo27/auvc_ws/src/AUVC_stuff/install/bluerov2_arm_disarm/lib/python3.12/site-packages/bluerov2_arm_disarm/dance_movement.py
/home/zguo27/auvc_ws/src/AUVC_stuff/install/bluerov2_arm_disarm/lib/python3.12/site-packages/bluerov2_arm_disarm/__init__.py
/home/zguo27/auvc_ws/src/AUVC_stuff/install/bluerov2_arm_disarm/lib/python3.12/site-packages/bluerov2_arm_disarm/__pycache__/arm_disarm.cpython-312.pyc
/home/zguo27/auvc_ws/src/AUVC_stuff/install/bluerov2_arm_disarm/lib/python3.12/site-packages/bluerov2_arm_disarm/__pycache__/auv_movement.cpython-312.pyc
/home/zguo27/auvc_ws/src/AUVC_stuff/install/bluerov2_arm_disarm/lib/python3.12/site-packages/bluerov2_arm_disarm/__pycache__/test_diagonal_move.cpython-312.pyc
/home/zguo27/auvc_ws/src/AUVC_stuff/install/bluerov2_arm_disarm/lib/python3.12/site-packages/bluerov2_arm_disarm/__pycache__/dance_movement.cpython-312.pyc
/home/zguo27/auvc_ws/src/AUVC_stuff/install/bluerov2_arm_disarm/lib/python3.12/site-packages/bluerov2_arm_disarm/__pycache__/__init__.cpython-312.pyc
/home/zguo27/auvc_ws/src/AUVC_stuff/install/bluerov2_arm_disarm/share/ament_index/resource_index/packages/bluerov2_arm_disarm
/home/zguo27/auvc_ws/src/AUVC_stuff/install/bluerov2_arm_disarm/share/bluerov2_arm_disarm/package.xml
/home/zguo27/auvc_ws/src/AUVC_stuff/install/bluerov2_arm_disarm/lib/python3.12/site-packages/bluerov2_arm_disarm-0.0.0-py3.12.egg-info/SOURCES.txt
/home/zguo27/auvc_ws/src/AUVC_stuff/install/bluerov2_arm_disarm/lib/python3.12/site-packages/bluerov2_arm_disarm-0.0.0-py3.12.egg-info/top_level.txt
/home/zguo27/auvc_ws/src/AUVC_stuff/install/bluerov2_arm_disarm/lib/python3.12/site-packages/bluerov2_arm_disarm-0.0.0-py3.12.egg-info/entry_points.txt
/home/zguo27/auvc_ws/src/AUVC_stuff/install/bluerov2_arm_disarm/lib/python3.12/site-packages/bluerov2_arm_disarm-0.0.0-py3.12.egg-info/zip-safe
/home/zguo27/auvc_ws/src/AUVC_stuff/install/bluerov2_arm_disarm/lib/python3.12/site-packages/bluerov2_arm_disarm-0.0.0-py3.12.egg-info/requires.txt
/home/zguo27/auvc_ws/src/AUVC_stuff/install/bluerov2_arm_disarm/lib/python3.12/site-packages/bluerov2_arm_disarm-0.0.0-py3.12.egg-info/dependency_links.txt
/home/zguo27/auvc_ws/src/AUVC_stuff/install/bluerov2_arm_disarm/lib/python3.12/site-packages/bluerov2_arm_disarm-0.0.0-py3.12.egg-info/PKG-INFO
/home/zguo27/auvc_ws/src/AUVC_stuff/install/bluerov2_arm_disarm/lib/bluerov2_arm_disarm/arm_disarm
/home/zguo27/auvc_ws/src/AUVC_stuff/install/bluerov2_arm_disarm/lib/bluerov2_arm_disarm/auv_movement
/home/zguo27/auvc_ws/src/AUVC_stuff/install/bluerov2_arm_disarm/lib/bluerov2_arm_disarm/dance_movement
/home/zguo27/auvc_ws/src/AUVC_stuff/install/bluerov2_arm_disarm/lib/bluerov2_arm_disarm/test_diagonal
