[2.344s] DEBUG:colcon:Command line arguments: ['/usr/bin/colcon', 'list', '-p', '--base-paths', '/home/zguo27/auvc_ws/src/AUVC_stuff', '--log-base', '/dev/null']
[2.344s] DEBUG:colcon:Parsed command line arguments: Namespace(log_base=None, log_level=None, verb_name='list', build_base='build', ignore_user_meta=False, metas=['./colcon.meta'], base_paths=['/home/zguo27/auvc_ws/src/AUVC_stuff', '--log-base', '/dev/null'], packages_ignore=None, packages_ignore_regex=None, paths=None, packages_up_to=None, packages_up_to_regex=None, packages_above=None, packages_above_and_dependencies=None, packages_above_depth=None, packages_select_by_dep=None, packages_skip_by_dep=None, packages_skip_up_to=None, packages_select_build_failed=False, packages_skip_build_finished=False, packages_select_test_failures=False, packages_skip_test_passed=False, packages_select=None, packages_skip=None, packages_select_regex=None, packages_skip_regex=None, packages_start=None, packages_end=None, allow_overriding=[], topological_order=False, names_only=False, paths_only=True, topological_graph=False, topological_graph_dot=False, topological_graph_density=False, topological_graph_legend=False, topological_graph_dot_cluster=False, topological_graph_dot_include_skipped=False, mixin_files=None, mixin=None, verb_parser=<colcon_mixin.mixin.mixin_argument.MixinArgumentDecorator object at 0xffffa0fb81a0>, verb_extension=<colcon_package_information.verb.list.ListVerb object at 0xffffa1177980>, main=<bound method ListVerb.main of <colcon_package_information.verb.list.ListVerb object at 0xffffa1177980>>, mixin_verb=('list',))
[2.999s] Level 1:colcon.colcon_core.package_discovery:discover_packages(colcon_meta) check parameters
[3.008s] Level 1:colcon.colcon_core.package_discovery:discover_packages(recursive) check parameters
[3.008s] Level 1:colcon.colcon_core.package_discovery:discover_packages(ignore) check parameters
[3.009s] Level 1:colcon.colcon_core.package_discovery:discover_packages(path) check parameters
[3.009s] Level 1:colcon.colcon_core.package_discovery:discover_packages(recursive) discover
[3.009s] INFO:colcon.colcon_core.package_discovery:Crawling recursively for packages in '/home/zguo27/auvc_ws/src/AUVC_stuff', '/home/zguo27/auvc_ws/src/AUVC_stuff/--log-base', '/dev/null'
[3.010s] Level 1:colcon.colcon_core.package_identification:_identify(/home/zguo27/auvc_ws/src/AUVC_stuff) by extensions ['ignore', 'ignore_ament_install']
[3.015s] Level 1:colcon.colcon_core.package_identification:_identify(/home/zguo27/auvc_ws/src/AUVC_stuff) by extension 'ignore'
[3.019s] Level 1:colcon.colcon_core.package_identification:_identify(/home/zguo27/auvc_ws/src/AUVC_stuff) by extension 'ignore_ament_install'
[3.020s] Level 1:colcon.colcon_core.package_identification:_identify(/home/zguo27/auvc_ws/src/AUVC_stuff) by extensions ['colcon_pkg']
[3.021s] Level 1:colcon.colcon_core.package_identification:_identify(/home/zguo27/auvc_ws/src/AUVC_stuff) by extension 'colcon_pkg'
[3.023s] Level 1:colcon.colcon_core.package_identification:_identify(/home/zguo27/auvc_ws/src/AUVC_stuff) by extensions ['colcon_meta']
[3.027s] Level 1:colcon.colcon_core.package_identification:_identify(/home/zguo27/auvc_ws/src/AUVC_stuff) by extension 'colcon_meta'
[3.028s] Level 1:colcon.colcon_core.package_identification:_identify(/home/zguo27/auvc_ws/src/AUVC_stuff) by extensions ['ros']
[3.028s] Level 1:colcon.colcon_core.package_identification:_identify(/home/zguo27/auvc_ws/src/AUVC_stuff) by extension 'ros'
[3.352s] Level 1:colcon.colcon_core.package_identification:_identify(/home/zguo27/auvc_ws/src/AUVC_stuff) by extensions ['cmake', 'python']
[3.353s] Level 1:colcon.colcon_core.package_identification:_identify(/home/zguo27/auvc_ws/src/AUVC_stuff) by extension 'cmake'
[3.354s] Level 1:colcon.colcon_core.package_identification:_identify(/home/zguo27/auvc_ws/src/AUVC_stuff) by extension 'python'
[3.354s] Level 1:colcon.colcon_core.package_identification:_identify(/home/zguo27/auvc_ws/src/AUVC_stuff) by extensions ['python_setup_py']
[3.354s] Level 1:colcon.colcon_core.package_identification:_identify(/home/zguo27/auvc_ws/src/AUVC_stuff) by extension 'python_setup_py'
[3.356s] Level 1:colcon.colcon_core.package_identification:_identify(/home/zguo27/auvc_ws/src/AUVC_stuff/bluerov2_arm_disarm) by extensions ['ignore', 'ignore_ament_install']
[3.357s] Level 1:colcon.colcon_core.package_identification:_identify(/home/zguo27/auvc_ws/src/AUVC_stuff/bluerov2_arm_disarm) by extension 'ignore'
[3.357s] Level 1:colcon.colcon_core.package_identification:_identify(/home/zguo27/auvc_ws/src/AUVC_stuff/bluerov2_arm_disarm) by extension 'ignore_ament_install'
[3.358s] Level 1:colcon.colcon_core.package_identification:_identify(/home/zguo27/auvc_ws/src/AUVC_stuff/bluerov2_arm_disarm) by extensions ['colcon_pkg']
[3.358s] Level 1:colcon.colcon_core.package_identification:_identify(/home/zguo27/auvc_ws/src/AUVC_stuff/bluerov2_arm_disarm) by extension 'colcon_pkg'
[3.359s] Level 1:colcon.colcon_core.package_identification:_identify(/home/zguo27/auvc_ws/src/AUVC_stuff/bluerov2_arm_disarm) by extensions ['colcon_meta']
[3.359s] Level 1:colcon.colcon_core.package_identification:_identify(/home/zguo27/auvc_ws/src/AUVC_stuff/bluerov2_arm_disarm) by extension 'colcon_meta'
[3.359s] Level 1:colcon.colcon_core.package_identification:_identify(/home/zguo27/auvc_ws/src/AUVC_stuff/bluerov2_arm_disarm) by extensions ['ros']
[3.360s] Level 1:colcon.colcon_core.package_identification:_identify(/home/zguo27/auvc_ws/src/AUVC_stuff/bluerov2_arm_disarm) by extension 'ros'
[3.388s] DEBUG:colcon.colcon_core.package_identification:Package '/home/zguo27/auvc_ws/src/AUVC_stuff/bluerov2_arm_disarm' with type 'ros.ament_python' and name 'bluerov2_arm_disarm'
[3.389s] Level 1:colcon.colcon_core.package_identification:_identify(/home/zguo27/auvc_ws/src/AUVC_stuff/bluerov2_controllers) by extensions ['ignore', 'ignore_ament_install']
[3.390s] Level 1:colcon.colcon_core.package_identification:_identify(/home/zguo27/auvc_ws/src/AUVC_stuff/bluerov2_controllers) by extension 'ignore'
[3.391s] Level 1:colcon.colcon_core.package_identification:_identify(/home/zguo27/auvc_ws/src/AUVC_stuff/bluerov2_controllers) by extension 'ignore_ament_install'
[3.391s] Level 1:colcon.colcon_core.package_identification:_identify(/home/zguo27/auvc_ws/src/AUVC_stuff/bluerov2_controllers) by extensions ['colcon_pkg']
[3.392s] Level 1:colcon.colcon_core.package_identification:_identify(/home/zguo27/auvc_ws/src/AUVC_stuff/bluerov2_controllers) by extension 'colcon_pkg'
[3.392s] Level 1:colcon.colcon_core.package_identification:_identify(/home/zguo27/auvc_ws/src/AUVC_stuff/bluerov2_controllers) by extensions ['colcon_meta']
[3.392s] Level 1:colcon.colcon_core.package_identification:_identify(/home/zguo27/auvc_ws/src/AUVC_stuff/bluerov2_controllers) by extension 'colcon_meta'
[3.393s] Level 1:colcon.colcon_core.package_identification:_identify(/home/zguo27/auvc_ws/src/AUVC_stuff/bluerov2_controllers) by extensions ['ros']
[3.393s] Level 1:colcon.colcon_core.package_identification:_identify(/home/zguo27/auvc_ws/src/AUVC_stuff/bluerov2_controllers) by extension 'ros'
[3.398s] DEBUG:colcon.colcon_core.package_identification:Package '/home/zguo27/auvc_ws/src/AUVC_stuff/bluerov2_controllers' with type 'ros.ament_python' and name 'bluerov2_controllers'
[3.399s] Level 1:colcon.colcon_core.package_identification:_identify(/home/zguo27/auvc_ws/src/AUVC_stuff/bluerov2_launchers) by extensions ['ignore', 'ignore_ament_install']
[3.400s] Level 1:colcon.colcon_core.package_identification:_identify(/home/zguo27/auvc_ws/src/AUVC_stuff/bluerov2_launchers) by extension 'ignore'
[3.401s] Level 1:colcon.colcon_core.package_identification:_identify(/home/zguo27/auvc_ws/src/AUVC_stuff/bluerov2_launchers) by extension 'ignore_ament_install'
[3.401s] Level 1:colcon.colcon_core.package_identification:_identify(/home/zguo27/auvc_ws/src/AUVC_stuff/bluerov2_launchers) by extensions ['colcon_pkg']
[3.401s] Level 1:colcon.colcon_core.package_identification:_identify(/home/zguo27/auvc_ws/src/AUVC_stuff/bluerov2_launchers) by extension 'colcon_pkg'
[3.402s] Level 1:colcon.colcon_core.package_identification:_identify(/home/zguo27/auvc_ws/src/AUVC_stuff/bluerov2_launchers) by extensions ['colcon_meta']
[3.402s] Level 1:colcon.colcon_core.package_identification:_identify(/home/zguo27/auvc_ws/src/AUVC_stuff/bluerov2_launchers) by extension 'colcon_meta'
[3.403s] Level 1:colcon.colcon_core.package_identification:_identify(/home/zguo27/auvc_ws/src/AUVC_stuff/bluerov2_launchers) by extensions ['ros']
[3.403s] Level 1:colcon.colcon_core.package_identification:_identify(/home/zguo27/auvc_ws/src/AUVC_stuff/bluerov2_launchers) by extension 'ros'
[3.411s] DEBUG:colcon.colcon_core.package_identification:Package '/home/zguo27/auvc_ws/src/AUVC_stuff/bluerov2_launchers' with type 'ros.ament_python' and name 'bluerov2_launchers'
[3.413s] Level 1:colcon.colcon_core.package_identification:_identify(/home/zguo27/auvc_ws/src/AUVC_stuff/bluerov2_node) by extensions ['ignore', 'ignore_ament_install']
[3.413s] Level 1:colcon.colcon_core.package_identification:_identify(/home/zguo27/auvc_ws/src/AUVC_stuff/bluerov2_node) by extension 'ignore'
[3.414s] Level 1:colcon.colcon_core.package_identification:_identify(/home/zguo27/auvc_ws/src/AUVC_stuff/bluerov2_node) by extension 'ignore_ament_install'
[3.415s] Level 1:colcon.colcon_core.package_identification:_identify(/home/zguo27/auvc_ws/src/AUVC_stuff/bluerov2_node) by extensions ['colcon_pkg']
[3.415s] Level 1:colcon.colcon_core.package_identification:_identify(/home/zguo27/auvc_ws/src/AUVC_stuff/bluerov2_node) by extension 'colcon_pkg'
[3.416s] Level 1:colcon.colcon_core.package_identification:_identify(/home/zguo27/auvc_ws/src/AUVC_stuff/bluerov2_node) by extensions ['colcon_meta']
[3.416s] Level 1:colcon.colcon_core.package_identification:_identify(/home/zguo27/auvc_ws/src/AUVC_stuff/bluerov2_node) by extension 'colcon_meta'
[3.416s] Level 1:colcon.colcon_core.package_identification:_identify(/home/zguo27/auvc_ws/src/AUVC_stuff/bluerov2_node) by extensions ['ros']
[3.417s] Level 1:colcon.colcon_core.package_identification:_identify(/home/zguo27/auvc_ws/src/AUVC_stuff/bluerov2_node) by extension 'ros'
[3.422s] DEBUG:colcon.colcon_core.package_identification:Package '/home/zguo27/auvc_ws/src/AUVC_stuff/bluerov2_node' with type 'ros.ament_python' and name 'bluerov2_node'
[3.423s] Level 1:colcon.colcon_core.package_identification:_identify(/home/zguo27/auvc_ws/src/AUVC_stuff/bluerov2_opencv) by extensions ['ignore', 'ignore_ament_install']
[3.423s] Level 1:colcon.colcon_core.package_identification:_identify(/home/zguo27/auvc_ws/src/AUVC_stuff/bluerov2_opencv) by extension 'ignore'
[3.424s] Level 1:colcon.colcon_core.package_identification:_identify(/home/zguo27/auvc_ws/src/AUVC_stuff/bluerov2_opencv) by extension 'ignore_ament_install'
[3.425s] Level 1:colcon.colcon_core.package_identification:_identify(/home/zguo27/auvc_ws/src/AUVC_stuff/bluerov2_opencv) by extensions ['colcon_pkg']
[3.425s] Level 1:colcon.colcon_core.package_identification:_identify(/home/zguo27/auvc_ws/src/AUVC_stuff/bluerov2_opencv) by extension 'colcon_pkg'
[3.426s] Level 1:colcon.colcon_core.package_identification:_identify(/home/zguo27/auvc_ws/src/AUVC_stuff/bluerov2_opencv) by extensions ['colcon_meta']
[3.426s] Level 1:colcon.colcon_core.package_identification:_identify(/home/zguo27/auvc_ws/src/AUVC_stuff/bluerov2_opencv) by extension 'colcon_meta'
[3.427s] Level 1:colcon.colcon_core.package_identification:_identify(/home/zguo27/auvc_ws/src/AUVC_stuff/bluerov2_opencv) by extensions ['ros']
[3.427s] Level 1:colcon.colcon_core.package_identification:_identify(/home/zguo27/auvc_ws/src/AUVC_stuff/bluerov2_opencv) by extension 'ros'
[3.429s] Level 1:colcon.colcon_core.package_identification:_identify(/home/zguo27/auvc_ws/src/AUVC_stuff/bluerov2_opencv) by extensions ['cmake', 'python']
[3.430s] Level 1:colcon.colcon_core.package_identification:_identify(/home/zguo27/auvc_ws/src/AUVC_stuff/bluerov2_opencv) by extension 'cmake'
[3.430s] Level 1:colcon.colcon_core.package_identification:_identify(/home/zguo27/auvc_ws/src/AUVC_stuff/bluerov2_opencv) by extension 'python'
[3.431s] Level 1:colcon.colcon_core.package_identification:_identify(/home/zguo27/auvc_ws/src/AUVC_stuff/bluerov2_opencv) by extensions ['python_setup_py']
[3.431s] Level 1:colcon.colcon_core.package_identification:_identify(/home/zguo27/auvc_ws/src/AUVC_stuff/bluerov2_opencv) by extension 'python_setup_py'
[3.433s] Level 1:colcon.colcon_core.package_identification:_identify(/home/zguo27/auvc_ws/src/AUVC_stuff/bluerov2_opencv/log) by extensions ['ignore', 'ignore_ament_install']
[3.433s] Level 1:colcon.colcon_core.package_identification:_identify(/home/zguo27/auvc_ws/src/AUVC_stuff/bluerov2_opencv/log) by extension 'ignore'
[3.434s] Level 1:colcon.colcon_core.package_identification:_identify(/home/zguo27/auvc_ws/src/AUVC_stuff/bluerov2_opencv/log) ignored
[3.435s] Level 1:colcon.colcon_core.package_identification:_identify(/home/zguo27/auvc_ws/src/AUVC_stuff/bluerov2_testers) by extensions ['ignore', 'ignore_ament_install']
[3.436s] Level 1:colcon.colcon_core.package_identification:_identify(/home/zguo27/auvc_ws/src/AUVC_stuff/bluerov2_testers) by extension 'ignore'
[3.437s] Level 1:colcon.colcon_core.package_identification:_identify(/home/zguo27/auvc_ws/src/AUVC_stuff/bluerov2_testers) by extension 'ignore_ament_install'
[3.437s] Level 1:colcon.colcon_core.package_identification:_identify(/home/zguo27/auvc_ws/src/AUVC_stuff/bluerov2_testers) by extensions ['colcon_pkg']
[3.438s] Level 1:colcon.colcon_core.package_identification:_identify(/home/zguo27/auvc_ws/src/AUVC_stuff/bluerov2_testers) by extension 'colcon_pkg'
[3.438s] Level 1:colcon.colcon_core.package_identification:_identify(/home/zguo27/auvc_ws/src/AUVC_stuff/bluerov2_testers) by extensions ['colcon_meta']
[3.438s] Level 1:colcon.colcon_core.package_identification:_identify(/home/zguo27/auvc_ws/src/AUVC_stuff/bluerov2_testers) by extension 'colcon_meta'
[3.439s] Level 1:colcon.colcon_core.package_identification:_identify(/home/zguo27/auvc_ws/src/AUVC_stuff/bluerov2_testers) by extensions ['ros']
[3.439s] Level 1:colcon.colcon_core.package_identification:_identify(/home/zguo27/auvc_ws/src/AUVC_stuff/bluerov2_testers) by extension 'ros'
[3.445s] DEBUG:colcon.colcon_core.package_identification:Package '/home/zguo27/auvc_ws/src/AUVC_stuff/bluerov2_testers' with type 'ros.ament_python' and name 'bluerov2_testers'
[3.446s] Level 1:colcon.colcon_core.package_identification:_identify(/home/zguo27/auvc_ws/src/AUVC_stuff/build) by extensions ['ignore', 'ignore_ament_install']
[3.447s] Level 1:colcon.colcon_core.package_identification:_identify(/home/zguo27/auvc_ws/src/AUVC_stuff/build) by extension 'ignore'
[3.447s] Level 1:colcon.colcon_core.package_identification:_identify(/home/zguo27/auvc_ws/src/AUVC_stuff/build) ignored
[3.448s] Level 1:colcon.colcon_core.package_identification:_identify(/home/zguo27/auvc_ws/src/AUVC_stuff/bwsibot) by extensions ['ignore', 'ignore_ament_install']
[3.449s] Level 1:colcon.colcon_core.package_identification:_identify(/home/zguo27/auvc_ws/src/AUVC_stuff/bwsibot) by extension 'ignore'
[3.449s] Level 1:colcon.colcon_core.package_identification:_identify(/home/zguo27/auvc_ws/src/AUVC_stuff/bwsibot) by extension 'ignore_ament_install'
[3.450s] Level 1:colcon.colcon_core.package_identification:_identify(/home/zguo27/auvc_ws/src/AUVC_stuff/bwsibot) by extensions ['colcon_pkg']
[3.450s] Level 1:colcon.colcon_core.package_identification:_identify(/home/zguo27/auvc_ws/src/AUVC_stuff/bwsibot) by extension 'colcon_pkg'
[3.451s] Level 1:colcon.colcon_core.package_identification:_identify(/home/zguo27/auvc_ws/src/AUVC_stuff/bwsibot) by extensions ['colcon_meta']
[3.451s] Level 1:colcon.colcon_core.package_identification:_identify(/home/zguo27/auvc_ws/src/AUVC_stuff/bwsibot) by extension 'colcon_meta'
[3.451s] Level 1:colcon.colcon_core.package_identification:_identify(/home/zguo27/auvc_ws/src/AUVC_stuff/bwsibot) by extensions ['ros']
[3.452s] Level 1:colcon.colcon_core.package_identification:_identify(/home/zguo27/auvc_ws/src/AUVC_stuff/bwsibot) by extension 'ros'
[3.453s] Level 1:colcon.colcon_core.package_identification:_identify(/home/zguo27/auvc_ws/src/AUVC_stuff/bwsibot) by extensions ['cmake', 'python']
[3.453s] Level 1:colcon.colcon_core.package_identification:_identify(/home/zguo27/auvc_ws/src/AUVC_stuff/bwsibot) by extension 'cmake'
[3.454s] Level 1:colcon.colcon_core.package_identification:_identify(/home/zguo27/auvc_ws/src/AUVC_stuff/bwsibot) by extension 'python'
[3.454s] Level 1:colcon.colcon_core.package_identification:_identify(/home/zguo27/auvc_ws/src/AUVC_stuff/bwsibot) by extensions ['python_setup_py']
[3.454s] Level 1:colcon.colcon_core.package_identification:_identify(/home/zguo27/auvc_ws/src/AUVC_stuff/bwsibot) by extension 'python_setup_py'
[3.459s] Level 1:colcon.colcon_core.package_identification:_identify(/home/zguo27/auvc_ws/src/AUVC_stuff/bwsibot/logs) by extensions ['ignore', 'ignore_ament_install']
[3.460s] Level 1:colcon.colcon_core.package_identification:_identify(/home/zguo27/auvc_ws/src/AUVC_stuff/bwsibot/logs) by extension 'ignore'
[3.461s] Level 1:colcon.colcon_core.package_identification:_identify(/home/zguo27/auvc_ws/src/AUVC_stuff/bwsibot/logs) by extension 'ignore_ament_install'
[3.465s] Level 1:colcon.colcon_core.package_identification:_identify(/home/zguo27/auvc_ws/src/AUVC_stuff/bwsibot/logs) by extensions ['colcon_pkg']
[3.466s] Level 1:colcon.colcon_core.package_identification:_identify(/home/zguo27/auvc_ws/src/AUVC_stuff/bwsibot/logs) by extension 'colcon_pkg'
[3.466s] Level 1:colcon.colcon_core.package_identification:_identify(/home/zguo27/auvc_ws/src/AUVC_stuff/bwsibot/logs) by extensions ['colcon_meta']
[3.466s] Level 1:colcon.colcon_core.package_identification:_identify(/home/zguo27/auvc_ws/src/AUVC_stuff/bwsibot/logs) by extension 'colcon_meta'
[3.467s] Level 1:colcon.colcon_core.package_identification:_identify(/home/zguo27/auvc_ws/src/AUVC_stuff/bwsibot/logs) by extensions ['ros']
[3.467s] Level 1:colcon.colcon_core.package_identification:_identify(/home/zguo27/auvc_ws/src/AUVC_stuff/bwsibot/logs) by extension 'ros'
[3.468s] Level 1:colcon.colcon_core.package_identification:_identify(/home/zguo27/auvc_ws/src/AUVC_stuff/bwsibot/logs) by extensions ['cmake', 'python']
[3.471s] Level 1:colcon.colcon_core.package_identification:_identify(/home/zguo27/auvc_ws/src/AUVC_stuff/bwsibot/logs) by extension 'cmake'
[3.472s] Level 1:colcon.colcon_core.package_identification:_identify(/home/zguo27/auvc_ws/src/AUVC_stuff/bwsibot/logs) by extension 'python'
[3.477s] Level 1:colcon.colcon_core.package_identification:_identify(/home/zguo27/auvc_ws/src/AUVC_stuff/bwsibot/logs) by extensions ['python_setup_py']
[3.478s] Level 1:colcon.colcon_core.package_identification:_identify(/home/zguo27/auvc_ws/src/AUVC_stuff/bwsibot/logs) by extension 'python_setup_py'
[3.479s] Level 1:colcon.colcon_core.package_identification:_identify(/home/zguo27/auvc_ws/src/AUVC_stuff/bwsibot/logs/2025-07-25) by extensions ['ignore', 'ignore_ament_install']
[3.482s] Level 1:colcon.colcon_core.package_identification:_identify(/home/zguo27/auvc_ws/src/AUVC_stuff/bwsibot/logs/2025-07-25) by extension 'ignore'
[3.483s] Level 1:colcon.colcon_core.package_identification:_identify(/home/zguo27/auvc_ws/src/AUVC_stuff/bwsibot/logs/2025-07-25) by extension 'ignore_ament_install'
[3.484s] Level 1:colcon.colcon_core.package_identification:_identify(/home/zguo27/auvc_ws/src/AUVC_stuff/bwsibot/logs/2025-07-25) by extensions ['colcon_pkg']
[3.484s] Level 1:colcon.colcon_core.package_identification:_identify(/home/zguo27/auvc_ws/src/AUVC_stuff/bwsibot/logs/2025-07-25) by extension 'colcon_pkg'
[3.485s] Level 1:colcon.colcon_core.package_identification:_identify(/home/zguo27/auvc_ws/src/AUVC_stuff/bwsibot/logs/2025-07-25) by extensions ['colcon_meta']
[3.485s] Level 1:colcon.colcon_core.package_identification:_identify(/home/zguo27/auvc_ws/src/AUVC_stuff/bwsibot/logs/2025-07-25) by extension 'colcon_meta'
[3.486s] Level 1:colcon.colcon_core.package_identification:_identify(/home/zguo27/auvc_ws/src/AUVC_stuff/bwsibot/logs/2025-07-25) by extensions ['ros']
[3.486s] Level 1:colcon.colcon_core.package_identification:_identify(/home/zguo27/auvc_ws/src/AUVC_stuff/bwsibot/logs/2025-07-25) by extension 'ros'
[3.487s] Level 1:colcon.colcon_core.package_identification:_identify(/home/zguo27/auvc_ws/src/AUVC_stuff/bwsibot/logs/2025-07-25) by extensions ['cmake', 'python']
[3.487s] Level 1:colcon.colcon_core.package_identification:_identify(/home/zguo27/auvc_ws/src/AUVC_stuff/bwsibot/logs/2025-07-25) by extension 'cmake'
[3.488s] Level 1:colcon.colcon_core.package_identification:_identify(/home/zguo27/auvc_ws/src/AUVC_stuff/bwsibot/logs/2025-07-25) by extension 'python'
[3.488s] Level 1:colcon.colcon_core.package_identification:_identify(/home/zguo27/auvc_ws/src/AUVC_stuff/bwsibot/logs/2025-07-25) by extensions ['python_setup_py']
[3.489s] Level 1:colcon.colcon_core.package_identification:_identify(/home/zguo27/auvc_ws/src/AUVC_stuff/bwsibot/logs/2025-07-25) by extension 'python_setup_py'
[3.490s] Level 1:colcon.colcon_core.package_identification:_identify(/home/zguo27/auvc_ws/src/AUVC_stuff/bwsibot/logs/2025-07-25/flight1) by extensions ['ignore', 'ignore_ament_install']
[3.490s] Level 1:colcon.colcon_core.package_identification:_identify(/home/zguo27/auvc_ws/src/AUVC_stuff/bwsibot/logs/2025-07-25/flight1) by extension 'ignore'
[3.491s] Level 1:colcon.colcon_core.package_identification:_identify(/home/zguo27/auvc_ws/src/AUVC_stuff/bwsibot/logs/2025-07-25/flight1) by extension 'ignore_ament_install'
[3.492s] Level 1:colcon.colcon_core.package_identification:_identify(/home/zguo27/auvc_ws/src/AUVC_stuff/bwsibot/logs/2025-07-25/flight1) by extensions ['colcon_pkg']
[3.493s] Level 1:colcon.colcon_core.package_identification:_identify(/home/zguo27/auvc_ws/src/AUVC_stuff/bwsibot/logs/2025-07-25/flight1) by extension 'colcon_pkg'
[3.493s] Level 1:colcon.colcon_core.package_identification:_identify(/home/zguo27/auvc_ws/src/AUVC_stuff/bwsibot/logs/2025-07-25/flight1) by extensions ['colcon_meta']
[3.493s] Level 1:colcon.colcon_core.package_identification:_identify(/home/zguo27/auvc_ws/src/AUVC_stuff/bwsibot/logs/2025-07-25/flight1) by extension 'colcon_meta'
[3.494s] Level 1:colcon.colcon_core.package_identification:_identify(/home/zguo27/auvc_ws/src/AUVC_stuff/bwsibot/logs/2025-07-25/flight1) by extensions ['ros']
[3.494s] Level 1:colcon.colcon_core.package_identification:_identify(/home/zguo27/auvc_ws/src/AUVC_stuff/bwsibot/logs/2025-07-25/flight1) by extension 'ros'
[3.495s] Level 1:colcon.colcon_core.package_identification:_identify(/home/zguo27/auvc_ws/src/AUVC_stuff/bwsibot/logs/2025-07-25/flight1) by extensions ['cmake', 'python']
[3.495s] Level 1:colcon.colcon_core.package_identification:_identify(/home/zguo27/auvc_ws/src/AUVC_stuff/bwsibot/logs/2025-07-25/flight1) by extension 'cmake'
[3.496s] Level 1:colcon.colcon_core.package_identification:_identify(/home/zguo27/auvc_ws/src/AUVC_stuff/bwsibot/logs/2025-07-25/flight1) by extension 'python'
[3.496s] Level 1:colcon.colcon_core.package_identification:_identify(/home/zguo27/auvc_ws/src/AUVC_stuff/bwsibot/logs/2025-07-25/flight1) by extensions ['python_setup_py']
[3.496s] Level 1:colcon.colcon_core.package_identification:_identify(/home/zguo27/auvc_ws/src/AUVC_stuff/bwsibot/logs/2025-07-25/flight1) by extension 'python_setup_py'
[3.498s] Level 1:colcon.colcon_core.package_identification:_identify(/home/zguo27/auvc_ws/src/AUVC_stuff/bwsibot/logs/2025-07-28) by extensions ['ignore', 'ignore_ament_install']
[3.498s] Level 1:colcon.colcon_core.package_identification:_identify(/home/zguo27/auvc_ws/src/AUVC_stuff/bwsibot/logs/2025-07-28) by extension 'ignore'
[3.499s] Level 1:colcon.colcon_core.package_identification:_identify(/home/zguo27/auvc_ws/src/AUVC_stuff/bwsibot/logs/2025-07-28) by extension 'ignore_ament_install'
[3.500s] Level 1:colcon.colcon_core.package_identification:_identify(/home/zguo27/auvc_ws/src/AUVC_stuff/bwsibot/logs/2025-07-28) by extensions ['colcon_pkg']
[3.500s] Level 1:colcon.colcon_core.package_identification:_identify(/home/zguo27/auvc_ws/src/AUVC_stuff/bwsibot/logs/2025-07-28) by extension 'colcon_pkg'
[3.501s] Level 1:colcon.colcon_core.package_identification:_identify(/home/zguo27/auvc_ws/src/AUVC_stuff/bwsibot/logs/2025-07-28) by extensions ['colcon_meta']
[3.501s] Level 1:colcon.colcon_core.package_identification:_identify(/home/zguo27/auvc_ws/src/AUVC_stuff/bwsibot/logs/2025-07-28) by extension 'colcon_meta'
[3.502s] Level 1:colcon.colcon_core.package_identification:_identify(/home/zguo27/auvc_ws/src/AUVC_stuff/bwsibot/logs/2025-07-28) by extensions ['ros']
[3.502s] Level 1:colcon.colcon_core.package_identification:_identify(/home/zguo27/auvc_ws/src/AUVC_stuff/bwsibot/logs/2025-07-28) by extension 'ros'
[3.503s] Level 1:colcon.colcon_core.package_identification:_identify(/home/zguo27/auvc_ws/src/AUVC_stuff/bwsibot/logs/2025-07-28) by extensions ['cmake', 'python']
[3.503s] Level 1:colcon.colcon_core.package_identification:_identify(/home/zguo27/auvc_ws/src/AUVC_stuff/bwsibot/logs/2025-07-28) by extension 'cmake'
[3.504s] Level 1:colcon.colcon_core.package_identification:_identify(/home/zguo27/auvc_ws/src/AUVC_stuff/bwsibot/logs/2025-07-28) by extension 'python'
[3.506s] Level 1:colcon.colcon_core.package_identification:_identify(/home/zguo27/auvc_ws/src/AUVC_stuff/bwsibot/logs/2025-07-28) by extensions ['python_setup_py']
[3.506s] Level 1:colcon.colcon_core.package_identification:_identify(/home/zguo27/auvc_ws/src/AUVC_stuff/bwsibot/logs/2025-07-28) by extension 'python_setup_py'
[3.508s] Level 1:colcon.colcon_core.package_identification:_identify(/home/zguo27/auvc_ws/src/AUVC_stuff/bwsibot/logs/2025-07-28/flight1) by extensions ['ignore', 'ignore_ament_install']
[3.509s] Level 1:colcon.colcon_core.package_identification:_identify(/home/zguo27/auvc_ws/src/AUVC_stuff/bwsibot/logs/2025-07-28/flight1) by extension 'ignore'
[3.509s] Level 1:colcon.colcon_core.package_identification:_identify(/home/zguo27/auvc_ws/src/AUVC_stuff/bwsibot/logs/2025-07-28/flight1) by extension 'ignore_ament_install'
[3.510s] Level 1:colcon.colcon_core.package_identification:_identify(/home/zguo27/auvc_ws/src/AUVC_stuff/bwsibot/logs/2025-07-28/flight1) by extensions ['colcon_pkg']
[3.511s] Level 1:colcon.colcon_core.package_identification:_identify(/home/zguo27/auvc_ws/src/AUVC_stuff/bwsibot/logs/2025-07-28/flight1) by extension 'colcon_pkg'
[3.511s] Level 1:colcon.colcon_core.package_identification:_identify(/home/zguo27/auvc_ws/src/AUVC_stuff/bwsibot/logs/2025-07-28/flight1) by extensions ['colcon_meta']
[3.512s] Level 1:colcon.colcon_core.package_identification:_identify(/home/zguo27/auvc_ws/src/AUVC_stuff/bwsibot/logs/2025-07-28/flight1) by extension 'colcon_meta'
[3.513s] Level 1:colcon.colcon_core.package_identification:_identify(/home/zguo27/auvc_ws/src/AUVC_stuff/bwsibot/logs/2025-07-28/flight1) by extensions ['ros']
[3.513s] Level 1:colcon.colcon_core.package_identification:_identify(/home/zguo27/auvc_ws/src/AUVC_stuff/bwsibot/logs/2025-07-28/flight1) by extension 'ros'
[3.514s] Level 1:colcon.colcon_core.package_identification:_identify(/home/zguo27/auvc_ws/src/AUVC_stuff/bwsibot/logs/2025-07-28/flight1) by extensions ['cmake', 'python']
[3.515s] Level 1:colcon.colcon_core.package_identification:_identify(/home/zguo27/auvc_ws/src/AUVC_stuff/bwsibot/logs/2025-07-28/flight1) by extension 'cmake'
[3.515s] Level 1:colcon.colcon_core.package_identification:_identify(/home/zguo27/auvc_ws/src/AUVC_stuff/bwsibot/logs/2025-07-28/flight1) by extension 'python'
[3.516s] Level 1:colcon.colcon_core.package_identification:_identify(/home/zguo27/auvc_ws/src/AUVC_stuff/bwsibot/logs/2025-07-28/flight1) by extensions ['python_setup_py']
[3.516s] Level 1:colcon.colcon_core.package_identification:_identify(/home/zguo27/auvc_ws/src/AUVC_stuff/bwsibot/logs/2025-07-28/flight1) by extension 'python_setup_py'
[3.518s] Level 1:colcon.colcon_core.package_identification:_identify(/home/zguo27/auvc_ws/src/AUVC_stuff/bwsibot/logs/2025-07-28/flight2) by extensions ['ignore', 'ignore_ament_install']
[3.520s] Level 1:colcon.colcon_core.package_identification:_identify(/home/zguo27/auvc_ws/src/AUVC_stuff/bwsibot/logs/2025-07-28/flight2) by extension 'ignore'
[3.521s] Level 1:colcon.colcon_core.package_identification:_identify(/home/zguo27/auvc_ws/src/AUVC_stuff/bwsibot/logs/2025-07-28/flight2) by extension 'ignore_ament_install'
[3.523s] Level 1:colcon.colcon_core.package_identification:_identify(/home/zguo27/auvc_ws/src/AUVC_stuff/bwsibot/logs/2025-07-28/flight2) by extensions ['colcon_pkg']
[3.523s] Level 1:colcon.colcon_core.package_identification:_identify(/home/zguo27/auvc_ws/src/AUVC_stuff/bwsibot/logs/2025-07-28/flight2) by extension 'colcon_pkg'
[3.524s] Level 1:colcon.colcon_core.package_identification:_identify(/home/zguo27/auvc_ws/src/AUVC_stuff/bwsibot/logs/2025-07-28/flight2) by extensions ['colcon_meta']
[3.525s] Level 1:colcon.colcon_core.package_identification:_identify(/home/zguo27/auvc_ws/src/AUVC_stuff/bwsibot/logs/2025-07-28/flight2) by extension 'colcon_meta'
[3.525s] Level 1:colcon.colcon_core.package_identification:_identify(/home/zguo27/auvc_ws/src/AUVC_stuff/bwsibot/logs/2025-07-28/flight2) by extensions ['ros']
[3.526s] Level 1:colcon.colcon_core.package_identification:_identify(/home/zguo27/auvc_ws/src/AUVC_stuff/bwsibot/logs/2025-07-28/flight2) by extension 'ros'
[3.527s] Level 1:colcon.colcon_core.package_identification:_identify(/home/zguo27/auvc_ws/src/AUVC_stuff/bwsibot/logs/2025-07-28/flight2) by extensions ['cmake', 'python']
[3.527s] Level 1:colcon.colcon_core.package_identification:_identify(/home/zguo27/auvc_ws/src/AUVC_stuff/bwsibot/logs/2025-07-28/flight2) by extension 'cmake'
[3.528s] Level 1:colcon.colcon_core.package_identification:_identify(/home/zguo27/auvc_ws/src/AUVC_stuff/bwsibot/logs/2025-07-28/flight2) by extension 'python'
[3.529s] Level 1:colcon.colcon_core.package_identification:_identify(/home/zguo27/auvc_ws/src/AUVC_stuff/bwsibot/logs/2025-07-28/flight2) by extensions ['python_setup_py']
[3.529s] Level 1:colcon.colcon_core.package_identification:_identify(/home/zguo27/auvc_ws/src/AUVC_stuff/bwsibot/logs/2025-07-28/flight2) by extension 'python_setup_py'
[3.530s] Level 1:colcon.colcon_core.package_identification:_identify(/home/zguo27/auvc_ws/src/AUVC_stuff/install) by extensions ['ignore', 'ignore_ament_install']
[3.531s] Level 1:colcon.colcon_core.package_identification:_identify(/home/zguo27/auvc_ws/src/AUVC_stuff/install) by extension 'ignore'
[3.532s] Level 1:colcon.colcon_core.package_identification:_identify(/home/zguo27/auvc_ws/src/AUVC_stuff/install) ignored
[3.534s] Level 1:colcon.colcon_core.package_identification:_identify(/home/zguo27/auvc_ws/src/AUVC_stuff/log) by extensions ['ignore', 'ignore_ament_install']
[3.536s] Level 1:colcon.colcon_core.package_identification:_identify(/home/zguo27/auvc_ws/src/AUVC_stuff/log) by extension 'ignore'
[3.536s] Level 1:colcon.colcon_core.package_identification:_identify(/home/zguo27/auvc_ws/src/AUVC_stuff/log) ignored
[3.537s] Level 1:colcon.colcon_core.package_discovery:discover_packages(recursive) using defaults
