/home/zguo27/auvc_ws/src/AUVC_stuff/install/bluerov2_controllers/lib/python3.12/site-packages/bluerov2_controllers/PID_heading.py
/home/zguo27/auvc_ws/src/AUVC_stuff/install/bluerov2_controllers/lib/python3.12/site-packages/bluerov2_controllers/PID_depth.py
/home/zguo27/auvc_ws/src/AUVC_stuff/install/bluerov2_controllers/lib/python3.12/site-packages/bluerov2_controllers/PID_lane_following.py
/home/zguo27/auvc_ws/src/AUVC_stuff/install/bluerov2_controllers/lib/python3.12/site-packages/bluerov2_controllers/PIDController.py
/home/zguo27/auvc_ws/src/AUVC_stuff/install/bluerov2_controllers/lib/python3.12/site-packages/bluerov2_controllers/__init__.py
/home/zguo27/auvc_ws/src/AUVC_stuff/install/bluerov2_controllers/lib/python3.12/site-packages/bluerov2_controllers/__pycache__/PID_heading.cpython-312.pyc
/home/zguo27/auvc_ws/src/AUVC_stuff/install/bluerov2_controllers/lib/python3.12/site-packages/bluerov2_controllers/__pycache__/PID_depth.cpython-312.pyc
/home/zguo27/auvc_ws/src/AUVC_stuff/install/bluerov2_controllers/lib/python3.12/site-packages/bluerov2_controllers/__pycache__/PID_lane_following.cpython-312.pyc
/home/zguo27/auvc_ws/src/AUVC_stuff/install/bluerov2_controllers/lib/python3.12/site-packages/bluerov2_controllers/__pycache__/PIDController.cpython-312.pyc
/home/zguo27/auvc_ws/src/AUVC_stuff/install/bluerov2_controllers/lib/python3.12/site-packages/bluerov2_controllers/__pycache__/__init__.cpython-312.pyc
/home/zguo27/auvc_ws/src/AUVC_stuff/install/bluerov2_controllers/share/ament_index/resource_index/packages/bluerov2_controllers
/home/zguo27/auvc_ws/src/AUVC_stuff/install/bluerov2_controllers/share/bluerov2_controllers/package.xml
/home/zguo27/auvc_ws/src/AUVC_stuff/install/bluerov2_controllers/lib/python3.12/site-packages/bluerov2_controllers-0.0.0-py3.12.egg-info/SOURCES.txt
/home/zguo27/auvc_ws/src/AUVC_stuff/install/bluerov2_controllers/lib/python3.12/site-packages/bluerov2_controllers-0.0.0-py3.12.egg-info/top_level.txt
/home/zguo27/auvc_ws/src/AUVC_stuff/install/bluerov2_controllers/lib/python3.12/site-packages/bluerov2_controllers-0.0.0-py3.12.egg-info/entry_points.txt
/home/zguo27/auvc_ws/src/AUVC_stuff/install/bluerov2_controllers/lib/python3.12/site-packages/bluerov2_controllers-0.0.0-py3.12.egg-info/zip-safe
/home/zguo27/auvc_ws/src/AUVC_stuff/install/bluerov2_controllers/lib/python3.12/site-packages/bluerov2_controllers-0.0.0-py3.12.egg-info/requires.txt
/home/zguo27/auvc_ws/src/AUVC_stuff/install/bluerov2_controllers/lib/python3.12/site-packages/bluerov2_controllers-0.0.0-py3.12.egg-info/dependency_links.txt
/home/zguo27/auvc_ws/src/AUVC_stuff/install/bluerov2_controllers/lib/python3.12/site-packages/bluerov2_controllers-0.0.0-py3.12.egg-info/PKG-INFO
/home/zguo27/auvc_ws/src/AUVC_stuff/install/bluerov2_controllers/lib/bluerov2_controllers/pid_controller
/home/zguo27/auvc_ws/src/AUVC_stuff/install/bluerov2_controllers/lib/bluerov2_controllers/pid_depth
/home/zguo27/auvc_ws/src/AUVC_stuff/install/bluerov2_controllers/lib/bluerov2_controllers/pid_heading
/home/zguo27/auvc_ws/src/AUVC_stuff/install/bluerov2_controllers/lib/bluerov2_controllers/pid_lane
