[9.509s] Invoking command in '/home/zguo27/auvc_ws/src/AUVC_stuff/bluerov2_controllers': PYTHONPATH=/home/zguo27/auvc_ws/src/AUVC_stuff/build/bluerov2_controllers/prefix_override:/usr/lib/python3/dist-packages/colcon_core/task/python/colcon_distutils_commands:/home/zguo27/auvc_ws/src/AUVC_stuff/install/bluerov2_controllers/lib/python3.12/site-packages:${PYTHONPATH} VIRTUAL_ENV_PROMPT=(rosmav) /usr/bin/python3 -W ignore:setup.py install is deprecated -W ignore:easy_install command is deprecated setup.py egg_info --egg-base ../build/bluerov2_controllers build --build-base /home/zguo27/auvc_ws/src/AUVC_stuff/build/bluerov2_controllers/build install --record /home/zguo27/auvc_ws/src/AUVC_stuff/build/bluerov2_controllers/install.log --single-version-externally-managed install_data
[11.975s] running egg_info
[12.140s] writing ../build/bluerov2_controllers/bluerov2_controllers.egg-info/PKG-INFO
[12.148s] writing dependency_links to ../build/bluerov2_controllers/bluerov2_controllers.egg-info/dependency_links.txt
[12.149s] writing entry points to ../build/bluerov2_controllers/bluerov2_controllers.egg-info/entry_points.txt
[12.149s] writing requirements to ../build/bluerov2_controllers/bluerov2_controllers.egg-info/requires.txt
[12.150s] writing top-level names to ../build/bluerov2_controllers/bluerov2_controllers.egg-info/top_level.txt
[12.536s] reading manifest file '../build/bluerov2_controllers/bluerov2_controllers.egg-info/SOURCES.txt'
[12.553s] writing manifest file '../build/bluerov2_controllers/bluerov2_controllers.egg-info/SOURCES.txt'
[12.565s] running build
[12.566s] running build_py
[12.566s] running install
[12.610s] running install_lib
[12.851s] running install_data
[12.852s] running install_egg_info
[13.515s] removing '/home/zguo27/auvc_ws/src/AUVC_stuff/install/bluerov2_controllers/lib/python3.12/site-packages/bluerov2_controllers-0.0.0-py3.12.egg-info' (and everything under it)
[13.529s] Copying ../build/bluerov2_controllers/bluerov2_controllers.egg-info to /home/zguo27/auvc_ws/src/AUVC_stuff/install/bluerov2_controllers/lib/python3.12/site-packages/bluerov2_controllers-0.0.0-py3.12.egg-info
[13.552s] running install_scripts
[15.156s] Installing pid_controller script to /home/zguo27/auvc_ws/src/AUVC_stuff/install/bluerov2_controllers/lib/bluerov2_controllers
[15.164s] Installing pid_depth script to /home/zguo27/auvc_ws/src/AUVC_stuff/install/bluerov2_controllers/lib/bluerov2_controllers
[15.165s] Installing pid_heading script to /home/zguo27/auvc_ws/src/AUVC_stuff/install/bluerov2_controllers/lib/bluerov2_controllers
[15.165s] Installing pid_lane script to /home/zguo27/auvc_ws/src/AUVC_stuff/install/bluerov2_controllers/lib/bluerov2_controllers
[15.172s] writing list of installed files to '/home/zguo27/auvc_ws/src/AUVC_stuff/build/bluerov2_controllers/install.log'
[15.389s] Invoked command in '/home/zguo27/auvc_ws/src/AUVC_stuff/bluerov2_controllers' returned '0': PYTHONPATH=/home/zguo27/auvc_ws/src/AUVC_stuff/build/bluerov2_controllers/prefix_override:/usr/lib/python3/dist-packages/colcon_core/task/python/colcon_distutils_commands:/home/zguo27/auvc_ws/src/AUVC_stuff/install/bluerov2_controllers/lib/python3.12/site-packages:${PYTHONPATH} VIRTUAL_ENV_PROMPT=(rosmav) /usr/bin/python3 -W ignore:setup.py install is deprecated -W ignore:easy_install command is deprecated setup.py egg_info --egg-base ../build/bluerov2_controllers build --build-base /home/zguo27/auvc_ws/src/AUVC_stuff/build/bluerov2_controllers/build install --record /home/zguo27/auvc_ws/src/AUVC_stuff/build/bluerov2_controllers/install.log --single-version-externally-managed install_data
