[14.388s] Invoking command in '/home/zguo27/auvc_ws/src/AUVC_stuff/bluerov2_controllers': PYTHONPATH=/home/zguo27/auvc_ws/src/AUVC_stuff/build/bluerov2_controllers/prefix_override:/usr/lib/python3/dist-packages/colcon_core/task/python/colcon_distutils_commands:/home/zguo27/auvc_ws/src/AUVC_stuff/install/bluerov2_controllers/lib/python3.12/site-packages:${PYTHONPATH} /usr/bin/python3 -W ignore:setup.py install is deprecated -W ignore:easy_install command is deprecated setup.py egg_info --egg-base ../build/bluerov2_controllers build --build-base /home/zguo27/auvc_ws/src/AUVC_stuff/build/bluerov2_controllers/build install --record /home/zguo27/auvc_ws/src/AUVC_stuff/build/bluerov2_controllers/install.log --single-version-externally-managed install_data
[17.724s] running egg_info
[17.940s] writing ../build/bluerov2_controllers/bluerov2_controllers.egg-info/PKG-INFO
[17.941s] writing dependency_links to ../build/bluerov2_controllers/bluerov2_controllers.egg-info/dependency_links.txt
[17.945s] writing entry points to ../build/bluerov2_controllers/bluerov2_controllers.egg-info/entry_points.txt
[17.951s] writing requirements to ../build/bluerov2_controllers/bluerov2_controllers.egg-info/requires.txt
[17.957s] writing top-level names to ../build/bluerov2_controllers/bluerov2_controllers.egg-info/top_level.txt
[18.468s] reading manifest file '../build/bluerov2_controllers/bluerov2_controllers.egg-info/SOURCES.txt'
[18.477s] writing manifest file '../build/bluerov2_controllers/bluerov2_controllers.egg-info/SOURCES.txt'
[18.478s] running build
[18.478s] running build_py
[18.485s] running install
[18.527s] running install_lib
[18.911s] running install_data
[18.912s] running install_egg_info
[19.272s] removing '/home/zguo27/auvc_ws/src/AUVC_stuff/install/bluerov2_controllers/lib/python3.12/site-packages/bluerov2_controllers-0.0.0-py3.12.egg-info' (and everything under it)
[19.281s] Copying ../build/bluerov2_controllers/bluerov2_controllers.egg-info to /home/zguo27/auvc_ws/src/AUVC_stuff/install/bluerov2_controllers/lib/python3.12/site-packages/bluerov2_controllers-0.0.0-py3.12.egg-info
[19.307s] running install_scripts
[21.270s] Installing pid_controller script to /home/zguo27/auvc_ws/src/AUVC_stuff/install/bluerov2_controllers/lib/bluerov2_controllers
[21.272s] Installing pid_depth script to /home/zguo27/auvc_ws/src/AUVC_stuff/install/bluerov2_controllers/lib/bluerov2_controllers
[21.275s] Installing pid_heading script to /home/zguo27/auvc_ws/src/AUVC_stuff/install/bluerov2_controllers/lib/bluerov2_controllers
[21.276s] Installing pid_lane script to /home/zguo27/auvc_ws/src/AUVC_stuff/install/bluerov2_controllers/lib/bluerov2_controllers
[21.277s] writing list of installed files to '/home/zguo27/auvc_ws/src/AUVC_stuff/build/bluerov2_controllers/install.log'
[21.493s] Invoked command in '/home/zguo27/auvc_ws/src/AUVC_stuff/bluerov2_controllers' returned '0': PYTHONPATH=/home/zguo27/auvc_ws/src/AUVC_stuff/build/bluerov2_controllers/prefix_override:/usr/lib/python3/dist-packages/colcon_core/task/python/colcon_distutils_commands:/home/zguo27/auvc_ws/src/AUVC_stuff/install/bluerov2_controllers/lib/python3.12/site-packages:${PYTHONPATH} /usr/bin/python3 -W ignore:setup.py install is deprecated -W ignore:easy_install command is deprecated setup.py egg_info --egg-base ../build/bluerov2_controllers build --build-base /home/zguo27/auvc_ws/src/AUVC_stuff/build/bluerov2_controllers/build install --record /home/zguo27/auvc_ws/src/AUVC_stuff/build/bluerov2_controllers/install.log --single-version-externally-managed install_data
