[0.687s] DEBUG:colcon:Command line arguments: ['/usr/bin/colcon', 'build']
[0.687s] DEBUG:colcon:Parsed command line arguments: Namespace(log_base=None, log_level=None, verb_name='build', build_base='build', install_base='install', merge_install=False, symlink_install=False, test_result_base=None, continue_on_error=False, executor='parallel', parallel_workers=4, event_handlers=None, ignore_user_meta=False, metas=['./colcon.meta'], base_paths=['.'], packages_ignore=None, packages_ignore_regex=None, paths=None, packages_up_to=None, packages_up_to_regex=None, packages_above=None, packages_above_and_dependencies=None, packages_above_depth=None, packages_select_by_dep=None, packages_skip_by_dep=None, packages_skip_up_to=None, packages_select_build_failed=False, packages_skip_build_finished=False, packages_select_test_failures=False, packages_skip_test_passed=False, packages_select=None, packages_skip=None, packages_select_regex=None, packages_skip_regex=None, packages_start=None, packages_end=None, allow_overriding=[], cmake_args=None, cmake_target=None, cmake_target_skip_unavailable=False, cmake_clean_cache=False, cmake_clean_first=False, cmake_force_configure=False, ament_cmake_args=None, catkin_cmake_args=None, catkin_skip_building_tests=False, mixin_files=None, mixin=None, verb_parser=<colcon_mixin.mixin.mixin_argument.MixinArgumentDecorator object at 0xffff986c7d10>, verb_extension=<colcon_core.verb.build.BuildVerb object at 0xffff986c7a70>, main=<bound method BuildVerb.main of <colcon_core.verb.build.BuildVerb object at 0xffff986c7a70>>, mixin_verb=('build',))
[0.889s] Level 1:colcon.colcon_core.package_discovery:discover_packages(colcon_meta) check parameters
[0.890s] Level 1:colcon.colcon_core.package_discovery:discover_packages(recursive) check parameters
[0.890s] Level 1:colcon.colcon_core.package_discovery:discover_packages(ignore) check parameters
[0.890s] Level 1:colcon.colcon_core.package_discovery:discover_packages(path) check parameters
[0.890s] Level 1:colcon.colcon_core.package_discovery:discover_packages(colcon_meta) discover
[0.890s] Level 1:colcon.colcon_core.package_discovery:discover_packages(recursive) discover
[0.891s] INFO:colcon.colcon_core.package_discovery:Crawling recursively for packages in '/home/zguo27/auvc_ws/src/AUVC_stuff/bluerov2_bluecv'
[0.891s] Level 1:colcon.colcon_core.package_identification:_identify(.) by extensions ['ignore', 'ignore_ament_install']
[0.891s] Level 1:colcon.colcon_core.package_identification:_identify(.) by extension 'ignore'
[0.892s] Level 1:colcon.colcon_core.package_identification:_identify(.) by extension 'ignore_ament_install'
[0.892s] Level 1:colcon.colcon_core.package_identification:_identify(.) by extensions ['colcon_pkg']
[0.892s] Level 1:colcon.colcon_core.package_identification:_identify(.) by extension 'colcon_pkg'
[0.892s] Level 1:colcon.colcon_core.package_identification:_identify(.) by extensions ['colcon_meta']
[0.892s] Level 1:colcon.colcon_core.package_identification:_identify(.) by extension 'colcon_meta'
[0.892s] Level 1:colcon.colcon_core.package_identification:_identify(.) by extensions ['ros']
[0.892s] Level 1:colcon.colcon_core.package_identification:_identify(.) by extension 'ros'
[1.019s] DEBUG:colcon.colcon_core.package_identification:Package '.' with type 'ros.ament_python' and name 'bluerov2_bluecv'
[1.020s] Level 1:colcon.colcon_core.package_discovery:discover_packages(recursive) using defaults
[1.020s] Level 1:colcon.colcon_core.package_discovery:discover_packages(ignore) discover
[1.020s] Level 1:colcon.colcon_core.package_discovery:discover_packages(ignore) using defaults
[1.021s] Level 1:colcon.colcon_core.package_discovery:discover_packages(path) discover
[1.021s] Level 1:colcon.colcon_core.package_discovery:discover_packages(path) using defaults
[1.112s] Level 1:colcon.colcon_core.package_discovery:discover_packages(prefix_path) check parameters
[1.112s] Level 1:colcon.colcon_core.package_discovery:discover_packages(prefix_path) discover
[1.127s] DEBUG:colcon.colcon_installed_package_information.package_discovery:Found 9 installed packages in /home/zguo27/auvc_ws/install
[1.138s] DEBUG:colcon.colcon_installed_package_information.package_discovery:Found 258 installed packages in /opt/ros/jazzy
[1.142s] Level 1:colcon.colcon_core.package_discovery:discover_packages(prefix_path) using defaults
[1.372s] Level 5:colcon.colcon_core.verb:set package 'bluerov2_bluecv' build argument 'cmake_args' from command line to 'None'
[1.372s] Level 5:colcon.colcon_core.verb:set package 'bluerov2_bluecv' build argument 'cmake_target' from command line to 'None'
[1.373s] Level 5:colcon.colcon_core.verb:set package 'bluerov2_bluecv' build argument 'cmake_target_skip_unavailable' from command line to 'False'
[1.373s] Level 5:colcon.colcon_core.verb:set package 'bluerov2_bluecv' build argument 'cmake_clean_cache' from command line to 'False'
[1.373s] Level 5:colcon.colcon_core.verb:set package 'bluerov2_bluecv' build argument 'cmake_clean_first' from command line to 'False'
[1.373s] Level 5:colcon.colcon_core.verb:set package 'bluerov2_bluecv' build argument 'cmake_force_configure' from command line to 'False'
[1.373s] Level 5:colcon.colcon_core.verb:set package 'bluerov2_bluecv' build argument 'ament_cmake_args' from command line to 'None'
[1.373s] Level 5:colcon.colcon_core.verb:set package 'bluerov2_bluecv' build argument 'catkin_cmake_args' from command line to 'None'
[1.373s] Level 5:colcon.colcon_core.verb:set package 'bluerov2_bluecv' build argument 'catkin_skip_building_tests' from command line to 'False'
[1.374s] DEBUG:colcon.colcon_core.verb:Building package 'bluerov2_bluecv' with the following arguments: {'ament_cmake_args': None, 'build_base': '/home/zguo27/auvc_ws/src/AUVC_stuff/bluerov2_bluecv/build/bluerov2_bluecv', 'catkin_cmake_args': None, 'catkin_skip_building_tests': False, 'cmake_args': None, 'cmake_clean_cache': False, 'cmake_clean_first': False, 'cmake_force_configure': False, 'cmake_target': None, 'cmake_target_skip_unavailable': False, 'install_base': '/home/zguo27/auvc_ws/src/AUVC_stuff/bluerov2_bluecv/install/bluerov2_bluecv', 'merge_install': False, 'path': '/home/zguo27/auvc_ws/src/AUVC_stuff/bluerov2_bluecv', 'symlink_install': False, 'test_result_base': None}
[1.374s] INFO:colcon.colcon_core.executor:Executing jobs using 'parallel' executor
[1.378s] DEBUG:colcon.colcon_parallel_executor.executor.parallel:run_until_complete
[1.379s] INFO:colcon.colcon_ros.task.ament_python.build:Building ROS package in '/home/zguo27/auvc_ws/src/AUVC_stuff/bluerov2_bluecv' with build type 'ament_python'
[1.380s] Level 1:colcon.colcon_core.shell:create_environment_hook('bluerov2_bluecv', 'ament_prefix_path')
[1.394s] INFO:colcon.colcon_core.plugin_system:Skipping extension 'colcon_core.shell.bat': Not used on non-Windows systems
[1.394s] INFO:colcon.colcon_core.shell:Creating environment hook '/home/zguo27/auvc_ws/src/AUVC_stuff/bluerov2_bluecv/install/bluerov2_bluecv/share/bluerov2_bluecv/hook/ament_prefix_path.ps1'
[1.398s] INFO:colcon.colcon_core.shell:Creating environment descriptor '/home/zguo27/auvc_ws/src/AUVC_stuff/bluerov2_bluecv/install/bluerov2_bluecv/share/bluerov2_bluecv/hook/ament_prefix_path.dsv'
[1.400s] INFO:colcon.colcon_core.shell:Creating environment hook '/home/zguo27/auvc_ws/src/AUVC_stuff/bluerov2_bluecv/install/bluerov2_bluecv/share/bluerov2_bluecv/hook/ament_prefix_path.sh'
[1.403s] INFO:colcon.colcon_core.shell:Skip shell extension 'powershell' for command environment: Not usable outside of PowerShell
[1.403s] DEBUG:colcon.colcon_core.shell:Skip shell extension 'dsv' for command environment
[2.739s] INFO:colcon.colcon_core.task.python.build:Building Python package in '/home/zguo27/auvc_ws/src/AUVC_stuff/bluerov2_bluecv'
[2.740s] INFO:colcon.colcon_core.shell:Skip shell extension 'powershell' for command environment: Not usable outside of PowerShell
[2.740s] DEBUG:colcon.colcon_core.shell:Skip shell extension 'dsv' for command environment
[6.773s] DEBUG:colcon.colcon_core.event_handler.log_command:Invoking command in '/home/zguo27/auvc_ws/src/AUVC_stuff/bluerov2_bluecv': PYTHONPATH=/home/zguo27/auvc_ws/src/AUVC_stuff/bluerov2_bluecv/build/bluerov2_bluecv/prefix_override:/usr/lib/python3/dist-packages/colcon_core/task/python/colcon_distutils_commands:/home/zguo27/auvc_ws/src/AUVC_stuff/bluerov2_bluecv/install/bluerov2_bluecv/lib/python3.12/site-packages:${PYTHONPATH} VIRTUAL_ENV_PROMPT=(bluecv) /usr/bin/python3 -W ignore:setup.py install is deprecated -W ignore:easy_install command is deprecated setup.py egg_info --egg-base build/bluerov2_bluecv build --build-base /home/zguo27/auvc_ws/src/AUVC_stuff/bluerov2_bluecv/build/bluerov2_bluecv/build install --record /home/zguo27/auvc_ws/src/AUVC_stuff/bluerov2_bluecv/build/bluerov2_bluecv/install.log --single-version-externally-managed install_data
[10.632s] DEBUG:colcon.colcon_core.event_handler.log_command:Invoked command in '/home/zguo27/auvc_ws/src/AUVC_stuff/bluerov2_bluecv' returned '0': PYTHONPATH=/home/zguo27/auvc_ws/src/AUVC_stuff/bluerov2_bluecv/build/bluerov2_bluecv/prefix_override:/usr/lib/python3/dist-packages/colcon_core/task/python/colcon_distutils_commands:/home/zguo27/auvc_ws/src/AUVC_stuff/bluerov2_bluecv/install/bluerov2_bluecv/lib/python3.12/site-packages:${PYTHONPATH} VIRTUAL_ENV_PROMPT=(bluecv) /usr/bin/python3 -W ignore:setup.py install is deprecated -W ignore:easy_install command is deprecated setup.py egg_info --egg-base build/bluerov2_bluecv build --build-base /home/zguo27/auvc_ws/src/AUVC_stuff/bluerov2_bluecv/build/bluerov2_bluecv/build install --record /home/zguo27/auvc_ws/src/AUVC_stuff/bluerov2_bluecv/build/bluerov2_bluecv/install.log --single-version-externally-managed install_data
[10.672s] Level 1:colcon.colcon_core.environment:checking '/home/zguo27/auvc_ws/src/AUVC_stuff/bluerov2_bluecv/install/bluerov2_bluecv' for CMake module files
[10.683s] Level 1:colcon.colcon_core.environment:checking '/home/zguo27/auvc_ws/src/AUVC_stuff/bluerov2_bluecv/install/bluerov2_bluecv' for CMake config files
[10.696s] Level 1:colcon.colcon_core.environment:checking '/home/zguo27/auvc_ws/src/AUVC_stuff/bluerov2_bluecv/install/bluerov2_bluecv/lib'
[10.704s] Level 1:colcon.colcon_core.environment:checking '/home/zguo27/auvc_ws/src/AUVC_stuff/bluerov2_bluecv/install/bluerov2_bluecv/bin'
[10.707s] Level 1:colcon.colcon_core.environment:checking '/home/zguo27/auvc_ws/src/AUVC_stuff/bluerov2_bluecv/install/bluerov2_bluecv/lib/pkgconfig/bluerov2_bluecv.pc'
[10.712s] Level 1:colcon.colcon_core.environment:checking '/home/zguo27/auvc_ws/src/AUVC_stuff/bluerov2_bluecv/install/bluerov2_bluecv/lib/python3.12/site-packages'
[10.716s] Level 1:colcon.colcon_core.shell:create_environment_hook('bluerov2_bluecv', 'pythonpath')
[10.718s] INFO:colcon.colcon_core.shell:Creating environment hook '/home/zguo27/auvc_ws/src/AUVC_stuff/bluerov2_bluecv/install/bluerov2_bluecv/share/bluerov2_bluecv/hook/pythonpath.ps1'
[10.768s] INFO:colcon.colcon_core.shell:Creating environment descriptor '/home/zguo27/auvc_ws/src/AUVC_stuff/bluerov2_bluecv/install/bluerov2_bluecv/share/bluerov2_bluecv/hook/pythonpath.dsv'
[10.776s] INFO:colcon.colcon_core.shell:Creating environment hook '/home/zguo27/auvc_ws/src/AUVC_stuff/bluerov2_bluecv/install/bluerov2_bluecv/share/bluerov2_bluecv/hook/pythonpath.sh'
[10.784s] Level 1:colcon.colcon_core.environment:checking '/home/zguo27/auvc_ws/src/AUVC_stuff/bluerov2_bluecv/install/bluerov2_bluecv/bin'
[10.785s] Level 1:colcon.colcon_core.environment:create_environment_scripts_only(bluerov2_bluecv)
[10.788s] INFO:colcon.colcon_core.shell:Creating package script '/home/zguo27/auvc_ws/src/AUVC_stuff/bluerov2_bluecv/install/bluerov2_bluecv/share/bluerov2_bluecv/package.ps1'
[10.799s] INFO:colcon.colcon_core.shell:Creating package descriptor '/home/zguo27/auvc_ws/src/AUVC_stuff/bluerov2_bluecv/install/bluerov2_bluecv/share/bluerov2_bluecv/package.dsv'
[10.808s] INFO:colcon.colcon_core.shell:Creating package script '/home/zguo27/auvc_ws/src/AUVC_stuff/bluerov2_bluecv/install/bluerov2_bluecv/share/bluerov2_bluecv/package.sh'
[10.812s] INFO:colcon.colcon_core.shell:Creating package script '/home/zguo27/auvc_ws/src/AUVC_stuff/bluerov2_bluecv/install/bluerov2_bluecv/share/bluerov2_bluecv/package.bash'
[10.817s] INFO:colcon.colcon_core.shell:Creating package script '/home/zguo27/auvc_ws/src/AUVC_stuff/bluerov2_bluecv/install/bluerov2_bluecv/share/bluerov2_bluecv/package.zsh'
[10.822s] Level 1:colcon.colcon_core.environment:create_file_with_runtime_dependencies(/home/zguo27/auvc_ws/src/AUVC_stuff/bluerov2_bluecv/install/bluerov2_bluecv/share/colcon-core/packages/bluerov2_bluecv)
[10.826s] DEBUG:colcon.colcon_parallel_executor.executor.parallel:closing loop
[10.827s] DEBUG:colcon.colcon_parallel_executor.executor.parallel:loop closed
[10.829s] DEBUG:colcon.colcon_parallel_executor.executor.parallel:run_until_complete finished with '0'
[10.830s] DEBUG:colcon.colcon_core.event_reactor:joining thread
[10.870s] INFO:colcon.colcon_core.plugin_system:Skipping extension 'colcon_notification.desktop_notification.notify_send': Could not find 'notify-send'
[10.871s] INFO:colcon.colcon_core.plugin_system:Skipping extension 'colcon_notification.desktop_notification.terminal_notifier': Not used on non-Darwin systems
[10.871s] INFO:colcon.colcon_core.plugin_system:Skipping extension 'colcon_notification.desktop_notification.win32': Not used on non-Windows systems
[10.871s] INFO:colcon.colcon_notification.desktop_notification:Sending desktop notification using 'notify2'
[10.877s] DEBUG:colcon.colcon_notification.desktop_notification.notify2:Failed to initialize notify2: org.freedesktop.DBus.Error.ServiceUnknown: The name org.freedesktop.Notifications was not provided by any .service files
[10.877s] DEBUG:colcon.colcon_core.event_reactor:joined thread
[10.878s] INFO:colcon.colcon_core.shell:Creating prefix script '/home/zguo27/auvc_ws/src/AUVC_stuff/bluerov2_bluecv/install/local_setup.ps1'
[10.882s] INFO:colcon.colcon_core.shell:Creating prefix util module '/home/zguo27/auvc_ws/src/AUVC_stuff/bluerov2_bluecv/install/_local_setup_util_ps1.py'
[10.889s] INFO:colcon.colcon_core.shell:Creating prefix chain script '/home/zguo27/auvc_ws/src/AUVC_stuff/bluerov2_bluecv/install/setup.ps1'
[10.897s] INFO:colcon.colcon_core.shell:Creating prefix script '/home/zguo27/auvc_ws/src/AUVC_stuff/bluerov2_bluecv/install/local_setup.sh'
[10.900s] INFO:colcon.colcon_core.shell:Creating prefix util module '/home/zguo27/auvc_ws/src/AUVC_stuff/bluerov2_bluecv/install/_local_setup_util_sh.py'
[10.904s] INFO:colcon.colcon_core.shell:Creating prefix chain script '/home/zguo27/auvc_ws/src/AUVC_stuff/bluerov2_bluecv/install/setup.sh'
[10.916s] INFO:colcon.colcon_core.shell:Creating prefix script '/home/zguo27/auvc_ws/src/AUVC_stuff/bluerov2_bluecv/install/local_setup.bash'
[10.919s] INFO:colcon.colcon_core.shell:Creating prefix chain script '/home/zguo27/auvc_ws/src/AUVC_stuff/bluerov2_bluecv/install/setup.bash'
[10.928s] INFO:colcon.colcon_core.shell:Creating prefix script '/home/zguo27/auvc_ws/src/AUVC_stuff/bluerov2_bluecv/install/local_setup.zsh'
[10.931s] INFO:colcon.colcon_core.shell:Creating prefix chain script '/home/zguo27/auvc_ws/src/AUVC_stuff/bluerov2_bluecv/install/setup.zsh'
