[0.717s] DEBUG:colcon:Command line arguments: ['/usr/bin/colcon', 'build', '--packages-select', 'bluerov2_bluecv']
[0.718s] DEBUG:colcon:Parsed command line arguments: Namespace(log_base=None, log_level=None, verb_name='build', build_base='build', install_base='install', merge_install=False, symlink_install=False, test_result_base=None, continue_on_error=False, executor='parallel', parallel_workers=4, event_handlers=None, ignore_user_meta=False, metas=['./colcon.meta'], base_paths=['.'], packages_ignore=None, packages_ignore_regex=None, paths=None, packages_up_to=None, packages_up_to_regex=None, packages_above=None, packages_above_and_dependencies=None, packages_above_depth=None, packages_select_by_dep=None, packages_skip_by_dep=None, packages_skip_up_to=None, packages_select_build_failed=False, packages_skip_build_finished=False, packages_select_test_failures=False, packages_skip_test_passed=False, packages_select=['bluerov2_bluecv'], packages_skip=None, packages_select_regex=None, packages_skip_regex=None, packages_start=None, packages_end=None, allow_overriding=[], cmake_args=None, cmake_target=None, cmake_target_skip_unavailable=False, cmake_clean_cache=False, cmake_clean_first=False, cmake_force_configure=False, ament_cmake_args=None, catkin_cmake_args=None, catkin_skip_building_tests=False, mixin_files=None, mixin=None, verb_parser=<colcon_mixin.mixin.mixin_argument.MixinArgumentDecorator object at 0xffff9eef73e0>, verb_extension=<colcon_core.verb.build.BuildVerb object at 0xffff9eef70e0>, main=<bound method BuildVerb.main of <colcon_core.verb.build.BuildVerb object at 0xffff9eef70e0>>, mixin_verb=('build',))
[0.915s] Level 1:colcon.colcon_core.package_discovery:discover_packages(colcon_meta) check parameters
[0.916s] Level 1:colcon.colcon_core.package_discovery:discover_packages(recursive) check parameters
[0.916s] Level 1:colcon.colcon_core.package_discovery:discover_packages(ignore) check parameters
[0.916s] Level 1:colcon.colcon_core.package_discovery:discover_packages(path) check parameters
[0.916s] Level 1:colcon.colcon_core.package_discovery:discover_packages(colcon_meta) discover
[0.916s] Level 1:colcon.colcon_core.package_discovery:discover_packages(recursive) discover
[0.917s] INFO:colcon.colcon_core.package_discovery:Crawling recursively for packages in '/home/zguo27/auvc_ws/src/AUVC_stuff'
[0.917s] Level 1:colcon.colcon_core.package_identification:_identify(.) by extensions ['ignore', 'ignore_ament_install']
[0.918s] Level 1:colcon.colcon_core.package_identification:_identify(.) by extension 'ignore'
[0.918s] Level 1:colcon.colcon_core.package_identification:_identify(.) by extension 'ignore_ament_install'
[0.919s] Level 1:colcon.colcon_core.package_identification:_identify(.) by extensions ['colcon_pkg']
[0.919s] Level 1:colcon.colcon_core.package_identification:_identify(.) by extension 'colcon_pkg'
[0.919s] Level 1:colcon.colcon_core.package_identification:_identify(.) by extensions ['colcon_meta']
[0.919s] Level 1:colcon.colcon_core.package_identification:_identify(.) by extension 'colcon_meta'
[0.919s] Level 1:colcon.colcon_core.package_identification:_identify(.) by extensions ['ros']
[0.919s] Level 1:colcon.colcon_core.package_identification:_identify(.) by extension 'ros'
[1.035s] Level 1:colcon.colcon_core.package_identification:_identify(.) by extensions ['cmake', 'python']
[1.035s] Level 1:colcon.colcon_core.package_identification:_identify(.) by extension 'cmake'
[1.035s] Level 1:colcon.colcon_core.package_identification:_identify(.) by extension 'python'
[1.035s] Level 1:colcon.colcon_core.package_identification:_identify(.) by extensions ['python_setup_py']
[1.035s] Level 1:colcon.colcon_core.package_identification:_identify(.) by extension 'python_setup_py'
[1.036s] Level 1:colcon.colcon_core.package_identification:_identify(bluerov2_arm_disarm) by extensions ['ignore', 'ignore_ament_install']
[1.036s] Level 1:colcon.colcon_core.package_identification:_identify(bluerov2_arm_disarm) by extension 'ignore'
[1.037s] Level 1:colcon.colcon_core.package_identification:_identify(bluerov2_arm_disarm) by extension 'ignore_ament_install'
[1.037s] Level 1:colcon.colcon_core.package_identification:_identify(bluerov2_arm_disarm) by extensions ['colcon_pkg']
[1.037s] Level 1:colcon.colcon_core.package_identification:_identify(bluerov2_arm_disarm) by extension 'colcon_pkg'
[1.037s] Level 1:colcon.colcon_core.package_identification:_identify(bluerov2_arm_disarm) by extensions ['colcon_meta']
[1.037s] Level 1:colcon.colcon_core.package_identification:_identify(bluerov2_arm_disarm) by extension 'colcon_meta'
[1.038s] Level 1:colcon.colcon_core.package_identification:_identify(bluerov2_arm_disarm) by extensions ['ros']
[1.038s] Level 1:colcon.colcon_core.package_identification:_identify(bluerov2_arm_disarm) by extension 'ros'
[1.047s] DEBUG:colcon.colcon_core.package_identification:Package 'bluerov2_arm_disarm' with type 'ros.ament_python' and name 'bluerov2_arm_disarm'
[1.048s] Level 1:colcon.colcon_core.package_identification:_identify(bluerov2_bluecv) by extensions ['ignore', 'ignore_ament_install']
[1.048s] Level 1:colcon.colcon_core.package_identification:_identify(bluerov2_bluecv) by extension 'ignore'
[1.048s] Level 1:colcon.colcon_core.package_identification:_identify(bluerov2_bluecv) by extension 'ignore_ament_install'
[1.049s] Level 1:colcon.colcon_core.package_identification:_identify(bluerov2_bluecv) by extensions ['colcon_pkg']
[1.049s] Level 1:colcon.colcon_core.package_identification:_identify(bluerov2_bluecv) by extension 'colcon_pkg'
[1.049s] Level 1:colcon.colcon_core.package_identification:_identify(bluerov2_bluecv) by extensions ['colcon_meta']
[1.049s] Level 1:colcon.colcon_core.package_identification:_identify(bluerov2_bluecv) by extension 'colcon_meta'
[1.049s] Level 1:colcon.colcon_core.package_identification:_identify(bluerov2_bluecv) by extensions ['ros']
[1.049s] Level 1:colcon.colcon_core.package_identification:_identify(bluerov2_bluecv) by extension 'ros'
[1.051s] DEBUG:colcon.colcon_core.package_identification:Package 'bluerov2_bluecv' with type 'ros.ament_python' and name 'bluerov2_bluecv'
[1.052s] Level 1:colcon.colcon_core.package_identification:_identify(bluerov2_controllers) by extensions ['ignore', 'ignore_ament_install']
[1.052s] Level 1:colcon.colcon_core.package_identification:_identify(bluerov2_controllers) by extension 'ignore'
[1.052s] Level 1:colcon.colcon_core.package_identification:_identify(bluerov2_controllers) by extension 'ignore_ament_install'
[1.052s] Level 1:colcon.colcon_core.package_identification:_identify(bluerov2_controllers) by extensions ['colcon_pkg']
[1.053s] Level 1:colcon.colcon_core.package_identification:_identify(bluerov2_controllers) by extension 'colcon_pkg'
[1.053s] Level 1:colcon.colcon_core.package_identification:_identify(bluerov2_controllers) by extensions ['colcon_meta']
[1.053s] Level 1:colcon.colcon_core.package_identification:_identify(bluerov2_controllers) by extension 'colcon_meta'
[1.053s] Level 1:colcon.colcon_core.package_identification:_identify(bluerov2_controllers) by extensions ['ros']
[1.053s] Level 1:colcon.colcon_core.package_identification:_identify(bluerov2_controllers) by extension 'ros'
[1.056s] DEBUG:colcon.colcon_core.package_identification:Package 'bluerov2_controllers' with type 'ros.ament_python' and name 'bluerov2_controllers'
[1.057s] Level 1:colcon.colcon_core.package_identification:_identify(bluerov2_launchers) by extensions ['ignore', 'ignore_ament_install']
[1.057s] Level 1:colcon.colcon_core.package_identification:_identify(bluerov2_launchers) by extension 'ignore'
[1.057s] Level 1:colcon.colcon_core.package_identification:_identify(bluerov2_launchers) by extension 'ignore_ament_install'
[1.058s] Level 1:colcon.colcon_core.package_identification:_identify(bluerov2_launchers) by extensions ['colcon_pkg']
[1.058s] Level 1:colcon.colcon_core.package_identification:_identify(bluerov2_launchers) by extension 'colcon_pkg'
[1.058s] Level 1:colcon.colcon_core.package_identification:_identify(bluerov2_launchers) by extensions ['colcon_meta']
[1.058s] Level 1:colcon.colcon_core.package_identification:_identify(bluerov2_launchers) by extension 'colcon_meta'
[1.058s] Level 1:colcon.colcon_core.package_identification:_identify(bluerov2_launchers) by extensions ['ros']
[1.058s] Level 1:colcon.colcon_core.package_identification:_identify(bluerov2_launchers) by extension 'ros'
[1.062s] DEBUG:colcon.colcon_core.package_identification:Package 'bluerov2_launchers' with type 'ros.ament_python' and name 'bluerov2_launchers'
[1.063s] Level 1:colcon.colcon_core.package_identification:_identify(bluerov2_node) by extensions ['ignore', 'ignore_ament_install']
[1.063s] Level 1:colcon.colcon_core.package_identification:_identify(bluerov2_node) by extension 'ignore'
[1.064s] Level 1:colcon.colcon_core.package_identification:_identify(bluerov2_node) by extension 'ignore_ament_install'
[1.064s] Level 1:colcon.colcon_core.package_identification:_identify(bluerov2_node) by extensions ['colcon_pkg']
[1.064s] Level 1:colcon.colcon_core.package_identification:_identify(bluerov2_node) by extension 'colcon_pkg'
[1.064s] Level 1:colcon.colcon_core.package_identification:_identify(bluerov2_node) by extensions ['colcon_meta']
[1.064s] Level 1:colcon.colcon_core.package_identification:_identify(bluerov2_node) by extension 'colcon_meta'
[1.064s] Level 1:colcon.colcon_core.package_identification:_identify(bluerov2_node) by extensions ['ros']
[1.064s] Level 1:colcon.colcon_core.package_identification:_identify(bluerov2_node) by extension 'ros'
[1.068s] DEBUG:colcon.colcon_core.package_identification:Package 'bluerov2_node' with type 'ros.ament_python' and name 'bluerov2_node'
[1.069s] Level 1:colcon.colcon_core.package_identification:_identify(bluerov2_opencv) by extensions ['ignore', 'ignore_ament_install']
[1.070s] Level 1:colcon.colcon_core.package_identification:_identify(bluerov2_opencv) by extension 'ignore'
[1.070s] Level 1:colcon.colcon_core.package_identification:_identify(bluerov2_opencv) by extension 'ignore_ament_install'
[1.070s] Level 1:colcon.colcon_core.package_identification:_identify(bluerov2_opencv) by extensions ['colcon_pkg']
[1.070s] Level 1:colcon.colcon_core.package_identification:_identify(bluerov2_opencv) by extension 'colcon_pkg'
[1.070s] Level 1:colcon.colcon_core.package_identification:_identify(bluerov2_opencv) by extensions ['colcon_meta']
[1.070s] Level 1:colcon.colcon_core.package_identification:_identify(bluerov2_opencv) by extension 'colcon_meta'
[1.071s] Level 1:colcon.colcon_core.package_identification:_identify(bluerov2_opencv) by extensions ['ros']
[1.071s] Level 1:colcon.colcon_core.package_identification:_identify(bluerov2_opencv) by extension 'ros'
[1.071s] Level 1:colcon.colcon_core.package_identification:_identify(bluerov2_opencv) by extensions ['cmake', 'python']
[1.071s] Level 1:colcon.colcon_core.package_identification:_identify(bluerov2_opencv) by extension 'cmake'
[1.072s] Level 1:colcon.colcon_core.package_identification:_identify(bluerov2_opencv) by extension 'python'
[1.072s] Level 1:colcon.colcon_core.package_identification:_identify(bluerov2_opencv) by extensions ['python_setup_py']
[1.072s] Level 1:colcon.colcon_core.package_identification:_identify(bluerov2_opencv) by extension 'python_setup_py'
[1.072s] Level 1:colcon.colcon_core.package_identification:_identify(bluerov2_opencv/log) by extensions ['ignore', 'ignore_ament_install']
[1.073s] Level 1:colcon.colcon_core.package_identification:_identify(bluerov2_opencv/log) by extension 'ignore'
[1.073s] Level 1:colcon.colcon_core.package_identification:_identify(bluerov2_opencv/log) ignored
[1.074s] Level 1:colcon.colcon_core.package_identification:_identify(bluerov2_testers) by extensions ['ignore', 'ignore_ament_install']
[1.074s] Level 1:colcon.colcon_core.package_identification:_identify(bluerov2_testers) by extension 'ignore'
[1.074s] Level 1:colcon.colcon_core.package_identification:_identify(bluerov2_testers) by extension 'ignore_ament_install'
[1.075s] Level 1:colcon.colcon_core.package_identification:_identify(bluerov2_testers) by extensions ['colcon_pkg']
[1.075s] Level 1:colcon.colcon_core.package_identification:_identify(bluerov2_testers) by extension 'colcon_pkg'
[1.075s] Level 1:colcon.colcon_core.package_identification:_identify(bluerov2_testers) by extensions ['colcon_meta']
[1.076s] Level 1:colcon.colcon_core.package_identification:_identify(bluerov2_testers) by extension 'colcon_meta'
[1.076s] Level 1:colcon.colcon_core.package_identification:_identify(bluerov2_testers) by extensions ['ros']
[1.077s] Level 1:colcon.colcon_core.package_identification:_identify(bluerov2_testers) by extension 'ros'
[1.080s] DEBUG:colcon.colcon_core.package_identification:Package 'bluerov2_testers' with type 'ros.ament_python' and name 'bluerov2_testers'
[1.081s] Level 1:colcon.colcon_core.package_identification:_identify(build) by extensions ['ignore', 'ignore_ament_install']
[1.082s] Level 1:colcon.colcon_core.package_identification:_identify(build) by extension 'ignore'
[1.082s] Level 1:colcon.colcon_core.package_identification:_identify(build) ignored
[1.083s] Level 1:colcon.colcon_core.package_identification:_identify(bwsibot) by extensions ['ignore', 'ignore_ament_install']
[1.083s] Level 1:colcon.colcon_core.package_identification:_identify(bwsibot) by extension 'ignore'
[1.084s] Level 1:colcon.colcon_core.package_identification:_identify(bwsibot) by extension 'ignore_ament_install'
[1.084s] Level 1:colcon.colcon_core.package_identification:_identify(bwsibot) by extensions ['colcon_pkg']
[1.084s] Level 1:colcon.colcon_core.package_identification:_identify(bwsibot) by extension 'colcon_pkg'
[1.084s] Level 1:colcon.colcon_core.package_identification:_identify(bwsibot) by extensions ['colcon_meta']
[1.085s] Level 1:colcon.colcon_core.package_identification:_identify(bwsibot) by extension 'colcon_meta'
[1.085s] Level 1:colcon.colcon_core.package_identification:_identify(bwsibot) by extensions ['ros']
[1.085s] Level 1:colcon.colcon_core.package_identification:_identify(bwsibot) by extension 'ros'
[1.085s] Level 1:colcon.colcon_core.package_identification:_identify(bwsibot) by extensions ['cmake', 'python']
[1.085s] Level 1:colcon.colcon_core.package_identification:_identify(bwsibot) by extension 'cmake'
[1.085s] Level 1:colcon.colcon_core.package_identification:_identify(bwsibot) by extension 'python'
[1.086s] Level 1:colcon.colcon_core.package_identification:_identify(bwsibot) by extensions ['python_setup_py']
[1.086s] Level 1:colcon.colcon_core.package_identification:_identify(bwsibot) by extension 'python_setup_py'
[1.086s] Level 1:colcon.colcon_core.package_identification:_identify(bwsibot/logs) by extensions ['ignore', 'ignore_ament_install']
[1.087s] Level 1:colcon.colcon_core.package_identification:_identify(bwsibot/logs) by extension 'ignore'
[1.087s] Level 1:colcon.colcon_core.package_identification:_identify(bwsibot/logs) by extension 'ignore_ament_install'
[1.087s] Level 1:colcon.colcon_core.package_identification:_identify(bwsibot/logs) by extensions ['colcon_pkg']
[1.087s] Level 1:colcon.colcon_core.package_identification:_identify(bwsibot/logs) by extension 'colcon_pkg'
[1.088s] Level 1:colcon.colcon_core.package_identification:_identify(bwsibot/logs) by extensions ['colcon_meta']
[1.088s] Level 1:colcon.colcon_core.package_identification:_identify(bwsibot/logs) by extension 'colcon_meta'
[1.088s] Level 1:colcon.colcon_core.package_identification:_identify(bwsibot/logs) by extensions ['ros']
[1.088s] Level 1:colcon.colcon_core.package_identification:_identify(bwsibot/logs) by extension 'ros'
[1.088s] Level 1:colcon.colcon_core.package_identification:_identify(bwsibot/logs) by extensions ['cmake', 'python']
[1.088s] Level 1:colcon.colcon_core.package_identification:_identify(bwsibot/logs) by extension 'cmake'
[1.089s] Level 1:colcon.colcon_core.package_identification:_identify(bwsibot/logs) by extension 'python'
[1.089s] Level 1:colcon.colcon_core.package_identification:_identify(bwsibot/logs) by extensions ['python_setup_py']
[1.089s] Level 1:colcon.colcon_core.package_identification:_identify(bwsibot/logs) by extension 'python_setup_py'
[1.089s] Level 1:colcon.colcon_core.package_identification:_identify(bwsibot/logs/2025-07-25) by extensions ['ignore', 'ignore_ament_install']
[1.090s] Level 1:colcon.colcon_core.package_identification:_identify(bwsibot/logs/2025-07-25) by extension 'ignore'
[1.090s] Level 1:colcon.colcon_core.package_identification:_identify(bwsibot/logs/2025-07-25) by extension 'ignore_ament_install'
[1.090s] Level 1:colcon.colcon_core.package_identification:_identify(bwsibot/logs/2025-07-25) by extensions ['colcon_pkg']
[1.090s] Level 1:colcon.colcon_core.package_identification:_identify(bwsibot/logs/2025-07-25) by extension 'colcon_pkg'
[1.091s] Level 1:colcon.colcon_core.package_identification:_identify(bwsibot/logs/2025-07-25) by extensions ['colcon_meta']
[1.091s] Level 1:colcon.colcon_core.package_identification:_identify(bwsibot/logs/2025-07-25) by extension 'colcon_meta'
[1.091s] Level 1:colcon.colcon_core.package_identification:_identify(bwsibot/logs/2025-07-25) by extensions ['ros']
[1.091s] Level 1:colcon.colcon_core.package_identification:_identify(bwsibot/logs/2025-07-25) by extension 'ros'
[1.091s] Level 1:colcon.colcon_core.package_identification:_identify(bwsibot/logs/2025-07-25) by extensions ['cmake', 'python']
[1.091s] Level 1:colcon.colcon_core.package_identification:_identify(bwsibot/logs/2025-07-25) by extension 'cmake'
[1.092s] Level 1:colcon.colcon_core.package_identification:_identify(bwsibot/logs/2025-07-25) by extension 'python'
[1.092s] Level 1:colcon.colcon_core.package_identification:_identify(bwsibot/logs/2025-07-25) by extensions ['python_setup_py']
[1.092s] Level 1:colcon.colcon_core.package_identification:_identify(bwsibot/logs/2025-07-25) by extension 'python_setup_py'
[1.093s] Level 1:colcon.colcon_core.package_identification:_identify(bwsibot/logs/2025-07-25/flight1) by extensions ['ignore', 'ignore_ament_install']
[1.093s] Level 1:colcon.colcon_core.package_identification:_identify(bwsibot/logs/2025-07-25/flight1) by extension 'ignore'
[1.093s] Level 1:colcon.colcon_core.package_identification:_identify(bwsibot/logs/2025-07-25/flight1) by extension 'ignore_ament_install'
[1.093s] Level 1:colcon.colcon_core.package_identification:_identify(bwsibot/logs/2025-07-25/flight1) by extensions ['colcon_pkg']
[1.093s] Level 1:colcon.colcon_core.package_identification:_identify(bwsibot/logs/2025-07-25/flight1) by extension 'colcon_pkg'
[1.094s] Level 1:colcon.colcon_core.package_identification:_identify(bwsibot/logs/2025-07-25/flight1) by extensions ['colcon_meta']
[1.094s] Level 1:colcon.colcon_core.package_identification:_identify(bwsibot/logs/2025-07-25/flight1) by extension 'colcon_meta'
[1.094s] Level 1:colcon.colcon_core.package_identification:_identify(bwsibot/logs/2025-07-25/flight1) by extensions ['ros']
[1.094s] Level 1:colcon.colcon_core.package_identification:_identify(bwsibot/logs/2025-07-25/flight1) by extension 'ros'
[1.095s] Level 1:colcon.colcon_core.package_identification:_identify(bwsibot/logs/2025-07-25/flight1) by extensions ['cmake', 'python']
[1.095s] Level 1:colcon.colcon_core.package_identification:_identify(bwsibot/logs/2025-07-25/flight1) by extension 'cmake'
[1.095s] Level 1:colcon.colcon_core.package_identification:_identify(bwsibot/logs/2025-07-25/flight1) by extension 'python'
[1.095s] Level 1:colcon.colcon_core.package_identification:_identify(bwsibot/logs/2025-07-25/flight1) by extensions ['python_setup_py']
[1.095s] Level 1:colcon.colcon_core.package_identification:_identify(bwsibot/logs/2025-07-25/flight1) by extension 'python_setup_py'
[1.096s] Level 1:colcon.colcon_core.package_identification:_identify(bwsibot/logs/2025-07-28) by extensions ['ignore', 'ignore_ament_install']
[1.096s] Level 1:colcon.colcon_core.package_identification:_identify(bwsibot/logs/2025-07-28) by extension 'ignore'
[1.096s] Level 1:colcon.colcon_core.package_identification:_identify(bwsibot/logs/2025-07-28) by extension 'ignore_ament_install'
[1.096s] Level 1:colcon.colcon_core.package_identification:_identify(bwsibot/logs/2025-07-28) by extensions ['colcon_pkg']
[1.096s] Level 1:colcon.colcon_core.package_identification:_identify(bwsibot/logs/2025-07-28) by extension 'colcon_pkg'
[1.097s] Level 1:colcon.colcon_core.package_identification:_identify(bwsibot/logs/2025-07-28) by extensions ['colcon_meta']
[1.097s] Level 1:colcon.colcon_core.package_identification:_identify(bwsibot/logs/2025-07-28) by extension 'colcon_meta'
[1.097s] Level 1:colcon.colcon_core.package_identification:_identify(bwsibot/logs/2025-07-28) by extensions ['ros']
[1.097s] Level 1:colcon.colcon_core.package_identification:_identify(bwsibot/logs/2025-07-28) by extension 'ros'
[1.098s] Level 1:colcon.colcon_core.package_identification:_identify(bwsibot/logs/2025-07-28) by extensions ['cmake', 'python']
[1.098s] Level 1:colcon.colcon_core.package_identification:_identify(bwsibot/logs/2025-07-28) by extension 'cmake'
[1.098s] Level 1:colcon.colcon_core.package_identification:_identify(bwsibot/logs/2025-07-28) by extension 'python'
[1.098s] Level 1:colcon.colcon_core.package_identification:_identify(bwsibot/logs/2025-07-28) by extensions ['python_setup_py']
[1.098s] Level 1:colcon.colcon_core.package_identification:_identify(bwsibot/logs/2025-07-28) by extension 'python_setup_py'
[1.099s] Level 1:colcon.colcon_core.package_identification:_identify(bwsibot/logs/2025-07-28/flight1) by extensions ['ignore', 'ignore_ament_install']
[1.099s] Level 1:colcon.colcon_core.package_identification:_identify(bwsibot/logs/2025-07-28/flight1) by extension 'ignore'
[1.099s] Level 1:colcon.colcon_core.package_identification:_identify(bwsibot/logs/2025-07-28/flight1) by extension 'ignore_ament_install'
[1.099s] Level 1:colcon.colcon_core.package_identification:_identify(bwsibot/logs/2025-07-28/flight1) by extensions ['colcon_pkg']
[1.100s] Level 1:colcon.colcon_core.package_identification:_identify(bwsibot/logs/2025-07-28/flight1) by extension 'colcon_pkg'
[1.100s] Level 1:colcon.colcon_core.package_identification:_identify(bwsibot/logs/2025-07-28/flight1) by extensions ['colcon_meta']
[1.100s] Level 1:colcon.colcon_core.package_identification:_identify(bwsibot/logs/2025-07-28/flight1) by extension 'colcon_meta'
[1.100s] Level 1:colcon.colcon_core.package_identification:_identify(bwsibot/logs/2025-07-28/flight1) by extensions ['ros']
[1.100s] Level 1:colcon.colcon_core.package_identification:_identify(bwsibot/logs/2025-07-28/flight1) by extension 'ros'
[1.101s] Level 1:colcon.colcon_core.package_identification:_identify(bwsibot/logs/2025-07-28/flight1) by extensions ['cmake', 'python']
[1.101s] Level 1:colcon.colcon_core.package_identification:_identify(bwsibot/logs/2025-07-28/flight1) by extension 'cmake'
[1.101s] Level 1:colcon.colcon_core.package_identification:_identify(bwsibot/logs/2025-07-28/flight1) by extension 'python'
[1.101s] Level 1:colcon.colcon_core.package_identification:_identify(bwsibot/logs/2025-07-28/flight1) by extensions ['python_setup_py']
[1.101s] Level 1:colcon.colcon_core.package_identification:_identify(bwsibot/logs/2025-07-28/flight1) by extension 'python_setup_py'
[1.102s] Level 1:colcon.colcon_core.package_identification:_identify(bwsibot/logs/2025-07-28/flight2) by extensions ['ignore', 'ignore_ament_install']
[1.102s] Level 1:colcon.colcon_core.package_identification:_identify(bwsibot/logs/2025-07-28/flight2) by extension 'ignore'
[1.102s] Level 1:colcon.colcon_core.package_identification:_identify(bwsibot/logs/2025-07-28/flight2) by extension 'ignore_ament_install'
[1.102s] Level 1:colcon.colcon_core.package_identification:_identify(bwsibot/logs/2025-07-28/flight2) by extensions ['colcon_pkg']
[1.103s] Level 1:colcon.colcon_core.package_identification:_identify(bwsibot/logs/2025-07-28/flight2) by extension 'colcon_pkg'
[1.103s] Level 1:colcon.colcon_core.package_identification:_identify(bwsibot/logs/2025-07-28/flight2) by extensions ['colcon_meta']
[1.103s] Level 1:colcon.colcon_core.package_identification:_identify(bwsibot/logs/2025-07-28/flight2) by extension 'colcon_meta'
[1.103s] Level 1:colcon.colcon_core.package_identification:_identify(bwsibot/logs/2025-07-28/flight2) by extensions ['ros']
[1.103s] Level 1:colcon.colcon_core.package_identification:_identify(bwsibot/logs/2025-07-28/flight2) by extension 'ros'
[1.104s] Level 1:colcon.colcon_core.package_identification:_identify(bwsibot/logs/2025-07-28/flight2) by extensions ['cmake', 'python']
[1.104s] Level 1:colcon.colcon_core.package_identification:_identify(bwsibot/logs/2025-07-28/flight2) by extension 'cmake'
[1.104s] Level 1:colcon.colcon_core.package_identification:_identify(bwsibot/logs/2025-07-28/flight2) by extension 'python'
[1.104s] Level 1:colcon.colcon_core.package_identification:_identify(bwsibot/logs/2025-07-28/flight2) by extensions ['python_setup_py']
[1.104s] Level 1:colcon.colcon_core.package_identification:_identify(bwsibot/logs/2025-07-28/flight2) by extension 'python_setup_py'
[1.105s] Level 1:colcon.colcon_core.package_identification:_identify(install) by extensions ['ignore', 'ignore_ament_install']
[1.105s] Level 1:colcon.colcon_core.package_identification:_identify(install) by extension 'ignore'
[1.105s] Level 1:colcon.colcon_core.package_identification:_identify(install) ignored
[1.106s] Level 1:colcon.colcon_core.package_identification:_identify(log) by extensions ['ignore', 'ignore_ament_install']
[1.106s] Level 1:colcon.colcon_core.package_identification:_identify(log) by extension 'ignore'
[1.106s] Level 1:colcon.colcon_core.package_identification:_identify(log) ignored
[1.106s] Level 1:colcon.colcon_core.package_discovery:discover_packages(recursive) using defaults
[1.107s] Level 1:colcon.colcon_core.package_discovery:discover_packages(ignore) discover
[1.107s] Level 1:colcon.colcon_core.package_discovery:discover_packages(ignore) using defaults
[1.107s] Level 1:colcon.colcon_core.package_discovery:discover_packages(path) discover
[1.107s] Level 1:colcon.colcon_core.package_discovery:discover_packages(path) using defaults
[1.188s] INFO:colcon.colcon_core.package_selection:Skipping not selected package 'bluerov2_arm_disarm' in 'bluerov2_arm_disarm'
[1.188s] INFO:colcon.colcon_core.package_selection:Skipping not selected package 'bluerov2_controllers' in 'bluerov2_controllers'
[1.188s] INFO:colcon.colcon_core.package_selection:Skipping not selected package 'bluerov2_node' in 'bluerov2_node'
[1.188s] INFO:colcon.colcon_core.package_selection:Skipping not selected package 'bluerov2_testers' in 'bluerov2_testers'
[1.188s] INFO:colcon.colcon_core.package_selection:Skipping not selected package 'bluerov2_launchers' in 'bluerov2_launchers'
[1.191s] Level 1:colcon.colcon_core.package_discovery:discover_packages(prefix_path) check parameters
[1.191s] Level 1:colcon.colcon_core.package_discovery:discover_packages(prefix_path) discover
[1.213s] DEBUG:colcon.colcon_installed_package_information.package_discovery:Found 10 installed packages in /home/zguo27/auvc_ws/install
[1.224s] DEBUG:colcon.colcon_installed_package_information.package_discovery:Found 258 installed packages in /opt/ros/jazzy
[1.231s] Level 1:colcon.colcon_core.package_discovery:discover_packages(prefix_path) using defaults
[1.458s] Level 5:colcon.colcon_core.verb:set package 'bluerov2_bluecv' build argument 'cmake_args' from command line to 'None'
[1.458s] Level 5:colcon.colcon_core.verb:set package 'bluerov2_bluecv' build argument 'cmake_target' from command line to 'None'
[1.458s] Level 5:colcon.colcon_core.verb:set package 'bluerov2_bluecv' build argument 'cmake_target_skip_unavailable' from command line to 'False'
[1.458s] Level 5:colcon.colcon_core.verb:set package 'bluerov2_bluecv' build argument 'cmake_clean_cache' from command line to 'False'
[1.458s] Level 5:colcon.colcon_core.verb:set package 'bluerov2_bluecv' build argument 'cmake_clean_first' from command line to 'False'
[1.459s] Level 5:colcon.colcon_core.verb:set package 'bluerov2_bluecv' build argument 'cmake_force_configure' from command line to 'False'
[1.459s] Level 5:colcon.colcon_core.verb:set package 'bluerov2_bluecv' build argument 'ament_cmake_args' from command line to 'None'
[1.459s] Level 5:colcon.colcon_core.verb:set package 'bluerov2_bluecv' build argument 'catkin_cmake_args' from command line to 'None'
[1.460s] Level 5:colcon.colcon_core.verb:set package 'bluerov2_bluecv' build argument 'catkin_skip_building_tests' from command line to 'False'
[1.460s] DEBUG:colcon.colcon_core.verb:Building package 'bluerov2_bluecv' with the following arguments: {'ament_cmake_args': None, 'build_base': '/home/zguo27/auvc_ws/src/AUVC_stuff/build/bluerov2_bluecv', 'catkin_cmake_args': None, 'catkin_skip_building_tests': False, 'cmake_args': None, 'cmake_clean_cache': False, 'cmake_clean_first': False, 'cmake_force_configure': False, 'cmake_target': None, 'cmake_target_skip_unavailable': False, 'install_base': '/home/zguo27/auvc_ws/src/AUVC_stuff/install/bluerov2_bluecv', 'merge_install': False, 'path': '/home/zguo27/auvc_ws/src/AUVC_stuff/bluerov2_bluecv', 'symlink_install': False, 'test_result_base': None}
[1.461s] INFO:colcon.colcon_core.executor:Executing jobs using 'parallel' executor
[1.464s] DEBUG:colcon.colcon_parallel_executor.executor.parallel:run_until_complete
[1.465s] INFO:colcon.colcon_ros.task.ament_python.build:Building ROS package in '/home/zguo27/auvc_ws/src/AUVC_stuff/bluerov2_bluecv' with build type 'ament_python'
[1.466s] Level 1:colcon.colcon_core.shell:create_environment_hook('bluerov2_bluecv', 'ament_prefix_path')
[1.497s] INFO:colcon.colcon_core.plugin_system:Skipping extension 'colcon_core.shell.bat': Not used on non-Windows systems
[1.498s] INFO:colcon.colcon_core.shell:Creating environment hook '/home/zguo27/auvc_ws/src/AUVC_stuff/install/bluerov2_bluecv/share/bluerov2_bluecv/hook/ament_prefix_path.ps1'
[1.504s] INFO:colcon.colcon_core.shell:Creating environment descriptor '/home/zguo27/auvc_ws/src/AUVC_stuff/install/bluerov2_bluecv/share/bluerov2_bluecv/hook/ament_prefix_path.dsv'
[1.507s] INFO:colcon.colcon_core.shell:Creating environment hook '/home/zguo27/auvc_ws/src/AUVC_stuff/install/bluerov2_bluecv/share/bluerov2_bluecv/hook/ament_prefix_path.sh'
[1.511s] INFO:colcon.colcon_core.shell:Skip shell extension 'powershell' for command environment: Not usable outside of PowerShell
[1.511s] DEBUG:colcon.colcon_core.shell:Skip shell extension 'dsv' for command environment
[2.614s] INFO:colcon.colcon_core.task.python.build:Building Python package in '/home/zguo27/auvc_ws/src/AUVC_stuff/bluerov2_bluecv'
[2.615s] INFO:colcon.colcon_core.shell:Skip shell extension 'powershell' for command environment: Not usable outside of PowerShell
[2.615s] DEBUG:colcon.colcon_core.shell:Skip shell extension 'dsv' for command environment
[7.308s] DEBUG:colcon.colcon_core.event_handler.log_command:Invoking command in '/home/zguo27/auvc_ws/src/AUVC_stuff/bluerov2_bluecv': PYTHONPATH=/home/zguo27/auvc_ws/src/AUVC_stuff/build/bluerov2_bluecv/prefix_override:/usr/lib/python3/dist-packages/colcon_core/task/python/colcon_distutils_commands:/home/zguo27/auvc_ws/src/AUVC_stuff/install/bluerov2_bluecv/lib/python3.12/site-packages:${PYTHONPATH} /usr/bin/python3 -W ignore:setup.py install is deprecated -W ignore:easy_install command is deprecated setup.py egg_info --egg-base ../build/bluerov2_bluecv build --build-base /home/zguo27/auvc_ws/src/AUVC_stuff/build/bluerov2_bluecv/build install --record /home/zguo27/auvc_ws/src/AUVC_stuff/build/bluerov2_bluecv/install.log --single-version-externally-managed install_data
[10.015s] DEBUG:colcon.colcon_core.event_handler.log_command:Invoked command in '/home/zguo27/auvc_ws/src/AUVC_stuff/bluerov2_bluecv' returned '0': PYTHONPATH=/home/zguo27/auvc_ws/src/AUVC_stuff/build/bluerov2_bluecv/prefix_override:/usr/lib/python3/dist-packages/colcon_core/task/python/colcon_distutils_commands:/home/zguo27/auvc_ws/src/AUVC_stuff/install/bluerov2_bluecv/lib/python3.12/site-packages:${PYTHONPATH} /usr/bin/python3 -W ignore:setup.py install is deprecated -W ignore:easy_install command is deprecated setup.py egg_info --egg-base ../build/bluerov2_bluecv build --build-base /home/zguo27/auvc_ws/src/AUVC_stuff/build/bluerov2_bluecv/build install --record /home/zguo27/auvc_ws/src/AUVC_stuff/build/bluerov2_bluecv/install.log --single-version-externally-managed install_data
[10.044s] Level 1:colcon.colcon_core.environment:checking '/home/zguo27/auvc_ws/src/AUVC_stuff/install/bluerov2_bluecv' for CMake module files
[10.047s] Level 1:colcon.colcon_core.environment:checking '/home/zguo27/auvc_ws/src/AUVC_stuff/install/bluerov2_bluecv' for CMake config files
[10.051s] Level 1:colcon.colcon_core.environment:checking '/home/zguo27/auvc_ws/src/AUVC_stuff/install/bluerov2_bluecv/lib'
[10.052s] Level 1:colcon.colcon_core.environment:checking '/home/zguo27/auvc_ws/src/AUVC_stuff/install/bluerov2_bluecv/bin'
[10.052s] Level 1:colcon.colcon_core.environment:checking '/home/zguo27/auvc_ws/src/AUVC_stuff/install/bluerov2_bluecv/lib/pkgconfig/bluerov2_bluecv.pc'
[10.053s] Level 1:colcon.colcon_core.environment:checking '/home/zguo27/auvc_ws/src/AUVC_stuff/install/bluerov2_bluecv/lib/python3.12/site-packages'
[10.054s] Level 1:colcon.colcon_core.shell:create_environment_hook('bluerov2_bluecv', 'pythonpath')
[10.055s] INFO:colcon.colcon_core.shell:Creating environment hook '/home/zguo27/auvc_ws/src/AUVC_stuff/install/bluerov2_bluecv/share/bluerov2_bluecv/hook/pythonpath.ps1'
[10.056s] INFO:colcon.colcon_core.shell:Creating environment descriptor '/home/zguo27/auvc_ws/src/AUVC_stuff/install/bluerov2_bluecv/share/bluerov2_bluecv/hook/pythonpath.dsv'
[10.058s] INFO:colcon.colcon_core.shell:Creating environment hook '/home/zguo27/auvc_ws/src/AUVC_stuff/install/bluerov2_bluecv/share/bluerov2_bluecv/hook/pythonpath.sh'
[10.060s] Level 1:colcon.colcon_core.environment:checking '/home/zguo27/auvc_ws/src/AUVC_stuff/install/bluerov2_bluecv/bin'
[10.060s] Level 1:colcon.colcon_core.environment:create_environment_scripts_only(bluerov2_bluecv)
[10.062s] INFO:colcon.colcon_core.shell:Creating package script '/home/zguo27/auvc_ws/src/AUVC_stuff/install/bluerov2_bluecv/share/bluerov2_bluecv/package.ps1'
[10.066s] INFO:colcon.colcon_core.shell:Creating package descriptor '/home/zguo27/auvc_ws/src/AUVC_stuff/install/bluerov2_bluecv/share/bluerov2_bluecv/package.dsv'
[10.069s] INFO:colcon.colcon_core.shell:Creating package script '/home/zguo27/auvc_ws/src/AUVC_stuff/install/bluerov2_bluecv/share/bluerov2_bluecv/package.sh'
[10.072s] INFO:colcon.colcon_core.shell:Creating package script '/home/zguo27/auvc_ws/src/AUVC_stuff/install/bluerov2_bluecv/share/bluerov2_bluecv/package.bash'
[10.077s] INFO:colcon.colcon_core.shell:Creating package script '/home/zguo27/auvc_ws/src/AUVC_stuff/install/bluerov2_bluecv/share/bluerov2_bluecv/package.zsh'
[10.080s] Level 1:colcon.colcon_core.environment:create_file_with_runtime_dependencies(/home/zguo27/auvc_ws/src/AUVC_stuff/install/bluerov2_bluecv/share/colcon-core/packages/bluerov2_bluecv)
[10.082s] DEBUG:colcon.colcon_parallel_executor.executor.parallel:closing loop
[10.084s] DEBUG:colcon.colcon_parallel_executor.executor.parallel:loop closed
[10.084s] DEBUG:colcon.colcon_parallel_executor.executor.parallel:run_until_complete finished with '0'
[10.085s] DEBUG:colcon.colcon_core.event_reactor:joining thread
[10.119s] INFO:colcon.colcon_core.plugin_system:Skipping extension 'colcon_notification.desktop_notification.notify_send': Could not find 'notify-send'
[10.119s] INFO:colcon.colcon_core.plugin_system:Skipping extension 'colcon_notification.desktop_notification.terminal_notifier': Not used on non-Darwin systems
[10.120s] INFO:colcon.colcon_core.plugin_system:Skipping extension 'colcon_notification.desktop_notification.win32': Not used on non-Windows systems
[10.120s] INFO:colcon.colcon_notification.desktop_notification:Sending desktop notification using 'notify2'
[10.172s] DEBUG:colcon.colcon_notification.desktop_notification.notify2:Failed to initialize notify2: org.freedesktop.DBus.Error.ServiceUnknown: The name org.freedesktop.Notifications was not provided by any .service files
[10.173s] DEBUG:colcon.colcon_core.event_reactor:joined thread
[10.174s] INFO:colcon.colcon_core.shell:Creating prefix script '/home/zguo27/auvc_ws/src/AUVC_stuff/install/local_setup.ps1'
[10.179s] INFO:colcon.colcon_core.shell:Creating prefix util module '/home/zguo27/auvc_ws/src/AUVC_stuff/install/_local_setup_util_ps1.py'
[10.185s] INFO:colcon.colcon_core.shell:Creating prefix chain script '/home/zguo27/auvc_ws/src/AUVC_stuff/install/setup.ps1'
[10.193s] INFO:colcon.colcon_core.shell:Creating prefix script '/home/zguo27/auvc_ws/src/AUVC_stuff/install/local_setup.sh'
[10.196s] INFO:colcon.colcon_core.shell:Creating prefix util module '/home/zguo27/auvc_ws/src/AUVC_stuff/install/_local_setup_util_sh.py'
[10.198s] INFO:colcon.colcon_core.shell:Creating prefix chain script '/home/zguo27/auvc_ws/src/AUVC_stuff/install/setup.sh'
[10.206s] INFO:colcon.colcon_core.shell:Creating prefix script '/home/zguo27/auvc_ws/src/AUVC_stuff/install/local_setup.bash'
[10.209s] INFO:colcon.colcon_core.shell:Creating prefix chain script '/home/zguo27/auvc_ws/src/AUVC_stuff/install/setup.bash'
[10.216s] INFO:colcon.colcon_core.shell:Creating prefix script '/home/zguo27/auvc_ws/src/AUVC_stuff/install/local_setup.zsh'
[10.223s] INFO:colcon.colcon_core.shell:Creating prefix chain script '/home/zguo27/auvc_ws/src/AUVC_stuff/install/setup.zsh'
