[0.526s] DEBUG:colcon:Command line arguments: ['/usr/bin/colcon', 'build']
[0.526s] DEBUG:colcon:Parsed command line arguments: Namespace(log_base=None, log_level=None, verb_name='build', build_base='build', install_base='install', merge_install=False, symlink_install=False, test_result_base=None, continue_on_error=False, executor='parallel', parallel_workers=4, event_handlers=None, ignore_user_meta=False, metas=['./colcon.meta'], base_paths=['.'], packages_ignore=None, packages_ignore_regex=None, paths=None, packages_up_to=None, packages_up_to_regex=None, packages_above=None, packages_above_and_dependencies=None, packages_above_depth=None, packages_select_by_dep=None, packages_skip_by_dep=None, packages_skip_up_to=None, packages_select_build_failed=False, packages_skip_build_finished=False, packages_select_test_failures=False, packages_skip_test_passed=False, packages_select=None, packages_skip=None, packages_select_regex=None, packages_skip_regex=None, packages_start=None, packages_end=None, allow_overriding=[], cmake_args=None, cmake_target=None, cmake_target_skip_unavailable=False, cmake_clean_cache=False, cmake_clean_first=False, cmake_force_configure=False, ament_cmake_args=None, catkin_cmake_args=None, catkin_skip_building_tests=False, mixin_files=None, mixin=None, verb_parser=<colcon_mixin.mixin.mixin_argument.MixinArgumentDecorator object at 0xffff83bdab10>, verb_extension=<colcon_core.verb.build.BuildVerb object at 0xffff83bda8a0>, main=<bound method BuildVerb.main of <colcon_core.verb.build.BuildVerb object at 0xffff83bda8a0>>, mixin_verb=('build',))
[0.726s] Level 1:colcon.colcon_core.package_discovery:discover_packages(colcon_meta) check parameters
[0.727s] Level 1:colcon.colcon_core.package_discovery:discover_packages(recursive) check parameters
[0.727s] Level 1:colcon.colcon_core.package_discovery:discover_packages(ignore) check parameters
[0.727s] Level 1:colcon.colcon_core.package_discovery:discover_packages(path) check parameters
[0.727s] Level 1:colcon.colcon_core.package_discovery:discover_packages(colcon_meta) discover
[0.728s] Level 1:colcon.colcon_core.package_discovery:discover_packages(recursive) discover
[0.728s] INFO:colcon.colcon_core.package_discovery:Crawling recursively for packages in '/home/zguo27/auvc_ws/src/AUVC_stuff'
[0.728s] Level 1:colcon.colcon_core.package_identification:_identify(.) by extensions ['ignore', 'ignore_ament_install']
[0.729s] Level 1:colcon.colcon_core.package_identification:_identify(.) by extension 'ignore'
[0.730s] Level 1:colcon.colcon_core.package_identification:_identify(.) by extension 'ignore_ament_install'
[0.730s] Level 1:colcon.colcon_core.package_identification:_identify(.) by extensions ['colcon_pkg']
[0.730s] Level 1:colcon.colcon_core.package_identification:_identify(.) by extension 'colcon_pkg'
[0.730s] Level 1:colcon.colcon_core.package_identification:_identify(.) by extensions ['colcon_meta']
[0.731s] Level 1:colcon.colcon_core.package_identification:_identify(.) by extension 'colcon_meta'
[0.731s] Level 1:colcon.colcon_core.package_identification:_identify(.) by extensions ['ros']
[0.731s] Level 1:colcon.colcon_core.package_identification:_identify(.) by extension 'ros'
[0.849s] Level 1:colcon.colcon_core.package_identification:_identify(.) by extensions ['cmake', 'python']
[0.849s] Level 1:colcon.colcon_core.package_identification:_identify(.) by extension 'cmake'
[0.849s] Level 1:colcon.colcon_core.package_identification:_identify(.) by extension 'python'
[0.850s] Level 1:colcon.colcon_core.package_identification:_identify(.) by extensions ['python_setup_py']
[0.850s] Level 1:colcon.colcon_core.package_identification:_identify(.) by extension 'python_setup_py'
[0.851s] Level 1:colcon.colcon_core.package_identification:_identify(bluerov2_arm_disarm) by extensions ['ignore', 'ignore_ament_install']
[0.851s] Level 1:colcon.colcon_core.package_identification:_identify(bluerov2_arm_disarm) by extension 'ignore'
[0.851s] Level 1:colcon.colcon_core.package_identification:_identify(bluerov2_arm_disarm) by extension 'ignore_ament_install'
[0.852s] Level 1:colcon.colcon_core.package_identification:_identify(bluerov2_arm_disarm) by extensions ['colcon_pkg']
[0.852s] Level 1:colcon.colcon_core.package_identification:_identify(bluerov2_arm_disarm) by extension 'colcon_pkg'
[0.853s] Level 1:colcon.colcon_core.package_identification:_identify(bluerov2_arm_disarm) by extensions ['colcon_meta']
[0.853s] Level 1:colcon.colcon_core.package_identification:_identify(bluerov2_arm_disarm) by extension 'colcon_meta'
[0.853s] Level 1:colcon.colcon_core.package_identification:_identify(bluerov2_arm_disarm) by extensions ['ros']
[0.853s] Level 1:colcon.colcon_core.package_identification:_identify(bluerov2_arm_disarm) by extension 'ros'
[0.863s] DEBUG:colcon.colcon_core.package_identification:Package 'bluerov2_arm_disarm' with type 'ros.ament_python' and name 'bluerov2_arm_disarm'
[0.864s] Level 1:colcon.colcon_core.package_identification:_identify(bluerov2_controllers) by extensions ['ignore', 'ignore_ament_install']
[0.864s] Level 1:colcon.colcon_core.package_identification:_identify(bluerov2_controllers) by extension 'ignore'
[0.865s] Level 1:colcon.colcon_core.package_identification:_identify(bluerov2_controllers) by extension 'ignore_ament_install'
[0.865s] Level 1:colcon.colcon_core.package_identification:_identify(bluerov2_controllers) by extensions ['colcon_pkg']
[0.865s] Level 1:colcon.colcon_core.package_identification:_identify(bluerov2_controllers) by extension 'colcon_pkg'
[0.865s] Level 1:colcon.colcon_core.package_identification:_identify(bluerov2_controllers) by extensions ['colcon_meta']
[0.865s] Level 1:colcon.colcon_core.package_identification:_identify(bluerov2_controllers) by extension 'colcon_meta'
[0.866s] Level 1:colcon.colcon_core.package_identification:_identify(bluerov2_controllers) by extensions ['ros']
[0.866s] Level 1:colcon.colcon_core.package_identification:_identify(bluerov2_controllers) by extension 'ros'
[0.869s] DEBUG:colcon.colcon_core.package_identification:Package 'bluerov2_controllers' with type 'ros.ament_python' and name 'bluerov2_controllers'
[0.870s] Level 1:colcon.colcon_core.package_identification:_identify(bluerov2_launchers) by extensions ['ignore', 'ignore_ament_install']
[0.870s] Level 1:colcon.colcon_core.package_identification:_identify(bluerov2_launchers) by extension 'ignore'
[0.870s] Level 1:colcon.colcon_core.package_identification:_identify(bluerov2_launchers) by extension 'ignore_ament_install'
[0.870s] Level 1:colcon.colcon_core.package_identification:_identify(bluerov2_launchers) by extensions ['colcon_pkg']
[0.871s] Level 1:colcon.colcon_core.package_identification:_identify(bluerov2_launchers) by extension 'colcon_pkg'
[0.871s] Level 1:colcon.colcon_core.package_identification:_identify(bluerov2_launchers) by extensions ['colcon_meta']
[0.871s] Level 1:colcon.colcon_core.package_identification:_identify(bluerov2_launchers) by extension 'colcon_meta'
[0.871s] Level 1:colcon.colcon_core.package_identification:_identify(bluerov2_launchers) by extensions ['ros']
[0.871s] Level 1:colcon.colcon_core.package_identification:_identify(bluerov2_launchers) by extension 'ros'
[0.878s] DEBUG:colcon.colcon_core.package_identification:Package 'bluerov2_launchers' with type 'ros.ament_python' and name 'bluerov2_launchers'
[0.878s] Level 1:colcon.colcon_core.package_identification:_identify(bluerov2_node) by extensions ['ignore', 'ignore_ament_install']
[0.879s] Level 1:colcon.colcon_core.package_identification:_identify(bluerov2_node) by extension 'ignore'
[0.879s] Level 1:colcon.colcon_core.package_identification:_identify(bluerov2_node) by extension 'ignore_ament_install'
[0.879s] Level 1:colcon.colcon_core.package_identification:_identify(bluerov2_node) by extensions ['colcon_pkg']
[0.880s] Level 1:colcon.colcon_core.package_identification:_identify(bluerov2_node) by extension 'colcon_pkg'
[0.880s] Level 1:colcon.colcon_core.package_identification:_identify(bluerov2_node) by extensions ['colcon_meta']
[0.880s] Level 1:colcon.colcon_core.package_identification:_identify(bluerov2_node) by extension 'colcon_meta'
[0.880s] Level 1:colcon.colcon_core.package_identification:_identify(bluerov2_node) by extensions ['ros']
[0.880s] Level 1:colcon.colcon_core.package_identification:_identify(bluerov2_node) by extension 'ros'
[0.885s] DEBUG:colcon.colcon_core.package_identification:Package 'bluerov2_node' with type 'ros.ament_python' and name 'bluerov2_node'
[0.886s] Level 1:colcon.colcon_core.package_identification:_identify(bluerov2_opencv) by extensions ['ignore', 'ignore_ament_install']
[0.886s] Level 1:colcon.colcon_core.package_identification:_identify(bluerov2_opencv) by extension 'ignore'
[0.886s] Level 1:colcon.colcon_core.package_identification:_identify(bluerov2_opencv) by extension 'ignore_ament_install'
[0.887s] Level 1:colcon.colcon_core.package_identification:_identify(bluerov2_opencv) by extensions ['colcon_pkg']
[0.887s] Level 1:colcon.colcon_core.package_identification:_identify(bluerov2_opencv) by extension 'colcon_pkg'
[0.887s] Level 1:colcon.colcon_core.package_identification:_identify(bluerov2_opencv) by extensions ['colcon_meta']
[0.887s] Level 1:colcon.colcon_core.package_identification:_identify(bluerov2_opencv) by extension 'colcon_meta'
[0.888s] Level 1:colcon.colcon_core.package_identification:_identify(bluerov2_opencv) by extensions ['ros']
[0.888s] Level 1:colcon.colcon_core.package_identification:_identify(bluerov2_opencv) by extension 'ros'
[0.888s] Level 1:colcon.colcon_core.package_identification:_identify(bluerov2_opencv) by extensions ['cmake', 'python']
[0.888s] Level 1:colcon.colcon_core.package_identification:_identify(bluerov2_opencv) by extension 'cmake'
[0.889s] Level 1:colcon.colcon_core.package_identification:_identify(bluerov2_opencv) by extension 'python'
[0.889s] Level 1:colcon.colcon_core.package_identification:_identify(bluerov2_opencv) by extensions ['python_setup_py']
[0.889s] Level 1:colcon.colcon_core.package_identification:_identify(bluerov2_opencv) by extension 'python_setup_py'
[0.890s] Level 1:colcon.colcon_core.package_identification:_identify(bluerov2_opencv/log) by extensions ['ignore', 'ignore_ament_install']
[0.890s] Level 1:colcon.colcon_core.package_identification:_identify(bluerov2_opencv/log) by extension 'ignore'
[0.890s] Level 1:colcon.colcon_core.package_identification:_identify(bluerov2_opencv/log) ignored
[0.891s] Level 1:colcon.colcon_core.package_identification:_identify(bluerov2_testers) by extensions ['ignore', 'ignore_ament_install']
[0.891s] Level 1:colcon.colcon_core.package_identification:_identify(bluerov2_testers) by extension 'ignore'
[0.891s] Level 1:colcon.colcon_core.package_identification:_identify(bluerov2_testers) by extension 'ignore_ament_install'
[0.892s] Level 1:colcon.colcon_core.package_identification:_identify(bluerov2_testers) by extensions ['colcon_pkg']
[0.892s] Level 1:colcon.colcon_core.package_identification:_identify(bluerov2_testers) by extension 'colcon_pkg'
[0.892s] Level 1:colcon.colcon_core.package_identification:_identify(bluerov2_testers) by extensions ['colcon_meta']
[0.892s] Level 1:colcon.colcon_core.package_identification:_identify(bluerov2_testers) by extension 'colcon_meta'
[0.892s] Level 1:colcon.colcon_core.package_identification:_identify(bluerov2_testers) by extensions ['ros']
[0.892s] Level 1:colcon.colcon_core.package_identification:_identify(bluerov2_testers) by extension 'ros'
[0.895s] DEBUG:colcon.colcon_core.package_identification:Package 'bluerov2_testers' with type 'ros.ament_python' and name 'bluerov2_testers'
[0.896s] Level 1:colcon.colcon_core.package_identification:_identify(build) by extensions ['ignore', 'ignore_ament_install']
[0.896s] Level 1:colcon.colcon_core.package_identification:_identify(build) by extension 'ignore'
[0.897s] Level 1:colcon.colcon_core.package_identification:_identify(build) ignored
[0.897s] Level 1:colcon.colcon_core.package_identification:_identify(bwsi_team) by extensions ['ignore', 'ignore_ament_install']
[0.897s] Level 1:colcon.colcon_core.package_identification:_identify(bwsi_team) by extension 'ignore'
[0.897s] Level 1:colcon.colcon_core.package_identification:_identify(bwsi_team) by extension 'ignore_ament_install'
[0.898s] Level 1:colcon.colcon_core.package_identification:_identify(bwsi_team) by extensions ['colcon_pkg']
[0.898s] Level 1:colcon.colcon_core.package_identification:_identify(bwsi_team) by extension 'colcon_pkg'
[0.898s] Level 1:colcon.colcon_core.package_identification:_identify(bwsi_team) by extensions ['colcon_meta']
[0.898s] Level 1:colcon.colcon_core.package_identification:_identify(bwsi_team) by extension 'colcon_meta'
[0.898s] Level 1:colcon.colcon_core.package_identification:_identify(bwsi_team) by extensions ['ros']
[0.899s] Level 1:colcon.colcon_core.package_identification:_identify(bwsi_team) by extension 'ros'
[0.899s] Level 1:colcon.colcon_core.package_identification:_identify(bwsi_team) by extensions ['cmake', 'python']
[0.899s] Level 1:colcon.colcon_core.package_identification:_identify(bwsi_team) by extension 'cmake'
[0.899s] Level 1:colcon.colcon_core.package_identification:_identify(bwsi_team) by extension 'python'
[0.899s] Level 1:colcon.colcon_core.package_identification:_identify(bwsi_team) by extensions ['python_setup_py']
[0.900s] Level 1:colcon.colcon_core.package_identification:_identify(bwsi_team) by extension 'python_setup_py'
[0.900s] Level 1:colcon.colcon_core.package_identification:_identify(bwsi_team/__pycache__) by extensions ['ignore', 'ignore_ament_install']
[0.901s] Level 1:colcon.colcon_core.package_identification:_identify(bwsi_team/__pycache__) by extension 'ignore'
[0.901s] Level 1:colcon.colcon_core.package_identification:_identify(bwsi_team/__pycache__) by extension 'ignore_ament_install'
[0.902s] Level 1:colcon.colcon_core.package_identification:_identify(bwsi_team/__pycache__) by extensions ['colcon_pkg']
[0.902s] Level 1:colcon.colcon_core.package_identification:_identify(bwsi_team/__pycache__) by extension 'colcon_pkg'
[0.902s] Level 1:colcon.colcon_core.package_identification:_identify(bwsi_team/__pycache__) by extensions ['colcon_meta']
[0.902s] Level 1:colcon.colcon_core.package_identification:_identify(bwsi_team/__pycache__) by extension 'colcon_meta'
[0.902s] Level 1:colcon.colcon_core.package_identification:_identify(bwsi_team/__pycache__) by extensions ['ros']
[0.903s] Level 1:colcon.colcon_core.package_identification:_identify(bwsi_team/__pycache__) by extension 'ros'
[0.903s] Level 1:colcon.colcon_core.package_identification:_identify(bwsi_team/__pycache__) by extensions ['cmake', 'python']
[0.903s] Level 1:colcon.colcon_core.package_identification:_identify(bwsi_team/__pycache__) by extension 'cmake'
[0.903s] Level 1:colcon.colcon_core.package_identification:_identify(bwsi_team/__pycache__) by extension 'python'
[0.904s] Level 1:colcon.colcon_core.package_identification:_identify(bwsi_team/__pycache__) by extensions ['python_setup_py']
[0.904s] Level 1:colcon.colcon_core.package_identification:_identify(bwsi_team/__pycache__) by extension 'python_setup_py'
[0.904s] Level 1:colcon.colcon_core.package_identification:_identify(bwsi_team/code) by extensions ['ignore', 'ignore_ament_install']
[0.904s] Level 1:colcon.colcon_core.package_identification:_identify(bwsi_team/code) by extension 'ignore'
[0.905s] Level 1:colcon.colcon_core.package_identification:_identify(bwsi_team/code) by extension 'ignore_ament_install'
[0.905s] Level 1:colcon.colcon_core.package_identification:_identify(bwsi_team/code) by extensions ['colcon_pkg']
[0.905s] Level 1:colcon.colcon_core.package_identification:_identify(bwsi_team/code) by extension 'colcon_pkg'
[0.905s] Level 1:colcon.colcon_core.package_identification:_identify(bwsi_team/code) by extensions ['colcon_meta']
[0.905s] Level 1:colcon.colcon_core.package_identification:_identify(bwsi_team/code) by extension 'colcon_meta'
[0.906s] Level 1:colcon.colcon_core.package_identification:_identify(bwsi_team/code) by extensions ['ros']
[0.906s] Level 1:colcon.colcon_core.package_identification:_identify(bwsi_team/code) by extension 'ros'
[0.906s] Level 1:colcon.colcon_core.package_identification:_identify(bwsi_team/code) by extensions ['cmake', 'python']
[0.906s] Level 1:colcon.colcon_core.package_identification:_identify(bwsi_team/code) by extension 'cmake'
[0.906s] Level 1:colcon.colcon_core.package_identification:_identify(bwsi_team/code) by extension 'python'
[0.907s] Level 1:colcon.colcon_core.package_identification:_identify(bwsi_team/code) by extensions ['python_setup_py']
[0.907s] Level 1:colcon.colcon_core.package_identification:_identify(bwsi_team/code) by extension 'python_setup_py'
[0.907s] Level 1:colcon.colcon_core.package_identification:_identify(bwsi_team/code/controllers) by extensions ['ignore', 'ignore_ament_install']
[0.907s] Level 1:colcon.colcon_core.package_identification:_identify(bwsi_team/code/controllers) by extension 'ignore'
[0.908s] Level 1:colcon.colcon_core.package_identification:_identify(bwsi_team/code/controllers) by extension 'ignore_ament_install'
[0.908s] Level 1:colcon.colcon_core.package_identification:_identify(bwsi_team/code/controllers) by extensions ['colcon_pkg']
[0.908s] Level 1:colcon.colcon_core.package_identification:_identify(bwsi_team/code/controllers) by extension 'colcon_pkg'
[0.908s] Level 1:colcon.colcon_core.package_identification:_identify(bwsi_team/code/controllers) by extensions ['colcon_meta']
[0.908s] Level 1:colcon.colcon_core.package_identification:_identify(bwsi_team/code/controllers) by extension 'colcon_meta'
[0.909s] Level 1:colcon.colcon_core.package_identification:_identify(bwsi_team/code/controllers) by extensions ['ros']
[0.909s] Level 1:colcon.colcon_core.package_identification:_identify(bwsi_team/code/controllers) by extension 'ros'
[0.909s] Level 1:colcon.colcon_core.package_identification:_identify(bwsi_team/code/controllers) by extensions ['cmake', 'python']
[0.909s] Level 1:colcon.colcon_core.package_identification:_identify(bwsi_team/code/controllers) by extension 'cmake'
[0.910s] Level 1:colcon.colcon_core.package_identification:_identify(bwsi_team/code/controllers) by extension 'python'
[0.910s] Level 1:colcon.colcon_core.package_identification:_identify(bwsi_team/code/controllers) by extensions ['python_setup_py']
[0.910s] Level 1:colcon.colcon_core.package_identification:_identify(bwsi_team/code/controllers) by extension 'python_setup_py'
[0.910s] Level 1:colcon.colcon_core.package_identification:_identify(bwsi_team/code/launch) by extensions ['ignore', 'ignore_ament_install']
[0.911s] Level 1:colcon.colcon_core.package_identification:_identify(bwsi_team/code/launch) by extension 'ignore'
[0.911s] Level 1:colcon.colcon_core.package_identification:_identify(bwsi_team/code/launch) by extension 'ignore_ament_install'
[0.911s] Level 1:colcon.colcon_core.package_identification:_identify(bwsi_team/code/launch) by extensions ['colcon_pkg']
[0.911s] Level 1:colcon.colcon_core.package_identification:_identify(bwsi_team/code/launch) by extension 'colcon_pkg'
[0.911s] Level 1:colcon.colcon_core.package_identification:_identify(bwsi_team/code/launch) by extensions ['colcon_meta']
[0.911s] Level 1:colcon.colcon_core.package_identification:_identify(bwsi_team/code/launch) by extension 'colcon_meta'
[0.912s] Level 1:colcon.colcon_core.package_identification:_identify(bwsi_team/code/launch) by extensions ['ros']
[0.912s] Level 1:colcon.colcon_core.package_identification:_identify(bwsi_team/code/launch) by extension 'ros'
[0.912s] Level 1:colcon.colcon_core.package_identification:_identify(bwsi_team/code/launch) by extensions ['cmake', 'python']
[0.912s] Level 1:colcon.colcon_core.package_identification:_identify(bwsi_team/code/launch) by extension 'cmake'
[0.912s] Level 1:colcon.colcon_core.package_identification:_identify(bwsi_team/code/launch) by extension 'python'
[0.913s] Level 1:colcon.colcon_core.package_identification:_identify(bwsi_team/code/launch) by extensions ['python_setup_py']
[0.913s] Level 1:colcon.colcon_core.package_identification:_identify(bwsi_team/code/launch) by extension 'python_setup_py'
[0.913s] Level 1:colcon.colcon_core.package_identification:_identify(bwsi_team/code/nodes) by extensions ['ignore', 'ignore_ament_install']
[0.914s] Level 1:colcon.colcon_core.package_identification:_identify(bwsi_team/code/nodes) by extension 'ignore'
[0.914s] Level 1:colcon.colcon_core.package_identification:_identify(bwsi_team/code/nodes) by extension 'ignore_ament_install'
[0.914s] Level 1:colcon.colcon_core.package_identification:_identify(bwsi_team/code/nodes) by extensions ['colcon_pkg']
[0.914s] Level 1:colcon.colcon_core.package_identification:_identify(bwsi_team/code/nodes) by extension 'colcon_pkg'
[0.915s] Level 1:colcon.colcon_core.package_identification:_identify(bwsi_team/code/nodes) by extensions ['colcon_meta']
[0.915s] Level 1:colcon.colcon_core.package_identification:_identify(bwsi_team/code/nodes) by extension 'colcon_meta'
[0.915s] Level 1:colcon.colcon_core.package_identification:_identify(bwsi_team/code/nodes) by extensions ['ros']
[0.915s] Level 1:colcon.colcon_core.package_identification:_identify(bwsi_team/code/nodes) by extension 'ros'
[0.915s] Level 1:colcon.colcon_core.package_identification:_identify(bwsi_team/code/nodes) by extensions ['cmake', 'python']
[0.916s] Level 1:colcon.colcon_core.package_identification:_identify(bwsi_team/code/nodes) by extension 'cmake'
[0.916s] Level 1:colcon.colcon_core.package_identification:_identify(bwsi_team/code/nodes) by extension 'python'
[0.916s] Level 1:colcon.colcon_core.package_identification:_identify(bwsi_team/code/nodes) by extensions ['python_setup_py']
[0.916s] Level 1:colcon.colcon_core.package_identification:_identify(bwsi_team/code/nodes) by extension 'python_setup_py'
[0.917s] Level 1:colcon.colcon_core.package_identification:_identify(bwsi_team/code/testers) by extensions ['ignore', 'ignore_ament_install']
[0.917s] Level 1:colcon.colcon_core.package_identification:_identify(bwsi_team/code/testers) by extension 'ignore'
[0.917s] Level 1:colcon.colcon_core.package_identification:_identify(bwsi_team/code/testers) by extension 'ignore_ament_install'
[0.918s] Level 1:colcon.colcon_core.package_identification:_identify(bwsi_team/code/testers) by extensions ['colcon_pkg']
[0.918s] Level 1:colcon.colcon_core.package_identification:_identify(bwsi_team/code/testers) by extension 'colcon_pkg'
[0.918s] Level 1:colcon.colcon_core.package_identification:_identify(bwsi_team/code/testers) by extensions ['colcon_meta']
[0.918s] Level 1:colcon.colcon_core.package_identification:_identify(bwsi_team/code/testers) by extension 'colcon_meta'
[0.918s] Level 1:colcon.colcon_core.package_identification:_identify(bwsi_team/code/testers) by extensions ['ros']
[0.918s] Level 1:colcon.colcon_core.package_identification:_identify(bwsi_team/code/testers) by extension 'ros'
[0.919s] Level 1:colcon.colcon_core.package_identification:_identify(bwsi_team/code/testers) by extensions ['cmake', 'python']
[0.919s] Level 1:colcon.colcon_core.package_identification:_identify(bwsi_team/code/testers) by extension 'cmake'
[0.919s] Level 1:colcon.colcon_core.package_identification:_identify(bwsi_team/code/testers) by extension 'python'
[0.919s] Level 1:colcon.colcon_core.package_identification:_identify(bwsi_team/code/testers) by extensions ['python_setup_py']
[0.919s] Level 1:colcon.colcon_core.package_identification:_identify(bwsi_team/code/testers) by extension 'python_setup_py'
[0.920s] Level 1:colcon.colcon_core.package_identification:_identify(bwsibot) by extensions ['ignore', 'ignore_ament_install']
[0.920s] Level 1:colcon.colcon_core.package_identification:_identify(bwsibot) by extension 'ignore'
[0.920s] Level 1:colcon.colcon_core.package_identification:_identify(bwsibot) by extension 'ignore_ament_install'
[0.920s] Level 1:colcon.colcon_core.package_identification:_identify(bwsibot) by extensions ['colcon_pkg']
[0.921s] Level 1:colcon.colcon_core.package_identification:_identify(bwsibot) by extension 'colcon_pkg'
[0.921s] Level 1:colcon.colcon_core.package_identification:_identify(bwsibot) by extensions ['colcon_meta']
[0.921s] Level 1:colcon.colcon_core.package_identification:_identify(bwsibot) by extension 'colcon_meta'
[0.921s] Level 1:colcon.colcon_core.package_identification:_identify(bwsibot) by extensions ['ros']
[0.921s] Level 1:colcon.colcon_core.package_identification:_identify(bwsibot) by extension 'ros'
[0.922s] Level 1:colcon.colcon_core.package_identification:_identify(bwsibot) by extensions ['cmake', 'python']
[0.922s] Level 1:colcon.colcon_core.package_identification:_identify(bwsibot) by extension 'cmake'
[0.922s] Level 1:colcon.colcon_core.package_identification:_identify(bwsibot) by extension 'python'
[0.922s] Level 1:colcon.colcon_core.package_identification:_identify(bwsibot) by extensions ['python_setup_py']
[0.922s] Level 1:colcon.colcon_core.package_identification:_identify(bwsibot) by extension 'python_setup_py'
[0.923s] Level 1:colcon.colcon_core.package_identification:_identify(bwsibot/logs) by extensions ['ignore', 'ignore_ament_install']
[0.923s] Level 1:colcon.colcon_core.package_identification:_identify(bwsibot/logs) by extension 'ignore'
[0.923s] Level 1:colcon.colcon_core.package_identification:_identify(bwsibot/logs) by extension 'ignore_ament_install'
[0.923s] Level 1:colcon.colcon_core.package_identification:_identify(bwsibot/logs) by extensions ['colcon_pkg']
[0.923s] Level 1:colcon.colcon_core.package_identification:_identify(bwsibot/logs) by extension 'colcon_pkg'
[0.924s] Level 1:colcon.colcon_core.package_identification:_identify(bwsibot/logs) by extensions ['colcon_meta']
[0.924s] Level 1:colcon.colcon_core.package_identification:_identify(bwsibot/logs) by extension 'colcon_meta'
[0.924s] Level 1:colcon.colcon_core.package_identification:_identify(bwsibot/logs) by extensions ['ros']
[0.924s] Level 1:colcon.colcon_core.package_identification:_identify(bwsibot/logs) by extension 'ros'
[0.924s] Level 1:colcon.colcon_core.package_identification:_identify(bwsibot/logs) by extensions ['cmake', 'python']
[0.925s] Level 1:colcon.colcon_core.package_identification:_identify(bwsibot/logs) by extension 'cmake'
[0.925s] Level 1:colcon.colcon_core.package_identification:_identify(bwsibot/logs) by extension 'python'
[0.925s] Level 1:colcon.colcon_core.package_identification:_identify(bwsibot/logs) by extensions ['python_setup_py']
[0.925s] Level 1:colcon.colcon_core.package_identification:_identify(bwsibot/logs) by extension 'python_setup_py'
[0.925s] Level 1:colcon.colcon_core.package_identification:_identify(bwsibot/logs/2025-07-25) by extensions ['ignore', 'ignore_ament_install']
[0.926s] Level 1:colcon.colcon_core.package_identification:_identify(bwsibot/logs/2025-07-25) by extension 'ignore'
[0.926s] Level 1:colcon.colcon_core.package_identification:_identify(bwsibot/logs/2025-07-25) by extension 'ignore_ament_install'
[0.926s] Level 1:colcon.colcon_core.package_identification:_identify(bwsibot/logs/2025-07-25) by extensions ['colcon_pkg']
[0.926s] Level 1:colcon.colcon_core.package_identification:_identify(bwsibot/logs/2025-07-25) by extension 'colcon_pkg'
[0.927s] Level 1:colcon.colcon_core.package_identification:_identify(bwsibot/logs/2025-07-25) by extensions ['colcon_meta']
[0.927s] Level 1:colcon.colcon_core.package_identification:_identify(bwsibot/logs/2025-07-25) by extension 'colcon_meta'
[0.927s] Level 1:colcon.colcon_core.package_identification:_identify(bwsibot/logs/2025-07-25) by extensions ['ros']
[0.927s] Level 1:colcon.colcon_core.package_identification:_identify(bwsibot/logs/2025-07-25) by extension 'ros'
[0.927s] Level 1:colcon.colcon_core.package_identification:_identify(bwsibot/logs/2025-07-25) by extensions ['cmake', 'python']
[0.927s] Level 1:colcon.colcon_core.package_identification:_identify(bwsibot/logs/2025-07-25) by extension 'cmake'
[0.928s] Level 1:colcon.colcon_core.package_identification:_identify(bwsibot/logs/2025-07-25) by extension 'python'
[0.928s] Level 1:colcon.colcon_core.package_identification:_identify(bwsibot/logs/2025-07-25) by extensions ['python_setup_py']
[0.928s] Level 1:colcon.colcon_core.package_identification:_identify(bwsibot/logs/2025-07-25) by extension 'python_setup_py'
[0.928s] Level 1:colcon.colcon_core.package_identification:_identify(bwsibot/logs/2025-07-25/flight1) by extensions ['ignore', 'ignore_ament_install']
[0.929s] Level 1:colcon.colcon_core.package_identification:_identify(bwsibot/logs/2025-07-25/flight1) by extension 'ignore'
[0.929s] Level 1:colcon.colcon_core.package_identification:_identify(bwsibot/logs/2025-07-25/flight1) by extension 'ignore_ament_install'
[0.929s] Level 1:colcon.colcon_core.package_identification:_identify(bwsibot/logs/2025-07-25/flight1) by extensions ['colcon_pkg']
[0.929s] Level 1:colcon.colcon_core.package_identification:_identify(bwsibot/logs/2025-07-25/flight1) by extension 'colcon_pkg'
[0.930s] Level 1:colcon.colcon_core.package_identification:_identify(bwsibot/logs/2025-07-25/flight1) by extensions ['colcon_meta']
[0.930s] Level 1:colcon.colcon_core.package_identification:_identify(bwsibot/logs/2025-07-25/flight1) by extension 'colcon_meta'
[0.930s] Level 1:colcon.colcon_core.package_identification:_identify(bwsibot/logs/2025-07-25/flight1) by extensions ['ros']
[0.930s] Level 1:colcon.colcon_core.package_identification:_identify(bwsibot/logs/2025-07-25/flight1) by extension 'ros'
[0.931s] Level 1:colcon.colcon_core.package_identification:_identify(bwsibot/logs/2025-07-25/flight1) by extensions ['cmake', 'python']
[0.931s] Level 1:colcon.colcon_core.package_identification:_identify(bwsibot/logs/2025-07-25/flight1) by extension 'cmake'
[0.931s] Level 1:colcon.colcon_core.package_identification:_identify(bwsibot/logs/2025-07-25/flight1) by extension 'python'
[0.931s] Level 1:colcon.colcon_core.package_identification:_identify(bwsibot/logs/2025-07-25/flight1) by extensions ['python_setup_py']
[0.931s] Level 1:colcon.colcon_core.package_identification:_identify(bwsibot/logs/2025-07-25/flight1) by extension 'python_setup_py'
[0.932s] Level 1:colcon.colcon_core.package_identification:_identify(bwsibot/logs/2025-07-25/flight2) by extensions ['ignore', 'ignore_ament_install']
[0.932s] Level 1:colcon.colcon_core.package_identification:_identify(bwsibot/logs/2025-07-25/flight2) by extension 'ignore'
[0.933s] Level 1:colcon.colcon_core.package_identification:_identify(bwsibot/logs/2025-07-25/flight2) by extension 'ignore_ament_install'
[0.933s] Level 1:colcon.colcon_core.package_identification:_identify(bwsibot/logs/2025-07-25/flight2) by extensions ['colcon_pkg']
[0.933s] Level 1:colcon.colcon_core.package_identification:_identify(bwsibot/logs/2025-07-25/flight2) by extension 'colcon_pkg'
[0.933s] Level 1:colcon.colcon_core.package_identification:_identify(bwsibot/logs/2025-07-25/flight2) by extensions ['colcon_meta']
[0.934s] Level 1:colcon.colcon_core.package_identification:_identify(bwsibot/logs/2025-07-25/flight2) by extension 'colcon_meta'
[0.934s] Level 1:colcon.colcon_core.package_identification:_identify(bwsibot/logs/2025-07-25/flight2) by extensions ['ros']
[0.934s] Level 1:colcon.colcon_core.package_identification:_identify(bwsibot/logs/2025-07-25/flight2) by extension 'ros'
[0.935s] Level 1:colcon.colcon_core.package_identification:_identify(bwsibot/logs/2025-07-25/flight2) by extensions ['cmake', 'python']
[0.935s] Level 1:colcon.colcon_core.package_identification:_identify(bwsibot/logs/2025-07-25/flight2) by extension 'cmake'
[0.935s] Level 1:colcon.colcon_core.package_identification:_identify(bwsibot/logs/2025-07-25/flight2) by extension 'python'
[0.935s] Level 1:colcon.colcon_core.package_identification:_identify(bwsibot/logs/2025-07-25/flight2) by extensions ['python_setup_py']
[0.935s] Level 1:colcon.colcon_core.package_identification:_identify(bwsibot/logs/2025-07-25/flight2) by extension 'python_setup_py'
[0.936s] Level 1:colcon.colcon_core.package_identification:_identify(install) by extensions ['ignore', 'ignore_ament_install']
[0.936s] Level 1:colcon.colcon_core.package_identification:_identify(install) by extension 'ignore'
[0.936s] Level 1:colcon.colcon_core.package_identification:_identify(install) ignored
[0.937s] Level 1:colcon.colcon_core.package_identification:_identify(log) by extensions ['ignore', 'ignore_ament_install']
[0.937s] Level 1:colcon.colcon_core.package_identification:_identify(log) by extension 'ignore'
[0.937s] Level 1:colcon.colcon_core.package_identification:_identify(log) ignored
[0.938s] Level 1:colcon.colcon_core.package_identification:_identify(logs) by extensions ['ignore', 'ignore_ament_install']
[0.938s] Level 1:colcon.colcon_core.package_identification:_identify(logs) by extension 'ignore'
[0.938s] Level 1:colcon.colcon_core.package_identification:_identify(logs) by extension 'ignore_ament_install'
[0.939s] Level 1:colcon.colcon_core.package_identification:_identify(logs) by extensions ['colcon_pkg']
[0.939s] Level 1:colcon.colcon_core.package_identification:_identify(logs) by extension 'colcon_pkg'
[0.939s] Level 1:colcon.colcon_core.package_identification:_identify(logs) by extensions ['colcon_meta']
[0.939s] Level 1:colcon.colcon_core.package_identification:_identify(logs) by extension 'colcon_meta'
[0.939s] Level 1:colcon.colcon_core.package_identification:_identify(logs) by extensions ['ros']
[0.939s] Level 1:colcon.colcon_core.package_identification:_identify(logs) by extension 'ros'
[0.940s] Level 1:colcon.colcon_core.package_identification:_identify(logs) by extensions ['cmake', 'python']
[0.940s] Level 1:colcon.colcon_core.package_identification:_identify(logs) by extension 'cmake'
[0.940s] Level 1:colcon.colcon_core.package_identification:_identify(logs) by extension 'python'
[0.940s] Level 1:colcon.colcon_core.package_identification:_identify(logs) by extensions ['python_setup_py']
[0.940s] Level 1:colcon.colcon_core.package_identification:_identify(logs) by extension 'python_setup_py'
[0.941s] Level 1:colcon.colcon_core.package_identification:_identify(resource) by extensions ['ignore', 'ignore_ament_install']
[0.941s] Level 1:colcon.colcon_core.package_identification:_identify(resource) by extension 'ignore'
[0.941s] Level 1:colcon.colcon_core.package_identification:_identify(resource) by extension 'ignore_ament_install'
[0.941s] Level 1:colcon.colcon_core.package_identification:_identify(resource) by extensions ['colcon_pkg']
[0.942s] Level 1:colcon.colcon_core.package_identification:_identify(resource) by extension 'colcon_pkg'
[0.942s] Level 1:colcon.colcon_core.package_identification:_identify(resource) by extensions ['colcon_meta']
[0.942s] Level 1:colcon.colcon_core.package_identification:_identify(resource) by extension 'colcon_meta'
[0.942s] Level 1:colcon.colcon_core.package_identification:_identify(resource) by extensions ['ros']
[0.942s] Level 1:colcon.colcon_core.package_identification:_identify(resource) by extension 'ros'
[0.943s] Level 1:colcon.colcon_core.package_identification:_identify(resource) by extensions ['cmake', 'python']
[0.943s] Level 1:colcon.colcon_core.package_identification:_identify(resource) by extension 'cmake'
[0.943s] Level 1:colcon.colcon_core.package_identification:_identify(resource) by extension 'python'
[0.943s] Level 1:colcon.colcon_core.package_identification:_identify(resource) by extensions ['python_setup_py']
[0.943s] Level 1:colcon.colcon_core.package_identification:_identify(resource) by extension 'python_setup_py'
[0.943s] Level 1:colcon.colcon_core.package_identification:_identify(test) by extensions ['ignore', 'ignore_ament_install']
[0.944s] Level 1:colcon.colcon_core.package_identification:_identify(test) by extension 'ignore'
[0.944s] Level 1:colcon.colcon_core.package_identification:_identify(test) by extension 'ignore_ament_install'
[0.944s] Level 1:colcon.colcon_core.package_identification:_identify(test) by extensions ['colcon_pkg']
[0.944s] Level 1:colcon.colcon_core.package_identification:_identify(test) by extension 'colcon_pkg'
[0.945s] Level 1:colcon.colcon_core.package_identification:_identify(test) by extensions ['colcon_meta']
[0.945s] Level 1:colcon.colcon_core.package_identification:_identify(test) by extension 'colcon_meta'
[0.945s] Level 1:colcon.colcon_core.package_identification:_identify(test) by extensions ['ros']
[0.945s] Level 1:colcon.colcon_core.package_identification:_identify(test) by extension 'ros'
[0.945s] Level 1:colcon.colcon_core.package_identification:_identify(test) by extensions ['cmake', 'python']
[0.946s] Level 1:colcon.colcon_core.package_identification:_identify(test) by extension 'cmake'
[0.946s] Level 1:colcon.colcon_core.package_identification:_identify(test) by extension 'python'
[0.946s] Level 1:colcon.colcon_core.package_identification:_identify(test) by extensions ['python_setup_py']
[0.946s] Level 1:colcon.colcon_core.package_identification:_identify(test) by extension 'python_setup_py'
[0.946s] Level 1:colcon.colcon_core.package_discovery:discover_packages(recursive) using defaults
[0.947s] Level 1:colcon.colcon_core.package_discovery:discover_packages(ignore) discover
[0.947s] Level 1:colcon.colcon_core.package_discovery:discover_packages(ignore) using defaults
[0.947s] Level 1:colcon.colcon_core.package_discovery:discover_packages(path) discover
[0.947s] Level 1:colcon.colcon_core.package_discovery:discover_packages(path) using defaults
[1.027s] Level 1:colcon.colcon_core.package_discovery:discover_packages(prefix_path) check parameters
[1.028s] Level 1:colcon.colcon_core.package_discovery:discover_packages(prefix_path) discover
[1.040s] DEBUG:colcon.colcon_installed_package_information.package_discovery:Found 10 installed packages in /home/zguo27/auvc_ws/install
[1.054s] DEBUG:colcon.colcon_installed_package_information.package_discovery:Found 258 installed packages in /opt/ros/jazzy
[1.057s] Level 1:colcon.colcon_core.package_discovery:discover_packages(prefix_path) using defaults
[1.247s] Level 5:colcon.colcon_core.verb:set package 'bluerov2_arm_disarm' build argument 'cmake_args' from command line to 'None'
[1.247s] Level 5:colcon.colcon_core.verb:set package 'bluerov2_arm_disarm' build argument 'cmake_target' from command line to 'None'
[1.247s] Level 5:colcon.colcon_core.verb:set package 'bluerov2_arm_disarm' build argument 'cmake_target_skip_unavailable' from command line to 'False'
[1.247s] Level 5:colcon.colcon_core.verb:set package 'bluerov2_arm_disarm' build argument 'cmake_clean_cache' from command line to 'False'
[1.248s] Level 5:colcon.colcon_core.verb:set package 'bluerov2_arm_disarm' build argument 'cmake_clean_first' from command line to 'False'
[1.248s] Level 5:colcon.colcon_core.verb:set package 'bluerov2_arm_disarm' build argument 'cmake_force_configure' from command line to 'False'
[1.248s] Level 5:colcon.colcon_core.verb:set package 'bluerov2_arm_disarm' build argument 'ament_cmake_args' from command line to 'None'
[1.248s] Level 5:colcon.colcon_core.verb:set package 'bluerov2_arm_disarm' build argument 'catkin_cmake_args' from command line to 'None'
[1.248s] Level 5:colcon.colcon_core.verb:set package 'bluerov2_arm_disarm' build argument 'catkin_skip_building_tests' from command line to 'False'
[1.248s] DEBUG:colcon.colcon_core.verb:Building package 'bluerov2_arm_disarm' with the following arguments: {'ament_cmake_args': None, 'build_base': '/home/zguo27/auvc_ws/src/AUVC_stuff/build/bluerov2_arm_disarm', 'catkin_cmake_args': None, 'catkin_skip_building_tests': False, 'cmake_args': None, 'cmake_clean_cache': False, 'cmake_clean_first': False, 'cmake_force_configure': False, 'cmake_target': None, 'cmake_target_skip_unavailable': False, 'install_base': '/home/zguo27/auvc_ws/src/AUVC_stuff/install/bluerov2_arm_disarm', 'merge_install': False, 'path': '/home/zguo27/auvc_ws/src/AUVC_stuff/bluerov2_arm_disarm', 'symlink_install': False, 'test_result_base': None}
[1.249s] Level 5:colcon.colcon_core.verb:set package 'bluerov2_controllers' build argument 'cmake_args' from command line to 'None'
[1.250s] Level 5:colcon.colcon_core.verb:set package 'bluerov2_controllers' build argument 'cmake_target' from command line to 'None'
[1.250s] Level 5:colcon.colcon_core.verb:set package 'bluerov2_controllers' build argument 'cmake_target_skip_unavailable' from command line to 'False'
[1.250s] Level 5:colcon.colcon_core.verb:set package 'bluerov2_controllers' build argument 'cmake_clean_cache' from command line to 'False'
[1.250s] Level 5:colcon.colcon_core.verb:set package 'bluerov2_controllers' build argument 'cmake_clean_first' from command line to 'False'
[1.250s] Level 5:colcon.colcon_core.verb:set package 'bluerov2_controllers' build argument 'cmake_force_configure' from command line to 'False'
[1.250s] Level 5:colcon.colcon_core.verb:set package 'bluerov2_controllers' build argument 'ament_cmake_args' from command line to 'None'
[1.250s] Level 5:colcon.colcon_core.verb:set package 'bluerov2_controllers' build argument 'catkin_cmake_args' from command line to 'None'
[1.250s] Level 5:colcon.colcon_core.verb:set package 'bluerov2_controllers' build argument 'catkin_skip_building_tests' from command line to 'False'
[1.251s] DEBUG:colcon.colcon_core.verb:Building package 'bluerov2_controllers' with the following arguments: {'ament_cmake_args': None, 'build_base': '/home/zguo27/auvc_ws/src/AUVC_stuff/build/bluerov2_controllers', 'catkin_cmake_args': None, 'catkin_skip_building_tests': False, 'cmake_args': None, 'cmake_clean_cache': False, 'cmake_clean_first': False, 'cmake_force_configure': False, 'cmake_target': None, 'cmake_target_skip_unavailable': False, 'install_base': '/home/zguo27/auvc_ws/src/AUVC_stuff/install/bluerov2_controllers', 'merge_install': False, 'path': '/home/zguo27/auvc_ws/src/AUVC_stuff/bluerov2_controllers', 'symlink_install': False, 'test_result_base': None}
[1.252s] Level 5:colcon.colcon_core.verb:set package 'bluerov2_node' build argument 'cmake_args' from command line to 'None'
[1.252s] Level 5:colcon.colcon_core.verb:set package 'bluerov2_node' build argument 'cmake_target' from command line to 'None'
[1.252s] Level 5:colcon.colcon_core.verb:set package 'bluerov2_node' build argument 'cmake_target_skip_unavailable' from command line to 'False'
[1.252s] Level 5:colcon.colcon_core.verb:set package 'bluerov2_node' build argument 'cmake_clean_cache' from command line to 'False'
[1.252s] Level 5:colcon.colcon_core.verb:set package 'bluerov2_node' build argument 'cmake_clean_first' from command line to 'False'
[1.252s] Level 5:colcon.colcon_core.verb:set package 'bluerov2_node' build argument 'cmake_force_configure' from command line to 'False'
[1.253s] Level 5:colcon.colcon_core.verb:set package 'bluerov2_node' build argument 'ament_cmake_args' from command line to 'None'
[1.253s] Level 5:colcon.colcon_core.verb:set package 'bluerov2_node' build argument 'catkin_cmake_args' from command line to 'None'
[1.253s] Level 5:colcon.colcon_core.verb:set package 'bluerov2_node' build argument 'catkin_skip_building_tests' from command line to 'False'
[1.253s] DEBUG:colcon.colcon_core.verb:Building package 'bluerov2_node' with the following arguments: {'ament_cmake_args': None, 'build_base': '/home/zguo27/auvc_ws/src/AUVC_stuff/build/bluerov2_node', 'catkin_cmake_args': None, 'catkin_skip_building_tests': False, 'cmake_args': None, 'cmake_clean_cache': False, 'cmake_clean_first': False, 'cmake_force_configure': False, 'cmake_target': None, 'cmake_target_skip_unavailable': False, 'install_base': '/home/zguo27/auvc_ws/src/AUVC_stuff/install/bluerov2_node', 'merge_install': False, 'path': '/home/zguo27/auvc_ws/src/AUVC_stuff/bluerov2_node', 'symlink_install': False, 'test_result_base': None}
[1.254s] Level 5:colcon.colcon_core.verb:set package 'bluerov2_testers' build argument 'cmake_args' from command line to 'None'
[1.254s] Level 5:colcon.colcon_core.verb:set package 'bluerov2_testers' build argument 'cmake_target' from command line to 'None'
[1.255s] Level 5:colcon.colcon_core.verb:set package 'bluerov2_testers' build argument 'cmake_target_skip_unavailable' from command line to 'False'
[1.255s] Level 5:colcon.colcon_core.verb:set package 'bluerov2_testers' build argument 'cmake_clean_cache' from command line to 'False'
[1.255s] Level 5:colcon.colcon_core.verb:set package 'bluerov2_testers' build argument 'cmake_clean_first' from command line to 'False'
[1.255s] Level 5:colcon.colcon_core.verb:set package 'bluerov2_testers' build argument 'cmake_force_configure' from command line to 'False'
[1.255s] Level 5:colcon.colcon_core.verb:set package 'bluerov2_testers' build argument 'ament_cmake_args' from command line to 'None'
[1.255s] Level 5:colcon.colcon_core.verb:set package 'bluerov2_testers' build argument 'catkin_cmake_args' from command line to 'None'
[1.255s] Level 5:colcon.colcon_core.verb:set package 'bluerov2_testers' build argument 'catkin_skip_building_tests' from command line to 'False'
[1.255s] DEBUG:colcon.colcon_core.verb:Building package 'bluerov2_testers' with the following arguments: {'ament_cmake_args': None, 'build_base': '/home/zguo27/auvc_ws/src/AUVC_stuff/build/bluerov2_testers', 'catkin_cmake_args': None, 'catkin_skip_building_tests': False, 'cmake_args': None, 'cmake_clean_cache': False, 'cmake_clean_first': False, 'cmake_force_configure': False, 'cmake_target': None, 'cmake_target_skip_unavailable': False, 'install_base': '/home/zguo27/auvc_ws/src/AUVC_stuff/install/bluerov2_testers', 'merge_install': False, 'path': '/home/zguo27/auvc_ws/src/AUVC_stuff/bluerov2_testers', 'symlink_install': False, 'test_result_base': None}
[1.257s] Level 5:colcon.colcon_core.verb:set package 'bluerov2_launchers' build argument 'cmake_args' from command line to 'None'
[1.257s] Level 5:colcon.colcon_core.verb:set package 'bluerov2_launchers' build argument 'cmake_target' from command line to 'None'
[1.257s] Level 5:colcon.colcon_core.verb:set package 'bluerov2_launchers' build argument 'cmake_target_skip_unavailable' from command line to 'False'
[1.257s] Level 5:colcon.colcon_core.verb:set package 'bluerov2_launchers' build argument 'cmake_clean_cache' from command line to 'False'
[1.257s] Level 5:colcon.colcon_core.verb:set package 'bluerov2_launchers' build argument 'cmake_clean_first' from command line to 'False'
[1.257s] Level 5:colcon.colcon_core.verb:set package 'bluerov2_launchers' build argument 'cmake_force_configure' from command line to 'False'
[1.257s] Level 5:colcon.colcon_core.verb:set package 'bluerov2_launchers' build argument 'ament_cmake_args' from command line to 'None'
[1.257s] Level 5:colcon.colcon_core.verb:set package 'bluerov2_launchers' build argument 'catkin_cmake_args' from command line to 'None'
[1.258s] Level 5:colcon.colcon_core.verb:set package 'bluerov2_launchers' build argument 'catkin_skip_building_tests' from command line to 'False'
[1.258s] DEBUG:colcon.colcon_core.verb:Building package 'bluerov2_launchers' with the following arguments: {'ament_cmake_args': None, 'build_base': '/home/zguo27/auvc_ws/src/AUVC_stuff/build/bluerov2_launchers', 'catkin_cmake_args': None, 'catkin_skip_building_tests': False, 'cmake_args': None, 'cmake_clean_cache': False, 'cmake_clean_first': False, 'cmake_force_configure': False, 'cmake_target': None, 'cmake_target_skip_unavailable': False, 'install_base': '/home/zguo27/auvc_ws/src/AUVC_stuff/install/bluerov2_launchers', 'merge_install': False, 'path': '/home/zguo27/auvc_ws/src/AUVC_stuff/bluerov2_launchers', 'symlink_install': False, 'test_result_base': None}
[1.258s] INFO:colcon.colcon_core.executor:Executing jobs using 'parallel' executor
[1.262s] DEBUG:colcon.colcon_parallel_executor.executor.parallel:run_until_complete
[1.263s] INFO:colcon.colcon_ros.task.ament_python.build:Building ROS package in '/home/zguo27/auvc_ws/src/AUVC_stuff/bluerov2_arm_disarm' with build type 'ament_python'
[1.264s] Level 1:colcon.colcon_core.shell:create_environment_hook('bluerov2_arm_disarm', 'ament_prefix_path')
[1.275s] INFO:colcon.colcon_core.plugin_system:Skipping extension 'colcon_core.shell.bat': Not used on non-Windows systems
[1.276s] INFO:colcon.colcon_core.shell:Creating environment hook '/home/zguo27/auvc_ws/src/AUVC_stuff/install/bluerov2_arm_disarm/share/bluerov2_arm_disarm/hook/ament_prefix_path.ps1'
[1.278s] INFO:colcon.colcon_core.shell:Creating environment descriptor '/home/zguo27/auvc_ws/src/AUVC_stuff/install/bluerov2_arm_disarm/share/bluerov2_arm_disarm/hook/ament_prefix_path.dsv'
[1.281s] INFO:colcon.colcon_core.shell:Creating environment hook '/home/zguo27/auvc_ws/src/AUVC_stuff/install/bluerov2_arm_disarm/share/bluerov2_arm_disarm/hook/ament_prefix_path.sh'
[1.284s] INFO:colcon.colcon_core.shell:Skip shell extension 'powershell' for command environment: Not usable outside of PowerShell
[1.284s] DEBUG:colcon.colcon_core.shell:Skip shell extension 'dsv' for command environment
[1.306s] INFO:colcon.colcon_ros.task.ament_python.build:Building ROS package in '/home/zguo27/auvc_ws/src/AUVC_stuff/bluerov2_controllers' with build type 'ament_python'
[1.306s] Level 1:colcon.colcon_core.shell:create_environment_hook('bluerov2_controllers', 'ament_prefix_path')
[1.307s] INFO:colcon.colcon_core.shell:Creating environment hook '/home/zguo27/auvc_ws/src/AUVC_stuff/install/bluerov2_controllers/share/bluerov2_controllers/hook/ament_prefix_path.ps1'
[1.309s] INFO:colcon.colcon_core.shell:Creating environment descriptor '/home/zguo27/auvc_ws/src/AUVC_stuff/install/bluerov2_controllers/share/bluerov2_controllers/hook/ament_prefix_path.dsv'
[1.311s] INFO:colcon.colcon_core.shell:Creating environment hook '/home/zguo27/auvc_ws/src/AUVC_stuff/install/bluerov2_controllers/share/bluerov2_controllers/hook/ament_prefix_path.sh'
[1.314s] INFO:colcon.colcon_core.shell:Skip shell extension 'powershell' for command environment: Not usable outside of PowerShell
[1.314s] DEBUG:colcon.colcon_core.shell:Skip shell extension 'dsv' for command environment
[1.337s] INFO:colcon.colcon_ros.task.ament_python.build:Building ROS package in '/home/zguo27/auvc_ws/src/AUVC_stuff/bluerov2_node' with build type 'ament_python'
[1.338s] Level 1:colcon.colcon_core.shell:create_environment_hook('bluerov2_node', 'ament_prefix_path')
[1.339s] INFO:colcon.colcon_core.shell:Creating environment hook '/home/zguo27/auvc_ws/src/AUVC_stuff/install/bluerov2_node/share/bluerov2_node/hook/ament_prefix_path.ps1'
[1.341s] INFO:colcon.colcon_core.shell:Creating environment descriptor '/home/zguo27/auvc_ws/src/AUVC_stuff/install/bluerov2_node/share/bluerov2_node/hook/ament_prefix_path.dsv'
[1.343s] INFO:colcon.colcon_core.shell:Creating environment hook '/home/zguo27/auvc_ws/src/AUVC_stuff/install/bluerov2_node/share/bluerov2_node/hook/ament_prefix_path.sh'
[1.346s] INFO:colcon.colcon_core.shell:Skip shell extension 'powershell' for command environment: Not usable outside of PowerShell
[1.347s] DEBUG:colcon.colcon_core.shell:Skip shell extension 'dsv' for command environment
[1.371s] INFO:colcon.colcon_ros.task.ament_python.build:Building ROS package in '/home/zguo27/auvc_ws/src/AUVC_stuff/bluerov2_testers' with build type 'ament_python'
[1.372s] Level 1:colcon.colcon_core.shell:create_environment_hook('bluerov2_testers', 'ament_prefix_path')
[1.372s] INFO:colcon.colcon_core.shell:Creating environment hook '/home/zguo27/auvc_ws/src/AUVC_stuff/install/bluerov2_testers/share/bluerov2_testers/hook/ament_prefix_path.ps1'
[1.375s] INFO:colcon.colcon_core.shell:Creating environment descriptor '/home/zguo27/auvc_ws/src/AUVC_stuff/install/bluerov2_testers/share/bluerov2_testers/hook/ament_prefix_path.dsv'
[1.377s] INFO:colcon.colcon_core.shell:Creating environment hook '/home/zguo27/auvc_ws/src/AUVC_stuff/install/bluerov2_testers/share/bluerov2_testers/hook/ament_prefix_path.sh'
[1.379s] INFO:colcon.colcon_core.shell:Skip shell extension 'powershell' for command environment: Not usable outside of PowerShell
[1.380s] DEBUG:colcon.colcon_core.shell:Skip shell extension 'dsv' for command environment
[2.577s] INFO:colcon.colcon_core.task.python.build:Building Python package in '/home/zguo27/auvc_ws/src/AUVC_stuff/bluerov2_arm_disarm'
[2.578s] INFO:colcon.colcon_core.shell:Skip shell extension 'powershell' for command environment: Not usable outside of PowerShell
[2.578s] DEBUG:colcon.colcon_core.shell:Skip shell extension 'dsv' for command environment
[3.702s] INFO:colcon.colcon_core.task.python.build:Building Python package in '/home/zguo27/auvc_ws/src/AUVC_stuff/bluerov2_controllers'
[3.702s] INFO:colcon.colcon_core.shell:Skip shell extension 'powershell' for command environment: Not usable outside of PowerShell
[3.703s] DEBUG:colcon.colcon_core.shell:Skip shell extension 'dsv' for command environment
[4.849s] INFO:colcon.colcon_core.task.python.build:Building Python package in '/home/zguo27/auvc_ws/src/AUVC_stuff/bluerov2_node'
[4.850s] INFO:colcon.colcon_core.shell:Skip shell extension 'powershell' for command environment: Not usable outside of PowerShell
[4.850s] DEBUG:colcon.colcon_core.shell:Skip shell extension 'dsv' for command environment
[5.957s] INFO:colcon.colcon_core.task.python.build:Building Python package in '/home/zguo27/auvc_ws/src/AUVC_stuff/bluerov2_testers'
[5.957s] INFO:colcon.colcon_core.shell:Skip shell extension 'powershell' for command environment: Not usable outside of PowerShell
[5.958s] DEBUG:colcon.colcon_core.shell:Skip shell extension 'dsv' for command environment
[10.835s] DEBUG:colcon.colcon_core.event_handler.log_command:Invoking command in '/home/zguo27/auvc_ws/src/AUVC_stuff/bluerov2_controllers': PYTHONPATH=/home/zguo27/auvc_ws/src/AUVC_stuff/build/bluerov2_controllers/prefix_override:/usr/lib/python3/dist-packages/colcon_core/task/python/colcon_distutils_commands:/home/zguo27/auvc_ws/src/AUVC_stuff/install/bluerov2_controllers/lib/python3.12/site-packages:${PYTHONPATH} /usr/bin/python3 -W ignore:setup.py install is deprecated -W ignore:easy_install command is deprecated setup.py egg_info --egg-base ../build/bluerov2_controllers build --build-base /home/zguo27/auvc_ws/src/AUVC_stuff/build/bluerov2_controllers/build install --record /home/zguo27/auvc_ws/src/AUVC_stuff/build/bluerov2_controllers/install.log --single-version-externally-managed install_data
[11.132s] DEBUG:colcon.colcon_core.event_handler.log_command:Invoking command in '/home/zguo27/auvc_ws/src/AUVC_stuff/bluerov2_testers': PYTHONPATH=/home/zguo27/auvc_ws/src/AUVC_stuff/build/bluerov2_testers/prefix_override:/usr/lib/python3/dist-packages/colcon_core/task/python/colcon_distutils_commands:/home/zguo27/auvc_ws/src/AUVC_stuff/install/bluerov2_testers/lib/python3.12/site-packages:${PYTHONPATH} /usr/bin/python3 -W ignore:setup.py install is deprecated -W ignore:easy_install command is deprecated setup.py egg_info --egg-base ../build/bluerov2_testers build --build-base /home/zguo27/auvc_ws/src/AUVC_stuff/build/bluerov2_testers/build install --record /home/zguo27/auvc_ws/src/AUVC_stuff/build/bluerov2_testers/install.log --single-version-externally-managed install_data
[11.216s] DEBUG:colcon.colcon_core.event_handler.log_command:Invoking command in '/home/zguo27/auvc_ws/src/AUVC_stuff/bluerov2_node': PYTHONPATH=/home/zguo27/auvc_ws/src/AUVC_stuff/build/bluerov2_node/prefix_override:/usr/lib/python3/dist-packages/colcon_core/task/python/colcon_distutils_commands:/home/zguo27/auvc_ws/src/AUVC_stuff/install/bluerov2_node/lib/python3.12/site-packages:${PYTHONPATH} /usr/bin/python3 -W ignore:setup.py install is deprecated -W ignore:easy_install command is deprecated setup.py egg_info --egg-base ../build/bluerov2_node build --build-base /home/zguo27/auvc_ws/src/AUVC_stuff/build/bluerov2_node/build install --record /home/zguo27/auvc_ws/src/AUVC_stuff/build/bluerov2_node/install.log --single-version-externally-managed install_data
[11.676s] DEBUG:colcon.colcon_core.event_handler.log_command:Invoking command in '/home/zguo27/auvc_ws/src/AUVC_stuff/bluerov2_arm_disarm': PYTHONPATH=/home/zguo27/auvc_ws/src/AUVC_stuff/build/bluerov2_arm_disarm/prefix_override:/usr/lib/python3/dist-packages/colcon_core/task/python/colcon_distutils_commands:/home/zguo27/auvc_ws/src/AUVC_stuff/install/bluerov2_arm_disarm/lib/python3.12/site-packages:${PYTHONPATH} /usr/bin/python3 -W ignore:setup.py install is deprecated -W ignore:easy_install command is deprecated setup.py egg_info --egg-base ../build/bluerov2_arm_disarm build --build-base /home/zguo27/auvc_ws/src/AUVC_stuff/build/bluerov2_arm_disarm/build install --record /home/zguo27/auvc_ws/src/AUVC_stuff/build/bluerov2_arm_disarm/install.log --single-version-externally-managed install_data
[16.616s] DEBUG:colcon.colcon_core.event_handler.log_command:Invoked command in '/home/zguo27/auvc_ws/src/AUVC_stuff/bluerov2_testers' returned '0': PYTHONPATH=/home/zguo27/auvc_ws/src/AUVC_stuff/build/bluerov2_testers/prefix_override:/usr/lib/python3/dist-packages/colcon_core/task/python/colcon_distutils_commands:/home/zguo27/auvc_ws/src/AUVC_stuff/install/bluerov2_testers/lib/python3.12/site-packages:${PYTHONPATH} /usr/bin/python3 -W ignore:setup.py install is deprecated -W ignore:easy_install command is deprecated setup.py egg_info --egg-base ../build/bluerov2_testers build --build-base /home/zguo27/auvc_ws/src/AUVC_stuff/build/bluerov2_testers/build install --record /home/zguo27/auvc_ws/src/AUVC_stuff/build/bluerov2_testers/install.log --single-version-externally-managed install_data
[16.657s] Level 1:colcon.colcon_core.environment:checking '/home/zguo27/auvc_ws/src/AUVC_stuff/install/bluerov2_testers' for CMake module files
[16.669s] Level 1:colcon.colcon_core.environment:checking '/home/zguo27/auvc_ws/src/AUVC_stuff/install/bluerov2_testers' for CMake config files
[16.690s] Level 1:colcon.colcon_core.environment:checking '/home/zguo27/auvc_ws/src/AUVC_stuff/install/bluerov2_testers/lib'
[16.698s] Level 1:colcon.colcon_core.environment:checking '/home/zguo27/auvc_ws/src/AUVC_stuff/install/bluerov2_testers/bin'
[16.698s] Level 1:colcon.colcon_core.environment:checking '/home/zguo27/auvc_ws/src/AUVC_stuff/install/bluerov2_testers/lib/pkgconfig/bluerov2_testers.pc'
[16.700s] Level 1:colcon.colcon_core.environment:checking '/home/zguo27/auvc_ws/src/AUVC_stuff/install/bluerov2_testers/lib/python3.12/site-packages'
[16.704s] Level 1:colcon.colcon_core.shell:create_environment_hook('bluerov2_testers', 'pythonpath')
[16.706s] INFO:colcon.colcon_core.shell:Creating environment hook '/home/zguo27/auvc_ws/src/AUVC_stuff/install/bluerov2_testers/share/bluerov2_testers/hook/pythonpath.ps1'
[16.715s] INFO:colcon.colcon_core.shell:Creating environment descriptor '/home/zguo27/auvc_ws/src/AUVC_stuff/install/bluerov2_testers/share/bluerov2_testers/hook/pythonpath.dsv'
[16.717s] INFO:colcon.colcon_core.shell:Creating environment hook '/home/zguo27/auvc_ws/src/AUVC_stuff/install/bluerov2_testers/share/bluerov2_testers/hook/pythonpath.sh'
[16.730s] Level 1:colcon.colcon_core.environment:checking '/home/zguo27/auvc_ws/src/AUVC_stuff/install/bluerov2_testers/bin'
[16.730s] Level 1:colcon.colcon_core.environment:create_environment_scripts_only(bluerov2_testers)
[16.731s] INFO:colcon.colcon_core.shell:Creating package script '/home/zguo27/auvc_ws/src/AUVC_stuff/install/bluerov2_testers/share/bluerov2_testers/package.ps1'
[16.741s] INFO:colcon.colcon_core.shell:Creating package descriptor '/home/zguo27/auvc_ws/src/AUVC_stuff/install/bluerov2_testers/share/bluerov2_testers/package.dsv'
[16.747s] INFO:colcon.colcon_core.shell:Creating package script '/home/zguo27/auvc_ws/src/AUVC_stuff/install/bluerov2_testers/share/bluerov2_testers/package.sh'
[16.755s] INFO:colcon.colcon_core.shell:Creating package script '/home/zguo27/auvc_ws/src/AUVC_stuff/install/bluerov2_testers/share/bluerov2_testers/package.bash'
[16.764s] INFO:colcon.colcon_core.shell:Creating package script '/home/zguo27/auvc_ws/src/AUVC_stuff/install/bluerov2_testers/share/bluerov2_testers/package.zsh'
[16.774s] Level 1:colcon.colcon_core.environment:create_file_with_runtime_dependencies(/home/zguo27/auvc_ws/src/AUVC_stuff/install/bluerov2_testers/share/colcon-core/packages/bluerov2_testers)
[17.290s] Level 1:colcon.colcon_core.environment:checking '/home/zguo27/auvc_ws/src/AUVC_stuff/install/bluerov2_controllers' for CMake module files
[17.294s] DEBUG:colcon.colcon_core.event_handler.log_command:Invoked command in '/home/zguo27/auvc_ws/src/AUVC_stuff/bluerov2_controllers' returned '0': PYTHONPATH=/home/zguo27/auvc_ws/src/AUVC_stuff/build/bluerov2_controllers/prefix_override:/usr/lib/python3/dist-packages/colcon_core/task/python/colcon_distutils_commands:/home/zguo27/auvc_ws/src/AUVC_stuff/install/bluerov2_controllers/lib/python3.12/site-packages:${PYTHONPATH} /usr/bin/python3 -W ignore:setup.py install is deprecated -W ignore:easy_install command is deprecated setup.py egg_info --egg-base ../build/bluerov2_controllers build --build-base /home/zguo27/auvc_ws/src/AUVC_stuff/build/bluerov2_controllers/build install --record /home/zguo27/auvc_ws/src/AUVC_stuff/build/bluerov2_controllers/install.log --single-version-externally-managed install_data
[17.297s] Level 1:colcon.colcon_core.environment:checking '/home/zguo27/auvc_ws/src/AUVC_stuff/install/bluerov2_controllers' for CMake config files
[17.301s] Level 1:colcon.colcon_core.environment:checking '/home/zguo27/auvc_ws/src/AUVC_stuff/install/bluerov2_controllers/lib'
[17.303s] Level 1:colcon.colcon_core.environment:checking '/home/zguo27/auvc_ws/src/AUVC_stuff/install/bluerov2_controllers/bin'
[17.303s] Level 1:colcon.colcon_core.environment:checking '/home/zguo27/auvc_ws/src/AUVC_stuff/install/bluerov2_controllers/lib/pkgconfig/bluerov2_controllers.pc'
[17.305s] Level 1:colcon.colcon_core.environment:checking '/home/zguo27/auvc_ws/src/AUVC_stuff/install/bluerov2_controllers/lib/python3.12/site-packages'
[17.306s] Level 1:colcon.colcon_core.shell:create_environment_hook('bluerov2_controllers', 'pythonpath')
[17.311s] INFO:colcon.colcon_core.shell:Creating environment hook '/home/zguo27/auvc_ws/src/AUVC_stuff/install/bluerov2_controllers/share/bluerov2_controllers/hook/pythonpath.ps1'
[17.317s] INFO:colcon.colcon_core.shell:Creating environment descriptor '/home/zguo27/auvc_ws/src/AUVC_stuff/install/bluerov2_controllers/share/bluerov2_controllers/hook/pythonpath.dsv'
[17.324s] INFO:colcon.colcon_core.shell:Creating environment hook '/home/zguo27/auvc_ws/src/AUVC_stuff/install/bluerov2_controllers/share/bluerov2_controllers/hook/pythonpath.sh'
[17.331s] Level 1:colcon.colcon_core.environment:checking '/home/zguo27/auvc_ws/src/AUVC_stuff/install/bluerov2_controllers/bin'
[17.332s] Level 1:colcon.colcon_core.environment:create_environment_scripts_only(bluerov2_controllers)
[17.341s] INFO:colcon.colcon_core.shell:Creating package script '/home/zguo27/auvc_ws/src/AUVC_stuff/install/bluerov2_controllers/share/bluerov2_controllers/package.ps1'
[17.347s] INFO:colcon.colcon_core.shell:Creating package descriptor '/home/zguo27/auvc_ws/src/AUVC_stuff/install/bluerov2_controllers/share/bluerov2_controllers/package.dsv'
[17.353s] INFO:colcon.colcon_core.shell:Creating package script '/home/zguo27/auvc_ws/src/AUVC_stuff/install/bluerov2_controllers/share/bluerov2_controllers/package.sh'
[17.360s] INFO:colcon.colcon_core.shell:Creating package script '/home/zguo27/auvc_ws/src/AUVC_stuff/install/bluerov2_controllers/share/bluerov2_controllers/package.bash'
[17.367s] INFO:colcon.colcon_core.shell:Creating package script '/home/zguo27/auvc_ws/src/AUVC_stuff/install/bluerov2_controllers/share/bluerov2_controllers/package.zsh'
[17.374s] Level 1:colcon.colcon_core.environment:create_file_with_runtime_dependencies(/home/zguo27/auvc_ws/src/AUVC_stuff/install/bluerov2_controllers/share/colcon-core/packages/bluerov2_controllers)
[17.875s] Level 1:colcon.colcon_core.environment:checking '/home/zguo27/auvc_ws/src/AUVC_stuff/install/bluerov2_node' for CMake module files
[17.886s] DEBUG:colcon.colcon_core.event_handler.log_command:Invoked command in '/home/zguo27/auvc_ws/src/AUVC_stuff/bluerov2_node' returned '0': PYTHONPATH=/home/zguo27/auvc_ws/src/AUVC_stuff/build/bluerov2_node/prefix_override:/usr/lib/python3/dist-packages/colcon_core/task/python/colcon_distutils_commands:/home/zguo27/auvc_ws/src/AUVC_stuff/install/bluerov2_node/lib/python3.12/site-packages:${PYTHONPATH} /usr/bin/python3 -W ignore:setup.py install is deprecated -W ignore:easy_install command is deprecated setup.py egg_info --egg-base ../build/bluerov2_node build --build-base /home/zguo27/auvc_ws/src/AUVC_stuff/build/bluerov2_node/build install --record /home/zguo27/auvc_ws/src/AUVC_stuff/build/bluerov2_node/install.log --single-version-externally-managed install_data
[17.892s] Level 1:colcon.colcon_core.environment:checking '/home/zguo27/auvc_ws/src/AUVC_stuff/install/bluerov2_node' for CMake config files
[17.904s] Level 1:colcon.colcon_core.environment:checking '/home/zguo27/auvc_ws/src/AUVC_stuff/install/bluerov2_node/lib'
[17.905s] Level 1:colcon.colcon_core.environment:checking '/home/zguo27/auvc_ws/src/AUVC_stuff/install/bluerov2_node/bin'
[17.905s] Level 1:colcon.colcon_core.environment:checking '/home/zguo27/auvc_ws/src/AUVC_stuff/install/bluerov2_node/lib/pkgconfig/bluerov2_node.pc'
[17.911s] Level 1:colcon.colcon_core.environment:checking '/home/zguo27/auvc_ws/src/AUVC_stuff/install/bluerov2_node/lib/python3.12/site-packages'
[17.915s] Level 1:colcon.colcon_core.shell:create_environment_hook('bluerov2_node', 'pythonpath')
[17.920s] INFO:colcon.colcon_core.shell:Creating environment hook '/home/zguo27/auvc_ws/src/AUVC_stuff/install/bluerov2_node/share/bluerov2_node/hook/pythonpath.ps1'
[17.946s] INFO:colcon.colcon_core.shell:Creating environment descriptor '/home/zguo27/auvc_ws/src/AUVC_stuff/install/bluerov2_node/share/bluerov2_node/hook/pythonpath.dsv'
[17.954s] INFO:colcon.colcon_core.shell:Creating environment hook '/home/zguo27/auvc_ws/src/AUVC_stuff/install/bluerov2_node/share/bluerov2_node/hook/pythonpath.sh'
[17.965s] Level 1:colcon.colcon_core.environment:checking '/home/zguo27/auvc_ws/src/AUVC_stuff/install/bluerov2_node/bin'
[17.968s] Level 1:colcon.colcon_core.environment:create_environment_scripts_only(bluerov2_node)
[17.970s] INFO:colcon.colcon_core.shell:Creating package script '/home/zguo27/auvc_ws/src/AUVC_stuff/install/bluerov2_node/share/bluerov2_node/package.ps1'
[17.975s] INFO:colcon.colcon_core.shell:Creating package descriptor '/home/zguo27/auvc_ws/src/AUVC_stuff/install/bluerov2_node/share/bluerov2_node/package.dsv'
[17.983s] INFO:colcon.colcon_core.shell:Creating package script '/home/zguo27/auvc_ws/src/AUVC_stuff/install/bluerov2_node/share/bluerov2_node/package.sh'
[17.988s] INFO:colcon.colcon_core.shell:Creating package script '/home/zguo27/auvc_ws/src/AUVC_stuff/install/bluerov2_node/share/bluerov2_node/package.bash'
[17.994s] INFO:colcon.colcon_core.shell:Creating package script '/home/zguo27/auvc_ws/src/AUVC_stuff/install/bluerov2_node/share/bluerov2_node/package.zsh'
[18.000s] Level 1:colcon.colcon_core.environment:create_file_with_runtime_dependencies(/home/zguo27/auvc_ws/src/AUVC_stuff/install/bluerov2_node/share/colcon-core/packages/bluerov2_node)
[18.365s] Level 1:colcon.colcon_core.environment:checking '/home/zguo27/auvc_ws/src/AUVC_stuff/install/bluerov2_arm_disarm' for CMake module files
[18.367s] DEBUG:colcon.colcon_core.event_handler.log_command:Invoked command in '/home/zguo27/auvc_ws/src/AUVC_stuff/bluerov2_arm_disarm' returned '0': PYTHONPATH=/home/zguo27/auvc_ws/src/AUVC_stuff/build/bluerov2_arm_disarm/prefix_override:/usr/lib/python3/dist-packages/colcon_core/task/python/colcon_distutils_commands:/home/zguo27/auvc_ws/src/AUVC_stuff/install/bluerov2_arm_disarm/lib/python3.12/site-packages:${PYTHONPATH} /usr/bin/python3 -W ignore:setup.py install is deprecated -W ignore:easy_install command is deprecated setup.py egg_info --egg-base ../build/bluerov2_arm_disarm build --build-base /home/zguo27/auvc_ws/src/AUVC_stuff/build/bluerov2_arm_disarm/build install --record /home/zguo27/auvc_ws/src/AUVC_stuff/build/bluerov2_arm_disarm/install.log --single-version-externally-managed install_data
[18.378s] Level 1:colcon.colcon_core.environment:checking '/home/zguo27/auvc_ws/src/AUVC_stuff/install/bluerov2_arm_disarm' for CMake config files
[18.388s] Level 1:colcon.colcon_core.environment:checking '/home/zguo27/auvc_ws/src/AUVC_stuff/install/bluerov2_arm_disarm/lib'
[18.390s] Level 1:colcon.colcon_core.environment:checking '/home/zguo27/auvc_ws/src/AUVC_stuff/install/bluerov2_arm_disarm/bin'
[18.391s] Level 1:colcon.colcon_core.environment:checking '/home/zguo27/auvc_ws/src/AUVC_stuff/install/bluerov2_arm_disarm/lib/pkgconfig/bluerov2_arm_disarm.pc'
[18.393s] Level 1:colcon.colcon_core.environment:checking '/home/zguo27/auvc_ws/src/AUVC_stuff/install/bluerov2_arm_disarm/lib/python3.12/site-packages'
[18.395s] Level 1:colcon.colcon_core.shell:create_environment_hook('bluerov2_arm_disarm', 'pythonpath')
[18.397s] INFO:colcon.colcon_core.shell:Creating environment hook '/home/zguo27/auvc_ws/src/AUVC_stuff/install/bluerov2_arm_disarm/share/bluerov2_arm_disarm/hook/pythonpath.ps1'
[18.402s] INFO:colcon.colcon_core.shell:Creating environment descriptor '/home/zguo27/auvc_ws/src/AUVC_stuff/install/bluerov2_arm_disarm/share/bluerov2_arm_disarm/hook/pythonpath.dsv'
[18.407s] INFO:colcon.colcon_core.shell:Creating environment hook '/home/zguo27/auvc_ws/src/AUVC_stuff/install/bluerov2_arm_disarm/share/bluerov2_arm_disarm/hook/pythonpath.sh'
[18.417s] Level 1:colcon.colcon_core.environment:checking '/home/zguo27/auvc_ws/src/AUVC_stuff/install/bluerov2_arm_disarm/bin'
[18.418s] Level 1:colcon.colcon_core.environment:create_environment_scripts_only(bluerov2_arm_disarm)
[18.420s] INFO:colcon.colcon_core.shell:Creating package script '/home/zguo27/auvc_ws/src/AUVC_stuff/install/bluerov2_arm_disarm/share/bluerov2_arm_disarm/package.ps1'
[18.430s] INFO:colcon.colcon_core.shell:Creating package descriptor '/home/zguo27/auvc_ws/src/AUVC_stuff/install/bluerov2_arm_disarm/share/bluerov2_arm_disarm/package.dsv'
[18.436s] INFO:colcon.colcon_core.shell:Creating package script '/home/zguo27/auvc_ws/src/AUVC_stuff/install/bluerov2_arm_disarm/share/bluerov2_arm_disarm/package.sh'
[18.443s] INFO:colcon.colcon_core.shell:Creating package script '/home/zguo27/auvc_ws/src/AUVC_stuff/install/bluerov2_arm_disarm/share/bluerov2_arm_disarm/package.bash'
[18.451s] INFO:colcon.colcon_core.shell:Creating package script '/home/zguo27/auvc_ws/src/AUVC_stuff/install/bluerov2_arm_disarm/share/bluerov2_arm_disarm/package.zsh'
[18.456s] Level 1:colcon.colcon_core.environment:create_file_with_runtime_dependencies(/home/zguo27/auvc_ws/src/AUVC_stuff/install/bluerov2_arm_disarm/share/colcon-core/packages/bluerov2_arm_disarm)
[18.462s] INFO:colcon.colcon_ros.task.ament_python.build:Building ROS package in '/home/zguo27/auvc_ws/src/AUVC_stuff/bluerov2_launchers' with build type 'ament_python'
[18.464s] Level 1:colcon.colcon_core.shell:create_environment_hook('bluerov2_launchers', 'ament_prefix_path')
[18.472s] INFO:colcon.colcon_core.shell:Creating environment hook '/home/zguo27/auvc_ws/src/AUVC_stuff/install/bluerov2_launchers/share/bluerov2_launchers/hook/ament_prefix_path.ps1'
[18.477s] INFO:colcon.colcon_core.shell:Creating environment descriptor '/home/zguo27/auvc_ws/src/AUVC_stuff/install/bluerov2_launchers/share/bluerov2_launchers/hook/ament_prefix_path.dsv'
[18.484s] INFO:colcon.colcon_core.shell:Creating environment hook '/home/zguo27/auvc_ws/src/AUVC_stuff/install/bluerov2_launchers/share/bluerov2_launchers/hook/ament_prefix_path.sh'
[18.489s] INFO:colcon.colcon_core.shell:Skip shell extension 'powershell' for command environment: Not usable outside of PowerShell
[18.490s] DEBUG:colcon.colcon_core.shell:Skip shell extension 'dsv' for command environment
[20.917s] INFO:colcon.colcon_core.task.python.build:Building Python package in '/home/zguo27/auvc_ws/src/AUVC_stuff/bluerov2_launchers'
[20.919s] INFO:colcon.colcon_core.shell:Skip shell extension 'powershell' for command environment: Not usable outside of PowerShell
[20.919s] DEBUG:colcon.colcon_core.shell:Skip shell extension 'dsv' for command environment
[26.785s] DEBUG:colcon.colcon_core.event_handler.log_command:Invoking command in '/home/zguo27/auvc_ws/src/AUVC_stuff/bluerov2_launchers': AMENT_PREFIX_PATH=/home/zguo27/auvc_ws/src/AUVC_stuff/install/bluerov2_testers:/home/zguo27/auvc_ws/src/AUVC_stuff/install/bluerov2_node:/home/zguo27/auvc_ws/src/AUVC_stuff/install/bluerov2_controllers:/home/zguo27/auvc_ws/src/AUVC_stuff/install/bluerov2_arm_disarm:${AMENT_PREFIX_PATH} PYTHONPATH=/home/zguo27/auvc_ws/src/AUVC_stuff/build/bluerov2_launchers/prefix_override:/usr/lib/python3/dist-packages/colcon_core/task/python/colcon_distutils_commands:/home/zguo27/auvc_ws/src/AUVC_stuff/install/bluerov2_launchers/lib/python3.12/site-packages:/home/zguo27/auvc_ws/src/AUVC_stuff/install/bluerov2_testers/lib/python3.12/site-packages:/home/zguo27/auvc_ws/src/AUVC_stuff/install/bluerov2_node/lib/python3.12/site-packages:/home/zguo27/auvc_ws/src/AUVC_stuff/install/bluerov2_controllers/lib/python3.12/site-packages:/home/zguo27/auvc_ws/src/AUVC_stuff/install/bluerov2_arm_disarm/lib/python3.12/site-packages:${PYTHONPATH} /usr/bin/python3 -W ignore:setup.py install is deprecated -W ignore:easy_install command is deprecated setup.py egg_info --egg-base ../build/bluerov2_launchers build --build-base /home/zguo27/auvc_ws/src/AUVC_stuff/build/bluerov2_launchers/build install --record /home/zguo27/auvc_ws/src/AUVC_stuff/build/bluerov2_launchers/install.log --single-version-externally-managed install_data
[29.804s] Level 1:colcon.colcon_core.environment:checking '/home/zguo27/auvc_ws/src/AUVC_stuff/install/bluerov2_launchers' for CMake module files
[29.806s] DEBUG:colcon.colcon_core.event_handler.log_command:Invoked command in '/home/zguo27/auvc_ws/src/AUVC_stuff/bluerov2_launchers' returned '0': AMENT_PREFIX_PATH=/home/zguo27/auvc_ws/src/AUVC_stuff/install/bluerov2_testers:/home/zguo27/auvc_ws/src/AUVC_stuff/install/bluerov2_node:/home/zguo27/auvc_ws/src/AUVC_stuff/install/bluerov2_controllers:/home/zguo27/auvc_ws/src/AUVC_stuff/install/bluerov2_arm_disarm:${AMENT_PREFIX_PATH} PYTHONPATH=/home/zguo27/auvc_ws/src/AUVC_stuff/build/bluerov2_launchers/prefix_override:/usr/lib/python3/dist-packages/colcon_core/task/python/colcon_distutils_commands:/home/zguo27/auvc_ws/src/AUVC_stuff/install/bluerov2_launchers/lib/python3.12/site-packages:/home/zguo27/auvc_ws/src/AUVC_stuff/install/bluerov2_testers/lib/python3.12/site-packages:/home/zguo27/auvc_ws/src/AUVC_stuff/install/bluerov2_node/lib/python3.12/site-packages:/home/zguo27/auvc_ws/src/AUVC_stuff/install/bluerov2_controllers/lib/python3.12/site-packages:/home/zguo27/auvc_ws/src/AUVC_stuff/install/bluerov2_arm_disarm/lib/python3.12/site-packages:${PYTHONPATH} /usr/bin/python3 -W ignore:setup.py install is deprecated -W ignore:easy_install command is deprecated setup.py egg_info --egg-base ../build/bluerov2_launchers build --build-base /home/zguo27/auvc_ws/src/AUVC_stuff/build/bluerov2_launchers/build install --record /home/zguo27/auvc_ws/src/AUVC_stuff/build/bluerov2_launchers/install.log --single-version-externally-managed install_data
[29.808s] Level 1:colcon.colcon_core.environment:checking '/home/zguo27/auvc_ws/src/AUVC_stuff/install/bluerov2_launchers' for CMake config files
[29.811s] Level 1:colcon.colcon_core.environment:checking '/home/zguo27/auvc_ws/src/AUVC_stuff/install/bluerov2_launchers/lib'
[29.812s] Level 1:colcon.colcon_core.environment:checking '/home/zguo27/auvc_ws/src/AUVC_stuff/install/bluerov2_launchers/bin'
[29.812s] Level 1:colcon.colcon_core.environment:checking '/home/zguo27/auvc_ws/src/AUVC_stuff/install/bluerov2_launchers/lib/pkgconfig/bluerov2_launchers.pc'
[29.813s] Level 1:colcon.colcon_core.environment:checking '/home/zguo27/auvc_ws/src/AUVC_stuff/install/bluerov2_launchers/lib/python3.12/site-packages'
[29.814s] Level 1:colcon.colcon_core.shell:create_environment_hook('bluerov2_launchers', 'pythonpath')
[29.815s] INFO:colcon.colcon_core.shell:Creating environment hook '/home/zguo27/auvc_ws/src/AUVC_stuff/install/bluerov2_launchers/share/bluerov2_launchers/hook/pythonpath.ps1'
[29.817s] INFO:colcon.colcon_core.shell:Creating environment descriptor '/home/zguo27/auvc_ws/src/AUVC_stuff/install/bluerov2_launchers/share/bluerov2_launchers/hook/pythonpath.dsv'
[29.819s] INFO:colcon.colcon_core.shell:Creating environment hook '/home/zguo27/auvc_ws/src/AUVC_stuff/install/bluerov2_launchers/share/bluerov2_launchers/hook/pythonpath.sh'
[29.822s] Level 1:colcon.colcon_core.environment:checking '/home/zguo27/auvc_ws/src/AUVC_stuff/install/bluerov2_launchers/bin'
[29.822s] Level 1:colcon.colcon_core.environment:create_environment_scripts_only(bluerov2_launchers)
[29.823s] INFO:colcon.colcon_core.shell:Creating package script '/home/zguo27/auvc_ws/src/AUVC_stuff/install/bluerov2_launchers/share/bluerov2_launchers/package.ps1'
[29.825s] INFO:colcon.colcon_core.shell:Creating package descriptor '/home/zguo27/auvc_ws/src/AUVC_stuff/install/bluerov2_launchers/share/bluerov2_launchers/package.dsv'
[29.827s] INFO:colcon.colcon_core.shell:Creating package script '/home/zguo27/auvc_ws/src/AUVC_stuff/install/bluerov2_launchers/share/bluerov2_launchers/package.sh'
[29.829s] INFO:colcon.colcon_core.shell:Creating package script '/home/zguo27/auvc_ws/src/AUVC_stuff/install/bluerov2_launchers/share/bluerov2_launchers/package.bash'
[29.831s] INFO:colcon.colcon_core.shell:Creating package script '/home/zguo27/auvc_ws/src/AUVC_stuff/install/bluerov2_launchers/share/bluerov2_launchers/package.zsh'
[29.832s] Level 1:colcon.colcon_core.environment:create_file_with_runtime_dependencies(/home/zguo27/auvc_ws/src/AUVC_stuff/install/bluerov2_launchers/share/colcon-core/packages/bluerov2_launchers)
[29.833s] DEBUG:colcon.colcon_parallel_executor.executor.parallel:closing loop
[29.835s] DEBUG:colcon.colcon_parallel_executor.executor.parallel:loop closed
[29.836s] DEBUG:colcon.colcon_parallel_executor.executor.parallel:run_until_complete finished with '0'
[29.836s] DEBUG:colcon.colcon_core.event_reactor:joining thread
[29.867s] INFO:colcon.colcon_core.plugin_system:Skipping extension 'colcon_notification.desktop_notification.notify_send': Could not find 'notify-send'
[29.867s] INFO:colcon.colcon_core.plugin_system:Skipping extension 'colcon_notification.desktop_notification.terminal_notifier': Not used on non-Darwin systems
[29.868s] INFO:colcon.colcon_core.plugin_system:Skipping extension 'colcon_notification.desktop_notification.win32': Not used on non-Windows systems
[29.868s] INFO:colcon.colcon_notification.desktop_notification:Sending desktop notification using 'notify2'
[29.871s] DEBUG:colcon.colcon_notification.desktop_notification.notify2:Failed to initialize notify2: org.freedesktop.DBus.Error.ServiceUnknown: The name org.freedesktop.Notifications was not provided by any .service files
[29.871s] DEBUG:colcon.colcon_core.event_reactor:joined thread
[29.872s] INFO:colcon.colcon_core.shell:Creating prefix script '/home/zguo27/auvc_ws/src/AUVC_stuff/install/local_setup.ps1'
[29.875s] INFO:colcon.colcon_core.shell:Creating prefix util module '/home/zguo27/auvc_ws/src/AUVC_stuff/install/_local_setup_util_ps1.py'
[29.879s] INFO:colcon.colcon_core.shell:Creating prefix chain script '/home/zguo27/auvc_ws/src/AUVC_stuff/install/setup.ps1'
[29.887s] INFO:colcon.colcon_core.shell:Creating prefix script '/home/zguo27/auvc_ws/src/AUVC_stuff/install/local_setup.sh'
[29.890s] INFO:colcon.colcon_core.shell:Creating prefix util module '/home/zguo27/auvc_ws/src/AUVC_stuff/install/_local_setup_util_sh.py'
[29.892s] INFO:colcon.colcon_core.shell:Creating prefix chain script '/home/zguo27/auvc_ws/src/AUVC_stuff/install/setup.sh'
[29.900s] INFO:colcon.colcon_core.shell:Creating prefix script '/home/zguo27/auvc_ws/src/AUVC_stuff/install/local_setup.bash'
[29.902s] INFO:colcon.colcon_core.shell:Creating prefix chain script '/home/zguo27/auvc_ws/src/AUVC_stuff/install/setup.bash'
[29.908s] INFO:colcon.colcon_core.shell:Creating prefix script '/home/zguo27/auvc_ws/src/AUVC_stuff/install/local_setup.zsh'
[29.910s] INFO:colcon.colcon_core.shell:Creating prefix chain script '/home/zguo27/auvc_ws/src/AUVC_stuff/install/setup.zsh'
