running egg_info
writing ../build/bluerov2_arm_disarm/bluerov2_arm_disarm.egg-info/PKG-INFO
writing dependency_links to ../build/bluerov2_arm_disarm/bluerov2_arm_disarm.egg-info/dependency_links.txt
writing entry points to ../build/bluerov2_arm_disarm/bluerov2_arm_disarm.egg-info/entry_points.txt
writing requirements to ../build/bluerov2_arm_disarm/bluerov2_arm_disarm.egg-info/requires.txt
writing top-level names to ../build/bluerov2_arm_disarm/bluerov2_arm_disarm.egg-info/top_level.txt
reading manifest file '../build/bluerov2_arm_disarm/bluerov2_arm_disarm.egg-info/SOURCES.txt'
writing manifest file '../build/bluerov2_arm_disarm/bluerov2_arm_disarm.egg-info/SOURCES.txt'
running build
running build_py
running install
running install_lib
running install_data
running install_egg_info
removing '/home/zguo27/auvc_ws/src/AUVC_stuff/install/bluerov2_arm_disarm/lib/python3.12/site-packages/bluerov2_arm_disarm-0.0.0-py3.12.egg-info' (and everything under it)
Copying ../build/bluerov2_arm_disarm/bluerov2_arm_disarm.egg-info to /home/zguo27/auvc_ws/src/AUVC_stuff/install/bluerov2_arm_disarm/lib/python3.12/site-packages/bluerov2_arm_disarm-0.0.0-py3.12.egg-info
running install_scripts
Installing arm_disarm script to /home/zguo27/auvc_ws/src/AUVC_stuff/install/bluerov2_arm_disarm/lib/bluerov2_arm_disarm
Installing auv_movement script to /home/zguo27/auvc_ws/src/AUVC_stuff/install/bluerov2_arm_disarm/lib/bluerov2_arm_disarm
Installing dance_movement script to /home/zguo27/auvc_ws/src/AUVC_stuff/install/bluerov2_arm_disarm/lib/bluerov2_arm_disarm
Installing test_diagonal script to /home/zguo27/auvc_ws/src/AUVC_stuff/install/bluerov2_arm_disarm/lib/bluerov2_arm_disarm
writing list of installed files to '/home/zguo27/auvc_ws/src/AUVC_stuff/build/bluerov2_arm_disarm/install.log'
