[18.889s] Invoking command in '/home/zguo27/auvc_ws/src/AUVC_stuff/bluerov2_arm_disarm': PYTHONPATH=/home/zguo27/auvc_ws/src/AUVC_stuff/build/bluerov2_arm_disarm/prefix_override:/usr/lib/python3/dist-packages/colcon_core/task/python/colcon_distutils_commands:/home/zguo27/auvc_ws/src/AUVC_stuff/install/bluerov2_arm_disarm/lib/python3.12/site-packages:${PYTHONPATH} /usr/bin/python3 -W ignore:setup.py install is deprecated -W ignore:easy_install command is deprecated setup.py egg_info --egg-base ../build/bluerov2_arm_disarm build --build-base /home/zguo27/auvc_ws/src/AUVC_stuff/build/bluerov2_arm_disarm/build install --record /home/zguo27/auvc_ws/src/AUVC_stuff/build/bluerov2_arm_disarm/install.log --single-version-externally-managed install_data
[21.817s] running egg_info
[22.021s] writing ../build/bluerov2_arm_disarm/bluerov2_arm_disarm.egg-info/PKG-INFO
[22.023s] writing dependency_links to ../build/bluerov2_arm_disarm/bluerov2_arm_disarm.egg-info/dependency_links.txt
[22.029s] writing entry points to ../build/bluerov2_arm_disarm/bluerov2_arm_disarm.egg-info/entry_points.txt
[22.033s] writing requirements to ../build/bluerov2_arm_disarm/bluerov2_arm_disarm.egg-info/requires.txt
[22.034s] writing top-level names to ../build/bluerov2_arm_disarm/bluerov2_arm_disarm.egg-info/top_level.txt
[22.414s] reading manifest file '../build/bluerov2_arm_disarm/bluerov2_arm_disarm.egg-info/SOURCES.txt'
[22.421s] writing manifest file '../build/bluerov2_arm_disarm/bluerov2_arm_disarm.egg-info/SOURCES.txt'
[22.422s] running build
[22.422s] running build_py
[22.432s] running install
[22.465s] running install_lib
[22.655s] running install_data
[22.656s] running install_egg_info
[22.878s] removing '/home/zguo27/auvc_ws/src/AUVC_stuff/install/bluerov2_arm_disarm/lib/python3.12/site-packages/bluerov2_arm_disarm-0.0.0-py3.12.egg-info' (and everything under it)
[22.881s] Copying ../build/bluerov2_arm_disarm/bluerov2_arm_disarm.egg-info to /home/zguo27/auvc_ws/src/AUVC_stuff/install/bluerov2_arm_disarm/lib/python3.12/site-packages/bluerov2_arm_disarm-0.0.0-py3.12.egg-info
[22.895s] running install_scripts
[24.543s] Installing arm_disarm script to /home/zguo27/auvc_ws/src/AUVC_stuff/install/bluerov2_arm_disarm/lib/bluerov2_arm_disarm
[24.546s] Installing auv_movement script to /home/zguo27/auvc_ws/src/AUVC_stuff/install/bluerov2_arm_disarm/lib/bluerov2_arm_disarm
[24.546s] Installing dance_movement script to /home/zguo27/auvc_ws/src/AUVC_stuff/install/bluerov2_arm_disarm/lib/bluerov2_arm_disarm
[24.555s] Installing test_diagonal script to /home/zguo27/auvc_ws/src/AUVC_stuff/install/bluerov2_arm_disarm/lib/bluerov2_arm_disarm
[24.560s] writing list of installed files to '/home/zguo27/auvc_ws/src/AUVC_stuff/build/bluerov2_arm_disarm/install.log'
[24.809s] Invoked command in '/home/zguo27/auvc_ws/src/AUVC_stuff/bluerov2_arm_disarm' returned '0': PYTHONPATH=/home/zguo27/auvc_ws/src/AUVC_stuff/build/bluerov2_arm_disarm/prefix_override:/usr/lib/python3/dist-packages/colcon_core/task/python/colcon_distutils_commands:/home/zguo27/auvc_ws/src/AUVC_stuff/install/bluerov2_arm_disarm/lib/python3.12/site-packages:${PYTHONPATH} /usr/bin/python3 -W ignore:setup.py install is deprecated -W ignore:easy_install command is deprecated setup.py egg_info --egg-base ../build/bluerov2_arm_disarm build --build-base /home/zguo27/auvc_ws/src/AUVC_stuff/build/bluerov2_arm_disarm/build install --record /home/zguo27/auvc_ws/src/AUVC_stuff/build/bluerov2_arm_disarm/install.log --single-version-externally-managed install_data
