[10.104s] Invoking command in '/home/zguo27/auvc_ws/src/AUVC_stuff/bluerov2_arm_disarm': PYTHONPATH=/home/zguo27/auvc_ws/src/AUVC_stuff/build/bluerov2_arm_disarm/prefix_override:/usr/lib/python3/dist-packages/colcon_core/task/python/colcon_distutils_commands:/home/zguo27/auvc_ws/src/AUVC_stuff/install/bluerov2_arm_disarm/lib/python3.12/site-packages:${PYTHONPATH} VIRTUAL_ENV_PROMPT=(rosmav) /usr/bin/python3 -W ignore:setup.py install is deprecated -W ignore:easy_install command is deprecated setup.py egg_info --egg-base ../build/bluerov2_arm_disarm build --build-base /home/zguo27/auvc_ws/src/AUVC_stuff/build/bluerov2_arm_disarm/build install --record /home/zguo27/auvc_ws/src/AUVC_stuff/build/bluerov2_arm_disarm/install.log --single-version-externally-managed install_data
[12.276s] running egg_info
[12.442s] writing ../build/bluerov2_arm_disarm/bluerov2_arm_disarm.egg-info/PKG-INFO
[12.443s] writing dependency_links to ../build/bluerov2_arm_disarm/bluerov2_arm_disarm.egg-info/dependency_links.txt
[12.447s] writing entry points to ../build/bluerov2_arm_disarm/bluerov2_arm_disarm.egg-info/entry_points.txt
[12.448s] writing requirements to ../build/bluerov2_arm_disarm/bluerov2_arm_disarm.egg-info/requires.txt
[12.449s] writing top-level names to ../build/bluerov2_arm_disarm/bluerov2_arm_disarm.egg-info/top_level.txt
[12.945s] reading manifest file '../build/bluerov2_arm_disarm/bluerov2_arm_disarm.egg-info/SOURCES.txt'
[12.955s] writing manifest file '../build/bluerov2_arm_disarm/bluerov2_arm_disarm.egg-info/SOURCES.txt'
[12.957s] running build
[12.957s] running build_py
[12.967s] running install
[13.073s] running install_lib
[13.765s] running install_data
[13.771s] running install_egg_info
[14.069s] removing '/home/zguo27/auvc_ws/src/AUVC_stuff/install/bluerov2_arm_disarm/lib/python3.12/site-packages/bluerov2_arm_disarm-0.0.0-py3.12.egg-info' (and everything under it)
[14.072s] Copying ../build/bluerov2_arm_disarm/bluerov2_arm_disarm.egg-info to /home/zguo27/auvc_ws/src/AUVC_stuff/install/bluerov2_arm_disarm/lib/python3.12/site-packages/bluerov2_arm_disarm-0.0.0-py3.12.egg-info
[14.084s] running install_scripts
[15.698s] Installing arm_disarm script to /home/zguo27/auvc_ws/src/AUVC_stuff/install/bluerov2_arm_disarm/lib/bluerov2_arm_disarm
[15.701s] Installing auv_movement script to /home/zguo27/auvc_ws/src/AUVC_stuff/install/bluerov2_arm_disarm/lib/bluerov2_arm_disarm
[15.759s] Installing dance_movement script to /home/zguo27/auvc_ws/src/AUVC_stuff/install/bluerov2_arm_disarm/lib/bluerov2_arm_disarm
[15.767s] Installing test_diagonal script to /home/zguo27/auvc_ws/src/AUVC_stuff/install/bluerov2_arm_disarm/lib/bluerov2_arm_disarm
[15.780s] writing list of installed files to '/home/zguo27/auvc_ws/src/AUVC_stuff/build/bluerov2_arm_disarm/install.log'
[16.003s] Invoked command in '/home/zguo27/auvc_ws/src/AUVC_stuff/bluerov2_arm_disarm' returned '0': PYTHONPATH=/home/zguo27/auvc_ws/src/AUVC_stuff/build/bluerov2_arm_disarm/prefix_override:/usr/lib/python3/dist-packages/colcon_core/task/python/colcon_distutils_commands:/home/zguo27/auvc_ws/src/AUVC_stuff/install/bluerov2_arm_disarm/lib/python3.12/site-packages:${PYTHONPATH} VIRTUAL_ENV_PROMPT=(rosmav) /usr/bin/python3 -W ignore:setup.py install is deprecated -W ignore:easy_install command is deprecated setup.py egg_info --egg-base ../build/bluerov2_arm_disarm build --build-base /home/zguo27/auvc_ws/src/AUVC_stuff/build/bluerov2_arm_disarm/build install --record /home/zguo27/auvc_ws/src/AUVC_stuff/build/bluerov2_arm_disarm/install.log --single-version-externally-managed install_data
