[0.704s] DEBUG:colcon:Command line arguments: ['/usr/bin/colcon', 'build']
[0.705s] DEBUG:colcon:Parsed command line arguments: Namespace(log_base=None, log_level=None, verb_name='build', build_base='build', install_base='install', merge_install=False, symlink_install=False, test_result_base=None, continue_on_error=False, executor='parallel', parallel_workers=4, event_handlers=None, ignore_user_meta=False, metas=['./colcon.meta'], base_paths=['.'], packages_ignore=None, packages_ignore_regex=None, paths=None, packages_up_to=None, packages_up_to_regex=None, packages_above=None, packages_above_and_dependencies=None, packages_above_depth=None, packages_select_by_dep=None, packages_skip_by_dep=None, packages_skip_up_to=None, packages_select_build_failed=False, packages_skip_build_finished=False, packages_select_test_failures=False, packages_skip_test_passed=False, packages_select=None, packages_skip=None, packages_select_regex=None, packages_skip_regex=None, packages_start=None, packages_end=None, allow_overriding=[], cmake_args=None, cmake_target=None, cmake_target_skip_unavailable=False, cmake_clean_cache=False, cmake_clean_first=False, cmake_force_configure=False, ament_cmake_args=None, catkin_cmake_args=None, catkin_skip_building_tests=False, mixin_files=None, mixin=None, verb_parser=<colcon_mixin.mixin.mixin_argument.MixinArgumentDecorator object at 0xffff96a96cc0>, verb_extension=<colcon_core.verb.build.BuildVerb object at 0xffff96a969c0>, main=<bound method BuildVerb.main of <colcon_core.verb.build.BuildVerb object at 0xffff96a969c0>>, mixin_verb=('build',))
[0.907s] Level 1:colcon.colcon_core.package_discovery:discover_packages(colcon_meta) check parameters
[0.908s] Level 1:colcon.colcon_core.package_discovery:discover_packages(recursive) check parameters
[0.908s] Level 1:colcon.colcon_core.package_discovery:discover_packages(ignore) check parameters
[0.908s] Level 1:colcon.colcon_core.package_discovery:discover_packages(path) check parameters
[0.908s] Level 1:colcon.colcon_core.package_discovery:discover_packages(colcon_meta) discover
[0.909s] Level 1:colcon.colcon_core.package_discovery:discover_packages(recursive) discover
[0.909s] INFO:colcon.colcon_core.package_discovery:Crawling recursively for packages in '/home/zguo27/auvc_ws/src/AUVC_stuff'
[0.909s] Level 1:colcon.colcon_core.package_identification:_identify(.) by extensions ['ignore', 'ignore_ament_install']
[0.910s] Level 1:colcon.colcon_core.package_identification:_identify(.) by extension 'ignore'
[0.910s] Level 1:colcon.colcon_core.package_identification:_identify(.) by extension 'ignore_ament_install'
[0.911s] Level 1:colcon.colcon_core.package_identification:_identify(.) by extensions ['colcon_pkg']
[0.911s] Level 1:colcon.colcon_core.package_identification:_identify(.) by extension 'colcon_pkg'
[0.911s] Level 1:colcon.colcon_core.package_identification:_identify(.) by extensions ['colcon_meta']
[0.911s] Level 1:colcon.colcon_core.package_identification:_identify(.) by extension 'colcon_meta'
[0.912s] Level 1:colcon.colcon_core.package_identification:_identify(.) by extensions ['ros']
[0.912s] Level 1:colcon.colcon_core.package_identification:_identify(.) by extension 'ros'
[1.033s] Level 1:colcon.colcon_core.package_identification:_identify(.) by extensions ['cmake', 'python']
[1.034s] Level 1:colcon.colcon_core.package_identification:_identify(.) by extension 'cmake'
[1.034s] Level 1:colcon.colcon_core.package_identification:_identify(.) by extension 'python'
[1.034s] Level 1:colcon.colcon_core.package_identification:_identify(.) by extensions ['python_setup_py']
[1.034s] Level 1:colcon.colcon_core.package_identification:_identify(.) by extension 'python_setup_py'
[1.035s] Level 1:colcon.colcon_core.package_identification:_identify(bluerov2_arm_disarm) by extensions ['ignore', 'ignore_ament_install']
[1.036s] Level 1:colcon.colcon_core.package_identification:_identify(bluerov2_arm_disarm) by extension 'ignore'
[1.036s] Level 1:colcon.colcon_core.package_identification:_identify(bluerov2_arm_disarm) by extension 'ignore_ament_install'
[1.037s] Level 1:colcon.colcon_core.package_identification:_identify(bluerov2_arm_disarm) by extensions ['colcon_pkg']
[1.037s] Level 1:colcon.colcon_core.package_identification:_identify(bluerov2_arm_disarm) by extension 'colcon_pkg'
[1.037s] Level 1:colcon.colcon_core.package_identification:_identify(bluerov2_arm_disarm) by extensions ['colcon_meta']
[1.037s] Level 1:colcon.colcon_core.package_identification:_identify(bluerov2_arm_disarm) by extension 'colcon_meta'
[1.038s] Level 1:colcon.colcon_core.package_identification:_identify(bluerov2_arm_disarm) by extensions ['ros']
[1.038s] Level 1:colcon.colcon_core.package_identification:_identify(bluerov2_arm_disarm) by extension 'ros'
[1.050s] DEBUG:colcon.colcon_core.package_identification:Package 'bluerov2_arm_disarm' with type 'ros.ament_python' and name 'bluerov2_arm_disarm'
[1.050s] Level 1:colcon.colcon_core.package_identification:_identify(bluerov2_controllers) by extensions ['ignore', 'ignore_ament_install']
[1.051s] Level 1:colcon.colcon_core.package_identification:_identify(bluerov2_controllers) by extension 'ignore'
[1.051s] Level 1:colcon.colcon_core.package_identification:_identify(bluerov2_controllers) by extension 'ignore_ament_install'
[1.052s] Level 1:colcon.colcon_core.package_identification:_identify(bluerov2_controllers) by extensions ['colcon_pkg']
[1.052s] Level 1:colcon.colcon_core.package_identification:_identify(bluerov2_controllers) by extension 'colcon_pkg'
[1.052s] Level 1:colcon.colcon_core.package_identification:_identify(bluerov2_controllers) by extensions ['colcon_meta']
[1.052s] Level 1:colcon.colcon_core.package_identification:_identify(bluerov2_controllers) by extension 'colcon_meta'
[1.053s] Level 1:colcon.colcon_core.package_identification:_identify(bluerov2_controllers) by extensions ['ros']
[1.053s] Level 1:colcon.colcon_core.package_identification:_identify(bluerov2_controllers) by extension 'ros'
[1.057s] DEBUG:colcon.colcon_core.package_identification:Package 'bluerov2_controllers' with type 'ros.ament_python' and name 'bluerov2_controllers'
[1.057s] Level 1:colcon.colcon_core.package_identification:_identify(bluerov2_launchers) by extensions ['ignore', 'ignore_ament_install']
[1.058s] Level 1:colcon.colcon_core.package_identification:_identify(bluerov2_launchers) by extension 'ignore'
[1.058s] Level 1:colcon.colcon_core.package_identification:_identify(bluerov2_launchers) by extension 'ignore_ament_install'
[1.059s] Level 1:colcon.colcon_core.package_identification:_identify(bluerov2_launchers) by extensions ['colcon_pkg']
[1.059s] Level 1:colcon.colcon_core.package_identification:_identify(bluerov2_launchers) by extension 'colcon_pkg'
[1.059s] Level 1:colcon.colcon_core.package_identification:_identify(bluerov2_launchers) by extensions ['colcon_meta']
[1.059s] Level 1:colcon.colcon_core.package_identification:_identify(bluerov2_launchers) by extension 'colcon_meta'
[1.060s] Level 1:colcon.colcon_core.package_identification:_identify(bluerov2_launchers) by extensions ['ros']
[1.060s] Level 1:colcon.colcon_core.package_identification:_identify(bluerov2_launchers) by extension 'ros'
[1.066s] DEBUG:colcon.colcon_core.package_identification:Package 'bluerov2_launchers' with type 'ros.ament_python' and name 'bluerov2_launchers'
[1.067s] Level 1:colcon.colcon_core.package_identification:_identify(bluerov2_node) by extensions ['ignore', 'ignore_ament_install']
[1.067s] Level 1:colcon.colcon_core.package_identification:_identify(bluerov2_node) by extension 'ignore'
[1.068s] Level 1:colcon.colcon_core.package_identification:_identify(bluerov2_node) by extension 'ignore_ament_install'
[1.069s] Level 1:colcon.colcon_core.package_identification:_identify(bluerov2_node) by extensions ['colcon_pkg']
[1.069s] Level 1:colcon.colcon_core.package_identification:_identify(bluerov2_node) by extension 'colcon_pkg'
[1.070s] Level 1:colcon.colcon_core.package_identification:_identify(bluerov2_node) by extensions ['colcon_meta']
[1.070s] Level 1:colcon.colcon_core.package_identification:_identify(bluerov2_node) by extension 'colcon_meta'
[1.070s] Level 1:colcon.colcon_core.package_identification:_identify(bluerov2_node) by extensions ['ros']
[1.071s] Level 1:colcon.colcon_core.package_identification:_identify(bluerov2_node) by extension 'ros'
[1.076s] DEBUG:colcon.colcon_core.package_identification:Package 'bluerov2_node' with type 'ros.ament_python' and name 'bluerov2_node'
[1.077s] Level 1:colcon.colcon_core.package_identification:_identify(bluerov2_opencv) by extensions ['ignore', 'ignore_ament_install']
[1.078s] Level 1:colcon.colcon_core.package_identification:_identify(bluerov2_opencv) by extension 'ignore'
[1.079s] Level 1:colcon.colcon_core.package_identification:_identify(bluerov2_opencv) by extension 'ignore_ament_install'
[1.079s] Level 1:colcon.colcon_core.package_identification:_identify(bluerov2_opencv) by extensions ['colcon_pkg']
[1.080s] Level 1:colcon.colcon_core.package_identification:_identify(bluerov2_opencv) by extension 'colcon_pkg'
[1.080s] Level 1:colcon.colcon_core.package_identification:_identify(bluerov2_opencv) by extensions ['colcon_meta']
[1.080s] Level 1:colcon.colcon_core.package_identification:_identify(bluerov2_opencv) by extension 'colcon_meta'
[1.081s] Level 1:colcon.colcon_core.package_identification:_identify(bluerov2_opencv) by extensions ['ros']
[1.081s] Level 1:colcon.colcon_core.package_identification:_identify(bluerov2_opencv) by extension 'ros'
[1.082s] Level 1:colcon.colcon_core.package_identification:_identify(bluerov2_opencv) by extensions ['cmake', 'python']
[1.083s] Level 1:colcon.colcon_core.package_identification:_identify(bluerov2_opencv) by extension 'cmake'
[1.083s] Level 1:colcon.colcon_core.package_identification:_identify(bluerov2_opencv) by extension 'python'
[1.084s] Level 1:colcon.colcon_core.package_identification:_identify(bluerov2_opencv) by extensions ['python_setup_py']
[1.085s] Level 1:colcon.colcon_core.package_identification:_identify(bluerov2_opencv) by extension 'python_setup_py'
[1.086s] Level 1:colcon.colcon_core.package_identification:_identify(bluerov2_opencv/log) by extensions ['ignore', 'ignore_ament_install']
[1.087s] Level 1:colcon.colcon_core.package_identification:_identify(bluerov2_opencv/log) by extension 'ignore'
[1.087s] Level 1:colcon.colcon_core.package_identification:_identify(bluerov2_opencv/log) ignored
[1.088s] Level 1:colcon.colcon_core.package_identification:_identify(bluerov2_testers) by extensions ['ignore', 'ignore_ament_install']
[1.089s] Level 1:colcon.colcon_core.package_identification:_identify(bluerov2_testers) by extension 'ignore'
[1.090s] Level 1:colcon.colcon_core.package_identification:_identify(bluerov2_testers) by extension 'ignore_ament_install'
[1.092s] Level 1:colcon.colcon_core.package_identification:_identify(bluerov2_testers) by extensions ['colcon_pkg']
[1.092s] Level 1:colcon.colcon_core.package_identification:_identify(bluerov2_testers) by extension 'colcon_pkg'
[1.093s] Level 1:colcon.colcon_core.package_identification:_identify(bluerov2_testers) by extensions ['colcon_meta']
[1.093s] Level 1:colcon.colcon_core.package_identification:_identify(bluerov2_testers) by extension 'colcon_meta'
[1.094s] Level 1:colcon.colcon_core.package_identification:_identify(bluerov2_testers) by extensions ['ros']
[1.094s] Level 1:colcon.colcon_core.package_identification:_identify(bluerov2_testers) by extension 'ros'
[1.099s] DEBUG:colcon.colcon_core.package_identification:Package 'bluerov2_testers' with type 'ros.ament_python' and name 'bluerov2_testers'
[1.099s] Level 1:colcon.colcon_core.package_identification:_identify(build) by extensions ['ignore', 'ignore_ament_install']
[1.100s] Level 1:colcon.colcon_core.package_identification:_identify(build) by extension 'ignore'
[1.100s] Level 1:colcon.colcon_core.package_identification:_identify(build) ignored
[1.100s] Level 1:colcon.colcon_core.package_identification:_identify(bwsibot) by extensions ['ignore', 'ignore_ament_install']
[1.101s] Level 1:colcon.colcon_core.package_identification:_identify(bwsibot) by extension 'ignore'
[1.101s] Level 1:colcon.colcon_core.package_identification:_identify(bwsibot) by extension 'ignore_ament_install'
[1.102s] Level 1:colcon.colcon_core.package_identification:_identify(bwsibot) by extensions ['colcon_pkg']
[1.102s] Level 1:colcon.colcon_core.package_identification:_identify(bwsibot) by extension 'colcon_pkg'
[1.102s] Level 1:colcon.colcon_core.package_identification:_identify(bwsibot) by extensions ['colcon_meta']
[1.103s] Level 1:colcon.colcon_core.package_identification:_identify(bwsibot) by extension 'colcon_meta'
[1.103s] Level 1:colcon.colcon_core.package_identification:_identify(bwsibot) by extensions ['ros']
[1.103s] Level 1:colcon.colcon_core.package_identification:_identify(bwsibot) by extension 'ros'
[1.103s] Level 1:colcon.colcon_core.package_identification:_identify(bwsibot) by extensions ['cmake', 'python']
[1.104s] Level 1:colcon.colcon_core.package_identification:_identify(bwsibot) by extension 'cmake'
[1.104s] Level 1:colcon.colcon_core.package_identification:_identify(bwsibot) by extension 'python'
[1.104s] Level 1:colcon.colcon_core.package_identification:_identify(bwsibot) by extensions ['python_setup_py']
[1.104s] Level 1:colcon.colcon_core.package_identification:_identify(bwsibot) by extension 'python_setup_py'
[1.105s] Level 1:colcon.colcon_core.package_identification:_identify(bwsibot/logs) by extensions ['ignore', 'ignore_ament_install']
[1.106s] Level 1:colcon.colcon_core.package_identification:_identify(bwsibot/logs) by extension 'ignore'
[1.106s] Level 1:colcon.colcon_core.package_identification:_identify(bwsibot/logs) by extension 'ignore_ament_install'
[1.106s] Level 1:colcon.colcon_core.package_identification:_identify(bwsibot/logs) by extensions ['colcon_pkg']
[1.107s] Level 1:colcon.colcon_core.package_identification:_identify(bwsibot/logs) by extension 'colcon_pkg'
[1.107s] Level 1:colcon.colcon_core.package_identification:_identify(bwsibot/logs) by extensions ['colcon_meta']
[1.107s] Level 1:colcon.colcon_core.package_identification:_identify(bwsibot/logs) by extension 'colcon_meta'
[1.107s] Level 1:colcon.colcon_core.package_identification:_identify(bwsibot/logs) by extensions ['ros']
[1.107s] Level 1:colcon.colcon_core.package_identification:_identify(bwsibot/logs) by extension 'ros'
[1.108s] Level 1:colcon.colcon_core.package_identification:_identify(bwsibot/logs) by extensions ['cmake', 'python']
[1.108s] Level 1:colcon.colcon_core.package_identification:_identify(bwsibot/logs) by extension 'cmake'
[1.109s] Level 1:colcon.colcon_core.package_identification:_identify(bwsibot/logs) by extension 'python'
[1.109s] Level 1:colcon.colcon_core.package_identification:_identify(bwsibot/logs) by extensions ['python_setup_py']
[1.109s] Level 1:colcon.colcon_core.package_identification:_identify(bwsibot/logs) by extension 'python_setup_py'
[1.110s] Level 1:colcon.colcon_core.package_identification:_identify(bwsibot/logs/2025-07-25) by extensions ['ignore', 'ignore_ament_install']
[1.110s] Level 1:colcon.colcon_core.package_identification:_identify(bwsibot/logs/2025-07-25) by extension 'ignore'
[1.111s] Level 1:colcon.colcon_core.package_identification:_identify(bwsibot/logs/2025-07-25) by extension 'ignore_ament_install'
[1.111s] Level 1:colcon.colcon_core.package_identification:_identify(bwsibot/logs/2025-07-25) by extensions ['colcon_pkg']
[1.111s] Level 1:colcon.colcon_core.package_identification:_identify(bwsibot/logs/2025-07-25) by extension 'colcon_pkg'
[1.112s] Level 1:colcon.colcon_core.package_identification:_identify(bwsibot/logs/2025-07-25) by extensions ['colcon_meta']
[1.112s] Level 1:colcon.colcon_core.package_identification:_identify(bwsibot/logs/2025-07-25) by extension 'colcon_meta'
[1.112s] Level 1:colcon.colcon_core.package_identification:_identify(bwsibot/logs/2025-07-25) by extensions ['ros']
[1.112s] Level 1:colcon.colcon_core.package_identification:_identify(bwsibot/logs/2025-07-25) by extension 'ros'
[1.113s] Level 1:colcon.colcon_core.package_identification:_identify(bwsibot/logs/2025-07-25) by extensions ['cmake', 'python']
[1.113s] Level 1:colcon.colcon_core.package_identification:_identify(bwsibot/logs/2025-07-25) by extension 'cmake'
[1.114s] Level 1:colcon.colcon_core.package_identification:_identify(bwsibot/logs/2025-07-25) by extension 'python'
[1.114s] Level 1:colcon.colcon_core.package_identification:_identify(bwsibot/logs/2025-07-25) by extensions ['python_setup_py']
[1.114s] Level 1:colcon.colcon_core.package_identification:_identify(bwsibot/logs/2025-07-25) by extension 'python_setup_py'
[1.115s] Level 1:colcon.colcon_core.package_identification:_identify(bwsibot/logs/2025-07-25/flight1) by extensions ['ignore', 'ignore_ament_install']
[1.115s] Level 1:colcon.colcon_core.package_identification:_identify(bwsibot/logs/2025-07-25/flight1) by extension 'ignore'
[1.116s] Level 1:colcon.colcon_core.package_identification:_identify(bwsibot/logs/2025-07-25/flight1) by extension 'ignore_ament_install'
[1.116s] Level 1:colcon.colcon_core.package_identification:_identify(bwsibot/logs/2025-07-25/flight1) by extensions ['colcon_pkg']
[1.116s] Level 1:colcon.colcon_core.package_identification:_identify(bwsibot/logs/2025-07-25/flight1) by extension 'colcon_pkg'
[1.117s] Level 1:colcon.colcon_core.package_identification:_identify(bwsibot/logs/2025-07-25/flight1) by extensions ['colcon_meta']
[1.117s] Level 1:colcon.colcon_core.package_identification:_identify(bwsibot/logs/2025-07-25/flight1) by extension 'colcon_meta'
[1.117s] Level 1:colcon.colcon_core.package_identification:_identify(bwsibot/logs/2025-07-25/flight1) by extensions ['ros']
[1.117s] Level 1:colcon.colcon_core.package_identification:_identify(bwsibot/logs/2025-07-25/flight1) by extension 'ros'
[1.118s] Level 1:colcon.colcon_core.package_identification:_identify(bwsibot/logs/2025-07-25/flight1) by extensions ['cmake', 'python']
[1.118s] Level 1:colcon.colcon_core.package_identification:_identify(bwsibot/logs/2025-07-25/flight1) by extension 'cmake'
[1.118s] Level 1:colcon.colcon_core.package_identification:_identify(bwsibot/logs/2025-07-25/flight1) by extension 'python'
[1.119s] Level 1:colcon.colcon_core.package_identification:_identify(bwsibot/logs/2025-07-25/flight1) by extensions ['python_setup_py']
[1.119s] Level 1:colcon.colcon_core.package_identification:_identify(bwsibot/logs/2025-07-25/flight1) by extension 'python_setup_py'
[1.120s] Level 1:colcon.colcon_core.package_identification:_identify(bwsibot/logs/2025-07-28) by extensions ['ignore', 'ignore_ament_install']
[1.120s] Level 1:colcon.colcon_core.package_identification:_identify(bwsibot/logs/2025-07-28) by extension 'ignore'
[1.120s] Level 1:colcon.colcon_core.package_identification:_identify(bwsibot/logs/2025-07-28) by extension 'ignore_ament_install'
[1.121s] Level 1:colcon.colcon_core.package_identification:_identify(bwsibot/logs/2025-07-28) by extensions ['colcon_pkg']
[1.121s] Level 1:colcon.colcon_core.package_identification:_identify(bwsibot/logs/2025-07-28) by extension 'colcon_pkg'
[1.121s] Level 1:colcon.colcon_core.package_identification:_identify(bwsibot/logs/2025-07-28) by extensions ['colcon_meta']
[1.122s] Level 1:colcon.colcon_core.package_identification:_identify(bwsibot/logs/2025-07-28) by extension 'colcon_meta'
[1.122s] Level 1:colcon.colcon_core.package_identification:_identify(bwsibot/logs/2025-07-28) by extensions ['ros']
[1.122s] Level 1:colcon.colcon_core.package_identification:_identify(bwsibot/logs/2025-07-28) by extension 'ros'
[1.123s] Level 1:colcon.colcon_core.package_identification:_identify(bwsibot/logs/2025-07-28) by extensions ['cmake', 'python']
[1.123s] Level 1:colcon.colcon_core.package_identification:_identify(bwsibot/logs/2025-07-28) by extension 'cmake'
[1.123s] Level 1:colcon.colcon_core.package_identification:_identify(bwsibot/logs/2025-07-28) by extension 'python'
[1.123s] Level 1:colcon.colcon_core.package_identification:_identify(bwsibot/logs/2025-07-28) by extensions ['python_setup_py']
[1.124s] Level 1:colcon.colcon_core.package_identification:_identify(bwsibot/logs/2025-07-28) by extension 'python_setup_py'
[1.124s] Level 1:colcon.colcon_core.package_identification:_identify(bwsibot/logs/2025-07-28/flight1) by extensions ['ignore', 'ignore_ament_install']
[1.125s] Level 1:colcon.colcon_core.package_identification:_identify(bwsibot/logs/2025-07-28/flight1) by extension 'ignore'
[1.125s] Level 1:colcon.colcon_core.package_identification:_identify(bwsibot/logs/2025-07-28/flight1) by extension 'ignore_ament_install'
[1.126s] Level 1:colcon.colcon_core.package_identification:_identify(bwsibot/logs/2025-07-28/flight1) by extensions ['colcon_pkg']
[1.126s] Level 1:colcon.colcon_core.package_identification:_identify(bwsibot/logs/2025-07-28/flight1) by extension 'colcon_pkg'
[1.126s] Level 1:colcon.colcon_core.package_identification:_identify(bwsibot/logs/2025-07-28/flight1) by extensions ['colcon_meta']
[1.126s] Level 1:colcon.colcon_core.package_identification:_identify(bwsibot/logs/2025-07-28/flight1) by extension 'colcon_meta'
[1.127s] Level 1:colcon.colcon_core.package_identification:_identify(bwsibot/logs/2025-07-28/flight1) by extensions ['ros']
[1.127s] Level 1:colcon.colcon_core.package_identification:_identify(bwsibot/logs/2025-07-28/flight1) by extension 'ros'
[1.127s] Level 1:colcon.colcon_core.package_identification:_identify(bwsibot/logs/2025-07-28/flight1) by extensions ['cmake', 'python']
[1.128s] Level 1:colcon.colcon_core.package_identification:_identify(bwsibot/logs/2025-07-28/flight1) by extension 'cmake'
[1.128s] Level 1:colcon.colcon_core.package_identification:_identify(bwsibot/logs/2025-07-28/flight1) by extension 'python'
[1.128s] Level 1:colcon.colcon_core.package_identification:_identify(bwsibot/logs/2025-07-28/flight1) by extensions ['python_setup_py']
[1.128s] Level 1:colcon.colcon_core.package_identification:_identify(bwsibot/logs/2025-07-28/flight1) by extension 'python_setup_py'
[1.129s] Level 1:colcon.colcon_core.package_identification:_identify(bwsibot/logs/2025-07-28/flight2) by extensions ['ignore', 'ignore_ament_install']
[1.130s] Level 1:colcon.colcon_core.package_identification:_identify(bwsibot/logs/2025-07-28/flight2) by extension 'ignore'
[1.130s] Level 1:colcon.colcon_core.package_identification:_identify(bwsibot/logs/2025-07-28/flight2) by extension 'ignore_ament_install'
[1.130s] Level 1:colcon.colcon_core.package_identification:_identify(bwsibot/logs/2025-07-28/flight2) by extensions ['colcon_pkg']
[1.131s] Level 1:colcon.colcon_core.package_identification:_identify(bwsibot/logs/2025-07-28/flight2) by extension 'colcon_pkg'
[1.131s] Level 1:colcon.colcon_core.package_identification:_identify(bwsibot/logs/2025-07-28/flight2) by extensions ['colcon_meta']
[1.131s] Level 1:colcon.colcon_core.package_identification:_identify(bwsibot/logs/2025-07-28/flight2) by extension 'colcon_meta'
[1.131s] Level 1:colcon.colcon_core.package_identification:_identify(bwsibot/logs/2025-07-28/flight2) by extensions ['ros']
[1.132s] Level 1:colcon.colcon_core.package_identification:_identify(bwsibot/logs/2025-07-28/flight2) by extension 'ros'
[1.132s] Level 1:colcon.colcon_core.package_identification:_identify(bwsibot/logs/2025-07-28/flight2) by extensions ['cmake', 'python']
[1.132s] Level 1:colcon.colcon_core.package_identification:_identify(bwsibot/logs/2025-07-28/flight2) by extension 'cmake'
[1.133s] Level 1:colcon.colcon_core.package_identification:_identify(bwsibot/logs/2025-07-28/flight2) by extension 'python'
[1.133s] Level 1:colcon.colcon_core.package_identification:_identify(bwsibot/logs/2025-07-28/flight2) by extensions ['python_setup_py']
[1.133s] Level 1:colcon.colcon_core.package_identification:_identify(bwsibot/logs/2025-07-28/flight2) by extension 'python_setup_py'
[1.134s] Level 1:colcon.colcon_core.package_identification:_identify(install) by extensions ['ignore', 'ignore_ament_install']
[1.134s] Level 1:colcon.colcon_core.package_identification:_identify(install) by extension 'ignore'
[1.135s] Level 1:colcon.colcon_core.package_identification:_identify(install) ignored
[1.135s] Level 1:colcon.colcon_core.package_identification:_identify(log) by extensions ['ignore', 'ignore_ament_install']
[1.136s] Level 1:colcon.colcon_core.package_identification:_identify(log) by extension 'ignore'
[1.136s] Level 1:colcon.colcon_core.package_identification:_identify(log) ignored
[1.136s] Level 1:colcon.colcon_core.package_discovery:discover_packages(recursive) using defaults
[1.137s] Level 1:colcon.colcon_core.package_discovery:discover_packages(ignore) discover
[1.137s] Level 1:colcon.colcon_core.package_discovery:discover_packages(ignore) using defaults
[1.137s] Level 1:colcon.colcon_core.package_discovery:discover_packages(path) discover
[1.137s] Level 1:colcon.colcon_core.package_discovery:discover_packages(path) using defaults
[1.223s] Level 1:colcon.colcon_core.package_discovery:discover_packages(prefix_path) check parameters
[1.224s] Level 1:colcon.colcon_core.package_discovery:discover_packages(prefix_path) discover
[1.229s] WARNING:colcon.colcon_ros.prefix_path.ament:The path '/home/zguo27/auvc_ws/install/tutorial_virtualenvs' in the environment variable AMENT_PREFIX_PATH doesn't exist
[1.230s] WARNING:colcon.colcon_ros.prefix_path.ament:The path '/home/zguo27/auvc_ws/install/tutorial' in the environment variable AMENT_PREFIX_PATH doesn't exist
[1.231s] WARNING:colcon.colcon_ros.prefix_path.ament:The path '/home/zguo27/auvc_ws/install/example_custom_srv' in the environment variable AMENT_PREFIX_PATH doesn't exist
[1.231s] WARNING:colcon.colcon_ros.prefix_path.ament:The path '/home/zguo27/auvc_ws/install/bluerov2_launchers' in the environment variable AMENT_PREFIX_PATH doesn't exist
[1.231s] WARNING:colcon.colcon_ros.prefix_path.ament:The path '/home/zguo27/auvc_ws/install/bluerov2_testers' in the environment variable AMENT_PREFIX_PATH doesn't exist
[1.232s] WARNING:colcon.colcon_ros.prefix_path.ament:The path '/home/zguo27/auvc_ws/install/bluerov2_node' in the environment variable AMENT_PREFIX_PATH doesn't exist
[1.232s] WARNING:colcon.colcon_ros.prefix_path.ament:The path '/home/zguo27/auvc_ws/install/bluerov2_controllers' in the environment variable AMENT_PREFIX_PATH doesn't exist
[1.232s] WARNING:colcon.colcon_ros.prefix_path.ament:The path '/home/zguo27/auvc_ws/install/bluerov2_arm_disarm' in the environment variable AMENT_PREFIX_PATH doesn't exist
[1.233s] WARNING:colcon.colcon_ros.prefix_path.catkin:The path '/home/zguo27/auvc_ws/install/example_custom_srv' in the environment variable CMAKE_PREFIX_PATH doesn't exist
[1.239s] DEBUG:colcon.colcon_installed_package_information.package_discovery:Found 0 installed packages in /home/zguo27/auvc_ws/install
[1.249s] DEBUG:colcon.colcon_installed_package_information.package_discovery:Found 258 installed packages in /opt/ros/jazzy
[1.258s] Level 1:colcon.colcon_core.package_discovery:discover_packages(prefix_path) using defaults
[1.486s] Level 5:colcon.colcon_core.verb:set package 'bluerov2_arm_disarm' build argument 'cmake_args' from command line to 'None'
[1.487s] Level 5:colcon.colcon_core.verb:set package 'bluerov2_arm_disarm' build argument 'cmake_target' from command line to 'None'
[1.488s] Level 5:colcon.colcon_core.verb:set package 'bluerov2_arm_disarm' build argument 'cmake_target_skip_unavailable' from command line to 'False'
[1.488s] Level 5:colcon.colcon_core.verb:set package 'bluerov2_arm_disarm' build argument 'cmake_clean_cache' from command line to 'False'
[1.489s] Level 5:colcon.colcon_core.verb:set package 'bluerov2_arm_disarm' build argument 'cmake_clean_first' from command line to 'False'
[1.489s] Level 5:colcon.colcon_core.verb:set package 'bluerov2_arm_disarm' build argument 'cmake_force_configure' from command line to 'False'
[1.489s] Level 5:colcon.colcon_core.verb:set package 'bluerov2_arm_disarm' build argument 'ament_cmake_args' from command line to 'None'
[1.489s] Level 5:colcon.colcon_core.verb:set package 'bluerov2_arm_disarm' build argument 'catkin_cmake_args' from command line to 'None'
[1.490s] Level 5:colcon.colcon_core.verb:set package 'bluerov2_arm_disarm' build argument 'catkin_skip_building_tests' from command line to 'False'
[1.490s] DEBUG:colcon.colcon_core.verb:Building package 'bluerov2_arm_disarm' with the following arguments: {'ament_cmake_args': None, 'build_base': '/home/zguo27/auvc_ws/src/AUVC_stuff/build/bluerov2_arm_disarm', 'catkin_cmake_args': None, 'catkin_skip_building_tests': False, 'cmake_args': None, 'cmake_clean_cache': False, 'cmake_clean_first': False, 'cmake_force_configure': False, 'cmake_target': None, 'cmake_target_skip_unavailable': False, 'install_base': '/home/zguo27/auvc_ws/src/AUVC_stuff/install/bluerov2_arm_disarm', 'merge_install': False, 'path': '/home/zguo27/auvc_ws/src/AUVC_stuff/bluerov2_arm_disarm', 'symlink_install': False, 'test_result_base': None}
[1.492s] Level 5:colcon.colcon_core.verb:set package 'bluerov2_controllers' build argument 'cmake_args' from command line to 'None'
[1.493s] Level 5:colcon.colcon_core.verb:set package 'bluerov2_controllers' build argument 'cmake_target' from command line to 'None'
[1.493s] Level 5:colcon.colcon_core.verb:set package 'bluerov2_controllers' build argument 'cmake_target_skip_unavailable' from command line to 'False'
[1.494s] Level 5:colcon.colcon_core.verb:set package 'bluerov2_controllers' build argument 'cmake_clean_cache' from command line to 'False'
[1.494s] Level 5:colcon.colcon_core.verb:set package 'bluerov2_controllers' build argument 'cmake_clean_first' from command line to 'False'
[1.494s] Level 5:colcon.colcon_core.verb:set package 'bluerov2_controllers' build argument 'cmake_force_configure' from command line to 'False'
[1.495s] Level 5:colcon.colcon_core.verb:set package 'bluerov2_controllers' build argument 'ament_cmake_args' from command line to 'None'
[1.495s] Level 5:colcon.colcon_core.verb:set package 'bluerov2_controllers' build argument 'catkin_cmake_args' from command line to 'None'
[1.495s] Level 5:colcon.colcon_core.verb:set package 'bluerov2_controllers' build argument 'catkin_skip_building_tests' from command line to 'False'
[1.495s] DEBUG:colcon.colcon_core.verb:Building package 'bluerov2_controllers' with the following arguments: {'ament_cmake_args': None, 'build_base': '/home/zguo27/auvc_ws/src/AUVC_stuff/build/bluerov2_controllers', 'catkin_cmake_args': None, 'catkin_skip_building_tests': False, 'cmake_args': None, 'cmake_clean_cache': False, 'cmake_clean_first': False, 'cmake_force_configure': False, 'cmake_target': None, 'cmake_target_skip_unavailable': False, 'install_base': '/home/zguo27/auvc_ws/src/AUVC_stuff/install/bluerov2_controllers', 'merge_install': False, 'path': '/home/zguo27/auvc_ws/src/AUVC_stuff/bluerov2_controllers', 'symlink_install': False, 'test_result_base': None}
[1.497s] Level 5:colcon.colcon_core.verb:set package 'bluerov2_node' build argument 'cmake_args' from command line to 'None'
[1.498s] Level 5:colcon.colcon_core.verb:set package 'bluerov2_node' build argument 'cmake_target' from command line to 'None'
[1.499s] Level 5:colcon.colcon_core.verb:set package 'bluerov2_node' build argument 'cmake_target_skip_unavailable' from command line to 'False'
[1.499s] Level 5:colcon.colcon_core.verb:set package 'bluerov2_node' build argument 'cmake_clean_cache' from command line to 'False'
[1.500s] Level 5:colcon.colcon_core.verb:set package 'bluerov2_node' build argument 'cmake_clean_first' from command line to 'False'
[1.500s] Level 5:colcon.colcon_core.verb:set package 'bluerov2_node' build argument 'cmake_force_configure' from command line to 'False'
[1.501s] Level 5:colcon.colcon_core.verb:set package 'bluerov2_node' build argument 'ament_cmake_args' from command line to 'None'
[1.501s] Level 5:colcon.colcon_core.verb:set package 'bluerov2_node' build argument 'catkin_cmake_args' from command line to 'None'
[1.501s] Level 5:colcon.colcon_core.verb:set package 'bluerov2_node' build argument 'catkin_skip_building_tests' from command line to 'False'
[1.501s] DEBUG:colcon.colcon_core.verb:Building package 'bluerov2_node' with the following arguments: {'ament_cmake_args': None, 'build_base': '/home/zguo27/auvc_ws/src/AUVC_stuff/build/bluerov2_node', 'catkin_cmake_args': None, 'catkin_skip_building_tests': False, 'cmake_args': None, 'cmake_clean_cache': False, 'cmake_clean_first': False, 'cmake_force_configure': False, 'cmake_target': None, 'cmake_target_skip_unavailable': False, 'install_base': '/home/zguo27/auvc_ws/src/AUVC_stuff/install/bluerov2_node', 'merge_install': False, 'path': '/home/zguo27/auvc_ws/src/AUVC_stuff/bluerov2_node', 'symlink_install': False, 'test_result_base': None}
[1.503s] Level 5:colcon.colcon_core.verb:set package 'bluerov2_testers' build argument 'cmake_args' from command line to 'None'
[1.504s] Level 5:colcon.colcon_core.verb:set package 'bluerov2_testers' build argument 'cmake_target' from command line to 'None'
[1.504s] Level 5:colcon.colcon_core.verb:set package 'bluerov2_testers' build argument 'cmake_target_skip_unavailable' from command line to 'False'
[1.504s] Level 5:colcon.colcon_core.verb:set package 'bluerov2_testers' build argument 'cmake_clean_cache' from command line to 'False'
[1.504s] Level 5:colcon.colcon_core.verb:set package 'bluerov2_testers' build argument 'cmake_clean_first' from command line to 'False'
[1.505s] Level 5:colcon.colcon_core.verb:set package 'bluerov2_testers' build argument 'cmake_force_configure' from command line to 'False'
[1.505s] Level 5:colcon.colcon_core.verb:set package 'bluerov2_testers' build argument 'ament_cmake_args' from command line to 'None'
[1.505s] Level 5:colcon.colcon_core.verb:set package 'bluerov2_testers' build argument 'catkin_cmake_args' from command line to 'None'
[1.505s] Level 5:colcon.colcon_core.verb:set package 'bluerov2_testers' build argument 'catkin_skip_building_tests' from command line to 'False'
[1.506s] DEBUG:colcon.colcon_core.verb:Building package 'bluerov2_testers' with the following arguments: {'ament_cmake_args': None, 'build_base': '/home/zguo27/auvc_ws/src/AUVC_stuff/build/bluerov2_testers', 'catkin_cmake_args': None, 'catkin_skip_building_tests': False, 'cmake_args': None, 'cmake_clean_cache': False, 'cmake_clean_first': False, 'cmake_force_configure': False, 'cmake_target': None, 'cmake_target_skip_unavailable': False, 'install_base': '/home/zguo27/auvc_ws/src/AUVC_stuff/install/bluerov2_testers', 'merge_install': False, 'path': '/home/zguo27/auvc_ws/src/AUVC_stuff/bluerov2_testers', 'symlink_install': False, 'test_result_base': None}
[1.507s] Level 5:colcon.colcon_core.verb:set package 'bluerov2_launchers' build argument 'cmake_args' from command line to 'None'
[1.508s] Level 5:colcon.colcon_core.verb:set package 'bluerov2_launchers' build argument 'cmake_target' from command line to 'None'
[1.508s] Level 5:colcon.colcon_core.verb:set package 'bluerov2_launchers' build argument 'cmake_target_skip_unavailable' from command line to 'False'
[1.508s] Level 5:colcon.colcon_core.verb:set package 'bluerov2_launchers' build argument 'cmake_clean_cache' from command line to 'False'
[1.508s] Level 5:colcon.colcon_core.verb:set package 'bluerov2_launchers' build argument 'cmake_clean_first' from command line to 'False'
[1.508s] Level 5:colcon.colcon_core.verb:set package 'bluerov2_launchers' build argument 'cmake_force_configure' from command line to 'False'
[1.508s] Level 5:colcon.colcon_core.verb:set package 'bluerov2_launchers' build argument 'ament_cmake_args' from command line to 'None'
[1.508s] Level 5:colcon.colcon_core.verb:set package 'bluerov2_launchers' build argument 'catkin_cmake_args' from command line to 'None'
[1.508s] Level 5:colcon.colcon_core.verb:set package 'bluerov2_launchers' build argument 'catkin_skip_building_tests' from command line to 'False'
[1.509s] DEBUG:colcon.colcon_core.verb:Building package 'bluerov2_launchers' with the following arguments: {'ament_cmake_args': None, 'build_base': '/home/zguo27/auvc_ws/src/AUVC_stuff/build/bluerov2_launchers', 'catkin_cmake_args': None, 'catkin_skip_building_tests': False, 'cmake_args': None, 'cmake_clean_cache': False, 'cmake_clean_first': False, 'cmake_force_configure': False, 'cmake_target': None, 'cmake_target_skip_unavailable': False, 'install_base': '/home/zguo27/auvc_ws/src/AUVC_stuff/install/bluerov2_launchers', 'merge_install': False, 'path': '/home/zguo27/auvc_ws/src/AUVC_stuff/bluerov2_launchers', 'symlink_install': False, 'test_result_base': None}
[1.509s] INFO:colcon.colcon_core.executor:Executing jobs using 'parallel' executor
[1.513s] DEBUG:colcon.colcon_parallel_executor.executor.parallel:run_until_complete
[1.515s] INFO:colcon.colcon_ros.task.ament_python.build:Building ROS package in '/home/zguo27/auvc_ws/src/AUVC_stuff/bluerov2_arm_disarm' with build type 'ament_python'
[1.516s] Level 1:colcon.colcon_core.shell:create_environment_hook('bluerov2_arm_disarm', 'ament_prefix_path')
[1.526s] INFO:colcon.colcon_core.plugin_system:Skipping extension 'colcon_core.shell.bat': Not used on non-Windows systems
[1.527s] INFO:colcon.colcon_core.shell:Creating environment hook '/home/zguo27/auvc_ws/src/AUVC_stuff/install/bluerov2_arm_disarm/share/bluerov2_arm_disarm/hook/ament_prefix_path.ps1'
[2.917s] INFO:colcon.colcon_core.shell:Creating environment descriptor '/home/zguo27/auvc_ws/src/AUVC_stuff/install/bluerov2_arm_disarm/share/bluerov2_arm_disarm/hook/ament_prefix_path.dsv'
[2.922s] INFO:colcon.colcon_core.shell:Creating environment hook '/home/zguo27/auvc_ws/src/AUVC_stuff/install/bluerov2_arm_disarm/share/bluerov2_arm_disarm/hook/ament_prefix_path.sh'
[2.929s] INFO:colcon.colcon_core.shell:Skip shell extension 'powershell' for command environment: Not usable outside of PowerShell
[2.930s] DEBUG:colcon.colcon_core.shell:Skip shell extension 'dsv' for command environment
[5.537s] INFO:colcon.colcon_ros.task.ament_python.build:Building ROS package in '/home/zguo27/auvc_ws/src/AUVC_stuff/bluerov2_controllers' with build type 'ament_python'
[5.537s] Level 1:colcon.colcon_core.shell:create_environment_hook('bluerov2_controllers', 'ament_prefix_path')
[5.538s] INFO:colcon.colcon_core.shell:Creating environment hook '/home/zguo27/auvc_ws/src/AUVC_stuff/install/bluerov2_controllers/share/bluerov2_controllers/hook/ament_prefix_path.ps1'
[5.551s] INFO:colcon.colcon_core.shell:Creating environment descriptor '/home/zguo27/auvc_ws/src/AUVC_stuff/install/bluerov2_controllers/share/bluerov2_controllers/hook/ament_prefix_path.dsv'
[5.554s] INFO:colcon.colcon_core.shell:Creating environment hook '/home/zguo27/auvc_ws/src/AUVC_stuff/install/bluerov2_controllers/share/bluerov2_controllers/hook/ament_prefix_path.sh'
[5.559s] INFO:colcon.colcon_core.shell:Skip shell extension 'powershell' for command environment: Not usable outside of PowerShell
[5.560s] DEBUG:colcon.colcon_core.shell:Skip shell extension 'dsv' for command environment
[6.039s] INFO:colcon.colcon_ros.task.ament_python.build:Building ROS package in '/home/zguo27/auvc_ws/src/AUVC_stuff/bluerov2_node' with build type 'ament_python'
[6.040s] Level 1:colcon.colcon_core.shell:create_environment_hook('bluerov2_node', 'ament_prefix_path')
[6.041s] INFO:colcon.colcon_core.shell:Creating environment hook '/home/zguo27/auvc_ws/src/AUVC_stuff/install/bluerov2_node/share/bluerov2_node/hook/ament_prefix_path.ps1'
[6.638s] INFO:colcon.colcon_core.shell:Creating environment descriptor '/home/zguo27/auvc_ws/src/AUVC_stuff/install/bluerov2_node/share/bluerov2_node/hook/ament_prefix_path.dsv'
[6.642s] INFO:colcon.colcon_core.shell:Creating environment hook '/home/zguo27/auvc_ws/src/AUVC_stuff/install/bluerov2_node/share/bluerov2_node/hook/ament_prefix_path.sh'
[6.648s] INFO:colcon.colcon_core.shell:Skip shell extension 'powershell' for command environment: Not usable outside of PowerShell
[6.649s] DEBUG:colcon.colcon_core.shell:Skip shell extension 'dsv' for command environment
[6.673s] INFO:colcon.colcon_ros.task.ament_python.build:Building ROS package in '/home/zguo27/auvc_ws/src/AUVC_stuff/bluerov2_testers' with build type 'ament_python'
[6.673s] Level 1:colcon.colcon_core.shell:create_environment_hook('bluerov2_testers', 'ament_prefix_path')
[6.674s] INFO:colcon.colcon_core.shell:Creating environment hook '/home/zguo27/auvc_ws/src/AUVC_stuff/install/bluerov2_testers/share/bluerov2_testers/hook/ament_prefix_path.ps1'
[6.680s] INFO:colcon.colcon_core.shell:Creating environment descriptor '/home/zguo27/auvc_ws/src/AUVC_stuff/install/bluerov2_testers/share/bluerov2_testers/hook/ament_prefix_path.dsv'
[6.686s] INFO:colcon.colcon_core.shell:Creating environment hook '/home/zguo27/auvc_ws/src/AUVC_stuff/install/bluerov2_testers/share/bluerov2_testers/hook/ament_prefix_path.sh'
[6.695s] INFO:colcon.colcon_core.shell:Skip shell extension 'powershell' for command environment: Not usable outside of PowerShell
[6.696s] DEBUG:colcon.colcon_core.shell:Skip shell extension 'dsv' for command environment
[8.313s] INFO:colcon.colcon_core.task.python.build:Building Python package in '/home/zguo27/auvc_ws/src/AUVC_stuff/bluerov2_arm_disarm'
[8.314s] INFO:colcon.colcon_core.shell:Skip shell extension 'powershell' for command environment: Not usable outside of PowerShell
[8.314s] DEBUG:colcon.colcon_core.shell:Skip shell extension 'dsv' for command environment
[10.136s] INFO:colcon.colcon_core.task.python.build:Building Python package in '/home/zguo27/auvc_ws/src/AUVC_stuff/bluerov2_controllers'
[10.137s] INFO:colcon.colcon_core.shell:Skip shell extension 'powershell' for command environment: Not usable outside of PowerShell
[10.138s] DEBUG:colcon.colcon_core.shell:Skip shell extension 'dsv' for command environment
[11.853s] INFO:colcon.colcon_core.task.python.build:Building Python package in '/home/zguo27/auvc_ws/src/AUVC_stuff/bluerov2_node'
[11.854s] INFO:colcon.colcon_core.shell:Skip shell extension 'powershell' for command environment: Not usable outside of PowerShell
[11.854s] DEBUG:colcon.colcon_core.shell:Skip shell extension 'dsv' for command environment
[13.266s] INFO:colcon.colcon_core.task.python.build:Building Python package in '/home/zguo27/auvc_ws/src/AUVC_stuff/bluerov2_testers'
[13.267s] INFO:colcon.colcon_core.shell:Skip shell extension 'powershell' for command environment: Not usable outside of PowerShell
[13.267s] DEBUG:colcon.colcon_core.shell:Skip shell extension 'dsv' for command environment
[19.593s] DEBUG:colcon.colcon_core.event_handler.log_command:Invoking command in '/home/zguo27/auvc_ws/src/AUVC_stuff/bluerov2_testers': PYTHONPATH=/home/zguo27/auvc_ws/src/AUVC_stuff/build/bluerov2_testers/prefix_override:/usr/lib/python3/dist-packages/colcon_core/task/python/colcon_distutils_commands:/home/zguo27/auvc_ws/src/AUVC_stuff/install/bluerov2_testers/lib/python3.12/site-packages:${PYTHONPATH} /usr/bin/python3 -W ignore:setup.py install is deprecated -W ignore:easy_install command is deprecated setup.py egg_info --egg-base ../build/bluerov2_testers build --build-base /home/zguo27/auvc_ws/src/AUVC_stuff/build/bluerov2_testers/build install --record /home/zguo27/auvc_ws/src/AUVC_stuff/build/bluerov2_testers/install.log --single-version-externally-managed install_data
[19.938s] DEBUG:colcon.colcon_core.event_handler.log_command:Invoking command in '/home/zguo27/auvc_ws/src/AUVC_stuff/bluerov2_controllers': PYTHONPATH=/home/zguo27/auvc_ws/src/AUVC_stuff/build/bluerov2_controllers/prefix_override:/usr/lib/python3/dist-packages/colcon_core/task/python/colcon_distutils_commands:/home/zguo27/auvc_ws/src/AUVC_stuff/install/bluerov2_controllers/lib/python3.12/site-packages:${PYTHONPATH} /usr/bin/python3 -W ignore:setup.py install is deprecated -W ignore:easy_install command is deprecated setup.py egg_info --egg-base ../build/bluerov2_controllers build --build-base /home/zguo27/auvc_ws/src/AUVC_stuff/build/bluerov2_controllers/build install --record /home/zguo27/auvc_ws/src/AUVC_stuff/build/bluerov2_controllers/install.log --single-version-externally-managed install_data
[20.406s] DEBUG:colcon.colcon_core.event_handler.log_command:Invoking command in '/home/zguo27/auvc_ws/src/AUVC_stuff/bluerov2_arm_disarm': PYTHONPATH=/home/zguo27/auvc_ws/src/AUVC_stuff/build/bluerov2_arm_disarm/prefix_override:/usr/lib/python3/dist-packages/colcon_core/task/python/colcon_distutils_commands:/home/zguo27/auvc_ws/src/AUVC_stuff/install/bluerov2_arm_disarm/lib/python3.12/site-packages:${PYTHONPATH} /usr/bin/python3 -W ignore:setup.py install is deprecated -W ignore:easy_install command is deprecated setup.py egg_info --egg-base ../build/bluerov2_arm_disarm build --build-base /home/zguo27/auvc_ws/src/AUVC_stuff/build/bluerov2_arm_disarm/build install --record /home/zguo27/auvc_ws/src/AUVC_stuff/build/bluerov2_arm_disarm/install.log --single-version-externally-managed install_data
[20.866s] DEBUG:colcon.colcon_core.event_handler.log_command:Invoking command in '/home/zguo27/auvc_ws/src/AUVC_stuff/bluerov2_node': PYTHONPATH=/home/zguo27/auvc_ws/src/AUVC_stuff/build/bluerov2_node/prefix_override:/usr/lib/python3/dist-packages/colcon_core/task/python/colcon_distutils_commands:/home/zguo27/auvc_ws/src/AUVC_stuff/install/bluerov2_node/lib/python3.12/site-packages:${PYTHONPATH} /usr/bin/python3 -W ignore:setup.py install is deprecated -W ignore:easy_install command is deprecated setup.py egg_info --egg-base ../build/bluerov2_node build --build-base /home/zguo27/auvc_ws/src/AUVC_stuff/build/bluerov2_node/build install --record /home/zguo27/auvc_ws/src/AUVC_stuff/build/bluerov2_node/install.log --single-version-externally-managed install_data
[26.326s] DEBUG:colcon.colcon_core.event_handler.log_command:Invoked command in '/home/zguo27/auvc_ws/src/AUVC_stuff/bluerov2_arm_disarm' returned '0': PYTHONPATH=/home/zguo27/auvc_ws/src/AUVC_stuff/build/bluerov2_arm_disarm/prefix_override:/usr/lib/python3/dist-packages/colcon_core/task/python/colcon_distutils_commands:/home/zguo27/auvc_ws/src/AUVC_stuff/install/bluerov2_arm_disarm/lib/python3.12/site-packages:${PYTHONPATH} /usr/bin/python3 -W ignore:setup.py install is deprecated -W ignore:easy_install command is deprecated setup.py egg_info --egg-base ../build/bluerov2_arm_disarm build --build-base /home/zguo27/auvc_ws/src/AUVC_stuff/build/bluerov2_arm_disarm/build install --record /home/zguo27/auvc_ws/src/AUVC_stuff/build/bluerov2_arm_disarm/install.log --single-version-externally-managed install_data
[26.351s] Level 1:colcon.colcon_core.environment:checking '/home/zguo27/auvc_ws/src/AUVC_stuff/install/bluerov2_arm_disarm' for CMake module files
[26.357s] Level 1:colcon.colcon_core.environment:checking '/home/zguo27/auvc_ws/src/AUVC_stuff/install/bluerov2_arm_disarm' for CMake config files
[26.392s] Level 1:colcon.colcon_core.environment:checking '/home/zguo27/auvc_ws/src/AUVC_stuff/install/bluerov2_arm_disarm/lib'
[26.393s] Level 1:colcon.colcon_core.environment:checking '/home/zguo27/auvc_ws/src/AUVC_stuff/install/bluerov2_arm_disarm/bin'
[26.394s] Level 1:colcon.colcon_core.environment:checking '/home/zguo27/auvc_ws/src/AUVC_stuff/install/bluerov2_arm_disarm/lib/pkgconfig/bluerov2_arm_disarm.pc'
[26.409s] Level 1:colcon.colcon_core.environment:checking '/home/zguo27/auvc_ws/src/AUVC_stuff/install/bluerov2_arm_disarm/lib/python3.12/site-packages'
[26.410s] Level 1:colcon.colcon_core.shell:create_environment_hook('bluerov2_arm_disarm', 'pythonpath')
[26.411s] INFO:colcon.colcon_core.shell:Creating environment hook '/home/zguo27/auvc_ws/src/AUVC_stuff/install/bluerov2_arm_disarm/share/bluerov2_arm_disarm/hook/pythonpath.ps1'
[26.429s] INFO:colcon.colcon_core.shell:Creating environment descriptor '/home/zguo27/auvc_ws/src/AUVC_stuff/install/bluerov2_arm_disarm/share/bluerov2_arm_disarm/hook/pythonpath.dsv'
[26.454s] INFO:colcon.colcon_core.shell:Creating environment hook '/home/zguo27/auvc_ws/src/AUVC_stuff/install/bluerov2_arm_disarm/share/bluerov2_arm_disarm/hook/pythonpath.sh'
[26.476s] Level 1:colcon.colcon_core.environment:checking '/home/zguo27/auvc_ws/src/AUVC_stuff/install/bluerov2_arm_disarm/bin'
[26.480s] Level 1:colcon.colcon_core.environment:create_environment_scripts_only(bluerov2_arm_disarm)
[26.485s] INFO:colcon.colcon_core.shell:Creating package script '/home/zguo27/auvc_ws/src/AUVC_stuff/install/bluerov2_arm_disarm/share/bluerov2_arm_disarm/package.ps1'
[26.499s] INFO:colcon.colcon_core.shell:Creating package descriptor '/home/zguo27/auvc_ws/src/AUVC_stuff/install/bluerov2_arm_disarm/share/bluerov2_arm_disarm/package.dsv'
[26.507s] INFO:colcon.colcon_core.shell:Creating package script '/home/zguo27/auvc_ws/src/AUVC_stuff/install/bluerov2_arm_disarm/share/bluerov2_arm_disarm/package.sh'
[26.517s] INFO:colcon.colcon_core.shell:Creating package script '/home/zguo27/auvc_ws/src/AUVC_stuff/install/bluerov2_arm_disarm/share/bluerov2_arm_disarm/package.bash'
[26.527s] INFO:colcon.colcon_core.shell:Creating package script '/home/zguo27/auvc_ws/src/AUVC_stuff/install/bluerov2_arm_disarm/share/bluerov2_arm_disarm/package.zsh'
[26.534s] Level 1:colcon.colcon_core.environment:create_file_with_runtime_dependencies(/home/zguo27/auvc_ws/src/AUVC_stuff/install/bluerov2_arm_disarm/share/colcon-core/packages/bluerov2_arm_disarm)
[26.750s] Level 1:colcon.colcon_core.environment:checking '/home/zguo27/auvc_ws/src/AUVC_stuff/install/bluerov2_testers' for CMake module files
[26.753s] DEBUG:colcon.colcon_core.event_handler.log_command:Invoked command in '/home/zguo27/auvc_ws/src/AUVC_stuff/bluerov2_testers' returned '0': PYTHONPATH=/home/zguo27/auvc_ws/src/AUVC_stuff/build/bluerov2_testers/prefix_override:/usr/lib/python3/dist-packages/colcon_core/task/python/colcon_distutils_commands:/home/zguo27/auvc_ws/src/AUVC_stuff/install/bluerov2_testers/lib/python3.12/site-packages:${PYTHONPATH} /usr/bin/python3 -W ignore:setup.py install is deprecated -W ignore:easy_install command is deprecated setup.py egg_info --egg-base ../build/bluerov2_testers build --build-base /home/zguo27/auvc_ws/src/AUVC_stuff/build/bluerov2_testers/build install --record /home/zguo27/auvc_ws/src/AUVC_stuff/build/bluerov2_testers/install.log --single-version-externally-managed install_data
[26.761s] Level 1:colcon.colcon_core.environment:checking '/home/zguo27/auvc_ws/src/AUVC_stuff/install/bluerov2_testers' for CMake config files
[26.767s] Level 1:colcon.colcon_core.environment:checking '/home/zguo27/auvc_ws/src/AUVC_stuff/install/bluerov2_testers/lib'
[26.769s] Level 1:colcon.colcon_core.environment:checking '/home/zguo27/auvc_ws/src/AUVC_stuff/install/bluerov2_testers/bin'
[26.769s] Level 1:colcon.colcon_core.environment:checking '/home/zguo27/auvc_ws/src/AUVC_stuff/install/bluerov2_testers/lib/pkgconfig/bluerov2_testers.pc'
[26.773s] Level 1:colcon.colcon_core.environment:checking '/home/zguo27/auvc_ws/src/AUVC_stuff/install/bluerov2_testers/lib/python3.12/site-packages'
[26.776s] Level 1:colcon.colcon_core.shell:create_environment_hook('bluerov2_testers', 'pythonpath')
[26.777s] INFO:colcon.colcon_core.shell:Creating environment hook '/home/zguo27/auvc_ws/src/AUVC_stuff/install/bluerov2_testers/share/bluerov2_testers/hook/pythonpath.ps1'
[26.782s] INFO:colcon.colcon_core.shell:Creating environment descriptor '/home/zguo27/auvc_ws/src/AUVC_stuff/install/bluerov2_testers/share/bluerov2_testers/hook/pythonpath.dsv'
[26.787s] INFO:colcon.colcon_core.shell:Creating environment hook '/home/zguo27/auvc_ws/src/AUVC_stuff/install/bluerov2_testers/share/bluerov2_testers/hook/pythonpath.sh'
[26.796s] Level 1:colcon.colcon_core.environment:checking '/home/zguo27/auvc_ws/src/AUVC_stuff/install/bluerov2_testers/bin'
[26.797s] Level 1:colcon.colcon_core.environment:create_environment_scripts_only(bluerov2_testers)
[26.800s] INFO:colcon.colcon_core.shell:Creating package script '/home/zguo27/auvc_ws/src/AUVC_stuff/install/bluerov2_testers/share/bluerov2_testers/package.ps1'
[26.806s] INFO:colcon.colcon_core.shell:Creating package descriptor '/home/zguo27/auvc_ws/src/AUVC_stuff/install/bluerov2_testers/share/bluerov2_testers/package.dsv'
[26.810s] INFO:colcon.colcon_core.shell:Creating package script '/home/zguo27/auvc_ws/src/AUVC_stuff/install/bluerov2_testers/share/bluerov2_testers/package.sh'
[26.814s] INFO:colcon.colcon_core.shell:Creating package script '/home/zguo27/auvc_ws/src/AUVC_stuff/install/bluerov2_testers/share/bluerov2_testers/package.bash'
[26.818s] INFO:colcon.colcon_core.shell:Creating package script '/home/zguo27/auvc_ws/src/AUVC_stuff/install/bluerov2_testers/share/bluerov2_testers/package.zsh'
[26.825s] Level 1:colcon.colcon_core.environment:create_file_with_runtime_dependencies(/home/zguo27/auvc_ws/src/AUVC_stuff/install/bluerov2_testers/share/colcon-core/packages/bluerov2_testers)
[26.835s] Level 1:colcon.colcon_core.environment:checking '/home/zguo27/auvc_ws/src/AUVC_stuff/install/bluerov2_node' for CMake module files
[26.847s] DEBUG:colcon.colcon_core.event_handler.log_command:Invoked command in '/home/zguo27/auvc_ws/src/AUVC_stuff/bluerov2_node' returned '0': PYTHONPATH=/home/zguo27/auvc_ws/src/AUVC_stuff/build/bluerov2_node/prefix_override:/usr/lib/python3/dist-packages/colcon_core/task/python/colcon_distutils_commands:/home/zguo27/auvc_ws/src/AUVC_stuff/install/bluerov2_node/lib/python3.12/site-packages:${PYTHONPATH} /usr/bin/python3 -W ignore:setup.py install is deprecated -W ignore:easy_install command is deprecated setup.py egg_info --egg-base ../build/bluerov2_node build --build-base /home/zguo27/auvc_ws/src/AUVC_stuff/build/bluerov2_node/build install --record /home/zguo27/auvc_ws/src/AUVC_stuff/build/bluerov2_node/install.log --single-version-externally-managed install_data
[26.848s] Level 1:colcon.colcon_core.environment:checking '/home/zguo27/auvc_ws/src/AUVC_stuff/install/bluerov2_node' for CMake config files
[26.857s] Level 1:colcon.colcon_core.environment:checking '/home/zguo27/auvc_ws/src/AUVC_stuff/install/bluerov2_node/lib'
[26.858s] Level 1:colcon.colcon_core.environment:checking '/home/zguo27/auvc_ws/src/AUVC_stuff/install/bluerov2_node/bin'
[26.859s] Level 1:colcon.colcon_core.environment:checking '/home/zguo27/auvc_ws/src/AUVC_stuff/install/bluerov2_node/lib/pkgconfig/bluerov2_node.pc'
[26.861s] Level 1:colcon.colcon_core.environment:checking '/home/zguo27/auvc_ws/src/AUVC_stuff/install/bluerov2_node/lib/python3.12/site-packages'
[26.862s] Level 1:colcon.colcon_core.shell:create_environment_hook('bluerov2_node', 'pythonpath')
[26.863s] INFO:colcon.colcon_core.shell:Creating environment hook '/home/zguo27/auvc_ws/src/AUVC_stuff/install/bluerov2_node/share/bluerov2_node/hook/pythonpath.ps1'
[26.869s] INFO:colcon.colcon_core.shell:Creating environment descriptor '/home/zguo27/auvc_ws/src/AUVC_stuff/install/bluerov2_node/share/bluerov2_node/hook/pythonpath.dsv'
[26.873s] INFO:colcon.colcon_core.shell:Creating environment hook '/home/zguo27/auvc_ws/src/AUVC_stuff/install/bluerov2_node/share/bluerov2_node/hook/pythonpath.sh'
[26.878s] Level 1:colcon.colcon_core.environment:checking '/home/zguo27/auvc_ws/src/AUVC_stuff/install/bluerov2_node/bin'
[26.879s] Level 1:colcon.colcon_core.environment:create_environment_scripts_only(bluerov2_node)
[26.881s] INFO:colcon.colcon_core.shell:Creating package script '/home/zguo27/auvc_ws/src/AUVC_stuff/install/bluerov2_node/share/bluerov2_node/package.ps1'
[26.886s] INFO:colcon.colcon_core.shell:Creating package descriptor '/home/zguo27/auvc_ws/src/AUVC_stuff/install/bluerov2_node/share/bluerov2_node/package.dsv'
[26.891s] INFO:colcon.colcon_core.shell:Creating package script '/home/zguo27/auvc_ws/src/AUVC_stuff/install/bluerov2_node/share/bluerov2_node/package.sh'
[26.896s] INFO:colcon.colcon_core.shell:Creating package script '/home/zguo27/auvc_ws/src/AUVC_stuff/install/bluerov2_node/share/bluerov2_node/package.bash'
[26.914s] INFO:colcon.colcon_core.shell:Creating package script '/home/zguo27/auvc_ws/src/AUVC_stuff/install/bluerov2_node/share/bluerov2_node/package.zsh'
[26.931s] Level 1:colcon.colcon_core.environment:create_file_with_runtime_dependencies(/home/zguo27/auvc_ws/src/AUVC_stuff/install/bluerov2_node/share/colcon-core/packages/bluerov2_node)
[27.037s] Level 1:colcon.colcon_core.environment:checking '/home/zguo27/auvc_ws/src/AUVC_stuff/install/bluerov2_controllers' for CMake module files
[27.039s] DEBUG:colcon.colcon_core.event_handler.log_command:Invoked command in '/home/zguo27/auvc_ws/src/AUVC_stuff/bluerov2_controllers' returned '0': PYTHONPATH=/home/zguo27/auvc_ws/src/AUVC_stuff/build/bluerov2_controllers/prefix_override:/usr/lib/python3/dist-packages/colcon_core/task/python/colcon_distutils_commands:/home/zguo27/auvc_ws/src/AUVC_stuff/install/bluerov2_controllers/lib/python3.12/site-packages:${PYTHONPATH} /usr/bin/python3 -W ignore:setup.py install is deprecated -W ignore:easy_install command is deprecated setup.py egg_info --egg-base ../build/bluerov2_controllers build --build-base /home/zguo27/auvc_ws/src/AUVC_stuff/build/bluerov2_controllers/build install --record /home/zguo27/auvc_ws/src/AUVC_stuff/build/bluerov2_controllers/install.log --single-version-externally-managed install_data
[27.043s] Level 1:colcon.colcon_core.environment:checking '/home/zguo27/auvc_ws/src/AUVC_stuff/install/bluerov2_controllers' for CMake config files
[27.047s] Level 1:colcon.colcon_core.environment:checking '/home/zguo27/auvc_ws/src/AUVC_stuff/install/bluerov2_controllers/lib'
[27.048s] Level 1:colcon.colcon_core.environment:checking '/home/zguo27/auvc_ws/src/AUVC_stuff/install/bluerov2_controllers/bin'
[27.049s] Level 1:colcon.colcon_core.environment:checking '/home/zguo27/auvc_ws/src/AUVC_stuff/install/bluerov2_controllers/lib/pkgconfig/bluerov2_controllers.pc'
[27.050s] Level 1:colcon.colcon_core.environment:checking '/home/zguo27/auvc_ws/src/AUVC_stuff/install/bluerov2_controllers/lib/python3.12/site-packages'
[27.051s] Level 1:colcon.colcon_core.shell:create_environment_hook('bluerov2_controllers', 'pythonpath')
[27.052s] INFO:colcon.colcon_core.shell:Creating environment hook '/home/zguo27/auvc_ws/src/AUVC_stuff/install/bluerov2_controllers/share/bluerov2_controllers/hook/pythonpath.ps1'
[27.054s] INFO:colcon.colcon_core.shell:Creating environment descriptor '/home/zguo27/auvc_ws/src/AUVC_stuff/install/bluerov2_controllers/share/bluerov2_controllers/hook/pythonpath.dsv'
[27.057s] INFO:colcon.colcon_core.shell:Creating environment hook '/home/zguo27/auvc_ws/src/AUVC_stuff/install/bluerov2_controllers/share/bluerov2_controllers/hook/pythonpath.sh'
[27.061s] Level 1:colcon.colcon_core.environment:checking '/home/zguo27/auvc_ws/src/AUVC_stuff/install/bluerov2_controllers/bin'
[27.062s] Level 1:colcon.colcon_core.environment:create_environment_scripts_only(bluerov2_controllers)
[27.064s] INFO:colcon.colcon_core.shell:Creating package script '/home/zguo27/auvc_ws/src/AUVC_stuff/install/bluerov2_controllers/share/bluerov2_controllers/package.ps1'
[27.069s] INFO:colcon.colcon_core.shell:Creating package descriptor '/home/zguo27/auvc_ws/src/AUVC_stuff/install/bluerov2_controllers/share/bluerov2_controllers/package.dsv'
[27.075s] INFO:colcon.colcon_core.shell:Creating package script '/home/zguo27/auvc_ws/src/AUVC_stuff/install/bluerov2_controllers/share/bluerov2_controllers/package.sh'
[27.082s] INFO:colcon.colcon_core.shell:Creating package script '/home/zguo27/auvc_ws/src/AUVC_stuff/install/bluerov2_controllers/share/bluerov2_controllers/package.bash'
[27.086s] INFO:colcon.colcon_core.shell:Creating package script '/home/zguo27/auvc_ws/src/AUVC_stuff/install/bluerov2_controllers/share/bluerov2_controllers/package.zsh'
[27.090s] Level 1:colcon.colcon_core.environment:create_file_with_runtime_dependencies(/home/zguo27/auvc_ws/src/AUVC_stuff/install/bluerov2_controllers/share/colcon-core/packages/bluerov2_controllers)
[27.096s] INFO:colcon.colcon_ros.task.ament_python.build:Building ROS package in '/home/zguo27/auvc_ws/src/AUVC_stuff/bluerov2_launchers' with build type 'ament_python'
[27.097s] Level 1:colcon.colcon_core.shell:create_environment_hook('bluerov2_launchers', 'ament_prefix_path')
[27.099s] INFO:colcon.colcon_core.shell:Creating environment hook '/home/zguo27/auvc_ws/src/AUVC_stuff/install/bluerov2_launchers/share/bluerov2_launchers/hook/ament_prefix_path.ps1'
[27.103s] INFO:colcon.colcon_core.shell:Creating environment descriptor '/home/zguo27/auvc_ws/src/AUVC_stuff/install/bluerov2_launchers/share/bluerov2_launchers/hook/ament_prefix_path.dsv'
[27.107s] INFO:colcon.colcon_core.shell:Creating environment hook '/home/zguo27/auvc_ws/src/AUVC_stuff/install/bluerov2_launchers/share/bluerov2_launchers/hook/ament_prefix_path.sh'
[27.110s] INFO:colcon.colcon_core.shell:Skip shell extension 'powershell' for command environment: Not usable outside of PowerShell
[27.111s] DEBUG:colcon.colcon_core.shell:Skip shell extension 'dsv' for command environment
[28.676s] INFO:colcon.colcon_core.task.python.build:Building Python package in '/home/zguo27/auvc_ws/src/AUVC_stuff/bluerov2_launchers'
[28.677s] INFO:colcon.colcon_core.shell:Skip shell extension 'powershell' for command environment: Not usable outside of PowerShell
[28.677s] DEBUG:colcon.colcon_core.shell:Skip shell extension 'dsv' for command environment
[34.756s] DEBUG:colcon.colcon_core.event_handler.log_command:Invoking command in '/home/zguo27/auvc_ws/src/AUVC_stuff/bluerov2_launchers': AMENT_PREFIX_PATH=/home/zguo27/auvc_ws/src/AUVC_stuff/install/bluerov2_testers:/home/zguo27/auvc_ws/src/AUVC_stuff/install/bluerov2_node:/home/zguo27/auvc_ws/src/AUVC_stuff/install/bluerov2_controllers:/home/zguo27/auvc_ws/src/AUVC_stuff/install/bluerov2_arm_disarm:${AMENT_PREFIX_PATH} PYTHONPATH=/home/zguo27/auvc_ws/src/AUVC_stuff/build/bluerov2_launchers/prefix_override:/usr/lib/python3/dist-packages/colcon_core/task/python/colcon_distutils_commands:/home/zguo27/auvc_ws/src/AUVC_stuff/install/bluerov2_launchers/lib/python3.12/site-packages:/home/zguo27/auvc_ws/src/AUVC_stuff/install/bluerov2_testers/lib/python3.12/site-packages:/home/zguo27/auvc_ws/src/AUVC_stuff/install/bluerov2_node/lib/python3.12/site-packages:/home/zguo27/auvc_ws/src/AUVC_stuff/install/bluerov2_controllers/lib/python3.12/site-packages:/home/zguo27/auvc_ws/src/AUVC_stuff/install/bluerov2_arm_disarm/lib/python3.12/site-packages:${PYTHONPATH} /usr/bin/python3 -W ignore:setup.py install is deprecated -W ignore:easy_install command is deprecated setup.py egg_info --egg-base ../build/bluerov2_launchers build --build-base /home/zguo27/auvc_ws/src/AUVC_stuff/build/bluerov2_launchers/build install --record /home/zguo27/auvc_ws/src/AUVC_stuff/build/bluerov2_launchers/install.log --single-version-externally-managed install_data
[44.957s] Level 1:colcon.colcon_core.environment:checking '/home/zguo27/auvc_ws/src/AUVC_stuff/install/bluerov2_launchers' for CMake module files
[44.961s] DEBUG:colcon.colcon_core.event_handler.log_command:Invoked command in '/home/zguo27/auvc_ws/src/AUVC_stuff/bluerov2_launchers' returned '0': AMENT_PREFIX_PATH=/home/zguo27/auvc_ws/src/AUVC_stuff/install/bluerov2_testers:/home/zguo27/auvc_ws/src/AUVC_stuff/install/bluerov2_node:/home/zguo27/auvc_ws/src/AUVC_stuff/install/bluerov2_controllers:/home/zguo27/auvc_ws/src/AUVC_stuff/install/bluerov2_arm_disarm:${AMENT_PREFIX_PATH} PYTHONPATH=/home/zguo27/auvc_ws/src/AUVC_stuff/build/bluerov2_launchers/prefix_override:/usr/lib/python3/dist-packages/colcon_core/task/python/colcon_distutils_commands:/home/zguo27/auvc_ws/src/AUVC_stuff/install/bluerov2_launchers/lib/python3.12/site-packages:/home/zguo27/auvc_ws/src/AUVC_stuff/install/bluerov2_testers/lib/python3.12/site-packages:/home/zguo27/auvc_ws/src/AUVC_stuff/install/bluerov2_node/lib/python3.12/site-packages:/home/zguo27/auvc_ws/src/AUVC_stuff/install/bluerov2_controllers/lib/python3.12/site-packages:/home/zguo27/auvc_ws/src/AUVC_stuff/install/bluerov2_arm_disarm/lib/python3.12/site-packages:${PYTHONPATH} /usr/bin/python3 -W ignore:setup.py install is deprecated -W ignore:easy_install command is deprecated setup.py egg_info --egg-base ../build/bluerov2_launchers build --build-base /home/zguo27/auvc_ws/src/AUVC_stuff/build/bluerov2_launchers/build install --record /home/zguo27/auvc_ws/src/AUVC_stuff/build/bluerov2_launchers/install.log --single-version-externally-managed install_data
[44.967s] Level 1:colcon.colcon_core.environment:checking '/home/zguo27/auvc_ws/src/AUVC_stuff/install/bluerov2_launchers' for CMake config files
[44.972s] Level 1:colcon.colcon_core.environment:checking '/home/zguo27/auvc_ws/src/AUVC_stuff/install/bluerov2_launchers/lib'
[44.973s] Level 1:colcon.colcon_core.environment:checking '/home/zguo27/auvc_ws/src/AUVC_stuff/install/bluerov2_launchers/bin'
[44.974s] Level 1:colcon.colcon_core.environment:checking '/home/zguo27/auvc_ws/src/AUVC_stuff/install/bluerov2_launchers/lib/pkgconfig/bluerov2_launchers.pc'
[44.976s] Level 1:colcon.colcon_core.environment:checking '/home/zguo27/auvc_ws/src/AUVC_stuff/install/bluerov2_launchers/lib/python3.12/site-packages'
[44.977s] Level 1:colcon.colcon_core.shell:create_environment_hook('bluerov2_launchers', 'pythonpath')
[44.978s] INFO:colcon.colcon_core.shell:Creating environment hook '/home/zguo27/auvc_ws/src/AUVC_stuff/install/bluerov2_launchers/share/bluerov2_launchers/hook/pythonpath.ps1'
[44.983s] INFO:colcon.colcon_core.shell:Creating environment descriptor '/home/zguo27/auvc_ws/src/AUVC_stuff/install/bluerov2_launchers/share/bluerov2_launchers/hook/pythonpath.dsv'
[44.988s] INFO:colcon.colcon_core.shell:Creating environment hook '/home/zguo27/auvc_ws/src/AUVC_stuff/install/bluerov2_launchers/share/bluerov2_launchers/hook/pythonpath.sh'
[44.993s] Level 1:colcon.colcon_core.environment:checking '/home/zguo27/auvc_ws/src/AUVC_stuff/install/bluerov2_launchers/bin'
[44.995s] Level 1:colcon.colcon_core.environment:create_environment_scripts_only(bluerov2_launchers)
[44.998s] INFO:colcon.colcon_core.shell:Creating package script '/home/zguo27/auvc_ws/src/AUVC_stuff/install/bluerov2_launchers/share/bluerov2_launchers/package.ps1'
[45.001s] INFO:colcon.colcon_core.shell:Creating package descriptor '/home/zguo27/auvc_ws/src/AUVC_stuff/install/bluerov2_launchers/share/bluerov2_launchers/package.dsv'
[45.009s] INFO:colcon.colcon_core.shell:Creating package script '/home/zguo27/auvc_ws/src/AUVC_stuff/install/bluerov2_launchers/share/bluerov2_launchers/package.sh'
[45.018s] INFO:colcon.colcon_core.shell:Creating package script '/home/zguo27/auvc_ws/src/AUVC_stuff/install/bluerov2_launchers/share/bluerov2_launchers/package.bash'
[45.024s] INFO:colcon.colcon_core.shell:Creating package script '/home/zguo27/auvc_ws/src/AUVC_stuff/install/bluerov2_launchers/share/bluerov2_launchers/package.zsh'
[45.027s] Level 1:colcon.colcon_core.environment:create_file_with_runtime_dependencies(/home/zguo27/auvc_ws/src/AUVC_stuff/install/bluerov2_launchers/share/colcon-core/packages/bluerov2_launchers)
[45.035s] DEBUG:colcon.colcon_parallel_executor.executor.parallel:closing loop
[45.038s] DEBUG:colcon.colcon_parallel_executor.executor.parallel:loop closed
[45.039s] DEBUG:colcon.colcon_parallel_executor.executor.parallel:run_until_complete finished with '0'
[45.040s] DEBUG:colcon.colcon_core.event_reactor:joining thread
[45.098s] INFO:colcon.colcon_core.plugin_system:Skipping extension 'colcon_notification.desktop_notification.notify_send': Could not find 'notify-send'
[45.100s] INFO:colcon.colcon_core.plugin_system:Skipping extension 'colcon_notification.desktop_notification.terminal_notifier': Not used on non-Darwin systems
[45.101s] INFO:colcon.colcon_core.plugin_system:Skipping extension 'colcon_notification.desktop_notification.win32': Not used on non-Windows systems
[45.102s] INFO:colcon.colcon_notification.desktop_notification:Sending desktop notification using 'notify2'
[45.108s] DEBUG:colcon.colcon_notification.desktop_notification.notify2:Failed to initialize notify2: org.freedesktop.DBus.Error.ServiceUnknown: The name org.freedesktop.Notifications was not provided by any .service files
[45.109s] DEBUG:colcon.colcon_core.event_reactor:joined thread
[45.110s] INFO:colcon.colcon_core.shell:Creating prefix script '/home/zguo27/auvc_ws/src/AUVC_stuff/install/local_setup.ps1'
[45.118s] INFO:colcon.colcon_core.shell:Creating prefix util module '/home/zguo27/auvc_ws/src/AUVC_stuff/install/_local_setup_util_ps1.py'
[45.128s] INFO:colcon.colcon_core.shell:Creating prefix chain script '/home/zguo27/auvc_ws/src/AUVC_stuff/install/setup.ps1'
[45.137s] INFO:colcon.colcon_core.shell:Creating prefix script '/home/zguo27/auvc_ws/src/AUVC_stuff/install/local_setup.sh'
[45.143s] INFO:colcon.colcon_core.shell:Creating prefix util module '/home/zguo27/auvc_ws/src/AUVC_stuff/install/_local_setup_util_sh.py'
[45.149s] INFO:colcon.colcon_core.shell:Creating prefix chain script '/home/zguo27/auvc_ws/src/AUVC_stuff/install/setup.sh'
[45.160s] INFO:colcon.colcon_core.shell:Creating prefix script '/home/zguo27/auvc_ws/src/AUVC_stuff/install/local_setup.bash'
[45.166s] INFO:colcon.colcon_core.shell:Creating prefix chain script '/home/zguo27/auvc_ws/src/AUVC_stuff/install/setup.bash'
[45.176s] INFO:colcon.colcon_core.shell:Creating prefix script '/home/zguo27/auvc_ws/src/AUVC_stuff/install/local_setup.zsh'
[45.180s] INFO:colcon.colcon_core.shell:Creating prefix chain script '/home/zguo27/auvc_ws/src/AUVC_stuff/install/setup.zsh'
