running egg_info
writing ../build/bluerov2_controllers/bluerov2_controllers.egg-info/PKG-INFO
writing dependency_links to ../build/bluerov2_controllers/bluerov2_controllers.egg-info/dependency_links.txt
writing entry points to ../build/bluerov2_controllers/bluerov2_controllers.egg-info/entry_points.txt
writing requirements to ../build/bluerov2_controllers/bluerov2_controllers.egg-info/requires.txt
writing top-level names to ../build/bluerov2_controllers/bluerov2_controllers.egg-info/top_level.txt
writing manifest file '../build/bluerov2_controllers/bluerov2_controllers.egg-info/SOURCES.txt'
reading manifest file '../build/bluerov2_controllers/bluerov2_controllers.egg-info/SOURCES.txt'
writing manifest file '../build/bluerov2_controllers/bluerov2_controllers.egg-info/SOURCES.txt'
running build
running build_py
copying bluerov2_controllers/PID_heading.py -> /home/zguo27/auvc_ws/src/AUVC_stuff/build/bluerov2_controllers/build/lib/bluerov2_controllers
copying bluerov2_controllers/PID_depth.py -> /home/zguo27/auvc_ws/src/AUVC_stuff/build/bluerov2_controllers/build/lib/bluerov2_controllers
copying bluerov2_controllers/PID_lane_following.py -> /home/zguo27/auvc_ws/src/AUVC_stuff/build/bluerov2_controllers/build/lib/bluerov2_controllers
copying bluerov2_controllers/PIDController.py -> /home/zguo27/auvc_ws/src/AUVC_stuff/build/bluerov2_controllers/build/lib/bluerov2_controllers
copying bluerov2_controllers/__init__.py -> /home/zguo27/auvc_ws/src/AUVC_stuff/build/bluerov2_controllers/build/lib/bluerov2_controllers
running install
running install_lib
copying /home/zguo27/auvc_ws/src/AUVC_stuff/build/bluerov2_controllers/build/lib/bluerov2_controllers/PID_heading.py -> /home/zguo27/auvc_ws/src/AUVC_stuff/install/bluerov2_controllers/lib/python3.12/site-packages/bluerov2_controllers
copying /home/zguo27/auvc_ws/src/AUVC_stuff/build/bluerov2_controllers/build/lib/bluerov2_controllers/PID_depth.py -> /home/zguo27/auvc_ws/src/AUVC_stuff/install/bluerov2_controllers/lib/python3.12/site-packages/bluerov2_controllers
copying /home/zguo27/auvc_ws/src/AUVC_stuff/build/bluerov2_controllers/build/lib/bluerov2_controllers/PID_lane_following.py -> /home/zguo27/auvc_ws/src/AUVC_stuff/install/bluerov2_controllers/lib/python3.12/site-packages/bluerov2_controllers
copying /home/zguo27/auvc_ws/src/AUVC_stuff/build/bluerov2_controllers/build/lib/bluerov2_controllers/PIDController.py -> /home/zguo27/auvc_ws/src/AUVC_stuff/install/bluerov2_controllers/lib/python3.12/site-packages/bluerov2_controllers
copying /home/zguo27/auvc_ws/src/AUVC_stuff/build/bluerov2_controllers/build/lib/bluerov2_controllers/__init__.py -> /home/zguo27/auvc_ws/src/AUVC_stuff/install/bluerov2_controllers/lib/python3.12/site-packages/bluerov2_controllers
byte-compiling /home/zguo27/auvc_ws/src/AUVC_stuff/install/bluerov2_controllers/lib/python3.12/site-packages/bluerov2_controllers/PID_heading.py to PID_heading.cpython-312.pyc
byte-compiling /home/zguo27/auvc_ws/src/AUVC_stuff/install/bluerov2_controllers/lib/python3.12/site-packages/bluerov2_controllers/PID_depth.py to PID_depth.cpython-312.pyc
byte-compiling /home/zguo27/auvc_ws/src/AUVC_stuff/install/bluerov2_controllers/lib/python3.12/site-packages/bluerov2_controllers/PID_lane_following.py to PID_lane_following.cpython-312.pyc
byte-compiling /home/zguo27/auvc_ws/src/AUVC_stuff/install/bluerov2_controllers/lib/python3.12/site-packages/bluerov2_controllers/PIDController.py to PIDController.cpython-312.pyc
byte-compiling /home/zguo27/auvc_ws/src/AUVC_stuff/install/bluerov2_controllers/lib/python3.12/site-packages/bluerov2_controllers/__init__.py to __init__.cpython-312.pyc
running install_data
copying resource/bluerov2_controllers -> /home/zguo27/auvc_ws/src/AUVC_stuff/install/bluerov2_controllers/share/ament_index/resource_index/packages
copying package.xml -> /home/zguo27/auvc_ws/src/AUVC_stuff/install/bluerov2_controllers/share/bluerov2_controllers
running install_egg_info
removing '/home/zguo27/auvc_ws/src/AUVC_stuff/install/bluerov2_controllers/lib/python3.12/site-packages/bluerov2_controllers-0.0.0-py3.12.egg-info' (and everything under it)
Copying ../build/bluerov2_controllers/bluerov2_controllers.egg-info to /home/zguo27/auvc_ws/src/AUVC_stuff/install/bluerov2_controllers/lib/python3.12/site-packages/bluerov2_controllers-0.0.0-py3.12.egg-info
running install_scripts
Installing pid_controller script to /home/zguo27/auvc_ws/src/AUVC_stuff/install/bluerov2_controllers/lib/bluerov2_controllers
Installing pid_depth script to /home/zguo27/auvc_ws/src/AUVC_stuff/install/bluerov2_controllers/lib/bluerov2_controllers
Installing pid_heading script to /home/zguo27/auvc_ws/src/AUVC_stuff/install/bluerov2_controllers/lib/bluerov2_controllers
Installing pid_lane script to /home/zguo27/auvc_ws/src/AUVC_stuff/install/bluerov2_controllers/lib/bluerov2_controllers
writing list of installed files to '/home/zguo27/auvc_ws/src/AUVC_stuff/build/bluerov2_controllers/install.log'
