[4.884s] Invoking command in '/home/zguo27/auvc_ws/src/AUVC_stuff/bluerov2_node': PYTHONPATH=/home/zguo27/auvc_ws/src/AUVC_stuff/build/bluerov2_node/prefix_override:/usr/lib/python3/dist-packages/colcon_core/task/python/colcon_distutils_commands:/home/zguo27/auvc_ws/src/AUVC_stuff/install/bluerov2_node/lib/python3.12/site-packages:${PYTHONPATH} /usr/bin/python3 -W ignore:setup.py install is deprecated -W ignore:easy_install command is deprecated setup.py egg_info --egg-base ../build/bluerov2_node build --build-base /home/zguo27/auvc_ws/src/AUVC_stuff/build/bluerov2_node/build install --record /home/zguo27/auvc_ws/src/AUVC_stuff/build/bluerov2_node/install.log --single-version-externally-managed install_data
[6.540s] running egg_info
[6.650s] writing ../build/bluerov2_node/bluerov2_node.egg-info/PKG-INFO
[6.651s] writing dependency_links to ../build/bluerov2_node/bluerov2_node.egg-info/dependency_links.txt
[6.652s] writing entry points to ../build/bluerov2_node/bluerov2_node.egg-info/entry_points.txt
[6.653s] writing requirements to ../build/bluerov2_node/bluerov2_node.egg-info/requires.txt
[6.655s] writing top-level names to ../build/bluerov2_node/bluerov2_node.egg-info/top_level.txt
[6.656s] writing manifest file '../build/bluerov2_node/bluerov2_node.egg-info/SOURCES.txt'
[6.880s] reading manifest file '../build/bluerov2_node/bluerov2_node.egg-info/SOURCES.txt'
[6.883s] writing manifest file '../build/bluerov2_node/bluerov2_node.egg-info/SOURCES.txt'
[6.885s] running build
[6.886s] running build_py
[6.886s] copying bluerov2_node/TranslateImage.py -> /home/zguo27/auvc_ws/src/AUVC_stuff/build/bluerov2_node/build/lib/bluerov2_node
[6.887s] copying bluerov2_node/LaneScan.py -> /home/zguo27/auvc_ws/src/AUVC_stuff/build/bluerov2_node/build/lib/bluerov2_node
[6.888s] copying bluerov2_node/ArmDisarm.py -> /home/zguo27/auvc_ws/src/AUVC_stuff/build/bluerov2_node/build/lib/bluerov2_node
[6.889s] copying bluerov2_node/__init__.py -> /home/zguo27/auvc_ws/src/AUVC_stuff/build/bluerov2_node/build/lib/bluerov2_node
[6.889s] copying bluerov2_node/PressureToDepth.py -> /home/zguo27/auvc_ws/src/AUVC_stuff/build/bluerov2_node/build/lib/bluerov2_node
[6.890s] running install
[6.917s] running install_lib
[7.027s] copying /home/zguo27/auvc_ws/src/AUVC_stuff/build/bluerov2_node/build/lib/bluerov2_node/TranslateImage.py -> /home/zguo27/auvc_ws/src/AUVC_stuff/install/bluerov2_node/lib/python3.12/site-packages/bluerov2_node
[7.030s] copying /home/zguo27/auvc_ws/src/AUVC_stuff/build/bluerov2_node/build/lib/bluerov2_node/LaneScan.py -> /home/zguo27/auvc_ws/src/AUVC_stuff/install/bluerov2_node/lib/python3.12/site-packages/bluerov2_node
[7.031s] copying /home/zguo27/auvc_ws/src/AUVC_stuff/build/bluerov2_node/build/lib/bluerov2_node/ArmDisarm.py -> /home/zguo27/auvc_ws/src/AUVC_stuff/install/bluerov2_node/lib/python3.12/site-packages/bluerov2_node
[7.031s] copying /home/zguo27/auvc_ws/src/AUVC_stuff/build/bluerov2_node/build/lib/bluerov2_node/__init__.py -> /home/zguo27/auvc_ws/src/AUVC_stuff/install/bluerov2_node/lib/python3.12/site-packages/bluerov2_node
[7.032s] copying /home/zguo27/auvc_ws/src/AUVC_stuff/build/bluerov2_node/build/lib/bluerov2_node/PressureToDepth.py -> /home/zguo27/auvc_ws/src/AUVC_stuff/install/bluerov2_node/lib/python3.12/site-packages/bluerov2_node
[7.034s] byte-compiling /home/zguo27/auvc_ws/src/AUVC_stuff/install/bluerov2_node/lib/python3.12/site-packages/bluerov2_node/TranslateImage.py to TranslateImage.cpython-312.pyc
[7.038s] byte-compiling /home/zguo27/auvc_ws/src/AUVC_stuff/install/bluerov2_node/lib/python3.12/site-packages/bluerov2_node/LaneScan.py to LaneScan.cpython-312.pyc
[7.041s] byte-compiling /home/zguo27/auvc_ws/src/AUVC_stuff/install/bluerov2_node/lib/python3.12/site-packages/bluerov2_node/ArmDisarm.py to ArmDisarm.cpython-312.pyc
[7.045s] byte-compiling /home/zguo27/auvc_ws/src/AUVC_stuff/install/bluerov2_node/lib/python3.12/site-packages/bluerov2_node/__init__.py to __init__.cpython-312.pyc
[7.048s] byte-compiling /home/zguo27/auvc_ws/src/AUVC_stuff/install/bluerov2_node/lib/python3.12/site-packages/bluerov2_node/PressureToDepth.py to PressureToDepth.cpython-312.pyc
[7.049s] running install_data
[7.050s] copying resource/bluerov2_node -> /home/zguo27/auvc_ws/src/AUVC_stuff/install/bluerov2_node/share/ament_index/resource_index/packages
[7.051s] copying package.xml -> /home/zguo27/auvc_ws/src/AUVC_stuff/install/bluerov2_node/share/bluerov2_node
[7.052s] running install_egg_info
[7.195s] removing '/home/zguo27/auvc_ws/src/AUVC_stuff/install/bluerov2_node/lib/python3.12/site-packages/bluerov2_node-0.0.0-py3.12.egg-info' (and everything under it)
[7.199s] Copying ../build/bluerov2_node/bluerov2_node.egg-info to /home/zguo27/auvc_ws/src/AUVC_stuff/install/bluerov2_node/lib/python3.12/site-packages/bluerov2_node-0.0.0-py3.12.egg-info
[7.208s] running install_scripts
[8.034s] Installing arm_disarm script to /home/zguo27/auvc_ws/src/AUVC_stuff/install/bluerov2_node/lib/bluerov2_node
[8.037s] Installing convert_to_depth script to /home/zguo27/auvc_ws/src/AUVC_stuff/install/bluerov2_node/lib/bluerov2_node
[8.037s] Installing lane_scan script to /home/zguo27/auvc_ws/src/AUVC_stuff/install/bluerov2_node/lib/bluerov2_node
[8.042s] writing list of installed files to '/home/zguo27/auvc_ws/src/AUVC_stuff/build/bluerov2_node/install.log'
[8.192s] Invoked command in '/home/zguo27/auvc_ws/src/AUVC_stuff/bluerov2_node' returned '0': PYTHONPATH=/home/zguo27/auvc_ws/src/AUVC_stuff/build/bluerov2_node/prefix_override:/usr/lib/python3/dist-packages/colcon_core/task/python/colcon_distutils_commands:/home/zguo27/auvc_ws/src/AUVC_stuff/install/bluerov2_node/lib/python3.12/site-packages:${PYTHONPATH} /usr/bin/python3 -W ignore:setup.py install is deprecated -W ignore:easy_install command is deprecated setup.py egg_info --egg-base ../build/bluerov2_node build --build-base /home/zguo27/auvc_ws/src/AUVC_stuff/build/bluerov2_node/build install --record /home/zguo27/auvc_ws/src/AUVC_stuff/build/bluerov2_node/install.log --single-version-externally-managed install_data
