running egg_info
writing ../build/bluerov2_arm_disarm/bluerov2_arm_disarm.egg-info/PKG-INFO
writing dependency_links to ../build/bluerov2_arm_disarm/bluerov2_arm_disarm.egg-info/dependency_links.txt
writing entry points to ../build/bluerov2_arm_disarm/bluerov2_arm_disarm.egg-info/entry_points.txt
writing requirements to ../build/bluerov2_arm_disarm/bluerov2_arm_disarm.egg-info/requires.txt
writing top-level names to ../build/bluerov2_arm_disarm/bluerov2_arm_disarm.egg-info/top_level.txt
writing manifest file '../build/bluerov2_arm_disarm/bluerov2_arm_disarm.egg-info/SOURCES.txt'
reading manifest file '../build/bluerov2_arm_disarm/bluerov2_arm_disarm.egg-info/SOURCES.txt'
writing manifest file '../build/bluerov2_arm_disarm/bluerov2_arm_disarm.egg-info/SOURCES.txt'
running build
running build_py
copying bluerov2_arm_disarm/arm_disarm.py -> /home/zguo27/auvc_ws/src/AUVC_stuff/build/bluerov2_arm_disarm/build/lib/bluerov2_arm_disarm
copying bluerov2_arm_disarm/auv_movement.py -> /home/zguo27/auvc_ws/src/AUVC_stuff/build/bluerov2_arm_disarm/build/lib/bluerov2_arm_disarm
copying bluerov2_arm_disarm/test_diagonal_move.py -> /home/zguo27/auvc_ws/src/AUVC_stuff/build/bluerov2_arm_disarm/build/lib/bluerov2_arm_disarm
copying bluerov2_arm_disarm/dance_movement.py -> /home/zguo27/auvc_ws/src/AUVC_stuff/build/bluerov2_arm_disarm/build/lib/bluerov2_arm_disarm
copying bluerov2_arm_disarm/__init__.py -> /home/zguo27/auvc_ws/src/AUVC_stuff/build/bluerov2_arm_disarm/build/lib/bluerov2_arm_disarm
running install
running install_lib
copying /home/zguo27/auvc_ws/src/AUVC_stuff/build/bluerov2_arm_disarm/build/lib/bluerov2_arm_disarm/arm_disarm.py -> /home/zguo27/auvc_ws/src/AUVC_stuff/install/bluerov2_arm_disarm/lib/python3.12/site-packages/bluerov2_arm_disarm
copying /home/zguo27/auvc_ws/src/AUVC_stuff/build/bluerov2_arm_disarm/build/lib/bluerov2_arm_disarm/auv_movement.py -> /home/zguo27/auvc_ws/src/AUVC_stuff/install/bluerov2_arm_disarm/lib/python3.12/site-packages/bluerov2_arm_disarm
copying /home/zguo27/auvc_ws/src/AUVC_stuff/build/bluerov2_arm_disarm/build/lib/bluerov2_arm_disarm/test_diagonal_move.py -> /home/zguo27/auvc_ws/src/AUVC_stuff/install/bluerov2_arm_disarm/lib/python3.12/site-packages/bluerov2_arm_disarm
copying /home/zguo27/auvc_ws/src/AUVC_stuff/build/bluerov2_arm_disarm/build/lib/bluerov2_arm_disarm/dance_movement.py -> /home/zguo27/auvc_ws/src/AUVC_stuff/install/bluerov2_arm_disarm/lib/python3.12/site-packages/bluerov2_arm_disarm
copying /home/zguo27/auvc_ws/src/AUVC_stuff/build/bluerov2_arm_disarm/build/lib/bluerov2_arm_disarm/__init__.py -> /home/zguo27/auvc_ws/src/AUVC_stuff/install/bluerov2_arm_disarm/lib/python3.12/site-packages/bluerov2_arm_disarm
byte-compiling /home/zguo27/auvc_ws/src/AUVC_stuff/install/bluerov2_arm_disarm/lib/python3.12/site-packages/bluerov2_arm_disarm/arm_disarm.py to arm_disarm.cpython-312.pyc
byte-compiling /home/zguo27/auvc_ws/src/AUVC_stuff/install/bluerov2_arm_disarm/lib/python3.12/site-packages/bluerov2_arm_disarm/auv_movement.py to auv_movement.cpython-312.pyc
byte-compiling /home/zguo27/auvc_ws/src/AUVC_stuff/install/bluerov2_arm_disarm/lib/python3.12/site-packages/bluerov2_arm_disarm/test_diagonal_move.py to test_diagonal_move.cpython-312.pyc
byte-compiling /home/zguo27/auvc_ws/src/AUVC_stuff/install/bluerov2_arm_disarm/lib/python3.12/site-packages/bluerov2_arm_disarm/dance_movement.py to dance_movement.cpython-312.pyc
byte-compiling /home/zguo27/auvc_ws/src/AUVC_stuff/install/bluerov2_arm_disarm/lib/python3.12/site-packages/bluerov2_arm_disarm/__init__.py to __init__.cpython-312.pyc
running install_data
copying resource/bluerov2_arm_disarm -> /home/zguo27/auvc_ws/src/AUVC_stuff/install/bluerov2_arm_disarm/share/ament_index/resource_index/packages
copying package.xml -> /home/zguo27/auvc_ws/src/AUVC_stuff/install/bluerov2_arm_disarm/share/bluerov2_arm_disarm
running install_egg_info
removing '/home/zguo27/auvc_ws/src/AUVC_stuff/install/bluerov2_arm_disarm/lib/python3.12/site-packages/bluerov2_arm_disarm-0.0.0-py3.12.egg-info' (and everything under it)
Copying ../build/bluerov2_arm_disarm/bluerov2_arm_disarm.egg-info to /home/zguo27/auvc_ws/src/AUVC_stuff/install/bluerov2_arm_disarm/lib/python3.12/site-packages/bluerov2_arm_disarm-0.0.0-py3.12.egg-info
running install_scripts
Installing arm_disarm script to /home/zguo27/auvc_ws/src/AUVC_stuff/install/bluerov2_arm_disarm/lib/bluerov2_arm_disarm
Installing auv_movement script to /home/zguo27/auvc_ws/src/AUVC_stuff/install/bluerov2_arm_disarm/lib/bluerov2_arm_disarm
Installing dance_movement script to /home/zguo27/auvc_ws/src/AUVC_stuff/install/bluerov2_arm_disarm/lib/bluerov2_arm_disarm
Installing test_diagonal script to /home/zguo27/auvc_ws/src/AUVC_stuff/install/bluerov2_arm_disarm/lib/bluerov2_arm_disarm
writing list of installed files to '/home/zguo27/auvc_ws/src/AUVC_stuff/build/bluerov2_arm_disarm/install.log'
