[10.410s] Invoking command in '/home/zguo27/auvc_ws/src/AUVC_stuff/bluerov2_arm_disarm': PYTHONPATH=/home/zguo27/auvc_ws/src/AUVC_stuff/build/bluerov2_arm_disarm/prefix_override:/usr/lib/python3/dist-packages/colcon_core/task/python/colcon_distutils_commands:/home/zguo27/auvc_ws/src/AUVC_stuff/install/bluerov2_arm_disarm/lib/python3.12/site-packages:${PYTHONPATH} /usr/bin/python3 -W ignore:setup.py install is deprecated -W ignore:easy_install command is deprecated setup.py egg_info --egg-base ../build/bluerov2_arm_disarm build --build-base /home/zguo27/auvc_ws/src/AUVC_stuff/build/bluerov2_arm_disarm/build install --record /home/zguo27/auvc_ws/src/AUVC_stuff/build/bluerov2_arm_disarm/install.log --single-version-externally-managed install_data
[12.798s] running egg_info
[12.995s] writing ../build/bluerov2_arm_disarm/bluerov2_arm_disarm.egg-info/PKG-INFO
[12.997s] writing dependency_links to ../build/bluerov2_arm_disarm/bluerov2_arm_disarm.egg-info/dependency_links.txt
[13.002s] writing entry points to ../build/bluerov2_arm_disarm/bluerov2_arm_disarm.egg-info/entry_points.txt
[13.003s] writing requirements to ../build/bluerov2_arm_disarm/bluerov2_arm_disarm.egg-info/requires.txt
[13.003s] writing top-level names to ../build/bluerov2_arm_disarm/bluerov2_arm_disarm.egg-info/top_level.txt
[13.007s] writing manifest file '../build/bluerov2_arm_disarm/bluerov2_arm_disarm.egg-info/SOURCES.txt'
[13.706s] reading manifest file '../build/bluerov2_arm_disarm/bluerov2_arm_disarm.egg-info/SOURCES.txt'
[13.713s] writing manifest file '../build/bluerov2_arm_disarm/bluerov2_arm_disarm.egg-info/SOURCES.txt'
[13.713s] running build
[13.714s] running build_py
[13.714s] copying bluerov2_arm_disarm/arm_disarm.py -> /home/zguo27/auvc_ws/src/AUVC_stuff/build/bluerov2_arm_disarm/build/lib/bluerov2_arm_disarm
[13.721s] copying bluerov2_arm_disarm/auv_movement.py -> /home/zguo27/auvc_ws/src/AUVC_stuff/build/bluerov2_arm_disarm/build/lib/bluerov2_arm_disarm
[13.722s] copying bluerov2_arm_disarm/test_diagonal_move.py -> /home/zguo27/auvc_ws/src/AUVC_stuff/build/bluerov2_arm_disarm/build/lib/bluerov2_arm_disarm
[13.728s] copying bluerov2_arm_disarm/dance_movement.py -> /home/zguo27/auvc_ws/src/AUVC_stuff/build/bluerov2_arm_disarm/build/lib/bluerov2_arm_disarm
[13.728s] copying bluerov2_arm_disarm/__init__.py -> /home/zguo27/auvc_ws/src/AUVC_stuff/build/bluerov2_arm_disarm/build/lib/bluerov2_arm_disarm
[13.731s] running install
[13.774s] running install_lib
[14.135s] copying /home/zguo27/auvc_ws/src/AUVC_stuff/build/bluerov2_arm_disarm/build/lib/bluerov2_arm_disarm/arm_disarm.py -> /home/zguo27/auvc_ws/src/AUVC_stuff/install/bluerov2_arm_disarm/lib/python3.12/site-packages/bluerov2_arm_disarm
[14.135s] copying /home/zguo27/auvc_ws/src/AUVC_stuff/build/bluerov2_arm_disarm/build/lib/bluerov2_arm_disarm/auv_movement.py -> /home/zguo27/auvc_ws/src/AUVC_stuff/install/bluerov2_arm_disarm/lib/python3.12/site-packages/bluerov2_arm_disarm
[14.137s] copying /home/zguo27/auvc_ws/src/AUVC_stuff/build/bluerov2_arm_disarm/build/lib/bluerov2_arm_disarm/test_diagonal_move.py -> /home/zguo27/auvc_ws/src/AUVC_stuff/install/bluerov2_arm_disarm/lib/python3.12/site-packages/bluerov2_arm_disarm
[14.146s] copying /home/zguo27/auvc_ws/src/AUVC_stuff/build/bluerov2_arm_disarm/build/lib/bluerov2_arm_disarm/dance_movement.py -> /home/zguo27/auvc_ws/src/AUVC_stuff/install/bluerov2_arm_disarm/lib/python3.12/site-packages/bluerov2_arm_disarm
[14.150s] copying /home/zguo27/auvc_ws/src/AUVC_stuff/build/bluerov2_arm_disarm/build/lib/bluerov2_arm_disarm/__init__.py -> /home/zguo27/auvc_ws/src/AUVC_stuff/install/bluerov2_arm_disarm/lib/python3.12/site-packages/bluerov2_arm_disarm
[14.157s] byte-compiling /home/zguo27/auvc_ws/src/AUVC_stuff/install/bluerov2_arm_disarm/lib/python3.12/site-packages/bluerov2_arm_disarm/arm_disarm.py to arm_disarm.cpython-312.pyc
[14.164s] byte-compiling /home/zguo27/auvc_ws/src/AUVC_stuff/install/bluerov2_arm_disarm/lib/python3.12/site-packages/bluerov2_arm_disarm/auv_movement.py to auv_movement.cpython-312.pyc
[14.176s] byte-compiling /home/zguo27/auvc_ws/src/AUVC_stuff/install/bluerov2_arm_disarm/lib/python3.12/site-packages/bluerov2_arm_disarm/test_diagonal_move.py to test_diagonal_move.cpython-312.pyc
[14.183s] byte-compiling /home/zguo27/auvc_ws/src/AUVC_stuff/install/bluerov2_arm_disarm/lib/python3.12/site-packages/bluerov2_arm_disarm/dance_movement.py to dance_movement.cpython-312.pyc
[14.208s] byte-compiling /home/zguo27/auvc_ws/src/AUVC_stuff/install/bluerov2_arm_disarm/lib/python3.12/site-packages/bluerov2_arm_disarm/__init__.py to __init__.cpython-312.pyc
[14.215s] running install_data
[14.216s] copying resource/bluerov2_arm_disarm -> /home/zguo27/auvc_ws/src/AUVC_stuff/install/bluerov2_arm_disarm/share/ament_index/resource_index/packages
[14.217s] copying package.xml -> /home/zguo27/auvc_ws/src/AUVC_stuff/install/bluerov2_arm_disarm/share/bluerov2_arm_disarm
[14.229s] running install_egg_info
[14.448s] removing '/home/zguo27/auvc_ws/src/AUVC_stuff/install/bluerov2_arm_disarm/lib/python3.12/site-packages/bluerov2_arm_disarm-0.0.0-py3.12.egg-info' (and everything under it)
[14.450s] Copying ../build/bluerov2_arm_disarm/bluerov2_arm_disarm.egg-info to /home/zguo27/auvc_ws/src/AUVC_stuff/install/bluerov2_arm_disarm/lib/python3.12/site-packages/bluerov2_arm_disarm-0.0.0-py3.12.egg-info
[14.470s] running install_scripts
[16.663s] Installing arm_disarm script to /home/zguo27/auvc_ws/src/AUVC_stuff/install/bluerov2_arm_disarm/lib/bluerov2_arm_disarm
[16.674s] Installing auv_movement script to /home/zguo27/auvc_ws/src/AUVC_stuff/install/bluerov2_arm_disarm/lib/bluerov2_arm_disarm
[16.675s] Installing dance_movement script to /home/zguo27/auvc_ws/src/AUVC_stuff/install/bluerov2_arm_disarm/lib/bluerov2_arm_disarm
[16.690s] Installing test_diagonal script to /home/zguo27/auvc_ws/src/AUVC_stuff/install/bluerov2_arm_disarm/lib/bluerov2_arm_disarm
[16.691s] writing list of installed files to '/home/zguo27/auvc_ws/src/AUVC_stuff/build/bluerov2_arm_disarm/install.log'
[17.101s] Invoked command in '/home/zguo27/auvc_ws/src/AUVC_stuff/bluerov2_arm_disarm' returned '0': PYTHONPATH=/home/zguo27/auvc_ws/src/AUVC_stuff/build/bluerov2_arm_disarm/prefix_override:/usr/lib/python3/dist-packages/colcon_core/task/python/colcon_distutils_commands:/home/zguo27/auvc_ws/src/AUVC_stuff/install/bluerov2_arm_disarm/lib/python3.12/site-packages:${PYTHONPATH} /usr/bin/python3 -W ignore:setup.py install is deprecated -W ignore:easy_install command is deprecated setup.py egg_info --egg-base ../build/bluerov2_arm_disarm build --build-base /home/zguo27/auvc_ws/src/AUVC_stuff/build/bluerov2_arm_disarm/build install --record /home/zguo27/auvc_ws/src/AUVC_stuff/build/bluerov2_arm_disarm/install.log --single-version-externally-managed install_data
