[10.010s] Invoking command in '/home/zguo27/auvc_ws/src/AUVC_stuff/bluerov2_node': PYTHONPATH=/home/zguo27/auvc_ws/src/AUVC_stuff/build/bluerov2_node/prefix_override:/usr/lib/python3/dist-packages/colcon_core/task/python/colcon_distutils_commands:/home/zguo27/auvc_ws/src/AUVC_stuff/install/bluerov2_node/lib/python3.12/site-packages:${PYTHONPATH} VIRTUAL_ENV_PROMPT=(rosmav) /usr/bin/python3 -W ignore:setup.py install is deprecated -W ignore:easy_install command is deprecated setup.py egg_info --egg-base ../build/bluerov2_node build --build-base /home/zguo27/auvc_ws/src/AUVC_stuff/build/bluerov2_node/build install --record /home/zguo27/auvc_ws/src/AUVC_stuff/build/bluerov2_node/install.log --single-version-externally-managed install_data
[12.333s] running egg_info
[12.512s] writing ../build/bluerov2_node/bluerov2_node.egg-info/PKG-INFO
[12.515s] writing dependency_links to ../build/bluerov2_node/bluerov2_node.egg-info/dependency_links.txt
[12.519s] writing entry points to ../build/bluerov2_node/bluerov2_node.egg-info/entry_points.txt
[12.523s] writing requirements to ../build/bluerov2_node/bluerov2_node.egg-info/requires.txt
[12.529s] writing top-level names to ../build/bluerov2_node/bluerov2_node.egg-info/top_level.txt
[13.190s] reading manifest file '../build/bluerov2_node/bluerov2_node.egg-info/SOURCES.txt'
[13.210s] writing manifest file '../build/bluerov2_node/bluerov2_node.egg-info/SOURCES.txt'
[13.211s] running build
[13.211s] running build_py
[13.223s] running install
[13.360s] running install_lib
[13.809s] running install_data
[13.818s] running install_egg_info
[14.260s] removing '/home/zguo27/auvc_ws/src/AUVC_stuff/install/bluerov2_node/lib/python3.12/site-packages/bluerov2_node-0.0.0-py3.12.egg-info' (and everything under it)
[14.272s] Copying ../build/bluerov2_node/bluerov2_node.egg-info to /home/zguo27/auvc_ws/src/AUVC_stuff/install/bluerov2_node/lib/python3.12/site-packages/bluerov2_node-0.0.0-py3.12.egg-info
[14.321s] running install_scripts
[15.769s] Installing arm_disarm script to /home/zguo27/auvc_ws/src/AUVC_stuff/install/bluerov2_node/lib/bluerov2_node
[15.777s] Installing camera_interface script to /home/zguo27/auvc_ws/src/AUVC_stuff/install/bluerov2_node/lib/bluerov2_node
[15.779s] Installing convert_to_depth script to /home/zguo27/auvc_ws/src/AUVC_stuff/install/bluerov2_node/lib/bluerov2_node
[15.784s] Installing lane_detection script to /home/zguo27/auvc_ws/src/AUVC_stuff/install/bluerov2_node/lib/bluerov2_node
[15.789s] writing list of installed files to '/home/zguo27/auvc_ws/src/AUVC_stuff/build/bluerov2_node/install.log'
[16.011s] Invoked command in '/home/zguo27/auvc_ws/src/AUVC_stuff/bluerov2_node' returned '0': PYTHONPATH=/home/zguo27/auvc_ws/src/AUVC_stuff/build/bluerov2_node/prefix_override:/usr/lib/python3/dist-packages/colcon_core/task/python/colcon_distutils_commands:/home/zguo27/auvc_ws/src/AUVC_stuff/install/bluerov2_node/lib/python3.12/site-packages:${PYTHONPATH} VIRTUAL_ENV_PROMPT=(rosmav) /usr/bin/python3 -W ignore:setup.py install is deprecated -W ignore:easy_install command is deprecated setup.py egg_info --egg-base ../build/bluerov2_node build --build-base /home/zguo27/auvc_ws/src/AUVC_stuff/build/bluerov2_node/build install --record /home/zguo27/auvc_ws/src/AUVC_stuff/build/bluerov2_node/install.log --single-version-externally-managed install_data
