[5.840s] Invoking command in '/home/zguo27/auvc_ws/src/AUVC_stuff/bluerov2_bluecv': PYTHONPATH=/home/zguo27/auvc_ws/src/AUVC_stuff/build/bluerov2_bluecv/prefix_override:/usr/lib/python3/dist-packages/colcon_core/task/python/colcon_distutils_commands:/home/zguo27/auvc_ws/src/AUVC_stuff/install/bluerov2_bluecv/lib/python3.12/site-packages:${PYTHONPATH} /usr/bin/python3 -W ignore:setup.py install is deprecated -W ignore:easy_install command is deprecated setup.py egg_info --egg-base ../build/bluerov2_bluecv build --build-base /home/zguo27/auvc_ws/src/AUVC_stuff/build/bluerov2_bluecv/build install --record /home/zguo27/auvc_ws/src/AUVC_stuff/build/bluerov2_bluecv/install.log --single-version-externally-managed install_data
[7.139s] running egg_info
[7.140s] creating ../build/bluerov2_bluecv/bluerov2_bluecv.egg-info
[7.228s] writing ../build/bluerov2_bluecv/bluerov2_bluecv.egg-info/PKG-INFO
[7.229s] writing dependency_links to ../build/bluerov2_bluecv/bluerov2_bluecv.egg-info/dependency_links.txt
[7.230s] writing entry points to ../build/bluerov2_bluecv/bluerov2_bluecv.egg-info/entry_points.txt
[7.230s] writing requirements to ../build/bluerov2_bluecv/bluerov2_bluecv.egg-info/requires.txt
[7.231s] writing top-level names to ../build/bluerov2_bluecv/bluerov2_bluecv.egg-info/top_level.txt
[7.232s] writing manifest file '../build/bluerov2_bluecv/bluerov2_bluecv.egg-info/SOURCES.txt'
[7.415s] reading manifest file '../build/bluerov2_bluecv/bluerov2_bluecv.egg-info/SOURCES.txt'
[7.418s] writing manifest file '../build/bluerov2_bluecv/bluerov2_bluecv.egg-info/SOURCES.txt'
[7.418s] running build
[7.419s] running build_py
[7.420s] creating /home/zguo27/auvc_ws/src/AUVC_stuff/build/bluerov2_bluecv/build
[7.420s] creating /home/zguo27/auvc_ws/src/AUVC_stuff/build/bluerov2_bluecv/build/lib
[7.421s] creating /home/zguo27/auvc_ws/src/AUVC_stuff/build/bluerov2_bluecv/build/lib/bluerov2_bluecv
[7.421s] copying bluerov2_bluecv/__init__.py -> /home/zguo27/auvc_ws/src/AUVC_stuff/build/bluerov2_bluecv/build/lib/bluerov2_bluecv
[7.422s] copying bluerov2_bluecv/ReadAprilTags.py -> /home/zguo27/auvc_ws/src/AUVC_stuff/build/bluerov2_bluecv/build/lib/bluerov2_bluecv
[7.423s] running install
[7.455s] running install_lib
[7.552s] creating /home/zguo27/auvc_ws/src/AUVC_stuff/install/bluerov2_bluecv/lib/python3.12/site-packages/bluerov2_bluecv
[7.555s] copying /home/zguo27/auvc_ws/src/AUVC_stuff/build/bluerov2_bluecv/build/lib/bluerov2_bluecv/__init__.py -> /home/zguo27/auvc_ws/src/AUVC_stuff/install/bluerov2_bluecv/lib/python3.12/site-packages/bluerov2_bluecv
[7.556s] copying /home/zguo27/auvc_ws/src/AUVC_stuff/build/bluerov2_bluecv/build/lib/bluerov2_bluecv/ReadAprilTags.py -> /home/zguo27/auvc_ws/src/AUVC_stuff/install/bluerov2_bluecv/lib/python3.12/site-packages/bluerov2_bluecv
[7.557s] byte-compiling /home/zguo27/auvc_ws/src/AUVC_stuff/install/bluerov2_bluecv/lib/python3.12/site-packages/bluerov2_bluecv/__init__.py to __init__.cpython-312.pyc
[7.559s] byte-compiling /home/zguo27/auvc_ws/src/AUVC_stuff/install/bluerov2_bluecv/lib/python3.12/site-packages/bluerov2_bluecv/ReadAprilTags.py to ReadAprilTags.cpython-312.pyc
[7.563s] running install_data
[7.564s] creating /home/zguo27/auvc_ws/src/AUVC_stuff/install/bluerov2_bluecv/share/ament_index
[7.565s] creating /home/zguo27/auvc_ws/src/AUVC_stuff/install/bluerov2_bluecv/share/ament_index/resource_index
[7.565s] creating /home/zguo27/auvc_ws/src/AUVC_stuff/install/bluerov2_bluecv/share/ament_index/resource_index/packages
[7.566s] copying resource/bluerov2_bluecv -> /home/zguo27/auvc_ws/src/AUVC_stuff/install/bluerov2_bluecv/share/ament_index/resource_index/packages
[7.566s] copying package.xml -> /home/zguo27/auvc_ws/src/AUVC_stuff/install/bluerov2_bluecv/share/bluerov2_bluecv
[7.567s] running install_egg_info
[7.671s] Copying ../build/bluerov2_bluecv/bluerov2_bluecv.egg-info to /home/zguo27/auvc_ws/src/AUVC_stuff/install/bluerov2_bluecv/lib/python3.12/site-packages/bluerov2_bluecv-0.0.0-py3.12.egg-info
[7.677s] running install_scripts
[8.400s] Installing april_tag script to /home/zguo27/auvc_ws/src/AUVC_stuff/install/bluerov2_bluecv/lib/bluerov2_bluecv
[8.401s] Installing virtualenvs script to /home/zguo27/auvc_ws/src/AUVC_stuff/install/bluerov2_bluecv/lib/bluerov2_bluecv
[8.402s] writing list of installed files to '/home/zguo27/auvc_ws/src/AUVC_stuff/build/bluerov2_bluecv/install.log'
[8.548s] Invoked command in '/home/zguo27/auvc_ws/src/AUVC_stuff/bluerov2_bluecv' returned '0': PYTHONPATH=/home/zguo27/auvc_ws/src/AUVC_stuff/build/bluerov2_bluecv/prefix_override:/usr/lib/python3/dist-packages/colcon_core/task/python/colcon_distutils_commands:/home/zguo27/auvc_ws/src/AUVC_stuff/install/bluerov2_bluecv/lib/python3.12/site-packages:${PYTHONPATH} /usr/bin/python3 -W ignore:setup.py install is deprecated -W ignore:easy_install command is deprecated setup.py egg_info --egg-base ../build/bluerov2_bluecv build --build-base /home/zguo27/auvc_ws/src/AUVC_stuff/build/bluerov2_bluecv/build install --record /home/zguo27/auvc_ws/src/AUVC_stuff/build/bluerov2_bluecv/install.log --single-version-externally-managed install_data
