[0.481s] DEBUG:colcon:Command line arguments: ['/usr/bin/colcon', 'build']
[0.481s] DEBUG:colcon:Parsed command line arguments: Namespace(log_base=None, log_level=None, verb_name='build', build_base='build', install_base='install', merge_install=False, symlink_install=False, test_result_base=None, continue_on_error=False, executor='parallel', parallel_workers=4, event_handlers=None, ignore_user_meta=False, metas=['./colcon.meta'], base_paths=['.'], packages_ignore=None, packages_ignore_regex=None, paths=None, packages_up_to=None, packages_up_to_regex=None, packages_above=None, packages_above_and_dependencies=None, packages_above_depth=None, packages_select_by_dep=None, packages_skip_by_dep=None, packages_skip_up_to=None, packages_select_build_failed=False, packages_skip_build_finished=False, packages_select_test_failures=False, packages_skip_test_passed=False, packages_select=None, packages_skip=None, packages_select_regex=None, packages_skip_regex=None, packages_start=None, packages_end=None, allow_overriding=[], cmake_args=None, cmake_target=None, cmake_target_skip_unavailable=False, cmake_clean_cache=False, cmake_clean_first=False, cmake_force_configure=False, ament_cmake_args=None, catkin_cmake_args=None, catkin_skip_building_tests=False, mixin_files=None, mixin=None, verb_parser=<colcon_mixin.mixin.mixin_argument.MixinArgumentDecorator object at 0xffff84ff6c60>, verb_extension=<colcon_core.verb.build.BuildVerb object at 0xffff84ff67e0>, main=<bound method BuildVerb.main of <colcon_core.verb.build.BuildVerb object at 0xffff84ff67e0>>, mixin_verb=('build',))
[0.673s] Level 1:colcon.colcon_core.package_discovery:discover_packages(colcon_meta) check parameters
[0.673s] Level 1:colcon.colcon_core.package_discovery:discover_packages(recursive) check parameters
[0.674s] Level 1:colcon.colcon_core.package_discovery:discover_packages(ignore) check parameters
[0.674s] Level 1:colcon.colcon_core.package_discovery:discover_packages(path) check parameters
[0.674s] Level 1:colcon.colcon_core.package_discovery:discover_packages(colcon_meta) discover
[0.675s] Level 1:colcon.colcon_core.package_discovery:discover_packages(recursive) discover
[0.675s] INFO:colcon.colcon_core.package_discovery:Crawling recursively for packages in '/home/zguo27/auvc_ws/src/AUVC_stuff'
[0.675s] Level 1:colcon.colcon_core.package_identification:_identify(.) by extensions ['ignore', 'ignore_ament_install']
[0.676s] Level 1:colcon.colcon_core.package_identification:_identify(.) by extension 'ignore'
[0.676s] Level 1:colcon.colcon_core.package_identification:_identify(.) by extension 'ignore_ament_install'
[0.677s] Level 1:colcon.colcon_core.package_identification:_identify(.) by extensions ['colcon_pkg']
[0.677s] Level 1:colcon.colcon_core.package_identification:_identify(.) by extension 'colcon_pkg'
[0.677s] Level 1:colcon.colcon_core.package_identification:_identify(.) by extensions ['colcon_meta']
[0.677s] Level 1:colcon.colcon_core.package_identification:_identify(.) by extension 'colcon_meta'
[0.677s] Level 1:colcon.colcon_core.package_identification:_identify(.) by extensions ['ros']
[0.678s] Level 1:colcon.colcon_core.package_identification:_identify(.) by extension 'ros'
[0.791s] Level 1:colcon.colcon_core.package_identification:_identify(.) by extensions ['cmake', 'python']
[0.791s] Level 1:colcon.colcon_core.package_identification:_identify(.) by extension 'cmake'
[0.791s] Level 1:colcon.colcon_core.package_identification:_identify(.) by extension 'python'
[0.791s] Level 1:colcon.colcon_core.package_identification:_identify(.) by extensions ['python_setup_py']
[0.791s] Level 1:colcon.colcon_core.package_identification:_identify(.) by extension 'python_setup_py'
[0.792s] Level 1:colcon.colcon_core.package_identification:_identify(bluerov2_arm_disarm) by extensions ['ignore', 'ignore_ament_install']
[0.792s] Level 1:colcon.colcon_core.package_identification:_identify(bluerov2_arm_disarm) by extension 'ignore'
[0.793s] Level 1:colcon.colcon_core.package_identification:_identify(bluerov2_arm_disarm) by extension 'ignore_ament_install'
[0.793s] Level 1:colcon.colcon_core.package_identification:_identify(bluerov2_arm_disarm) by extensions ['colcon_pkg']
[0.793s] Level 1:colcon.colcon_core.package_identification:_identify(bluerov2_arm_disarm) by extension 'colcon_pkg'
[0.793s] Level 1:colcon.colcon_core.package_identification:_identify(bluerov2_arm_disarm) by extensions ['colcon_meta']
[0.794s] Level 1:colcon.colcon_core.package_identification:_identify(bluerov2_arm_disarm) by extension 'colcon_meta'
[0.794s] Level 1:colcon.colcon_core.package_identification:_identify(bluerov2_arm_disarm) by extensions ['ros']
[0.794s] Level 1:colcon.colcon_core.package_identification:_identify(bluerov2_arm_disarm) by extension 'ros'
[0.803s] DEBUG:colcon.colcon_core.package_identification:Package 'bluerov2_arm_disarm' with type 'ros.ament_python' and name 'bluerov2_arm_disarm'
[0.804s] Level 1:colcon.colcon_core.package_identification:_identify(bluerov2_controllers) by extensions ['ignore', 'ignore_ament_install']
[0.805s] Level 1:colcon.colcon_core.package_identification:_identify(bluerov2_controllers) by extension 'ignore'
[0.805s] Level 1:colcon.colcon_core.package_identification:_identify(bluerov2_controllers) by extension 'ignore_ament_install'
[0.805s] Level 1:colcon.colcon_core.package_identification:_identify(bluerov2_controllers) by extensions ['colcon_pkg']
[0.805s] Level 1:colcon.colcon_core.package_identification:_identify(bluerov2_controllers) by extension 'colcon_pkg'
[0.806s] Level 1:colcon.colcon_core.package_identification:_identify(bluerov2_controllers) by extensions ['colcon_meta']
[0.806s] Level 1:colcon.colcon_core.package_identification:_identify(bluerov2_controllers) by extension 'colcon_meta'
[0.806s] Level 1:colcon.colcon_core.package_identification:_identify(bluerov2_controllers) by extensions ['ros']
[0.806s] Level 1:colcon.colcon_core.package_identification:_identify(bluerov2_controllers) by extension 'ros'
[0.809s] DEBUG:colcon.colcon_core.package_identification:Package 'bluerov2_controllers' with type 'ros.ament_python' and name 'bluerov2_controllers'
[0.810s] Level 1:colcon.colcon_core.package_identification:_identify(bluerov2_launchers) by extensions ['ignore', 'ignore_ament_install']
[0.810s] Level 1:colcon.colcon_core.package_identification:_identify(bluerov2_launchers) by extension 'ignore'
[0.811s] Level 1:colcon.colcon_core.package_identification:_identify(bluerov2_launchers) by extension 'ignore_ament_install'
[0.811s] Level 1:colcon.colcon_core.package_identification:_identify(bluerov2_launchers) by extensions ['colcon_pkg']
[0.811s] Level 1:colcon.colcon_core.package_identification:_identify(bluerov2_launchers) by extension 'colcon_pkg'
[0.812s] Level 1:colcon.colcon_core.package_identification:_identify(bluerov2_launchers) by extensions ['colcon_meta']
[0.812s] Level 1:colcon.colcon_core.package_identification:_identify(bluerov2_launchers) by extension 'colcon_meta'
[0.812s] Level 1:colcon.colcon_core.package_identification:_identify(bluerov2_launchers) by extensions ['ros']
[0.812s] Level 1:colcon.colcon_core.package_identification:_identify(bluerov2_launchers) by extension 'ros'
[0.817s] DEBUG:colcon.colcon_core.package_identification:Package 'bluerov2_launchers' with type 'ros.ament_python' and name 'bluerov2_launchers'
[0.818s] Level 1:colcon.colcon_core.package_identification:_identify(bluerov2_node) by extensions ['ignore', 'ignore_ament_install']
[0.818s] Level 1:colcon.colcon_core.package_identification:_identify(bluerov2_node) by extension 'ignore'
[0.818s] Level 1:colcon.colcon_core.package_identification:_identify(bluerov2_node) by extension 'ignore_ament_install'
[0.819s] Level 1:colcon.colcon_core.package_identification:_identify(bluerov2_node) by extensions ['colcon_pkg']
[0.819s] Level 1:colcon.colcon_core.package_identification:_identify(bluerov2_node) by extension 'colcon_pkg'
[0.819s] Level 1:colcon.colcon_core.package_identification:_identify(bluerov2_node) by extensions ['colcon_meta']
[0.819s] Level 1:colcon.colcon_core.package_identification:_identify(bluerov2_node) by extension 'colcon_meta'
[0.819s] Level 1:colcon.colcon_core.package_identification:_identify(bluerov2_node) by extensions ['ros']
[0.819s] Level 1:colcon.colcon_core.package_identification:_identify(bluerov2_node) by extension 'ros'
[0.823s] DEBUG:colcon.colcon_core.package_identification:Package 'bluerov2_node' with type 'ros.ament_python' and name 'bluerov2_node'
[0.824s] Level 1:colcon.colcon_core.package_identification:_identify(bluerov2_opencv) by extensions ['ignore', 'ignore_ament_install']
[0.824s] Level 1:colcon.colcon_core.package_identification:_identify(bluerov2_opencv) by extension 'ignore'
[0.824s] Level 1:colcon.colcon_core.package_identification:_identify(bluerov2_opencv) by extension 'ignore_ament_install'
[0.824s] Level 1:colcon.colcon_core.package_identification:_identify(bluerov2_opencv) by extensions ['colcon_pkg']
[0.825s] Level 1:colcon.colcon_core.package_identification:_identify(bluerov2_opencv) by extension 'colcon_pkg'
[0.825s] Level 1:colcon.colcon_core.package_identification:_identify(bluerov2_opencv) by extensions ['colcon_meta']
[0.825s] Level 1:colcon.colcon_core.package_identification:_identify(bluerov2_opencv) by extension 'colcon_meta'
[0.825s] Level 1:colcon.colcon_core.package_identification:_identify(bluerov2_opencv) by extensions ['ros']
[0.825s] Level 1:colcon.colcon_core.package_identification:_identify(bluerov2_opencv) by extension 'ros'
[0.826s] Level 1:colcon.colcon_core.package_identification:_identify(bluerov2_opencv) by extensions ['cmake', 'python']
[0.826s] Level 1:colcon.colcon_core.package_identification:_identify(bluerov2_opencv) by extension 'cmake'
[0.826s] Level 1:colcon.colcon_core.package_identification:_identify(bluerov2_opencv) by extension 'python'
[0.826s] Level 1:colcon.colcon_core.package_identification:_identify(bluerov2_opencv) by extensions ['python_setup_py']
[0.826s] Level 1:colcon.colcon_core.package_identification:_identify(bluerov2_opencv) by extension 'python_setup_py'
[0.827s] Level 1:colcon.colcon_core.package_identification:_identify(bluerov2_opencv/log) by extensions ['ignore', 'ignore_ament_install']
[0.827s] Level 1:colcon.colcon_core.package_identification:_identify(bluerov2_opencv/log) by extension 'ignore'
[0.827s] Level 1:colcon.colcon_core.package_identification:_identify(bluerov2_opencv/log) ignored
[0.828s] Level 1:colcon.colcon_core.package_identification:_identify(bluerov2_testers) by extensions ['ignore', 'ignore_ament_install']
[0.828s] Level 1:colcon.colcon_core.package_identification:_identify(bluerov2_testers) by extension 'ignore'
[0.828s] Level 1:colcon.colcon_core.package_identification:_identify(bluerov2_testers) by extension 'ignore_ament_install'
[0.829s] Level 1:colcon.colcon_core.package_identification:_identify(bluerov2_testers) by extensions ['colcon_pkg']
[0.829s] Level 1:colcon.colcon_core.package_identification:_identify(bluerov2_testers) by extension 'colcon_pkg'
[0.829s] Level 1:colcon.colcon_core.package_identification:_identify(bluerov2_testers) by extensions ['colcon_meta']
[0.829s] Level 1:colcon.colcon_core.package_identification:_identify(bluerov2_testers) by extension 'colcon_meta'
[0.829s] Level 1:colcon.colcon_core.package_identification:_identify(bluerov2_testers) by extensions ['ros']
[0.829s] Level 1:colcon.colcon_core.package_identification:_identify(bluerov2_testers) by extension 'ros'
[0.832s] DEBUG:colcon.colcon_core.package_identification:Package 'bluerov2_testers' with type 'ros.ament_python' and name 'bluerov2_testers'
[0.833s] Level 1:colcon.colcon_core.package_identification:_identify(build) by extensions ['ignore', 'ignore_ament_install']
[0.833s] Level 1:colcon.colcon_core.package_identification:_identify(build) by extension 'ignore'
[0.834s] Level 1:colcon.colcon_core.package_identification:_identify(build) ignored
[0.834s] Level 1:colcon.colcon_core.package_identification:_identify(bwsibot) by extensions ['ignore', 'ignore_ament_install']
[0.834s] Level 1:colcon.colcon_core.package_identification:_identify(bwsibot) by extension 'ignore'
[0.835s] Level 1:colcon.colcon_core.package_identification:_identify(bwsibot) by extension 'ignore_ament_install'
[0.835s] Level 1:colcon.colcon_core.package_identification:_identify(bwsibot) by extensions ['colcon_pkg']
[0.835s] Level 1:colcon.colcon_core.package_identification:_identify(bwsibot) by extension 'colcon_pkg'
[0.835s] Level 1:colcon.colcon_core.package_identification:_identify(bwsibot) by extensions ['colcon_meta']
[0.835s] Level 1:colcon.colcon_core.package_identification:_identify(bwsibot) by extension 'colcon_meta'
[0.835s] Level 1:colcon.colcon_core.package_identification:_identify(bwsibot) by extensions ['ros']
[0.836s] Level 1:colcon.colcon_core.package_identification:_identify(bwsibot) by extension 'ros'
[0.836s] Level 1:colcon.colcon_core.package_identification:_identify(bwsibot) by extensions ['cmake', 'python']
[0.836s] Level 1:colcon.colcon_core.package_identification:_identify(bwsibot) by extension 'cmake'
[0.836s] Level 1:colcon.colcon_core.package_identification:_identify(bwsibot) by extension 'python'
[0.836s] Level 1:colcon.colcon_core.package_identification:_identify(bwsibot) by extensions ['python_setup_py']
[0.836s] Level 1:colcon.colcon_core.package_identification:_identify(bwsibot) by extension 'python_setup_py'
[0.837s] Level 1:colcon.colcon_core.package_identification:_identify(bwsibot/logs) by extensions ['ignore', 'ignore_ament_install']
[0.837s] Level 1:colcon.colcon_core.package_identification:_identify(bwsibot/logs) by extension 'ignore'
[0.837s] Level 1:colcon.colcon_core.package_identification:_identify(bwsibot/logs) by extension 'ignore_ament_install'
[0.838s] Level 1:colcon.colcon_core.package_identification:_identify(bwsibot/logs) by extensions ['colcon_pkg']
[0.838s] Level 1:colcon.colcon_core.package_identification:_identify(bwsibot/logs) by extension 'colcon_pkg'
[0.838s] Level 1:colcon.colcon_core.package_identification:_identify(bwsibot/logs) by extensions ['colcon_meta']
[0.838s] Level 1:colcon.colcon_core.package_identification:_identify(bwsibot/logs) by extension 'colcon_meta'
[0.838s] Level 1:colcon.colcon_core.package_identification:_identify(bwsibot/logs) by extensions ['ros']
[0.838s] Level 1:colcon.colcon_core.package_identification:_identify(bwsibot/logs) by extension 'ros'
[0.839s] Level 1:colcon.colcon_core.package_identification:_identify(bwsibot/logs) by extensions ['cmake', 'python']
[0.839s] Level 1:colcon.colcon_core.package_identification:_identify(bwsibot/logs) by extension 'cmake'
[0.839s] Level 1:colcon.colcon_core.package_identification:_identify(bwsibot/logs) by extension 'python'
[0.839s] Level 1:colcon.colcon_core.package_identification:_identify(bwsibot/logs) by extensions ['python_setup_py']
[0.839s] Level 1:colcon.colcon_core.package_identification:_identify(bwsibot/logs) by extension 'python_setup_py'
[0.840s] Level 1:colcon.colcon_core.package_identification:_identify(bwsibot/logs/2025-07-25) by extensions ['ignore', 'ignore_ament_install']
[0.840s] Level 1:colcon.colcon_core.package_identification:_identify(bwsibot/logs/2025-07-25) by extension 'ignore'
[0.840s] Level 1:colcon.colcon_core.package_identification:_identify(bwsibot/logs/2025-07-25) by extension 'ignore_ament_install'
[0.841s] Level 1:colcon.colcon_core.package_identification:_identify(bwsibot/logs/2025-07-25) by extensions ['colcon_pkg']
[0.841s] Level 1:colcon.colcon_core.package_identification:_identify(bwsibot/logs/2025-07-25) by extension 'colcon_pkg'
[0.841s] Level 1:colcon.colcon_core.package_identification:_identify(bwsibot/logs/2025-07-25) by extensions ['colcon_meta']
[0.841s] Level 1:colcon.colcon_core.package_identification:_identify(bwsibot/logs/2025-07-25) by extension 'colcon_meta'
[0.841s] Level 1:colcon.colcon_core.package_identification:_identify(bwsibot/logs/2025-07-25) by extensions ['ros']
[0.841s] Level 1:colcon.colcon_core.package_identification:_identify(bwsibot/logs/2025-07-25) by extension 'ros'
[0.842s] Level 1:colcon.colcon_core.package_identification:_identify(bwsibot/logs/2025-07-25) by extensions ['cmake', 'python']
[0.842s] Level 1:colcon.colcon_core.package_identification:_identify(bwsibot/logs/2025-07-25) by extension 'cmake'
[0.842s] Level 1:colcon.colcon_core.package_identification:_identify(bwsibot/logs/2025-07-25) by extension 'python'
[0.842s] Level 1:colcon.colcon_core.package_identification:_identify(bwsibot/logs/2025-07-25) by extensions ['python_setup_py']
[0.842s] Level 1:colcon.colcon_core.package_identification:_identify(bwsibot/logs/2025-07-25) by extension 'python_setup_py'
[0.843s] Level 1:colcon.colcon_core.package_identification:_identify(bwsibot/logs/2025-07-25/flight1) by extensions ['ignore', 'ignore_ament_install']
[0.843s] Level 1:colcon.colcon_core.package_identification:_identify(bwsibot/logs/2025-07-25/flight1) by extension 'ignore'
[0.843s] Level 1:colcon.colcon_core.package_identification:_identify(bwsibot/logs/2025-07-25/flight1) by extension 'ignore_ament_install'
[0.844s] Level 1:colcon.colcon_core.package_identification:_identify(bwsibot/logs/2025-07-25/flight1) by extensions ['colcon_pkg']
[0.844s] Level 1:colcon.colcon_core.package_identification:_identify(bwsibot/logs/2025-07-25/flight1) by extension 'colcon_pkg'
[0.844s] Level 1:colcon.colcon_core.package_identification:_identify(bwsibot/logs/2025-07-25/flight1) by extensions ['colcon_meta']
[0.844s] Level 1:colcon.colcon_core.package_identification:_identify(bwsibot/logs/2025-07-25/flight1) by extension 'colcon_meta'
[0.844s] Level 1:colcon.colcon_core.package_identification:_identify(bwsibot/logs/2025-07-25/flight1) by extensions ['ros']
[0.844s] Level 1:colcon.colcon_core.package_identification:_identify(bwsibot/logs/2025-07-25/flight1) by extension 'ros'
[0.845s] Level 1:colcon.colcon_core.package_identification:_identify(bwsibot/logs/2025-07-25/flight1) by extensions ['cmake', 'python']
[0.845s] Level 1:colcon.colcon_core.package_identification:_identify(bwsibot/logs/2025-07-25/flight1) by extension 'cmake'
[0.845s] Level 1:colcon.colcon_core.package_identification:_identify(bwsibot/logs/2025-07-25/flight1) by extension 'python'
[0.845s] Level 1:colcon.colcon_core.package_identification:_identify(bwsibot/logs/2025-07-25/flight1) by extensions ['python_setup_py']
[0.845s] Level 1:colcon.colcon_core.package_identification:_identify(bwsibot/logs/2025-07-25/flight1) by extension 'python_setup_py'
[0.846s] Level 1:colcon.colcon_core.package_identification:_identify(bwsibot/logs/2025-07-28) by extensions ['ignore', 'ignore_ament_install']
[0.846s] Level 1:colcon.colcon_core.package_identification:_identify(bwsibot/logs/2025-07-28) by extension 'ignore'
[0.846s] Level 1:colcon.colcon_core.package_identification:_identify(bwsibot/logs/2025-07-28) by extension 'ignore_ament_install'
[0.847s] Level 1:colcon.colcon_core.package_identification:_identify(bwsibot/logs/2025-07-28) by extensions ['colcon_pkg']
[0.847s] Level 1:colcon.colcon_core.package_identification:_identify(bwsibot/logs/2025-07-28) by extension 'colcon_pkg'
[0.847s] Level 1:colcon.colcon_core.package_identification:_identify(bwsibot/logs/2025-07-28) by extensions ['colcon_meta']
[0.847s] Level 1:colcon.colcon_core.package_identification:_identify(bwsibot/logs/2025-07-28) by extension 'colcon_meta'
[0.847s] Level 1:colcon.colcon_core.package_identification:_identify(bwsibot/logs/2025-07-28) by extensions ['ros']
[0.847s] Level 1:colcon.colcon_core.package_identification:_identify(bwsibot/logs/2025-07-28) by extension 'ros'
[0.848s] Level 1:colcon.colcon_core.package_identification:_identify(bwsibot/logs/2025-07-28) by extensions ['cmake', 'python']
[0.848s] Level 1:colcon.colcon_core.package_identification:_identify(bwsibot/logs/2025-07-28) by extension 'cmake'
[0.848s] Level 1:colcon.colcon_core.package_identification:_identify(bwsibot/logs/2025-07-28) by extension 'python'
[0.848s] Level 1:colcon.colcon_core.package_identification:_identify(bwsibot/logs/2025-07-28) by extensions ['python_setup_py']
[0.848s] Level 1:colcon.colcon_core.package_identification:_identify(bwsibot/logs/2025-07-28) by extension 'python_setup_py'
[0.849s] Level 1:colcon.colcon_core.package_identification:_identify(bwsibot/logs/2025-07-28/flight1) by extensions ['ignore', 'ignore_ament_install']
[0.849s] Level 1:colcon.colcon_core.package_identification:_identify(bwsibot/logs/2025-07-28/flight1) by extension 'ignore'
[0.850s] Level 1:colcon.colcon_core.package_identification:_identify(bwsibot/logs/2025-07-28/flight1) by extension 'ignore_ament_install'
[0.850s] Level 1:colcon.colcon_core.package_identification:_identify(bwsibot/logs/2025-07-28/flight1) by extensions ['colcon_pkg']
[0.850s] Level 1:colcon.colcon_core.package_identification:_identify(bwsibot/logs/2025-07-28/flight1) by extension 'colcon_pkg'
[0.850s] Level 1:colcon.colcon_core.package_identification:_identify(bwsibot/logs/2025-07-28/flight1) by extensions ['colcon_meta']
[0.850s] Level 1:colcon.colcon_core.package_identification:_identify(bwsibot/logs/2025-07-28/flight1) by extension 'colcon_meta'
[0.850s] Level 1:colcon.colcon_core.package_identification:_identify(bwsibot/logs/2025-07-28/flight1) by extensions ['ros']
[0.851s] Level 1:colcon.colcon_core.package_identification:_identify(bwsibot/logs/2025-07-28/flight1) by extension 'ros'
[0.851s] Level 1:colcon.colcon_core.package_identification:_identify(bwsibot/logs/2025-07-28/flight1) by extensions ['cmake', 'python']
[0.851s] Level 1:colcon.colcon_core.package_identification:_identify(bwsibot/logs/2025-07-28/flight1) by extension 'cmake'
[0.851s] Level 1:colcon.colcon_core.package_identification:_identify(bwsibot/logs/2025-07-28/flight1) by extension 'python'
[0.851s] Level 1:colcon.colcon_core.package_identification:_identify(bwsibot/logs/2025-07-28/flight1) by extensions ['python_setup_py']
[0.852s] Level 1:colcon.colcon_core.package_identification:_identify(bwsibot/logs/2025-07-28/flight1) by extension 'python_setup_py'
[0.852s] Level 1:colcon.colcon_core.package_identification:_identify(bwsibot/logs/2025-07-28/flight2) by extensions ['ignore', 'ignore_ament_install']
[0.852s] Level 1:colcon.colcon_core.package_identification:_identify(bwsibot/logs/2025-07-28/flight2) by extension 'ignore'
[0.853s] Level 1:colcon.colcon_core.package_identification:_identify(bwsibot/logs/2025-07-28/flight2) by extension 'ignore_ament_install'
[0.853s] Level 1:colcon.colcon_core.package_identification:_identify(bwsibot/logs/2025-07-28/flight2) by extensions ['colcon_pkg']
[0.853s] Level 1:colcon.colcon_core.package_identification:_identify(bwsibot/logs/2025-07-28/flight2) by extension 'colcon_pkg'
[0.853s] Level 1:colcon.colcon_core.package_identification:_identify(bwsibot/logs/2025-07-28/flight2) by extensions ['colcon_meta']
[0.853s] Level 1:colcon.colcon_core.package_identification:_identify(bwsibot/logs/2025-07-28/flight2) by extension 'colcon_meta'
[0.854s] Level 1:colcon.colcon_core.package_identification:_identify(bwsibot/logs/2025-07-28/flight2) by extensions ['ros']
[0.854s] Level 1:colcon.colcon_core.package_identification:_identify(bwsibot/logs/2025-07-28/flight2) by extension 'ros'
[0.854s] Level 1:colcon.colcon_core.package_identification:_identify(bwsibot/logs/2025-07-28/flight2) by extensions ['cmake', 'python']
[0.854s] Level 1:colcon.colcon_core.package_identification:_identify(bwsibot/logs/2025-07-28/flight2) by extension 'cmake'
[0.854s] Level 1:colcon.colcon_core.package_identification:_identify(bwsibot/logs/2025-07-28/flight2) by extension 'python'
[0.855s] Level 1:colcon.colcon_core.package_identification:_identify(bwsibot/logs/2025-07-28/flight2) by extensions ['python_setup_py']
[0.855s] Level 1:colcon.colcon_core.package_identification:_identify(bwsibot/logs/2025-07-28/flight2) by extension 'python_setup_py'
[0.855s] Level 1:colcon.colcon_core.package_identification:_identify(install) by extensions ['ignore', 'ignore_ament_install']
[0.856s] Level 1:colcon.colcon_core.package_identification:_identify(install) by extension 'ignore'
[0.856s] Level 1:colcon.colcon_core.package_identification:_identify(install) ignored
[0.856s] Level 1:colcon.colcon_core.package_identification:_identify(log) by extensions ['ignore', 'ignore_ament_install']
[0.857s] Level 1:colcon.colcon_core.package_identification:_identify(log) by extension 'ignore'
[0.857s] Level 1:colcon.colcon_core.package_identification:_identify(log) ignored
[0.857s] Level 1:colcon.colcon_core.package_discovery:discover_packages(recursive) using defaults
[0.857s] Level 1:colcon.colcon_core.package_discovery:discover_packages(ignore) discover
[0.857s] Level 1:colcon.colcon_core.package_discovery:discover_packages(ignore) using defaults
[0.858s] Level 1:colcon.colcon_core.package_discovery:discover_packages(path) discover
[0.858s] Level 1:colcon.colcon_core.package_discovery:discover_packages(path) using defaults
[0.932s] Level 1:colcon.colcon_core.package_discovery:discover_packages(prefix_path) check parameters
[0.932s] Level 1:colcon.colcon_core.package_discovery:discover_packages(prefix_path) discover
[0.937s] WARNING:colcon.colcon_ros.prefix_path.ament:The path '/home/zguo27/auvc_ws/install/tutorial_virtualenvs' in the environment variable AMENT_PREFIX_PATH doesn't exist
[0.938s] WARNING:colcon.colcon_ros.prefix_path.ament:The path '/home/zguo27/auvc_ws/install/tutorial' in the environment variable AMENT_PREFIX_PATH doesn't exist
[0.939s] WARNING:colcon.colcon_ros.prefix_path.ament:The path '/home/zguo27/auvc_ws/install/example_custom_srv' in the environment variable AMENT_PREFIX_PATH doesn't exist
[0.939s] WARNING:colcon.colcon_ros.prefix_path.ament:The path '/home/zguo27/auvc_ws/install/bluerov2_launchers' in the environment variable AMENT_PREFIX_PATH doesn't exist
[0.940s] WARNING:colcon.colcon_ros.prefix_path.ament:The path '/home/zguo27/auvc_ws/install/bluerov2_testers' in the environment variable AMENT_PREFIX_PATH doesn't exist
[0.940s] WARNING:colcon.colcon_ros.prefix_path.ament:The path '/home/zguo27/auvc_ws/install/bluerov2_node' in the environment variable AMENT_PREFIX_PATH doesn't exist
[0.940s] WARNING:colcon.colcon_ros.prefix_path.ament:The path '/home/zguo27/auvc_ws/install/bluerov2_controllers' in the environment variable AMENT_PREFIX_PATH doesn't exist
[0.941s] WARNING:colcon.colcon_ros.prefix_path.ament:The path '/home/zguo27/auvc_ws/install/bluerov2_arm_disarm' in the environment variable AMENT_PREFIX_PATH doesn't exist
[0.941s] WARNING:colcon.colcon_ros.prefix_path.catkin:The path '/home/zguo27/auvc_ws/install/example_custom_srv' in the environment variable CMAKE_PREFIX_PATH doesn't exist
[0.946s] DEBUG:colcon.colcon_installed_package_information.package_discovery:Found 0 installed packages in /home/zguo27/auvc_ws/install
[0.956s] DEBUG:colcon.colcon_installed_package_information.package_discovery:Found 258 installed packages in /opt/ros/jazzy
[0.964s] Level 1:colcon.colcon_core.package_discovery:discover_packages(prefix_path) using defaults
[1.139s] Level 5:colcon.colcon_core.verb:set package 'bluerov2_arm_disarm' build argument 'cmake_args' from command line to 'None'
[1.140s] Level 5:colcon.colcon_core.verb:set package 'bluerov2_arm_disarm' build argument 'cmake_target' from command line to 'None'
[1.140s] Level 5:colcon.colcon_core.verb:set package 'bluerov2_arm_disarm' build argument 'cmake_target_skip_unavailable' from command line to 'False'
[1.140s] Level 5:colcon.colcon_core.verb:set package 'bluerov2_arm_disarm' build argument 'cmake_clean_cache' from command line to 'False'
[1.140s] Level 5:colcon.colcon_core.verb:set package 'bluerov2_arm_disarm' build argument 'cmake_clean_first' from command line to 'False'
[1.140s] Level 5:colcon.colcon_core.verb:set package 'bluerov2_arm_disarm' build argument 'cmake_force_configure' from command line to 'False'
[1.140s] Level 5:colcon.colcon_core.verb:set package 'bluerov2_arm_disarm' build argument 'ament_cmake_args' from command line to 'None'
[1.140s] Level 5:colcon.colcon_core.verb:set package 'bluerov2_arm_disarm' build argument 'catkin_cmake_args' from command line to 'None'
[1.140s] Level 5:colcon.colcon_core.verb:set package 'bluerov2_arm_disarm' build argument 'catkin_skip_building_tests' from command line to 'False'
[1.141s] DEBUG:colcon.colcon_core.verb:Building package 'bluerov2_arm_disarm' with the following arguments: {'ament_cmake_args': None, 'build_base': '/home/zguo27/auvc_ws/src/AUVC_stuff/build/bluerov2_arm_disarm', 'catkin_cmake_args': None, 'catkin_skip_building_tests': False, 'cmake_args': None, 'cmake_clean_cache': False, 'cmake_clean_first': False, 'cmake_force_configure': False, 'cmake_target': None, 'cmake_target_skip_unavailable': False, 'install_base': '/home/zguo27/auvc_ws/src/AUVC_stuff/install/bluerov2_arm_disarm', 'merge_install': False, 'path': '/home/zguo27/auvc_ws/src/AUVC_stuff/bluerov2_arm_disarm', 'symlink_install': False, 'test_result_base': None}
[1.142s] Level 5:colcon.colcon_core.verb:set package 'bluerov2_controllers' build argument 'cmake_args' from command line to 'None'
[1.143s] Level 5:colcon.colcon_core.verb:set package 'bluerov2_controllers' build argument 'cmake_target' from command line to 'None'
[1.143s] Level 5:colcon.colcon_core.verb:set package 'bluerov2_controllers' build argument 'cmake_target_skip_unavailable' from command line to 'False'
[1.143s] Level 5:colcon.colcon_core.verb:set package 'bluerov2_controllers' build argument 'cmake_clean_cache' from command line to 'False'
[1.143s] Level 5:colcon.colcon_core.verb:set package 'bluerov2_controllers' build argument 'cmake_clean_first' from command line to 'False'
[1.143s] Level 5:colcon.colcon_core.verb:set package 'bluerov2_controllers' build argument 'cmake_force_configure' from command line to 'False'
[1.143s] Level 5:colcon.colcon_core.verb:set package 'bluerov2_controllers' build argument 'ament_cmake_args' from command line to 'None'
[1.144s] Level 5:colcon.colcon_core.verb:set package 'bluerov2_controllers' build argument 'catkin_cmake_args' from command line to 'None'
[1.144s] Level 5:colcon.colcon_core.verb:set package 'bluerov2_controllers' build argument 'catkin_skip_building_tests' from command line to 'False'
[1.144s] DEBUG:colcon.colcon_core.verb:Building package 'bluerov2_controllers' with the following arguments: {'ament_cmake_args': None, 'build_base': '/home/zguo27/auvc_ws/src/AUVC_stuff/build/bluerov2_controllers', 'catkin_cmake_args': None, 'catkin_skip_building_tests': False, 'cmake_args': None, 'cmake_clean_cache': False, 'cmake_clean_first': False, 'cmake_force_configure': False, 'cmake_target': None, 'cmake_target_skip_unavailable': False, 'install_base': '/home/zguo27/auvc_ws/src/AUVC_stuff/install/bluerov2_controllers', 'merge_install': False, 'path': '/home/zguo27/auvc_ws/src/AUVC_stuff/bluerov2_controllers', 'symlink_install': False, 'test_result_base': None}
[1.145s] Level 5:colcon.colcon_core.verb:set package 'bluerov2_node' build argument 'cmake_args' from command line to 'None'
[1.146s] Level 5:colcon.colcon_core.verb:set package 'bluerov2_node' build argument 'cmake_target' from command line to 'None'
[1.146s] Level 5:colcon.colcon_core.verb:set package 'bluerov2_node' build argument 'cmake_target_skip_unavailable' from command line to 'False'
[1.146s] Level 5:colcon.colcon_core.verb:set package 'bluerov2_node' build argument 'cmake_clean_cache' from command line to 'False'
[1.146s] Level 5:colcon.colcon_core.verb:set package 'bluerov2_node' build argument 'cmake_clean_first' from command line to 'False'
[1.146s] Level 5:colcon.colcon_core.verb:set package 'bluerov2_node' build argument 'cmake_force_configure' from command line to 'False'
[1.146s] Level 5:colcon.colcon_core.verb:set package 'bluerov2_node' build argument 'ament_cmake_args' from command line to 'None'
[1.146s] Level 5:colcon.colcon_core.verb:set package 'bluerov2_node' build argument 'catkin_cmake_args' from command line to 'None'
[1.146s] Level 5:colcon.colcon_core.verb:set package 'bluerov2_node' build argument 'catkin_skip_building_tests' from command line to 'False'
[1.147s] DEBUG:colcon.colcon_core.verb:Building package 'bluerov2_node' with the following arguments: {'ament_cmake_args': None, 'build_base': '/home/zguo27/auvc_ws/src/AUVC_stuff/build/bluerov2_node', 'catkin_cmake_args': None, 'catkin_skip_building_tests': False, 'cmake_args': None, 'cmake_clean_cache': False, 'cmake_clean_first': False, 'cmake_force_configure': False, 'cmake_target': None, 'cmake_target_skip_unavailable': False, 'install_base': '/home/zguo27/auvc_ws/src/AUVC_stuff/install/bluerov2_node', 'merge_install': False, 'path': '/home/zguo27/auvc_ws/src/AUVC_stuff/bluerov2_node', 'symlink_install': False, 'test_result_base': None}
[1.148s] Level 5:colcon.colcon_core.verb:set package 'bluerov2_testers' build argument 'cmake_args' from command line to 'None'
[1.148s] Level 5:colcon.colcon_core.verb:set package 'bluerov2_testers' build argument 'cmake_target' from command line to 'None'
[1.149s] Level 5:colcon.colcon_core.verb:set package 'bluerov2_testers' build argument 'cmake_target_skip_unavailable' from command line to 'False'
[1.149s] Level 5:colcon.colcon_core.verb:set package 'bluerov2_testers' build argument 'cmake_clean_cache' from command line to 'False'
[1.149s] Level 5:colcon.colcon_core.verb:set package 'bluerov2_testers' build argument 'cmake_clean_first' from command line to 'False'
[1.149s] Level 5:colcon.colcon_core.verb:set package 'bluerov2_testers' build argument 'cmake_force_configure' from command line to 'False'
[1.149s] Level 5:colcon.colcon_core.verb:set package 'bluerov2_testers' build argument 'ament_cmake_args' from command line to 'None'
[1.149s] Level 5:colcon.colcon_core.verb:set package 'bluerov2_testers' build argument 'catkin_cmake_args' from command line to 'None'
[1.149s] Level 5:colcon.colcon_core.verb:set package 'bluerov2_testers' build argument 'catkin_skip_building_tests' from command line to 'False'
[1.149s] DEBUG:colcon.colcon_core.verb:Building package 'bluerov2_testers' with the following arguments: {'ament_cmake_args': None, 'build_base': '/home/zguo27/auvc_ws/src/AUVC_stuff/build/bluerov2_testers', 'catkin_cmake_args': None, 'catkin_skip_building_tests': False, 'cmake_args': None, 'cmake_clean_cache': False, 'cmake_clean_first': False, 'cmake_force_configure': False, 'cmake_target': None, 'cmake_target_skip_unavailable': False, 'install_base': '/home/zguo27/auvc_ws/src/AUVC_stuff/install/bluerov2_testers', 'merge_install': False, 'path': '/home/zguo27/auvc_ws/src/AUVC_stuff/bluerov2_testers', 'symlink_install': False, 'test_result_base': None}
[1.151s] Level 5:colcon.colcon_core.verb:set package 'bluerov2_launchers' build argument 'cmake_args' from command line to 'None'
[1.151s] Level 5:colcon.colcon_core.verb:set package 'bluerov2_launchers' build argument 'cmake_target' from command line to 'None'
[1.151s] Level 5:colcon.colcon_core.verb:set package 'bluerov2_launchers' build argument 'cmake_target_skip_unavailable' from command line to 'False'
[1.151s] Level 5:colcon.colcon_core.verb:set package 'bluerov2_launchers' build argument 'cmake_clean_cache' from command line to 'False'
[1.151s] Level 5:colcon.colcon_core.verb:set package 'bluerov2_launchers' build argument 'cmake_clean_first' from command line to 'False'
[1.151s] Level 5:colcon.colcon_core.verb:set package 'bluerov2_launchers' build argument 'cmake_force_configure' from command line to 'False'
[1.151s] Level 5:colcon.colcon_core.verb:set package 'bluerov2_launchers' build argument 'ament_cmake_args' from command line to 'None'
[1.152s] Level 5:colcon.colcon_core.verb:set package 'bluerov2_launchers' build argument 'catkin_cmake_args' from command line to 'None'
[1.152s] Level 5:colcon.colcon_core.verb:set package 'bluerov2_launchers' build argument 'catkin_skip_building_tests' from command line to 'False'
[1.152s] DEBUG:colcon.colcon_core.verb:Building package 'bluerov2_launchers' with the following arguments: {'ament_cmake_args': None, 'build_base': '/home/zguo27/auvc_ws/src/AUVC_stuff/build/bluerov2_launchers', 'catkin_cmake_args': None, 'catkin_skip_building_tests': False, 'cmake_args': None, 'cmake_clean_cache': False, 'cmake_clean_first': False, 'cmake_force_configure': False, 'cmake_target': None, 'cmake_target_skip_unavailable': False, 'install_base': '/home/zguo27/auvc_ws/src/AUVC_stuff/install/bluerov2_launchers', 'merge_install': False, 'path': '/home/zguo27/auvc_ws/src/AUVC_stuff/bluerov2_launchers', 'symlink_install': False, 'test_result_base': None}
[1.152s] INFO:colcon.colcon_core.executor:Executing jobs using 'parallel' executor
[1.155s] DEBUG:colcon.colcon_parallel_executor.executor.parallel:run_until_complete
[1.156s] INFO:colcon.colcon_ros.task.ament_python.build:Building ROS package in '/home/zguo27/auvc_ws/src/AUVC_stuff/bluerov2_arm_disarm' with build type 'ament_python'
[1.157s] Level 1:colcon.colcon_core.shell:create_environment_hook('bluerov2_arm_disarm', 'ament_prefix_path')
[1.167s] INFO:colcon.colcon_core.plugin_system:Skipping extension 'colcon_core.shell.bat': Not used on non-Windows systems
[1.168s] INFO:colcon.colcon_core.shell:Creating environment hook '/home/zguo27/auvc_ws/src/AUVC_stuff/install/bluerov2_arm_disarm/share/bluerov2_arm_disarm/hook/ament_prefix_path.ps1'
[1.171s] INFO:colcon.colcon_core.shell:Creating environment descriptor '/home/zguo27/auvc_ws/src/AUVC_stuff/install/bluerov2_arm_disarm/share/bluerov2_arm_disarm/hook/ament_prefix_path.dsv'
[1.174s] INFO:colcon.colcon_core.shell:Creating environment hook '/home/zguo27/auvc_ws/src/AUVC_stuff/install/bluerov2_arm_disarm/share/bluerov2_arm_disarm/hook/ament_prefix_path.sh'
[1.177s] INFO:colcon.colcon_core.shell:Skip shell extension 'powershell' for command environment: Not usable outside of PowerShell
[1.178s] DEBUG:colcon.colcon_core.shell:Skip shell extension 'dsv' for command environment
[1.197s] INFO:colcon.colcon_ros.task.ament_python.build:Building ROS package in '/home/zguo27/auvc_ws/src/AUVC_stuff/bluerov2_controllers' with build type 'ament_python'
[1.197s] Level 1:colcon.colcon_core.shell:create_environment_hook('bluerov2_controllers', 'ament_prefix_path')
[1.198s] INFO:colcon.colcon_core.shell:Creating environment hook '/home/zguo27/auvc_ws/src/AUVC_stuff/install/bluerov2_controllers/share/bluerov2_controllers/hook/ament_prefix_path.ps1'
[1.201s] INFO:colcon.colcon_core.shell:Creating environment descriptor '/home/zguo27/auvc_ws/src/AUVC_stuff/install/bluerov2_controllers/share/bluerov2_controllers/hook/ament_prefix_path.dsv'
[1.203s] INFO:colcon.colcon_core.shell:Creating environment hook '/home/zguo27/auvc_ws/src/AUVC_stuff/install/bluerov2_controllers/share/bluerov2_controllers/hook/ament_prefix_path.sh'
[1.207s] INFO:colcon.colcon_core.shell:Skip shell extension 'powershell' for command environment: Not usable outside of PowerShell
[1.207s] DEBUG:colcon.colcon_core.shell:Skip shell extension 'dsv' for command environment
[1.227s] INFO:colcon.colcon_ros.task.ament_python.build:Building ROS package in '/home/zguo27/auvc_ws/src/AUVC_stuff/bluerov2_node' with build type 'ament_python'
[1.228s] Level 1:colcon.colcon_core.shell:create_environment_hook('bluerov2_node', 'ament_prefix_path')
[1.229s] INFO:colcon.colcon_core.shell:Creating environment hook '/home/zguo27/auvc_ws/src/AUVC_stuff/install/bluerov2_node/share/bluerov2_node/hook/ament_prefix_path.ps1'
[1.232s] INFO:colcon.colcon_core.shell:Creating environment descriptor '/home/zguo27/auvc_ws/src/AUVC_stuff/install/bluerov2_node/share/bluerov2_node/hook/ament_prefix_path.dsv'
[1.234s] INFO:colcon.colcon_core.shell:Creating environment hook '/home/zguo27/auvc_ws/src/AUVC_stuff/install/bluerov2_node/share/bluerov2_node/hook/ament_prefix_path.sh'
[1.238s] INFO:colcon.colcon_core.shell:Skip shell extension 'powershell' for command environment: Not usable outside of PowerShell
[1.238s] DEBUG:colcon.colcon_core.shell:Skip shell extension 'dsv' for command environment
[1.258s] INFO:colcon.colcon_ros.task.ament_python.build:Building ROS package in '/home/zguo27/auvc_ws/src/AUVC_stuff/bluerov2_testers' with build type 'ament_python'
[1.259s] Level 1:colcon.colcon_core.shell:create_environment_hook('bluerov2_testers', 'ament_prefix_path')
[1.259s] INFO:colcon.colcon_core.shell:Creating environment hook '/home/zguo27/auvc_ws/src/AUVC_stuff/install/bluerov2_testers/share/bluerov2_testers/hook/ament_prefix_path.ps1'
[1.263s] INFO:colcon.colcon_core.shell:Creating environment descriptor '/home/zguo27/auvc_ws/src/AUVC_stuff/install/bluerov2_testers/share/bluerov2_testers/hook/ament_prefix_path.dsv'
[1.265s] INFO:colcon.colcon_core.shell:Creating environment hook '/home/zguo27/auvc_ws/src/AUVC_stuff/install/bluerov2_testers/share/bluerov2_testers/hook/ament_prefix_path.sh'
[1.268s] INFO:colcon.colcon_core.shell:Skip shell extension 'powershell' for command environment: Not usable outside of PowerShell
[1.268s] DEBUG:colcon.colcon_core.shell:Skip shell extension 'dsv' for command environment
[2.382s] INFO:colcon.colcon_core.task.python.build:Building Python package in '/home/zguo27/auvc_ws/src/AUVC_stuff/bluerov2_arm_disarm'
[2.382s] INFO:colcon.colcon_core.shell:Skip shell extension 'powershell' for command environment: Not usable outside of PowerShell
[2.382s] DEBUG:colcon.colcon_core.shell:Skip shell extension 'dsv' for command environment
[3.492s] INFO:colcon.colcon_core.task.python.build:Building Python package in '/home/zguo27/auvc_ws/src/AUVC_stuff/bluerov2_controllers'
[3.492s] INFO:colcon.colcon_core.shell:Skip shell extension 'powershell' for command environment: Not usable outside of PowerShell
[3.493s] DEBUG:colcon.colcon_core.shell:Skip shell extension 'dsv' for command environment
[4.574s] INFO:colcon.colcon_core.task.python.build:Building Python package in '/home/zguo27/auvc_ws/src/AUVC_stuff/bluerov2_node'
[4.574s] INFO:colcon.colcon_core.shell:Skip shell extension 'powershell' for command environment: Not usable outside of PowerShell
[4.575s] DEBUG:colcon.colcon_core.shell:Skip shell extension 'dsv' for command environment
[5.694s] INFO:colcon.colcon_core.task.python.build:Building Python package in '/home/zguo27/auvc_ws/src/AUVC_stuff/bluerov2_testers'
[5.694s] INFO:colcon.colcon_core.shell:Skip shell extension 'powershell' for command environment: Not usable outside of PowerShell
[5.695s] DEBUG:colcon.colcon_core.shell:Skip shell extension 'dsv' for command environment
[10.709s] DEBUG:colcon.colcon_core.event_handler.log_command:Invoking command in '/home/zguo27/auvc_ws/src/AUVC_stuff/bluerov2_controllers': PYTHONPATH=/home/zguo27/auvc_ws/src/AUVC_stuff/build/bluerov2_controllers/prefix_override:/usr/lib/python3/dist-packages/colcon_core/task/python/colcon_distutils_commands:/home/zguo27/auvc_ws/src/AUVC_stuff/install/bluerov2_controllers/lib/python3.12/site-packages:${PYTHONPATH} VIRTUAL_ENV_PROMPT=(rosmav) /usr/bin/python3 -W ignore:setup.py install is deprecated -W ignore:easy_install command is deprecated setup.py egg_info --egg-base ../build/bluerov2_controllers build --build-base /home/zguo27/auvc_ws/src/AUVC_stuff/build/bluerov2_controllers/build install --record /home/zguo27/auvc_ws/src/AUVC_stuff/build/bluerov2_controllers/install.log --single-version-externally-managed install_data
[11.016s] DEBUG:colcon.colcon_core.event_handler.log_command:Invoking command in '/home/zguo27/auvc_ws/src/AUVC_stuff/bluerov2_testers': PYTHONPATH=/home/zguo27/auvc_ws/src/AUVC_stuff/build/bluerov2_testers/prefix_override:/usr/lib/python3/dist-packages/colcon_core/task/python/colcon_distutils_commands:/home/zguo27/auvc_ws/src/AUVC_stuff/install/bluerov2_testers/lib/python3.12/site-packages:${PYTHONPATH} VIRTUAL_ENV_PROMPT=(rosmav) /usr/bin/python3 -W ignore:setup.py install is deprecated -W ignore:easy_install command is deprecated setup.py egg_info --egg-base ../build/bluerov2_testers build --build-base /home/zguo27/auvc_ws/src/AUVC_stuff/build/bluerov2_testers/build install --record /home/zguo27/auvc_ws/src/AUVC_stuff/build/bluerov2_testers/install.log --single-version-externally-managed install_data
[11.239s] DEBUG:colcon.colcon_core.event_handler.log_command:Invoking command in '/home/zguo27/auvc_ws/src/AUVC_stuff/bluerov2_node': PYTHONPATH=/home/zguo27/auvc_ws/src/AUVC_stuff/build/bluerov2_node/prefix_override:/usr/lib/python3/dist-packages/colcon_core/task/python/colcon_distutils_commands:/home/zguo27/auvc_ws/src/AUVC_stuff/install/bluerov2_node/lib/python3.12/site-packages:${PYTHONPATH} VIRTUAL_ENV_PROMPT=(rosmav) /usr/bin/python3 -W ignore:setup.py install is deprecated -W ignore:easy_install command is deprecated setup.py egg_info --egg-base ../build/bluerov2_node build --build-base /home/zguo27/auvc_ws/src/AUVC_stuff/build/bluerov2_node/build install --record /home/zguo27/auvc_ws/src/AUVC_stuff/build/bluerov2_node/install.log --single-version-externally-managed install_data
[11.265s] DEBUG:colcon.colcon_core.event_handler.log_command:Invoking command in '/home/zguo27/auvc_ws/src/AUVC_stuff/bluerov2_arm_disarm': PYTHONPATH=/home/zguo27/auvc_ws/src/AUVC_stuff/build/bluerov2_arm_disarm/prefix_override:/usr/lib/python3/dist-packages/colcon_core/task/python/colcon_distutils_commands:/home/zguo27/auvc_ws/src/AUVC_stuff/install/bluerov2_arm_disarm/lib/python3.12/site-packages:${PYTHONPATH} VIRTUAL_ENV_PROMPT=(rosmav) /usr/bin/python3 -W ignore:setup.py install is deprecated -W ignore:easy_install command is deprecated setup.py egg_info --egg-base ../build/bluerov2_arm_disarm build --build-base /home/zguo27/auvc_ws/src/AUVC_stuff/build/bluerov2_arm_disarm/build install --record /home/zguo27/auvc_ws/src/AUVC_stuff/build/bluerov2_arm_disarm/install.log --single-version-externally-managed install_data
[16.586s] DEBUG:colcon.colcon_core.event_handler.log_command:Invoked command in '/home/zguo27/auvc_ws/src/AUVC_stuff/bluerov2_controllers' returned '0': PYTHONPATH=/home/zguo27/auvc_ws/src/AUVC_stuff/build/bluerov2_controllers/prefix_override:/usr/lib/python3/dist-packages/colcon_core/task/python/colcon_distutils_commands:/home/zguo27/auvc_ws/src/AUVC_stuff/install/bluerov2_controllers/lib/python3.12/site-packages:${PYTHONPATH} VIRTUAL_ENV_PROMPT=(rosmav) /usr/bin/python3 -W ignore:setup.py install is deprecated -W ignore:easy_install command is deprecated setup.py egg_info --egg-base ../build/bluerov2_controllers build --build-base /home/zguo27/auvc_ws/src/AUVC_stuff/build/bluerov2_controllers/build install --record /home/zguo27/auvc_ws/src/AUVC_stuff/build/bluerov2_controllers/install.log --single-version-externally-managed install_data
[16.601s] Level 1:colcon.colcon_core.environment:checking '/home/zguo27/auvc_ws/src/AUVC_stuff/install/bluerov2_controllers' for CMake module files
[16.607s] Level 1:colcon.colcon_core.environment:checking '/home/zguo27/auvc_ws/src/AUVC_stuff/install/bluerov2_controllers' for CMake config files
[16.614s] Level 1:colcon.colcon_core.environment:checking '/home/zguo27/auvc_ws/src/AUVC_stuff/install/bluerov2_controllers/lib'
[16.615s] Level 1:colcon.colcon_core.environment:checking '/home/zguo27/auvc_ws/src/AUVC_stuff/install/bluerov2_controllers/bin'
[16.617s] Level 1:colcon.colcon_core.environment:checking '/home/zguo27/auvc_ws/src/AUVC_stuff/install/bluerov2_controllers/lib/pkgconfig/bluerov2_controllers.pc'
[16.619s] Level 1:colcon.colcon_core.environment:checking '/home/zguo27/auvc_ws/src/AUVC_stuff/install/bluerov2_controllers/lib/python3.12/site-packages'
[16.620s] Level 1:colcon.colcon_core.shell:create_environment_hook('bluerov2_controllers', 'pythonpath')
[16.621s] INFO:colcon.colcon_core.shell:Creating environment hook '/home/zguo27/auvc_ws/src/AUVC_stuff/install/bluerov2_controllers/share/bluerov2_controllers/hook/pythonpath.ps1'
[16.624s] INFO:colcon.colcon_core.shell:Creating environment descriptor '/home/zguo27/auvc_ws/src/AUVC_stuff/install/bluerov2_controllers/share/bluerov2_controllers/hook/pythonpath.dsv'
[16.628s] INFO:colcon.colcon_core.shell:Creating environment hook '/home/zguo27/auvc_ws/src/AUVC_stuff/install/bluerov2_controllers/share/bluerov2_controllers/hook/pythonpath.sh'
[16.633s] Level 1:colcon.colcon_core.environment:checking '/home/zguo27/auvc_ws/src/AUVC_stuff/install/bluerov2_controllers/bin'
[16.634s] Level 1:colcon.colcon_core.environment:create_environment_scripts_only(bluerov2_controllers)
[16.636s] INFO:colcon.colcon_core.shell:Creating package script '/home/zguo27/auvc_ws/src/AUVC_stuff/install/bluerov2_controllers/share/bluerov2_controllers/package.ps1'
[16.651s] INFO:colcon.colcon_core.shell:Creating package descriptor '/home/zguo27/auvc_ws/src/AUVC_stuff/install/bluerov2_controllers/share/bluerov2_controllers/package.dsv'
[16.659s] INFO:colcon.colcon_core.shell:Creating package script '/home/zguo27/auvc_ws/src/AUVC_stuff/install/bluerov2_controllers/share/bluerov2_controllers/package.sh'
[16.667s] INFO:colcon.colcon_core.shell:Creating package script '/home/zguo27/auvc_ws/src/AUVC_stuff/install/bluerov2_controllers/share/bluerov2_controllers/package.bash'
[16.677s] INFO:colcon.colcon_core.shell:Creating package script '/home/zguo27/auvc_ws/src/AUVC_stuff/install/bluerov2_controllers/share/bluerov2_controllers/package.zsh'
[16.687s] Level 1:colcon.colcon_core.environment:create_file_with_runtime_dependencies(/home/zguo27/auvc_ws/src/AUVC_stuff/install/bluerov2_controllers/share/colcon-core/packages/bluerov2_controllers)
[16.834s] Level 1:colcon.colcon_core.environment:checking '/home/zguo27/auvc_ws/src/AUVC_stuff/install/bluerov2_testers' for CMake module files
[16.836s] DEBUG:colcon.colcon_core.event_handler.log_command:Invoked command in '/home/zguo27/auvc_ws/src/AUVC_stuff/bluerov2_testers' returned '0': PYTHONPATH=/home/zguo27/auvc_ws/src/AUVC_stuff/build/bluerov2_testers/prefix_override:/usr/lib/python3/dist-packages/colcon_core/task/python/colcon_distutils_commands:/home/zguo27/auvc_ws/src/AUVC_stuff/install/bluerov2_testers/lib/python3.12/site-packages:${PYTHONPATH} VIRTUAL_ENV_PROMPT=(rosmav) /usr/bin/python3 -W ignore:setup.py install is deprecated -W ignore:easy_install command is deprecated setup.py egg_info --egg-base ../build/bluerov2_testers build --build-base /home/zguo27/auvc_ws/src/AUVC_stuff/build/bluerov2_testers/build install --record /home/zguo27/auvc_ws/src/AUVC_stuff/build/bluerov2_testers/install.log --single-version-externally-managed install_data
[16.839s] Level 1:colcon.colcon_core.environment:checking '/home/zguo27/auvc_ws/src/AUVC_stuff/install/bluerov2_testers' for CMake config files
[16.843s] Level 1:colcon.colcon_core.environment:checking '/home/zguo27/auvc_ws/src/AUVC_stuff/install/bluerov2_testers/lib'
[16.844s] Level 1:colcon.colcon_core.environment:checking '/home/zguo27/auvc_ws/src/AUVC_stuff/install/bluerov2_testers/bin'
[16.844s] Level 1:colcon.colcon_core.environment:checking '/home/zguo27/auvc_ws/src/AUVC_stuff/install/bluerov2_testers/lib/pkgconfig/bluerov2_testers.pc'
[16.845s] Level 1:colcon.colcon_core.environment:checking '/home/zguo27/auvc_ws/src/AUVC_stuff/install/bluerov2_testers/lib/python3.12/site-packages'
[16.846s] Level 1:colcon.colcon_core.shell:create_environment_hook('bluerov2_testers', 'pythonpath')
[16.847s] INFO:colcon.colcon_core.shell:Creating environment hook '/home/zguo27/auvc_ws/src/AUVC_stuff/install/bluerov2_testers/share/bluerov2_testers/hook/pythonpath.ps1'
[16.849s] INFO:colcon.colcon_core.shell:Creating environment descriptor '/home/zguo27/auvc_ws/src/AUVC_stuff/install/bluerov2_testers/share/bluerov2_testers/hook/pythonpath.dsv'
[16.851s] INFO:colcon.colcon_core.shell:Creating environment hook '/home/zguo27/auvc_ws/src/AUVC_stuff/install/bluerov2_testers/share/bluerov2_testers/hook/pythonpath.sh'
[16.854s] Level 1:colcon.colcon_core.environment:checking '/home/zguo27/auvc_ws/src/AUVC_stuff/install/bluerov2_testers/bin'
[16.854s] Level 1:colcon.colcon_core.environment:create_environment_scripts_only(bluerov2_testers)
[16.855s] INFO:colcon.colcon_core.shell:Creating package script '/home/zguo27/auvc_ws/src/AUVC_stuff/install/bluerov2_testers/share/bluerov2_testers/package.ps1'
[16.859s] INFO:colcon.colcon_core.shell:Creating package descriptor '/home/zguo27/auvc_ws/src/AUVC_stuff/install/bluerov2_testers/share/bluerov2_testers/package.dsv'
[16.862s] INFO:colcon.colcon_core.shell:Creating package script '/home/zguo27/auvc_ws/src/AUVC_stuff/install/bluerov2_testers/share/bluerov2_testers/package.sh'
[16.865s] INFO:colcon.colcon_core.shell:Creating package script '/home/zguo27/auvc_ws/src/AUVC_stuff/install/bluerov2_testers/share/bluerov2_testers/package.bash'
[16.868s] INFO:colcon.colcon_core.shell:Creating package script '/home/zguo27/auvc_ws/src/AUVC_stuff/install/bluerov2_testers/share/bluerov2_testers/package.zsh'
[16.870s] Level 1:colcon.colcon_core.environment:create_file_with_runtime_dependencies(/home/zguo27/auvc_ws/src/AUVC_stuff/install/bluerov2_testers/share/colcon-core/packages/bluerov2_testers)
[17.158s] Level 1:colcon.colcon_core.environment:checking '/home/zguo27/auvc_ws/src/AUVC_stuff/install/bluerov2_arm_disarm' for CMake module files
[17.166s] DEBUG:colcon.colcon_core.event_handler.log_command:Invoked command in '/home/zguo27/auvc_ws/src/AUVC_stuff/bluerov2_arm_disarm' returned '0': PYTHONPATH=/home/zguo27/auvc_ws/src/AUVC_stuff/build/bluerov2_arm_disarm/prefix_override:/usr/lib/python3/dist-packages/colcon_core/task/python/colcon_distutils_commands:/home/zguo27/auvc_ws/src/AUVC_stuff/install/bluerov2_arm_disarm/lib/python3.12/site-packages:${PYTHONPATH} VIRTUAL_ENV_PROMPT=(rosmav) /usr/bin/python3 -W ignore:setup.py install is deprecated -W ignore:easy_install command is deprecated setup.py egg_info --egg-base ../build/bluerov2_arm_disarm build --build-base /home/zguo27/auvc_ws/src/AUVC_stuff/build/bluerov2_arm_disarm/build install --record /home/zguo27/auvc_ws/src/AUVC_stuff/build/bluerov2_arm_disarm/install.log --single-version-externally-managed install_data
[17.171s] Level 1:colcon.colcon_core.environment:checking '/home/zguo27/auvc_ws/src/AUVC_stuff/install/bluerov2_arm_disarm' for CMake config files
[17.180s] Level 1:colcon.colcon_core.environment:checking '/home/zguo27/auvc_ws/src/AUVC_stuff/install/bluerov2_arm_disarm/lib'
[17.182s] Level 1:colcon.colcon_core.environment:checking '/home/zguo27/auvc_ws/src/AUVC_stuff/install/bluerov2_arm_disarm/bin'
[17.183s] Level 1:colcon.colcon_core.environment:checking '/home/zguo27/auvc_ws/src/AUVC_stuff/install/bluerov2_arm_disarm/lib/pkgconfig/bluerov2_arm_disarm.pc'
[17.186s] Level 1:colcon.colcon_core.environment:checking '/home/zguo27/auvc_ws/src/AUVC_stuff/install/bluerov2_arm_disarm/lib/python3.12/site-packages'
[17.187s] Level 1:colcon.colcon_core.shell:create_environment_hook('bluerov2_arm_disarm', 'pythonpath')
[17.189s] INFO:colcon.colcon_core.shell:Creating environment hook '/home/zguo27/auvc_ws/src/AUVC_stuff/install/bluerov2_arm_disarm/share/bluerov2_arm_disarm/hook/pythonpath.ps1'
[17.196s] INFO:colcon.colcon_core.shell:Creating environment descriptor '/home/zguo27/auvc_ws/src/AUVC_stuff/install/bluerov2_arm_disarm/share/bluerov2_arm_disarm/hook/pythonpath.dsv'
[17.200s] INFO:colcon.colcon_core.shell:Creating environment hook '/home/zguo27/auvc_ws/src/AUVC_stuff/install/bluerov2_arm_disarm/share/bluerov2_arm_disarm/hook/pythonpath.sh'
[17.207s] Level 1:colcon.colcon_core.environment:checking '/home/zguo27/auvc_ws/src/AUVC_stuff/install/bluerov2_arm_disarm/bin'
[17.208s] Level 1:colcon.colcon_core.environment:create_environment_scripts_only(bluerov2_arm_disarm)
[17.210s] INFO:colcon.colcon_core.shell:Creating package script '/home/zguo27/auvc_ws/src/AUVC_stuff/install/bluerov2_arm_disarm/share/bluerov2_arm_disarm/package.ps1'
[17.215s] INFO:colcon.colcon_core.shell:Creating package descriptor '/home/zguo27/auvc_ws/src/AUVC_stuff/install/bluerov2_arm_disarm/share/bluerov2_arm_disarm/package.dsv'
[17.220s] INFO:colcon.colcon_core.shell:Creating package script '/home/zguo27/auvc_ws/src/AUVC_stuff/install/bluerov2_arm_disarm/share/bluerov2_arm_disarm/package.sh'
[17.224s] INFO:colcon.colcon_core.shell:Creating package script '/home/zguo27/auvc_ws/src/AUVC_stuff/install/bluerov2_arm_disarm/share/bluerov2_arm_disarm/package.bash'
[17.228s] INFO:colcon.colcon_core.shell:Creating package script '/home/zguo27/auvc_ws/src/AUVC_stuff/install/bluerov2_arm_disarm/share/bluerov2_arm_disarm/package.zsh'
[17.231s] Level 1:colcon.colcon_core.environment:create_file_with_runtime_dependencies(/home/zguo27/auvc_ws/src/AUVC_stuff/install/bluerov2_arm_disarm/share/colcon-core/packages/bluerov2_arm_disarm)
[17.237s] Level 1:colcon.colcon_core.environment:checking '/home/zguo27/auvc_ws/src/AUVC_stuff/install/bluerov2_node' for CMake module files
[17.239s] DEBUG:colcon.colcon_core.event_handler.log_command:Invoked command in '/home/zguo27/auvc_ws/src/AUVC_stuff/bluerov2_node' returned '0': PYTHONPATH=/home/zguo27/auvc_ws/src/AUVC_stuff/build/bluerov2_node/prefix_override:/usr/lib/python3/dist-packages/colcon_core/task/python/colcon_distutils_commands:/home/zguo27/auvc_ws/src/AUVC_stuff/install/bluerov2_node/lib/python3.12/site-packages:${PYTHONPATH} VIRTUAL_ENV_PROMPT=(rosmav) /usr/bin/python3 -W ignore:setup.py install is deprecated -W ignore:easy_install command is deprecated setup.py egg_info --egg-base ../build/bluerov2_node build --build-base /home/zguo27/auvc_ws/src/AUVC_stuff/build/bluerov2_node/build install --record /home/zguo27/auvc_ws/src/AUVC_stuff/build/bluerov2_node/install.log --single-version-externally-managed install_data
[17.241s] Level 1:colcon.colcon_core.environment:checking '/home/zguo27/auvc_ws/src/AUVC_stuff/install/bluerov2_node' for CMake config files
[17.245s] Level 1:colcon.colcon_core.environment:checking '/home/zguo27/auvc_ws/src/AUVC_stuff/install/bluerov2_node/lib'
[17.246s] Level 1:colcon.colcon_core.environment:checking '/home/zguo27/auvc_ws/src/AUVC_stuff/install/bluerov2_node/bin'
[17.246s] Level 1:colcon.colcon_core.environment:checking '/home/zguo27/auvc_ws/src/AUVC_stuff/install/bluerov2_node/lib/pkgconfig/bluerov2_node.pc'
[17.247s] Level 1:colcon.colcon_core.environment:checking '/home/zguo27/auvc_ws/src/AUVC_stuff/install/bluerov2_node/lib/python3.12/site-packages'
[17.248s] Level 1:colcon.colcon_core.shell:create_environment_hook('bluerov2_node', 'pythonpath')
[17.249s] INFO:colcon.colcon_core.shell:Creating environment hook '/home/zguo27/auvc_ws/src/AUVC_stuff/install/bluerov2_node/share/bluerov2_node/hook/pythonpath.ps1'
[17.251s] INFO:colcon.colcon_core.shell:Creating environment descriptor '/home/zguo27/auvc_ws/src/AUVC_stuff/install/bluerov2_node/share/bluerov2_node/hook/pythonpath.dsv'
[17.253s] INFO:colcon.colcon_core.shell:Creating environment hook '/home/zguo27/auvc_ws/src/AUVC_stuff/install/bluerov2_node/share/bluerov2_node/hook/pythonpath.sh'
[17.255s] Level 1:colcon.colcon_core.environment:checking '/home/zguo27/auvc_ws/src/AUVC_stuff/install/bluerov2_node/bin'
[17.256s] Level 1:colcon.colcon_core.environment:create_environment_scripts_only(bluerov2_node)
[17.257s] INFO:colcon.colcon_core.shell:Creating package script '/home/zguo27/auvc_ws/src/AUVC_stuff/install/bluerov2_node/share/bluerov2_node/package.ps1'
[17.259s] INFO:colcon.colcon_core.shell:Creating package descriptor '/home/zguo27/auvc_ws/src/AUVC_stuff/install/bluerov2_node/share/bluerov2_node/package.dsv'
[17.261s] INFO:colcon.colcon_core.shell:Creating package script '/home/zguo27/auvc_ws/src/AUVC_stuff/install/bluerov2_node/share/bluerov2_node/package.sh'
[17.263s] INFO:colcon.colcon_core.shell:Creating package script '/home/zguo27/auvc_ws/src/AUVC_stuff/install/bluerov2_node/share/bluerov2_node/package.bash'
[17.265s] INFO:colcon.colcon_core.shell:Creating package script '/home/zguo27/auvc_ws/src/AUVC_stuff/install/bluerov2_node/share/bluerov2_node/package.zsh'
[17.267s] Level 1:colcon.colcon_core.environment:create_file_with_runtime_dependencies(/home/zguo27/auvc_ws/src/AUVC_stuff/install/bluerov2_node/share/colcon-core/packages/bluerov2_node)
[17.269s] INFO:colcon.colcon_ros.task.ament_python.build:Building ROS package in '/home/zguo27/auvc_ws/src/AUVC_stuff/bluerov2_launchers' with build type 'ament_python'
[17.269s] Level 1:colcon.colcon_core.shell:create_environment_hook('bluerov2_launchers', 'ament_prefix_path')
[17.271s] INFO:colcon.colcon_core.shell:Creating environment hook '/home/zguo27/auvc_ws/src/AUVC_stuff/install/bluerov2_launchers/share/bluerov2_launchers/hook/ament_prefix_path.ps1'
[17.274s] INFO:colcon.colcon_core.shell:Creating environment descriptor '/home/zguo27/auvc_ws/src/AUVC_stuff/install/bluerov2_launchers/share/bluerov2_launchers/hook/ament_prefix_path.dsv'
[17.276s] INFO:colcon.colcon_core.shell:Creating environment hook '/home/zguo27/auvc_ws/src/AUVC_stuff/install/bluerov2_launchers/share/bluerov2_launchers/hook/ament_prefix_path.sh'
[17.279s] INFO:colcon.colcon_core.shell:Skip shell extension 'powershell' for command environment: Not usable outside of PowerShell
[17.279s] DEBUG:colcon.colcon_core.shell:Skip shell extension 'dsv' for command environment
[18.492s] INFO:colcon.colcon_core.task.python.build:Building Python package in '/home/zguo27/auvc_ws/src/AUVC_stuff/bluerov2_launchers'
[18.493s] INFO:colcon.colcon_core.shell:Skip shell extension 'powershell' for command environment: Not usable outside of PowerShell
[18.494s] DEBUG:colcon.colcon_core.shell:Skip shell extension 'dsv' for command environment
[21.801s] DEBUG:colcon.colcon_core.event_handler.log_command:Invoking command in '/home/zguo27/auvc_ws/src/AUVC_stuff/bluerov2_launchers': AMENT_PREFIX_PATH=/home/zguo27/auvc_ws/src/AUVC_stuff/install/bluerov2_testers:/home/zguo27/auvc_ws/src/AUVC_stuff/install/bluerov2_node:/home/zguo27/auvc_ws/src/AUVC_stuff/install/bluerov2_controllers:/home/zguo27/auvc_ws/src/AUVC_stuff/install/bluerov2_arm_disarm:${AMENT_PREFIX_PATH} PYTHONPATH=/home/zguo27/auvc_ws/src/AUVC_stuff/build/bluerov2_launchers/prefix_override:/usr/lib/python3/dist-packages/colcon_core/task/python/colcon_distutils_commands:/home/zguo27/auvc_ws/src/AUVC_stuff/install/bluerov2_launchers/lib/python3.12/site-packages:/home/zguo27/auvc_ws/src/AUVC_stuff/install/bluerov2_testers/lib/python3.12/site-packages:/home/zguo27/auvc_ws/src/AUVC_stuff/install/bluerov2_node/lib/python3.12/site-packages:/home/zguo27/auvc_ws/src/AUVC_stuff/install/bluerov2_controllers/lib/python3.12/site-packages:/home/zguo27/auvc_ws/src/AUVC_stuff/install/bluerov2_arm_disarm/lib/python3.12/site-packages:${PYTHONPATH} VIRTUAL_ENV_PROMPT=(rosmav) /usr/bin/python3 -W ignore:setup.py install is deprecated -W ignore:easy_install command is deprecated setup.py egg_info --egg-base ../build/bluerov2_launchers build --build-base /home/zguo27/auvc_ws/src/AUVC_stuff/build/bluerov2_launchers/build install --record /home/zguo27/auvc_ws/src/AUVC_stuff/build/bluerov2_launchers/install.log --single-version-externally-managed install_data
[24.673s] Level 1:colcon.colcon_core.environment:checking '/home/zguo27/auvc_ws/src/AUVC_stuff/install/bluerov2_launchers' for CMake module files
[24.675s] DEBUG:colcon.colcon_core.event_handler.log_command:Invoked command in '/home/zguo27/auvc_ws/src/AUVC_stuff/bluerov2_launchers' returned '0': AMENT_PREFIX_PATH=/home/zguo27/auvc_ws/src/AUVC_stuff/install/bluerov2_testers:/home/zguo27/auvc_ws/src/AUVC_stuff/install/bluerov2_node:/home/zguo27/auvc_ws/src/AUVC_stuff/install/bluerov2_controllers:/home/zguo27/auvc_ws/src/AUVC_stuff/install/bluerov2_arm_disarm:${AMENT_PREFIX_PATH} PYTHONPATH=/home/zguo27/auvc_ws/src/AUVC_stuff/build/bluerov2_launchers/prefix_override:/usr/lib/python3/dist-packages/colcon_core/task/python/colcon_distutils_commands:/home/zguo27/auvc_ws/src/AUVC_stuff/install/bluerov2_launchers/lib/python3.12/site-packages:/home/zguo27/auvc_ws/src/AUVC_stuff/install/bluerov2_testers/lib/python3.12/site-packages:/home/zguo27/auvc_ws/src/AUVC_stuff/install/bluerov2_node/lib/python3.12/site-packages:/home/zguo27/auvc_ws/src/AUVC_stuff/install/bluerov2_controllers/lib/python3.12/site-packages:/home/zguo27/auvc_ws/src/AUVC_stuff/install/bluerov2_arm_disarm/lib/python3.12/site-packages:${PYTHONPATH} VIRTUAL_ENV_PROMPT=(rosmav) /usr/bin/python3 -W ignore:setup.py install is deprecated -W ignore:easy_install command is deprecated setup.py egg_info --egg-base ../build/bluerov2_launchers build --build-base /home/zguo27/auvc_ws/src/AUVC_stuff/build/bluerov2_launchers/build install --record /home/zguo27/auvc_ws/src/AUVC_stuff/build/bluerov2_launchers/install.log --single-version-externally-managed install_data
[24.677s] Level 1:colcon.colcon_core.environment:checking '/home/zguo27/auvc_ws/src/AUVC_stuff/install/bluerov2_launchers' for CMake config files
[24.681s] Level 1:colcon.colcon_core.environment:checking '/home/zguo27/auvc_ws/src/AUVC_stuff/install/bluerov2_launchers/lib'
[24.681s] Level 1:colcon.colcon_core.environment:checking '/home/zguo27/auvc_ws/src/AUVC_stuff/install/bluerov2_launchers/bin'
[24.682s] Level 1:colcon.colcon_core.environment:checking '/home/zguo27/auvc_ws/src/AUVC_stuff/install/bluerov2_launchers/lib/pkgconfig/bluerov2_launchers.pc'
[24.683s] Level 1:colcon.colcon_core.environment:checking '/home/zguo27/auvc_ws/src/AUVC_stuff/install/bluerov2_launchers/lib/python3.12/site-packages'
[24.683s] Level 1:colcon.colcon_core.shell:create_environment_hook('bluerov2_launchers', 'pythonpath')
[24.684s] INFO:colcon.colcon_core.shell:Creating environment hook '/home/zguo27/auvc_ws/src/AUVC_stuff/install/bluerov2_launchers/share/bluerov2_launchers/hook/pythonpath.ps1'
[24.686s] INFO:colcon.colcon_core.shell:Creating environment descriptor '/home/zguo27/auvc_ws/src/AUVC_stuff/install/bluerov2_launchers/share/bluerov2_launchers/hook/pythonpath.dsv'
[24.692s] INFO:colcon.colcon_core.shell:Creating environment hook '/home/zguo27/auvc_ws/src/AUVC_stuff/install/bluerov2_launchers/share/bluerov2_launchers/hook/pythonpath.sh'
[24.716s] Level 1:colcon.colcon_core.environment:checking '/home/zguo27/auvc_ws/src/AUVC_stuff/install/bluerov2_launchers/bin'
[24.716s] Level 1:colcon.colcon_core.environment:create_environment_scripts_only(bluerov2_launchers)
[24.718s] INFO:colcon.colcon_core.shell:Creating package script '/home/zguo27/auvc_ws/src/AUVC_stuff/install/bluerov2_launchers/share/bluerov2_launchers/package.ps1'
[24.721s] INFO:colcon.colcon_core.shell:Creating package descriptor '/home/zguo27/auvc_ws/src/AUVC_stuff/install/bluerov2_launchers/share/bluerov2_launchers/package.dsv'
[24.724s] INFO:colcon.colcon_core.shell:Creating package script '/home/zguo27/auvc_ws/src/AUVC_stuff/install/bluerov2_launchers/share/bluerov2_launchers/package.sh'
[24.726s] INFO:colcon.colcon_core.shell:Creating package script '/home/zguo27/auvc_ws/src/AUVC_stuff/install/bluerov2_launchers/share/bluerov2_launchers/package.bash'
[24.728s] INFO:colcon.colcon_core.shell:Creating package script '/home/zguo27/auvc_ws/src/AUVC_stuff/install/bluerov2_launchers/share/bluerov2_launchers/package.zsh'
[24.730s] Level 1:colcon.colcon_core.environment:create_file_with_runtime_dependencies(/home/zguo27/auvc_ws/src/AUVC_stuff/install/bluerov2_launchers/share/colcon-core/packages/bluerov2_launchers)
[24.731s] DEBUG:colcon.colcon_parallel_executor.executor.parallel:closing loop
[24.732s] DEBUG:colcon.colcon_parallel_executor.executor.parallel:loop closed
[24.733s] DEBUG:colcon.colcon_parallel_executor.executor.parallel:run_until_complete finished with '0'
[24.734s] DEBUG:colcon.colcon_core.event_reactor:joining thread
[24.759s] INFO:colcon.colcon_core.plugin_system:Skipping extension 'colcon_notification.desktop_notification.notify_send': Could not find 'notify-send'
[24.759s] INFO:colcon.colcon_core.plugin_system:Skipping extension 'colcon_notification.desktop_notification.terminal_notifier': Not used on non-Darwin systems
[24.759s] INFO:colcon.colcon_core.plugin_system:Skipping extension 'colcon_notification.desktop_notification.win32': Not used on non-Windows systems
[24.760s] INFO:colcon.colcon_notification.desktop_notification:Sending desktop notification using 'notify2'
[24.763s] DEBUG:colcon.colcon_notification.desktop_notification.notify2:Failed to initialize notify2: org.freedesktop.DBus.Error.ServiceUnknown: The name org.freedesktop.Notifications was not provided by any .service files
[24.763s] DEBUG:colcon.colcon_core.event_reactor:joined thread
[24.764s] INFO:colcon.colcon_core.shell:Creating prefix script '/home/zguo27/auvc_ws/src/AUVC_stuff/install/local_setup.ps1'
[24.768s] INFO:colcon.colcon_core.shell:Creating prefix util module '/home/zguo27/auvc_ws/src/AUVC_stuff/install/_local_setup_util_ps1.py'
[24.774s] INFO:colcon.colcon_core.shell:Creating prefix chain script '/home/zguo27/auvc_ws/src/AUVC_stuff/install/setup.ps1'
[24.779s] INFO:colcon.colcon_core.shell:Creating prefix script '/home/zguo27/auvc_ws/src/AUVC_stuff/install/local_setup.sh'
[24.781s] INFO:colcon.colcon_core.shell:Creating prefix util module '/home/zguo27/auvc_ws/src/AUVC_stuff/install/_local_setup_util_sh.py'
[24.784s] INFO:colcon.colcon_core.shell:Creating prefix chain script '/home/zguo27/auvc_ws/src/AUVC_stuff/install/setup.sh'
[24.790s] INFO:colcon.colcon_core.shell:Creating prefix script '/home/zguo27/auvc_ws/src/AUVC_stuff/install/local_setup.bash'
[24.792s] INFO:colcon.colcon_core.shell:Creating prefix chain script '/home/zguo27/auvc_ws/src/AUVC_stuff/install/setup.bash'
[24.796s] INFO:colcon.colcon_core.shell:Creating prefix script '/home/zguo27/auvc_ws/src/AUVC_stuff/install/local_setup.zsh'
[24.798s] INFO:colcon.colcon_core.shell:Creating prefix chain script '/home/zguo27/auvc_ws/src/AUVC_stuff/install/setup.zsh'
