running egg_info
creating build/bluerov2_bluecv/bluerov2_bluecv.egg-info
writing build/bluerov2_bluecv/bluerov2_bluecv.egg-info/PKG-INFO
writing dependency_links to build/bluerov2_bluecv/bluerov2_bluecv.egg-info/dependency_links.txt
writing requirements to build/bluerov2_bluecv/bluerov2_bluecv.egg-info/requires.txt
writing top-level names to build/bluerov2_bluecv/bluerov2_bluecv.egg-info/top_level.txt
writing manifest file 'build/bluerov2_bluecv/bluerov2_bluecv.egg-info/SOURCES.txt'
reading manifest file 'build/bluerov2_bluecv/bluerov2_bluecv.egg-info/SOURCES.txt'
writing manifest file 'build/bluerov2_bluecv/bluerov2_bluecv.egg-info/SOURCES.txt'
running build
running build_py
creating /home/zguo27/auvc_ws/src/AUVC_stuff/bluerov2_bluecv/build/bluerov2_bluecv/build
creating /home/zguo27/auvc_ws/src/AUVC_stuff/bluerov2_bluecv/build/bluerov2_bluecv/build/lib
creating /home/zguo27/auvc_ws/src/AUVC_stuff/bluerov2_bluecv/build/bluerov2_bluecv/build/lib/bluerov2_bluecv
copying bluerov2_bluecv/__init__.py -> /home/zguo27/auvc_ws/src/AUVC_stuff/bluerov2_bluecv/build/bluerov2_bluecv/build/lib/bluerov2_bluecv
copying bluerov2_bluecv/ReadAprilTags.py -> /home/zguo27/auvc_ws/src/AUVC_stuff/bluerov2_bluecv/build/bluerov2_bluecv/build/lib/bluerov2_bluecv
running install
running install_lib
creating /home/zguo27/auvc_ws/src/AUVC_stuff/bluerov2_bluecv/install/bluerov2_bluecv/lib/python3.12/site-packages/bluerov2_bluecv
copying /home/zguo27/auvc_ws/src/AUVC_stuff/bluerov2_bluecv/build/bluerov2_bluecv/build/lib/bluerov2_bluecv/__init__.py -> /home/zguo27/auvc_ws/src/AUVC_stuff/bluerov2_bluecv/install/bluerov2_bluecv/lib/python3.12/site-packages/bluerov2_bluecv
copying /home/zguo27/auvc_ws/src/AUVC_stuff/bluerov2_bluecv/build/bluerov2_bluecv/build/lib/bluerov2_bluecv/ReadAprilTags.py -> /home/zguo27/auvc_ws/src/AUVC_stuff/bluerov2_bluecv/install/bluerov2_bluecv/lib/python3.12/site-packages/bluerov2_bluecv
byte-compiling /home/zguo27/auvc_ws/src/AUVC_stuff/bluerov2_bluecv/install/bluerov2_bluecv/lib/python3.12/site-packages/bluerov2_bluecv/__init__.py to __init__.cpython-312.pyc
byte-compiling /home/zguo27/auvc_ws/src/AUVC_stuff/bluerov2_bluecv/install/bluerov2_bluecv/lib/python3.12/site-packages/bluerov2_bluecv/ReadAprilTags.py to ReadAprilTags.cpython-312.pyc
running install_data
creating /home/zguo27/auvc_ws/src/AUVC_stuff/bluerov2_bluecv/install/bluerov2_bluecv/share/ament_index
creating /home/zguo27/auvc_ws/src/AUVC_stuff/bluerov2_bluecv/install/bluerov2_bluecv/share/ament_index/resource_index
creating /home/zguo27/auvc_ws/src/AUVC_stuff/bluerov2_bluecv/install/bluerov2_bluecv/share/ament_index/resource_index/packages
copying resource/bluerov2_bluecv -> /home/zguo27/auvc_ws/src/AUVC_stuff/bluerov2_bluecv/install/bluerov2_bluecv/share/ament_index/resource_index/packages
copying package.xml -> /home/zguo27/auvc_ws/src/AUVC_stuff/bluerov2_bluecv/install/bluerov2_bluecv/share/bluerov2_bluecv
running install_egg_info
Copying build/bluerov2_bluecv/bluerov2_bluecv.egg-info to /home/zguo27/auvc_ws/src/AUVC_stuff/bluerov2_bluecv/install/bluerov2_bluecv/lib/python3.12/site-packages/bluerov2_bluecv-0.0.0-py3.12.egg-info
running install_scripts
writing list of installed files to '/home/zguo27/auvc_ws/src/AUVC_stuff/bluerov2_bluecv/build/bluerov2_bluecv/install.log'
