[5.393s] Invoking command in '/home/zguo27/auvc_ws/src/AUVC_stuff/bluerov2_bluecv': PYTHONPATH=/home/zguo27/auvc_ws/src/AUVC_stuff/bluerov2_bluecv/build/bluerov2_bluecv/prefix_override:/usr/lib/python3/dist-packages/colcon_core/task/python/colcon_distutils_commands:/home/zguo27/auvc_ws/src/AUVC_stuff/bluerov2_bluecv/install/bluerov2_bluecv/lib/python3.12/site-packages:${PYTHONPATH} VIRTUAL_ENV_PROMPT=(bluecv) /usr/bin/python3 -W ignore:setup.py install is deprecated -W ignore:easy_install command is deprecated setup.py egg_info --egg-base build/bluerov2_bluecv build --build-base /home/zguo27/auvc_ws/src/AUVC_stuff/bluerov2_bluecv/build/bluerov2_bluecv/build install --record /home/zguo27/auvc_ws/src/AUVC_stuff/bluerov2_bluecv/build/bluerov2_bluecv/install.log --single-version-externally-managed install_data
[7.030s] running egg_info
[7.031s] creating build/bluerov2_bluecv/bluerov2_bluecv.egg-info
[7.113s] writing build/bluerov2_bluecv/bluerov2_bluecv.egg-info/PKG-INFO
[7.114s] writing dependency_links to build/bluerov2_bluecv/bluerov2_bluecv.egg-info/dependency_links.txt
[7.115s] writing requirements to build/bluerov2_bluecv/bluerov2_bluecv.egg-info/requires.txt
[7.115s] writing top-level names to build/bluerov2_bluecv/bluerov2_bluecv.egg-info/top_level.txt
[7.116s] writing manifest file 'build/bluerov2_bluecv/bluerov2_bluecv.egg-info/SOURCES.txt'
[7.327s] reading manifest file 'build/bluerov2_bluecv/bluerov2_bluecv.egg-info/SOURCES.txt'
[7.330s] writing manifest file 'build/bluerov2_bluecv/bluerov2_bluecv.egg-info/SOURCES.txt'
[7.764s] running build
[7.765s] running build_py
[7.767s] creating /home/zguo27/auvc_ws/src/AUVC_stuff/bluerov2_bluecv/build/bluerov2_bluecv/build
[7.768s] creating /home/zguo27/auvc_ws/src/AUVC_stuff/bluerov2_bluecv/build/bluerov2_bluecv/build/lib
[7.769s] creating /home/zguo27/auvc_ws/src/AUVC_stuff/bluerov2_bluecv/build/bluerov2_bluecv/build/lib/bluerov2_bluecv
[7.769s] copying bluerov2_bluecv/__init__.py -> /home/zguo27/auvc_ws/src/AUVC_stuff/bluerov2_bluecv/build/bluerov2_bluecv/build/lib/bluerov2_bluecv
[7.770s] copying bluerov2_bluecv/ReadAprilTags.py -> /home/zguo27/auvc_ws/src/AUVC_stuff/bluerov2_bluecv/build/bluerov2_bluecv/build/lib/bluerov2_bluecv
[7.771s] running install
[7.798s] running install_lib
[7.883s] creating /home/zguo27/auvc_ws/src/AUVC_stuff/bluerov2_bluecv/install/bluerov2_bluecv/lib/python3.12/site-packages/bluerov2_bluecv
[7.884s] copying /home/zguo27/auvc_ws/src/AUVC_stuff/bluerov2_bluecv/build/bluerov2_bluecv/build/lib/bluerov2_bluecv/__init__.py -> /home/zguo27/auvc_ws/src/AUVC_stuff/bluerov2_bluecv/install/bluerov2_bluecv/lib/python3.12/site-packages/bluerov2_bluecv
[7.885s] copying /home/zguo27/auvc_ws/src/AUVC_stuff/bluerov2_bluecv/build/bluerov2_bluecv/build/lib/bluerov2_bluecv/ReadAprilTags.py -> /home/zguo27/auvc_ws/src/AUVC_stuff/bluerov2_bluecv/install/bluerov2_bluecv/lib/python3.12/site-packages/bluerov2_bluecv
[7.888s] byte-compiling /home/zguo27/auvc_ws/src/AUVC_stuff/bluerov2_bluecv/install/bluerov2_bluecv/lib/python3.12/site-packages/bluerov2_bluecv/__init__.py to __init__.cpython-312.pyc
[7.889s] byte-compiling /home/zguo27/auvc_ws/src/AUVC_stuff/bluerov2_bluecv/install/bluerov2_bluecv/lib/python3.12/site-packages/bluerov2_bluecv/ReadAprilTags.py to ReadAprilTags.cpython-312.pyc
[7.894s] running install_data
[7.895s] creating /home/zguo27/auvc_ws/src/AUVC_stuff/bluerov2_bluecv/install/bluerov2_bluecv/share/ament_index
[7.895s] creating /home/zguo27/auvc_ws/src/AUVC_stuff/bluerov2_bluecv/install/bluerov2_bluecv/share/ament_index/resource_index
[7.896s] creating /home/zguo27/auvc_ws/src/AUVC_stuff/bluerov2_bluecv/install/bluerov2_bluecv/share/ament_index/resource_index/packages
[7.897s] copying resource/bluerov2_bluecv -> /home/zguo27/auvc_ws/src/AUVC_stuff/bluerov2_bluecv/install/bluerov2_bluecv/share/ament_index/resource_index/packages
[7.898s] copying package.xml -> /home/zguo27/auvc_ws/src/AUVC_stuff/bluerov2_bluecv/install/bluerov2_bluecv/share/bluerov2_bluecv
[7.898s] running install_egg_info
[7.990s] Copying build/bluerov2_bluecv/bluerov2_bluecv.egg-info to /home/zguo27/auvc_ws/src/AUVC_stuff/bluerov2_bluecv/install/bluerov2_bluecv/lib/python3.12/site-packages/bluerov2_bluecv-0.0.0-py3.12.egg-info
[7.995s] running install_scripts
[8.993s] writing list of installed files to '/home/zguo27/auvc_ws/src/AUVC_stuff/bluerov2_bluecv/build/bluerov2_bluecv/install.log'
[9.252s] Invoked command in '/home/zguo27/auvc_ws/src/AUVC_stuff/bluerov2_bluecv' returned '0': PYTHONPATH=/home/zguo27/auvc_ws/src/AUVC_stuff/bluerov2_bluecv/build/bluerov2_bluecv/prefix_override:/usr/lib/python3/dist-packages/colcon_core/task/python/colcon_distutils_commands:/home/zguo27/auvc_ws/src/AUVC_stuff/bluerov2_bluecv/install/bluerov2_bluecv/lib/python3.12/site-packages:${PYTHONPATH} VIRTUAL_ENV_PROMPT=(bluecv) /usr/bin/python3 -W ignore:setup.py install is deprecated -W ignore:easy_install command is deprecated setup.py egg_info --egg-base build/bluerov2_bluecv build --build-base /home/zguo27/auvc_ws/src/AUVC_stuff/bluerov2_bluecv/build/bluerov2_bluecv/build install --record /home/zguo27/auvc_ws/src/AUVC_stuff/bluerov2_bluecv/build/bluerov2_bluecv/install.log --single-version-externally-managed install_data
